[2025-11-04 13:02:59] [ERROR] 
❌ Error running Manim on C:/Vivek_Main/Manim_project/inputbox/input_data_20251104_130204/script_seq1/script_seq1.py
──────────────────────────────────────────────
STDERR:
Animation 1: FadeIn(Text('Understanding Circles - Class 10')):   0%|          | 0/15 [00:00<?, ?it/s]
Animation 1: FadeIn(Text('Understanding Circles - Class 10')):  33%|###3      | 5/15 [00:00<00:00, 40.81it/s]
Animation 1: FadeIn(Text('Understanding Circles - Class 10')):  67%|######6   | 10/15 [00:00<00:00, 38.59it/s]
Animation 1: FadeIn(Text('Understanding Circles - Class 10')): 100%|##########| 15/15 [00:00<00:00, 41.52it/s]
                                                                                                              

Animation 3: Create(Circle):   0%|          | 0/15 [00:00<?, ?it/s]
                                                                   

Animation 5: FadeIn(Dot):   0%|          | 0/15 [00:00<?, ?it/s]
                                                                

Animation 7: Create(Line), etc.:   0%|          | 0/15 [00:00<?, ?it/s]
Animation 7: Create(Line), etc.:  40%|####      | 6/15 [00:00<00:00, 56.42it/s]
Animation 7: Create(Line), etc.: 100%|##########| 15/15 [00:00<00:00, 70.87it/s]
                                                                                

Animation 9: Create(Line), etc.:   0%|          | 0/15 [00:00<?, ?it/s]
Animation 9: Create(Line), etc.:  87%|########6 | 13/15 [00:00<00:00, 122.35it/s]
                                                                                 
+--------------------- Traceback (most recent call last) ---------------------+
| C:\Vivek_Main\tutter\.venv\Lib\site-packages\manim\cli\render\commands.py:1 |
| 25 in render                                                                |
|                                                                             |
|   122             try:                                                      |
|   123                 with tempconfig({}):                                  |
|   124                     scene = SceneClass()                              |
| > 125                     scene.render()                                    |
|   126             except Exception:                                         |
|   127                 error_console.print_exception()                       |
|   128                 sys.exit(1)                                           |
|                                                                             |
| C:\Vivek_Main\tutter\.venv\Lib\site-packages\manim\scene\scene.py:237 in    |
| render                                                                      |
|                                                                             |
|    234         """                                                          |
|    235         self.setup()                                                 |
|    236         try:                                                         |
| >  237             self.construct()                                         |
|    238         except EndSceneEarlyException:                               |
|    239             pass                                                     |
|    240         except RerunSceneException:                                  |
|                                                                             |
| C:\Vivek_Main\Manim_project\inputbox\input_data_20251104_130204\script_seq1 |
| \script_seq1.py:36 in construct                                             |
|                                                                             |
|   33         self.wait(1)                                                   |
|   34                                                                        |
|   35         # Zoom out slightly to show the entire circle and labels       |
| > 36         self.play(self.camera.frame.animate.scale(1.2).move_to(circle. |
|   37         self.wait(2)                                                   |
|   38                                                                        |
+-----------------------------------------------------------------------------+
AttributeError: 'Camera' object has no attribute 'frame'

STDOUT:
Manim Community v0.19.0

[11/04/25 13:02:47] INFO     Animation 0 : Partial     scene_file_writer.py:588
                             movie file written in                             
                             'C:\Vivek_Main\tutter\src                         
                             \media\videos\input_data_                         
                             20251104_130204\script_se                         
                             q1\videos\script_seq1\480                         
                             p15\partial_movie_files\C                         
                             ircleLesson\1185818338_14                         
                             32596116_631829896.mp4'                           
[11/04/25 13:02:49] INFO     Animation 1 : Partial     scene_file_writer.py:588
                             movie file written in                             
                             'C:\Vivek_Main\tutter\src                         
                             \media\videos\input_data_                         
                             20251104_130204\script_se                         
                             q1\videos\script_seq1\480                         
                             p15\partial_movie_files\C                         
                             ircleLesson\1185818338_30                         
                             82500396_1666280314.mp4'                          
[11/04/25 13:02:50] INFO     Animation 2 : Partial     scene_file_writer.py:588
                             movie file written in                             
                             'C:\Vivek_Main\tutter\src                         
                             \media\videos\input_data_                         
                             20251104_130204\script_se                         
                             q1\videos\script_seq1\480                         
                             p15\partial_movie_files\C                         
                             ircleLesson\624642324_421                         
                             7992463_3895601328.mp4'                           
                    INFO     Animation 3 : Partial     scene_file_writer.py:588
                             movie file written in                             
                             'C:\Vivek_Main\tutter\src                         
                             \media\videos\input_data_                         
                             20251104_130204\script_se                         
                             q1\videos\script_seq1\480                         
                             p15\partial_movie_files\C                         
                             ircleLesson\624642324_322                         
                             5186566_2306389918.mp4'                           
[11/04/25 13:02:51] INFO     Animation 4 : Partial     scene_file_writer.py:588
                             movie file written in                             
                             'C:\Vivek_Main\tutter\src                         
                             \media\videos\input_data_                         
                             20251104_130204\script_se                         
                             q1\videos\script_seq1\480                         
                             p15\partial_movie_files\C                         
                             ircleLesson\624642324_421                         
                             7992463_254097704.mp4'                            
                    INFO     Animation 5 : Partial     scene_file_writer.py:588
                             movie file written in                             
                             'C:\Vivek_Main\tutter\src                         
                             \media\videos\input_data_                         
                             20251104_130204\script_se                         
                             q1\videos\script_seq1\480                         
                             p15\partial_movie_files\C                         
                             ircleLesson\624642324_247                         
                             0893471_4141582548.mp4'                           
[11/04/25 13:02:52] INFO     Animation 6 : Partial     scene_file_writer.py:588
                             movie file written in                             
                             'C:\Vivek_Main\tutter\src                         
                             \media\videos\input_data_                         
                             20251104_130204\script_se                         
                             q1\videos\script_seq1\480                         
                             p15\partial_movie_files\C                         
                             ircleLesson\624642324_421                         
                             7992463_1014829516.mp4'                           
                    INFO     Writing r = 2 to           tex_file_writing.py:111
                             C:\Vivek_Main\tutter\src\m                        
                             edia\videos\input_data_202                        
                             51104_130204\script_seq1\T                        
                             ex\443ca99a99bb4bd0.tex                           
[11/04/25 13:02:55] INFO     Animation 7 : Partial     scene_file_writer.py:588
                             movie file written in                             
                             'C:\Vivek_Main\tutter\src                         
                             \media\videos\input_data_                         
                             20251104_130204\script_se                         
                             q1\videos\script_seq1\480                         
                             p15\partial_movie_files\C                         
                             ircleLesson\624642324_219                         
                             3483512_2471177846.mp4'                           
                    INFO     Animation 8 : Partial     scene_file_writer.py:588
                             movie file written in                             
                             'C:\Vivek_Main\tutter\src                         
                             \media\videos\input_data_                         
                             20251104_130204\script_se                         
                             q1\videos\script_seq1\480                         
                             p15\partial_movie_files\C                         
                             ircleLesson\624642324_421                         
                             7992463_3801893935.mp4'                           
                    INFO     Writing d = 4 to           tex_file_writing.py:111
                             C:\Vivek_Main\tutter\src\m                        
                             edia\videos\input_data_202                        
                             51104_130204\script_seq1\T                        
                             ex\9afae25a7d33e373.tex                           
[11/04/25 13:02:58] INFO     Animation 9 : Partial     scene_file_writer.py:588
                             movie file written in                             
                             'C:\Vivek_Main\tutter\src                         
                             \media\videos\input_data_                         
                             20251104_130204\script_se                         
                             q1\videos\script_seq1\480                         
                             p15\partial_movie_files\C                         
                             ircleLesson\624642324_757                         
                             855275_2353282211.mp4'                            
                    INFO     Animation 10 : Partial    scene_file_writer.py:588
                             movie file written in                             
                             'C:\Vivek_Main\tutter\src                         
                             \media\videos\input_data_                         
                             20251104_130204\script_se                         
                             q1\videos\script_seq1\480                         
                             p15\partial_movie_files\C                         
                             ircleLesson\624642324_421                         
                             7992463_3039400231.mp4'
──────────────────────────────────────────────

[2025-11-04 13:03:33] [ERROR] 
❌ Error running Manim on C:/Vivek_Main/Manim_project/inputbox/input_data_20251104_130204/script_seq3/script_seq3.py
──────────────────────────────────────────────
STDERR:
Animation 0: Create(Circle):   0%|          | 0/15 [00:00<?, ?it/s]
                                                                   

Animation 2: Create(Circle):   0%|          | 0/15 [00:00<?, ?it/s]
                                                                   
+--------------------- Traceback (most recent call last) ---------------------+
| C:\Vivek_Main\tutter\.venv\Lib\site-packages\manim\cli\render\commands.py:1 |
| 25 in render                                                                |
|                                                                             |
|   122             try:                                                      |
|   123                 with tempconfig({}):                                  |
|   124                     scene = SceneClass()                              |
| > 125                     scene.render()                                    |
|   126             except Exception:                                         |
|   127                 error_console.print_exception()                       |
|   128                 sys.exit(1)                                           |
|                                                                             |
| C:\Vivek_Main\tutter\.venv\Lib\site-packages\manim\scene\scene.py:237 in    |
| render                                                                      |
|                                                                             |
|    234         """                                                          |
|    235         self.setup()                                                 |
|    236         try:                                                         |
| >  237             self.construct()                                         |
|    238         except EndSceneEarlyException:                               |
|    239             pass                                                     |
|    240         except RerunSceneException:                                  |
|                                                                             |
| C:\Vivek_Main\Manim_project\inputbox\input_data_20251104_130204\script_seq3 |
| \script_seq3.py:16 in construct                                             |
|                                                                             |
|   13         self.wait(1)                                                   |
|   14                                                                        |
|   15         # Label the radii of both circles as 'r1' and 'r2'             |
| > 16         r1_label = Tex("r_1", color=BLUE).next_to(large_circle, UP, bu |
|   17         r2_label = Tex("r_2", color=RED).next_to(small_circle, UP, buf |
|   18         self.play(Write(r1_label), Write(r2_label))                    |
|   19         self.wait(1)                                                   |
|                                                                             |
| C:\Vivek_Main\tutter\.venv\Lib\site-packages\manim\mobject\text\tex_mobject |
| .py:452 in __init__                                                         |
|                                                                             |
|   449     def __init__(                                                     |
|   450         self, *tex_strings, arg_separator="", tex_environment="center |
|   451     ):                                                                |
| > 452         super().__init__(                                             |
|   453             *tex_strings,                                             |
|   454             arg_separator=arg_separator,                              |
|   455             tex_environment=tex_environment,                          |
|                                                                             |
| C:\Vivek_Main\tutter\.venv\Lib\site-packages\manim\mobject\text\tex_mobject |
| .py:298 in __init__                                                         |
|                                                                             |
|   295                         """,                                          |
|   296                     ),                                                |
|   297                 )                                                     |
| > 298             raise compilation_error                                   |
|   299         self.set_color_by_tex_to_color_map(self.tex_to_color_map)     |
|   300                                                                       |
|   301         if self.organize_left_to_right:                               |
|                                                                             |
| C:\Vivek_Main\tutter\.venv\Lib\site-packages\manim\mobject\text\tex_mobject |
| .py:277 in __init__                                                         |
|                                                                             |
|   274         self.brace_notation_split_occurred = False                    |
|   275         self.tex_strings = self._break_up_tex_strings(tex_strings)    |
|   276         try:                                                          |
| > 277             super().__init__(                                         |
|   278                 self.arg_separator.join(self.tex_strings),            |
|   279                 tex_environment=self.tex_environment,                 |
|   280                 tex_template=self.tex_template,                       |
|                                                                             |
| C:\Vivek_Main\tutter\.venv\Lib\site-packages\manim\mobject\text\tex_mobject |
| .py:80 in __init__                                                          |
|                                                                             |
|    77                                                                       |
|    78         assert isinstance(tex_string, str)                            |
|    79         self.tex_string = tex_string                                  |
| >  80         file_name = tex_to_svg_file(                                  |
|    81             self._get_modified_expression(tex_string),                |
|    82             environment=self.tex_environment,                         |
|    83             tex_template=self.tex_template,                           |
|                                                                             |
| C:\Vivek_Main\tutter\.venv\Lib\site-packages\manim\utils\tex_file_writing.p |
| y:65 in tex_to_svg_file                                                     |
|                                                                             |
|    62     if svg_file.exists():                                             |
|    63         return svg_file                                               |
|    64                                                                       |
| >  65     dvi_file = compile_tex(                                           |
|    66         tex_file,                                                     |
|    67         tex_template.tex_compiler,                                    |
|    68         tex_template.output_format,                                   |
|                                                                             |
| C:\Vivek_Main\tutter\.venv\Lib\site-packages\manim\utils\tex_file_writing.p |
| y:212 in compile_tex                                                        |
|                                                                             |
|   209         if cp.returncode != 0:                                        |
|   210             log_file = tex_file.with_suffix(".log")                   |
|   211             print_all_tex_errors(log_file, tex_compiler, tex_file)    |
| > 212             raise ValueError(                                         |
|   213                 f"{tex_compiler} error converting to"                 |
|   214                 f" {output_format[1:]}. See log output above or"      |
|   215                 f" the log file: {log_file}",                         |
+-----------------------------------------------------------------------------+
ValueError: latex error converting to dvi. See log output above or the log 
file: 
C:\Vivek_Main\tutter\src\media\videos\input_data_20251104_130204\script_seq3\Te
x\9043d5d8faf301e9.log

STDOUT:
Manim Community v0.19.0

[11/04/25 13:03:31] INFO     Animation 0 : Partial     scene_file_writer.py:588
                             movie file written in                             
                             'C:\Vivek_Main\tutter\src                         
                             \media\videos\input_data_                         
                             20251104_130204\script_se                         
                             q3\videos\script_seq3\480                         
                             p15\partial_movie_files\T                         
                             angentCirclesScene\118581                         
                             8338_359695016_223132457.                         
                             mp4'                                              
                    INFO     Animation 1 : Partial     scene_file_writer.py:588
                             movie file written in                             
                             'C:\Vivek_Main\tutter\src                         
                             \media\videos\input_data_                         
                             20251104_130204\script_se                         
                             q3\videos\script_seq3\480                         
                             p15\partial_movie_files\T                         
                             angentCirclesScene\624642                         
                             324_4217992463_149792949.                         
                             mp4'                                              
                    INFO     Animation 2 : Partial     scene_file_writer.py:588
                             movie file written in                             
                             'C:\Vivek_Main\tutter\src                         
                             \media\videos\input_data_                         
                             20251104_130204\script_se                         
                             q3\videos\script_seq3\480                         
                             p15\partial_movie_files\T                         
                             angentCirclesScene\624642                         
                             324_2266817100_995993831.                         
                             mp4'                                              
                    INFO     Animation 3 : Partial     scene_file_writer.py:588
                             movie file written in                             
                             'C:\Vivek_Main\tutter\src                         
                             \media\videos\input_data_                         
                             20251104_130204\script_se                         
                             q3\videos\script_seq3\480                         
                             p15\partial_movie_files\T                         
                             angentCirclesScene\624642                         
                             324_4217992463_1930829345                         
                             .mp4'                                             
                    INFO     Writing r_1 to             tex_file_writing.py:111
                             C:\Vivek_Main\tutter\src\m                        
                             edia\videos\input_data_202                        
                             51104_130204\script_seq3\T                        
                             ex\9043d5d8faf301e9.tex                           
[11/04/25 13:03:32] ERROR    LaTeX compilation error:   tex_file_writing.py:314
                             Missing $ inserted.                               
                                                                               
                    ERROR    Context of error:          tex_file_writing.py:348
                             \usepackage{amssymb}                              
                             \begin{document}                                  
                             -> \begin{center}                                 
                             r_1                                               
                             \end{center}                                      
                             \end{document}
──────────────────────────────────────────────

[2025-11-04 13:03:44] [ERROR] 
❌ Error running Manim on C:/Vivek_Main/Manim_project/inputbox/input_data_20251104_130204/script_seq4/script_seq4.py
──────────────────────────────────────────────
STDERR:
Animation 0: Create(Circle), etc.:   0%|          | 0/15 [00:00<?, ?it/s]
Animation 0: Create(Circle), etc.:  53%|#####3    | 8/15 [00:00<00:00, 73.30it/s]
                                                                                 
+--------------------- Traceback (most recent call last) ---------------------+
| C:\Vivek_Main\tutter\.venv\Lib\site-packages\manim\cli\render\commands.py:1 |
| 25 in render                                                                |
|                                                                             |
|   122             try:                                                      |
|   123                 with tempconfig({}):                                  |
|   124                     scene = SceneClass()                              |
| > 125                     scene.render()                                    |
|   126             except Exception:                                         |
|   127                 error_console.print_exception()                       |
|   128                 sys.exit(1)                                           |
|                                                                             |
| C:\Vivek_Main\tutter\.venv\Lib\site-packages\manim\scene\scene.py:237 in    |
| render                                                                      |
|                                                                             |
|    234         """                                                          |
|    235         self.setup()                                                 |
|    236         try:                                                         |
| >  237             self.construct()                                         |
|    238         except EndSceneEarlyException:                               |
|    239             pass                                                     |
|    240         except RerunSceneException:                                  |
|                                                                             |
| C:\Vivek_Main\Manim_project\inputbox\input_data_20251104_130204\script_seq4 |
| \script_seq4.py:13 in construct                                             |
|                                                                             |
|   10         self.play(Create(circle1), Create(circle2), Write(label1), Wri |
|   11                                                                        |
|   12         # Zoom out to show both circles and their labels               |
| > 13         self.play(CameraFrame.scale, 1.5, run_time=2)                  |
|   14                                                                        |
|   15         # Fade in summary text                                         |
|   16         summary = Text("Key Concepts: Radius, Diameter, Tangent, and E |
+-----------------------------------------------------------------------------+
NameError: name 'CameraFrame' is not defined

STDOUT:
Manim Community v0.19.0

[11/04/25 13:03:42] INFO     Animation 0 : Partial     scene_file_writer.py:588
                             movie file written in                             
                             'C:\Vivek_Main\tutter\src                         
                             \media\videos\input_data_                         
                             20251104_130204\script_se                         
                             q4\videos\script_seq4\480                         
                             p15\partial_movie_files\C                         
                             ircleConceptsScene\118581                         
                             8338_3863307707_223132457                         
                             .mp4'
──────────────────────────────────────────────

[2025-11-04 13:04:13] [ERROR] ❌ Video and audio lists must have the same length
[2025-11-04 13:04:13] [ERROR] ❌ Video generation error
Traceback (most recent call last):
  File "C:\Vivek_Main\tutter\src\video_pipeline\routes\video_routes.py", line 29, in generate_videos_endpoint
    output_path = await process_pipeline(
                  ^^^^^^^^^^^^^^^^^^^^^^^
  File "C:\Vivek_Main\tutter\src\main.py", line 56, in process_pipeline
    final_video_bytes = MergerFactory.merge_all_videos_with_audio(video_bytes_list, audio_bytes_list)
                        ^^^^^^^^^^^^^^^^^^^^^^^^^^^^^^^^^^^^^^^^^^^^^^^^^^^^^^^^^^^^^^^^^^^^^^^^^^^^^
  File "C:\Vivek_Main\tutter\src\merger_factory.py", line 261, in merge_all_videos_with_audio
    return MergerFactory.merge_video_with_audio(video_bytes_list, audio_bytes_list)
           ^^^^^^^^^^^^^^^^^^^^^^^^^^^^^^^^^^^^^^^^^^^^^^^^^^^^^^^^^^^^^^^^^^^^^^^^
  File "C:\Vivek_Main\tutter\src\merger_factory.py", line 136, in merge_video_with_audio
    raise ValueError("Video and audio lists must have the same length")
ValueError: Video and audio lists must have the same length
[2025-11-04 13:04:13] [ERROR] ❌ HTTP 500: {"detail":"Video and audio lists must have the same length"}
[2025-11-04 13:04:13] [ERROR] ❌ Error writing scripts
Traceback (most recent call last):
  File "C:\Vivek_Main\tutter\src\video_pipeline\routes\write_routes.py", line 27, in write_scripts
    video_result = await async_post(video_url, {"path": str(folder)}, timeout=300)
                   ^^^^^^^^^^^^^^^^^^^^^^^^^^^^^^^^^^^^^^^^^^^^^^^^^^^^^^^^^^^^^^^
  File "C:\Vivek_Main\tutter\src\video_pipeline\utils.py", line 14, in async_post
    raise HTTPException(status_code=resp.status_code, detail=resp.text)
fastapi.exceptions.HTTPException: 500: {"detail":"Video and audio lists must have the same length"}
[2025-11-04 13:04:13] [ERROR] ❌ HTTP 500: {"detail":"500: {\"detail\":\"Video and audio lists must have the same length\"}"}
[2025-11-04 13:04:13] [ERROR] ❌ Error generating code
Traceback (most recent call last):
  File "C:\Vivek_Main\tutter\src\video_pipeline\routes\generator_routes.py", line 20, in generate_code_endpoint
    write_result = await async_post(write_url, result, timeout=120)
                   ^^^^^^^^^^^^^^^^^^^^^^^^^^^^^^^^^^^^^^^^^^^^^^^^
  File "C:\Vivek_Main\tutter\src\video_pipeline\utils.py", line 14, in async_post
    raise HTTPException(status_code=resp.status_code, detail=resp.text)
fastapi.exceptions.HTTPException: 500: {"detail":"500: {\"detail\":\"Video and audio lists must have the same length\"}"}
[2025-11-04 13:04:13] [ERROR] ❌ HTTP 500: {"detail":"500: {\"detail\":\"500: {\\\"detail\\\":\\\"Video and audio lists must have the same length\\\"}\"}"}
