[2025-11-12 13:38:41] [ERROR] ❌ HTTP 500: {"detail":"'JsonHandler' object has no attribute '_generate_files'"}
[2025-11-12 13:38:41] [ERROR] ❌ Unexpected error in /search endpoint
Traceback (most recent call last):
  File "C:\Vivek_Main\tutter\src\video_pipeline\routes\search_routes.py", line 88, in search
    file_resp, code_resp = await asyncio.gather(gen_task, code_task)
                           ^^^^^^^^^^^^^^^^^^^^^^^^^^^^^^^^^^^^^^^^^
  File "C:\Vivek_Main\tutter\src\video_pipeline\utils.py", line 14, in async_post
    pipeline_logger.error(f"❌ HTTP {resp.status_code}: {resp.text}")
  File "C:\Users\vivek_vslen2j\AppData\Local\Programs\Python\Python311\Lib\logging\__init__.py", line 1518, in error
    self._log(ERROR, msg, args, **kwargs)
  File "C:\Users\vivek_vslen2j\AppData\Local\Programs\Python\Python311\Lib\logging\__init__.py", line 1634, in _log
    self.handle(record)
  File "C:\Users\vivek_vslen2j\AppData\Local\Programs\Python\Python311\Lib\logging\__init__.py", line 1644, in handle
    self.callHandlers(record)
  File "C:\Users\vivek_vslen2j\AppData\Local\Programs\Python\Python311\Lib\logging\__init__.py", line 1706, in callHandlers
    hdlr.handle(record)
  File "C:\Users\vivek_vslen2j\AppData\Local\Programs\Python\Python311\Lib\logging\__init__.py", line 978, in handle
    self.emit(record)
  File "C:\Users\vivek_vslen2j\AppData\Local\Programs\Python\Python311\Lib\logging\__init__.py", line 962, in emit
    raise NotImplementedError('emit must be implemented '
NotImplementedError: emit must be implemented by Handler subclasses
[2025-11-12 13:38:42] [ERROR] ❌ Error writing scripts
Traceback (most recent call last):
  File "C:\Vivek_Main\tutter\src\video_pipeline\routes\write_routes.py", line 25, in write_scripts
    folder = latest_input_folder(BASE_INPUT_ROOT , data.unique_id)
             ^^^^^^^^^^^^^^^^^^^^^^^^^^^^^^^^^^^^^^^^^^^^^^^^^^^^^
  File "C:\Vivek_Main\tutter\src\video_pipeline\utils.py", line 22, in latest_input_folder
    raise FileNotFoundError(f"No {pattern} found in {base_dir}")
FileNotFoundError: No 5e45bae0-a03e-4d10-9db2-01ead2cc4a2e found in C:\Vivek_Main\Manim_project\inputbox
[2025-11-12 13:38:42] [ERROR] ❌ HTTP 500: Internal Server Error
[2025-11-12 13:38:42] [ERROR] ❌ Error generating code
Traceback (most recent call last):
  File "C:\Vivek_Main\tutter\src\video_pipeline\routes\generator_routes.py", line 30, in generate_code_endpoint
    write_result = await async_post(write_url, result, timeout=120)
                   ^^^^^^^^^^^^^^^^^^^^^^^^^^^^^^^^^^^^^^^^^^^^^^^^
  File "C:\Vivek_Main\tutter\src\video_pipeline\utils.py", line 14, in async_post
    pipeline_logger.error(f"❌ HTTP {resp.status_code}: {resp.text}")
  File "C:\Users\vivek_vslen2j\AppData\Local\Programs\Python\Python311\Lib\logging\__init__.py", line 1518, in error
    self._log(ERROR, msg, args, **kwargs)
  File "C:\Users\vivek_vslen2j\AppData\Local\Programs\Python\Python311\Lib\logging\__init__.py", line 1634, in _log
    self.handle(record)
  File "C:\Users\vivek_vslen2j\AppData\Local\Programs\Python\Python311\Lib\logging\__init__.py", line 1644, in handle
    self.callHandlers(record)
  File "C:\Users\vivek_vslen2j\AppData\Local\Programs\Python\Python311\Lib\logging\__init__.py", line 1706, in callHandlers
    hdlr.handle(record)
  File "C:\Users\vivek_vslen2j\AppData\Local\Programs\Python\Python311\Lib\logging\__init__.py", line 978, in handle
    self.emit(record)
  File "C:\Users\vivek_vslen2j\AppData\Local\Programs\Python\Python311\Lib\logging\__init__.py", line 962, in emit
    raise NotImplementedError('emit must be implemented '
NotImplementedError: emit must be implemented by Handler subclasses
[2025-11-12 13:38:42] [ERROR] ❌ HTTP 500: Internal Server Error
