[2025-11-12 11:21:58] [INFO] ðŸ§  Generating script for topic='create a circle', class='10'
[2025-11-12 11:22:07] [INFO] ðŸš€ Sending generated script to /generate-files-api and /Generator ...
[2025-11-12 11:22:23] [INFO] ðŸŽ¬ Generated Manim Code Successfully
[2025-11-12 11:22:24] [INFO] ðŸŸ¢ [generate-files-api] New request received
[2025-11-12 11:22:24] [INFO] ðŸ“ Created folder: C:\ArkMalay\Framework\Video_data\20251112_112224_6d6c64d5
[2025-11-12 11:22:24] [INFO] âœ… JSON saved successfully at C:\ArkMalay\Framework\Video_data\20251112_112224_6d6c64d5\input_data.json
[2025-11-12 11:22:24] [INFO] ðŸ§© Starting file preparation process via prepare_files()
[2025-11-12 11:22:24] [INFO] ðŸ“ Generating Python and TXT files from JSON: C:\ArkMalay\Framework\Video_data\20251112_112224_6d6c64d5\input_data.json
[2025-11-12 11:22:24] [INFO] ðŸ“‚ Using existing transaction folder for script sequences: C:\ArkMalay\Framework\Video_data\20251112_112224_6d6c64d5\script_sequences
[2025-11-12 11:22:24] [INFO] ðŸ“ Created script sequence folder: C:\ArkMalay\Framework\Video_data\20251112_112224_6d6c64d5\script_sequences\script_seq1
[2025-11-12 11:22:25] [INFO] âœ… Created PY file: C:\ArkMalay\Framework\Video_data\20251112_112224_6d6c64d5\script_sequences\script_seq1\script_seq1.py
[2025-11-12 11:22:25] [INFO] âœ… Created TXT file: C:\ArkMalay\Framework\Video_data\20251112_112224_6d6c64d5\script_sequences\script_seq1\script_seq1.txt
[2025-11-12 11:22:25] [INFO] ðŸ“ Created script sequence folder: C:\ArkMalay\Framework\Video_data\20251112_112224_6d6c64d5\script_sequences\script_seq2
[2025-11-12 11:22:25] [INFO] âœ… Created PY file: C:\ArkMalay\Framework\Video_data\20251112_112224_6d6c64d5\script_sequences\script_seq2\script_seq2.py
[2025-11-12 11:22:25] [INFO] âœ… Created TXT file: C:\ArkMalay\Framework\Video_data\20251112_112224_6d6c64d5\script_sequences\script_seq2\script_seq2.txt
[2025-11-12 11:22:25] [INFO] ðŸŽ¯ Total Words: 765 | Approx. Total GPT Tokens: 1019
[2025-11-12 11:22:25] [INFO] ðŸŽ‰ All files generated inside: C:\ArkMalay\Framework\Video_data\20251112_112224_6d6c64d5\script_sequences
[2025-11-12 11:22:25] [INFO] âœ… File preparation completed. Output: {'py_files': ['C:\\ArkMalay\\Framework\\Video_data\\20251112_112224_6d6c64d5\\script_sequences\\script_seq1\\script_seq1.py', 'C:\\ArkMalay\\Framework\\Video_data\\20251112_112224_6d6c64d5\\script_sequences\\script_seq2\\script_seq2.py'], 'txt_files': ['C:\\ArkMalay\\Framework\\Video_data\\20251112_112224_6d6c64d5\\script_sequences\\script_seq1\\script_seq1.txt', 'C:\\ArkMalay\\Framework\\Video_data\\20251112_112224_6d6c64d5\\script_sequences\\script_seq2\\script_seq2.txt']}
[2025-11-12 11:22:25] [INFO] ðŸŽ¯ Transaction 6d6c64d5 completed successfully. Folder: C:\ArkMalay\Framework\Video_data\20251112_112224_6d6c64d5
[2025-11-12 11:22:25] [INFO] ðŸ” TRANSACTION_FOLDER currently: C:\ArkMalay\Framework\Video_data\20251112_112224_6d6c64d5
[2025-11-12 11:22:25] [INFO] ðŸŸ¢ Using TRANSACTION_FOLDER for writing scripts: C:\ArkMalay\Framework\Video_data\20251112_112224_6d6c64d5\script_sequences
[2025-11-12 11:22:25] [INFO] âœ… Manim script written: C:\ArkMalay\Framework\Video_data\20251112_112224_6d6c64d5\script_sequences\script_seq1\script_seq1.py
[2025-11-12 11:22:25] [INFO] âœ… Manim script written: C:\ArkMalay\Framework\Video_data\20251112_112224_6d6c64d5\script_sequences\script_seq2\script_seq2.py
[2025-11-12 11:22:25] [INFO] ðŸŽ¥ Triggering video generation for folder: C:\ArkMalay\Framework\Video_data\20251112_112224_6d6c64d5\script_sequences
[2025-11-12 11:22:27] [INFO] ðŸš€ Received video generation request.
[2025-11-12 11:22:27] [INFO] ðŸ“‚ Using provided input path: C:\ArkMalay\Framework\Video_data\20251112_112224_6d6c64d5\script_sequences
[2025-11-12 11:22:27] [INFO] ðŸ§© Found 2 .py files and 2 .txt files under C:\ArkMalay\Framework\Video_data\20251112_112224_6d6c64d5\script_sequences
[2025-11-12 11:22:27] [INFO] ðŸŽ¬ Starting video + audio processing pipeline...
[2025-11-12 11:22:27] [INFO] ðŸŽ¬ Video callable prepared for: C:\ArkMalay\Framework\Video_data\20251112_112224_6d6c64d5
[2025-11-12 11:22:27] [INFO] ðŸŽ¬ Running Manim on C:/ArkMalay/Framework/Video_data/20251112_112224_6d6c64d5/script_sequences/script_seq1/script_seq1.py ...
[2025-11-12 11:22:27] [INFO] ðŸ§¹ Cleaned old media folder: C:\ArkMalay\Framework\tutor\src\media\videos\script_sequences\script_seq1
[2025-11-12 11:22:43] [INFO] ðŸŽžï¸ Detected Scene class: ExpandingCircle
[2025-11-12 11:22:43] [INFO] âœ… Found video: C:\ArkMalay\Framework\tutor\src\media\videos\script_sequences\script_seq1\videos\script_seq1\480p15\ExpandingCircle.mp4
[2025-11-12 11:22:43] [INFO] ðŸŽ¬ Running Manim on C:/ArkMalay/Framework/Video_data/20251112_112224_6d6c64d5/script_sequences/script_seq2/script_seq2.py ...
[2025-11-12 11:22:43] [INFO] ðŸ§¹ Cleaned old media folder: C:\ArkMalay\Framework\tutor\src\media\videos\script_sequences\script_seq2
[2025-11-12 11:22:59] [INFO] ðŸŽžï¸ Detected Scene class: MovingCircle
[2025-11-12 11:22:59] [INFO] âœ… Found video: C:\ArkMalay\Framework\tutor\src\media\videos\script_sequences\script_seq2\videos\script_seq2\480p15\MovingCircle.mp4
[2025-11-12 11:22:59] [INFO] âœ… Total words: 46 | Approx. GPT tokens: 60 | Total videos collected: 2
[2025-11-12 11:24:22] [INFO] Entering save_all_script_media.
[2025-11-12 11:24:22] [INFO] Video Path:[WindowsPath('C:/ArkMalay/Framework/tutor/output/Videos')]
[2025-11-12 11:24:22] [INFO] Audio Path:[WindowsPath('C:/ArkMalay/Framework/tutor/output/Audios')]
[2025-11-12 11:24:22] [INFO] ðŸŽ¬ Video saved at: C:\ArkMalay\Framework\tutor\output\Videos\20251112_112224_6d6c64d5_script_seq1.mp4
[2025-11-12 11:24:22] [INFO] ðŸŽµ Audio saved at: C:\ArkMalay\Framework\tutor\output\Audios\20251112_112224_6d6c64d5_script_seq1.mp3
[2025-11-12 11:24:22] [INFO] ðŸŽ¬ Video saved at: C:\ArkMalay\Framework\tutor\output\Videos\20251112_112224_6d6c64d5_script_seq2.mp4
[2025-11-12 11:24:22] [INFO] ðŸŽµ Audio saved at: C:\ArkMalay\Framework\tutor\output\Audios\20251112_112224_6d6c64d5_script_seq2.mp3
[2025-11-12 11:24:22] [INFO] ðŸŽžï¸ [MERGE] Starting final video/audio merge process...
[2025-11-12 11:24:22] [INFO] ðŸŽ¬ [MERGE] Video clips: 2, Audio clips: 2
[2025-11-12 11:24:22] [INFO] ðŸŽžï¸ Starting merge_all_videos_with_audio
[2025-11-12 11:24:22] [INFO] ðŸŽ¬ Total video segments: 2, Total audio segments: 2
[2025-11-12 11:24:22] [INFO] ðŸ“ Total video bytes: 30,554, Total audio bytes: 4,819,288
[2025-11-12 11:24:22] [INFO] ðŸŽžï¸ Merging video/audio pair 1
[2025-11-12 11:24:22] [INFO] ðŸ“¦ Pair 1 -> Video bytes: 13,813, Audio bytes: 2,354,444
[2025-11-12 11:24:22] [INFO] ðŸŽžï¸ [MERGE] Entering merge_video_with_audio
[2025-11-12 11:24:22] [INFO] ðŸ“¦ [MERGE] Starting merge for 1 pair(s).
[2025-11-12 11:24:22] [INFO] ðŸŽ¬ [PAIR 1] Preparing temporary files for merge. Video size = 13,813 bytes, Audio size = 2,354,444 bytes.
[2025-11-12 11:24:22] [INFO] ðŸ”§ [PAIR 1] Running ffmpeg to merge video/audio:
  â†’ Video file: C:\Users\malay\AppData\Local\Temp\tmpaimt8ker.mp4
  â†’ Audio file: C:\Users\malay\AppData\Local\Temp\tmpg8tcmlry.mp3
  â†’ Output file: C:\Users\malay\AppData\Local\Temp\tmpjdby4etc.mp4
[2025-11-12 11:24:24] [INFO] âœ… [PAIR 1] Merge successful. Output size = 40,403 bytes.
[2025-11-12 11:24:24] [INFO] ðŸŽ¬ [MERGE] Only one merged video, returning directly.
[2025-11-12 11:24:24] [INFO] ðŸŽžï¸ Merging video/audio pair 2
[2025-11-12 11:24:24] [INFO] ðŸ“¦ Pair 2 -> Video bytes: 16,741, Audio bytes: 2,464,844
[2025-11-12 11:24:24] [INFO] ðŸŽžï¸ [MERGE] Entering merge_video_with_audio
[2025-11-12 11:24:24] [INFO] ðŸ“¦ [MERGE] Starting merge for 1 pair(s).
[2025-11-12 11:24:24] [INFO] ðŸŽ¬ [PAIR 1] Preparing temporary files for merge. Video size = 16,741 bytes, Audio size = 2,464,844 bytes.
[2025-11-12 11:24:24] [INFO] ðŸ”§ [PAIR 1] Running ffmpeg to merge video/audio:
  â†’ Video file: C:\Users\malay\AppData\Local\Temp\tmp1ys6o8_n.mp4
  â†’ Audio file: C:\Users\malay\AppData\Local\Temp\tmpzeg5rvj1.mp3
  â†’ Output file: C:\Users\malay\AppData\Local\Temp\tmpbdyfcjao.mp4
[2025-11-12 11:24:24] [INFO] âœ… [PAIR 1] Merge successful. Output size = 60,848 bytes.
[2025-11-12 11:24:24] [INFO] ðŸŽ¬ [MERGE] Only one merged video, returning directly.
[2025-11-12 11:24:24] [INFO] ðŸŽ¬ Concatenating 2 merged videos...
[2025-11-12 11:24:24] [INFO] Entering concatenate_videos
[2025-11-12 11:24:25] [INFO] ðŸŽ¬ Final concatenated MP4 video returned as bytes
[2025-11-12 11:24:25] [INFO] âœ… [MERGE] Merge completed successfully in 3.07s.
[2025-11-12 11:24:25] [INFO] ðŸ’¾ [MERGE] Preparing to save final video as 'final_video_20251112_112425.mp4' (mode: local).
[2025-11-12 11:24:25] [INFO] Entering save_final_video
[2025-11-12 11:24:25] [INFO] âœ… Final video saved locally at: C:\ArkMalay\Framework\tutor\src\output\final_video_20251112_112425.mp4
[2025-11-12 11:24:25] [INFO] ðŸŽ‰ [MERGE] Final video saved successfully â†’ C:\ArkMalay\Framework\tutor\src\output\final_video_20251112_112425.mp4
[2025-11-12 11:24:25] [INFO] ðŸš€ Starting Drive upload process
[2025-11-12 11:24:25] [INFO] ðŸ“‚ Using Settings.TRANSACTION_FOLDER: C:\ArkMalay\Framework\Video_data\20251112_112224_6d6c64d5
[2025-11-12 11:24:25] [INFO] ðŸ“¦ Final video copied to transaction folder: C:\ArkMalay\Framework\Video_data\20251112_112224_6d6c64d5\final_video_20251112_112425.mp4
[2025-11-12 11:24:25] [INFO] ðŸ” upload_folder_to_drive called with: C:\ArkMalay\Framework\Video_data\20251112_112224_6d6c64d5
[2025-11-12 11:24:25] [INFO] âœ… Drive auth successful (mode=service)
[2025-11-12 11:24:25] [INFO] ðŸ“ Service-mode: uploading '20251112_112224_6d6c64d5' under Drive parent ID 1fSIa3LHaUZ6ElWywNuyHRnyj1ohr_gjj
[2025-11-12 11:24:28] [INFO] ðŸ“ Created Drive subfolder '20251112_112224_6d6c64d5' under parent 1fSIa3LHaUZ6ElWywNuyHRnyj1ohr_gjj -> id=1FzuejSEtzliEUJN8kI48bo4fNbSBHvPr
[2025-11-12 11:24:29] [INFO] ðŸ“ Created Drive subfolder 'script_sequences' under parent 1FzuejSEtzliEUJN8kI48bo4fNbSBHvPr -> id=1rH_gPuYoh3WGqwmICdGRNnX4zfNOetb1
[2025-11-12 11:24:32] [INFO] âœ… Uploaded (service): final_video_20251112_112425.mp4 â†’ https://drive.google.com/file/d/1eMAn8L4zHPntAZSmobNALeBbeODx8VGt/view?usp=drivesdk
[2025-11-12 11:24:35] [INFO] âœ… Uploaded (service): input_data.json â†’ https://drive.google.com/file/d/1406acfIYHmzMw7eKtGjeThyfz1LEgK0s/view?usp=drivesdk
[2025-11-12 11:24:36] [INFO] ðŸ“ Created Drive subfolder 'script_seq1' under parent 1rH_gPuYoh3WGqwmICdGRNnX4zfNOetb1 -> id=1TvaVpWqkcmKUXxX4Q6nulIkbDGvVAk2D
[2025-11-12 11:24:37] [INFO] ðŸ“ Created Drive subfolder 'script_seq2' under parent 1rH_gPuYoh3WGqwmICdGRNnX4zfNOetb1 -> id=1-OjT365-H93Q_oRKRIAdPx2xjQrCSly1
[2025-11-12 11:24:39] [INFO] âœ… Uploaded (service): script_seq1.py â†’ https://drive.google.com/file/d/1oF0XcFRkaqy8gnck9OXzFBHRIw9N_1q0/view?usp=drivesdk
[2025-11-12 11:24:41] [INFO] âœ… Uploaded (service): script_seq1.txt â†’ https://drive.google.com/file/d/1c2Kj4ruUEzLUNJ-vpmRwyJETPRmkxdRO/view?usp=drivesdk
[2025-11-12 11:24:44] [INFO] âœ… Uploaded (service): script_seq2.py â†’ https://drive.google.com/file/d/1Jc0LWrfQgBDxlCECjINGHpmeDQ11C_5O/view?usp=drivesdk
[2025-11-12 11:24:46] [INFO] âœ… Uploaded (service): script_seq2.txt â†’ https://drive.google.com/file/d/1r4B2mxqetc-Djl4_byLiKL45di4CHsX3/view?usp=drivesdk
[2025-11-12 11:24:46] [INFO] ðŸŽ‰ Service-mode upload complete. Session folder link: https://drive.google.com/drive/folders/1FzuejSEtzliEUJN8kI48bo4fNbSBHvPr
[2025-11-12 11:24:46] [INFO] âœ… Folder (with final video) successfully uploaded to Google Drive.
[2025-11-12 11:24:46] [INFO] âœ… Pipeline completed successfully. Final video saved at: C:\ArkMalay\Framework\tutor\src\output\final_video_20251112_112425.mp4
