[2025-11-12 15:47:48] [ERROR] 
❌ Error running Manim on C:/Vivek_Main/Manim_project/inputbox/43427ca7-347c-4db1-831e-99531ef7766a_20251112_154716/script_seq1/script_seq1.py
──────────────────────────────────────────────
STDERR:
Animation 0: FadeIn(Text('Labels at Square Corners: Class 10 English')):   0%|          | 0/15 [00:00<?, ?it/s]
Animation 0: FadeIn(Text('Labels at Square Corners: Class 10 English')):  13%|#3        | 2/15 [00:00<00:01, 10.99it/s]
Animation 0: FadeIn(Text('Labels at Square Corners: Class 10 English')):  33%|###3      | 5/15 [00:00<00:00, 15.75it/s]
Animation 0: FadeIn(Text('Labels at Square Corners: Class 10 English')):  47%|####6     | 7/15 [00:00<00:00, 16.43it/s]
Animation 0: FadeIn(Text('Labels at Square Corners: Class 10 English')):  67%|######6   | 10/15 [00:00<00:00, 17.38it/s]
Animation 0: FadeIn(Text('Labels at Square Corners: Class 10 English')):  80%|########  | 12/15 [00:00<00:00, 17.85it/s]
Animation 0: FadeIn(Text('Labels at Square Corners: Class 10 English')):  93%|#########3| 14/15 [00:00<00:00, 18.13it/s]
                                                                                                                        
+--------------------- Traceback (most recent call last) ---------------------+
| C:\Vivek_Main\tutter\.venv\Lib\site-packages\manim\cli\render\commands.py:1 |
| 25 in render                                                                |
|                                                                             |
|   122             try:                                                      |
|   123                 with tempconfig({}):                                  |
|   124                     scene = SceneClass()                              |
| > 125                     scene.render()                                    |
|   126             except Exception:                                         |
|   127                 error_console.print_exception()                       |
|   128                 sys.exit(1)                                           |
|                                                                             |
| C:\Vivek_Main\tutter\.venv\Lib\site-packages\manim\scene\scene.py:237 in    |
| render                                                                      |
|                                                                             |
|    234         """                                                          |
|    235         self.setup()                                                 |
|    236         try:                                                         |
| >  237             self.construct()                                         |
|    238         except EndSceneEarlyException:                               |
|    239             pass                                                     |
|    240         except RerunSceneException:                                  |
|                                                                             |
| C:\Vivek_Main\Manim_project\inputbox\43427ca7-347c-4db1-831e-99531ef7766a_2 |
| 0251112_154716\script_seq1\script_seq1.py:15 in construct                   |
|                                                                             |
|   12                                                                        |
|   13         # Zoom out slightly to reveal a simple square shape below the  |
|   14         square = Square(side_length=4, color=BLACK).move_to(DOWN * 2)  |
| > 15         self.play(self.camera.frame.animate.scale(1.2), FadeIn(square) |
|   16         self.wait(1)                                                   |
|   17                                                                        |
|   18         # Animate four small, empty labels appearing at each corner of |
+-----------------------------------------------------------------------------+
AttributeError: 'Camera' object has no attribute 'frame'

STDOUT:
Manim Community v0.19.0

[11/12/25 15:47:45] INFO     Animation 0 : Partial     scene_file_writer.py:588
                             movie file written in                             
                             'C:\Vivek_Main\tutter\src                         
                             \media\videos\43427ca7-34                         
                             7c-4db1-831e-99531ef7766a                         
                             _20251112_154716\script_s                         
                             eq1\videos\script_seq1\48                         
                             0p15\partial_movie_files\                         
                             SquareLabelsScene\9318326                         
                             50_3107961746_223132457.m                         
                             p4'                                               
[11/12/25 15:47:46] INFO     Animation 1 : Partial     scene_file_writer.py:588
                             movie file written in                             
                             'C:\Vivek_Main\tutter\src                         
                             \media\videos\43427ca7-34                         
                             7c-4db1-831e-99531ef7766a                         
                             _20251112_154716\script_s                         
                             eq1\videos\script_seq1\48                         
                             0p15\partial_movie_files\                         
                             SquareLabelsScene\1905288                         
                             516_1436906429_1997571994                         
                             .mp4'
──────────────────────────────────────────────

[2025-11-12 15:49:16] [ERROR] ❌ Error generating code
Traceback (most recent call last):
  File "C:\Vivek_Main\tutter\.venv\Lib\site-packages\httpx\_transports\default.py", line 101, in map_httpcore_exceptions
    yield
  File "C:\Vivek_Main\tutter\.venv\Lib\site-packages\httpx\_transports\default.py", line 394, in handle_async_request
    resp = await self._pool.handle_async_request(req)
           ^^^^^^^^^^^^^^^^^^^^^^^^^^^^^^^^^^^^^^^^^^
  File "C:\Vivek_Main\tutter\.venv\Lib\site-packages\httpcore\_async\connection_pool.py", line 256, in handle_async_request
    raise exc from None
  File "C:\Vivek_Main\tutter\.venv\Lib\site-packages\httpcore\_async\connection_pool.py", line 236, in handle_async_request
    response = await connection.handle_async_request(
               ^^^^^^^^^^^^^^^^^^^^^^^^^^^^^^^^^^^^^^
  File "C:\Vivek_Main\tutter\.venv\Lib\site-packages\httpcore\_async\connection.py", line 103, in handle_async_request
    return await self._connection.handle_async_request(request)
           ^^^^^^^^^^^^^^^^^^^^^^^^^^^^^^^^^^^^^^^^^^^^^^^^^^^^
  File "C:\Vivek_Main\tutter\.venv\Lib\site-packages\httpcore\_async\http11.py", line 136, in handle_async_request
    raise exc
  File "C:\Vivek_Main\tutter\.venv\Lib\site-packages\httpcore\_async\http11.py", line 106, in handle_async_request
    ) = await self._receive_response_headers(**kwargs)
        ^^^^^^^^^^^^^^^^^^^^^^^^^^^^^^^^^^^^^^^^^^^^^^
  File "C:\Vivek_Main\tutter\.venv\Lib\site-packages\httpcore\_async\http11.py", line 177, in _receive_response_headers
    event = await self._receive_event(timeout=timeout)
            ^^^^^^^^^^^^^^^^^^^^^^^^^^^^^^^^^^^^^^^^^^
  File "C:\Vivek_Main\tutter\.venv\Lib\site-packages\httpcore\_async\http11.py", line 217, in _receive_event
    data = await self._network_stream.read(
           ^^^^^^^^^^^^^^^^^^^^^^^^^^^^^^^^
  File "C:\Vivek_Main\tutter\.venv\Lib\site-packages\httpcore\_backends\anyio.py", line 32, in read
    with map_exceptions(exc_map):
  File "C:\Users\vivek_vslen2j\AppData\Local\Programs\Python\Python311\Lib\contextlib.py", line 158, in __exit__
    self.gen.throw(typ, value, traceback)
  File "C:\Vivek_Main\tutter\.venv\Lib\site-packages\httpcore\_exceptions.py", line 14, in map_exceptions
    raise to_exc(exc) from exc
httpcore.ReadTimeout

The above exception was the direct cause of the following exception:

Traceback (most recent call last):
  File "C:\Vivek_Main\tutter\src\video_pipeline\routes\generator_routes.py", line 30, in generate_code_endpoint
    write_result = await async_post(write_url, result, timeout=120)
                   ^^^^^^^^^^^^^^^^^^^^^^^^^^^^^^^^^^^^^^^^^^^^^^^^
  File "C:\Vivek_Main\tutter\src\video_pipeline\utils.py", line 12, in async_post
    resp = await client.post(url, json=payload, headers={"Content-Type": "application/json"})
           ^^^^^^^^^^^^^^^^^^^^^^^^^^^^^^^^^^^^^^^^^^^^^^^^^^^^^^^^^^^^^^^^^^^^^^^^^^^^^^^^^^
  File "C:\Vivek_Main\tutter\.venv\Lib\site-packages\httpx\_client.py", line 1859, in post
    return await self.request(
           ^^^^^^^^^^^^^^^^^^^
  File "C:\Vivek_Main\tutter\.venv\Lib\site-packages\httpx\_client.py", line 1540, in request
    return await self.send(request, auth=auth, follow_redirects=follow_redirects)
           ^^^^^^^^^^^^^^^^^^^^^^^^^^^^^^^^^^^^^^^^^^^^^^^^^^^^^^^^^^^^^^^^^^^^^^
  File "C:\Vivek_Main\tutter\.venv\Lib\site-packages\httpx\_client.py", line 1629, in send
    response = await self._send_handling_auth(
               ^^^^^^^^^^^^^^^^^^^^^^^^^^^^^^^
  File "C:\Vivek_Main\tutter\.venv\Lib\site-packages\httpx\_client.py", line 1657, in _send_handling_auth
    response = await self._send_handling_redirects(
               ^^^^^^^^^^^^^^^^^^^^^^^^^^^^^^^^^^^^
  File "C:\Vivek_Main\tutter\.venv\Lib\site-packages\httpx\_client.py", line 1694, in _send_handling_redirects
    response = await self._send_single_request(request)
               ^^^^^^^^^^^^^^^^^^^^^^^^^^^^^^^^^^^^^^^^
  File "C:\Vivek_Main\tutter\.venv\Lib\site-packages\httpx\_client.py", line 1730, in _send_single_request
    response = await transport.handle_async_request(request)
               ^^^^^^^^^^^^^^^^^^^^^^^^^^^^^^^^^^^^^^^^^^^^^
  File "C:\Vivek_Main\tutter\.venv\Lib\site-packages\httpx\_transports\default.py", line 393, in handle_async_request
    with map_httpcore_exceptions():
  File "C:\Users\vivek_vslen2j\AppData\Local\Programs\Python\Python311\Lib\contextlib.py", line 158, in __exit__
    self.gen.throw(typ, value, traceback)
  File "C:\Vivek_Main\tutter\.venv\Lib\site-packages\httpx\_transports\default.py", line 118, in map_httpcore_exceptions
    raise mapped_exc(message) from exc
httpx.ReadTimeout
[2025-11-12 15:49:18] [ERROR] ❌ HTTP 500: {"detail":""}
[2025-11-12 15:49:29] [ERROR] 
❌ Error running Manim on C:/Vivek_Main/Manim_project/inputbox/43427ca7-347c-4db1-831e-99531ef7766a_20251112_154716/script_seq3/script_seq3.py
──────────────────────────────────────────────
STDERR:
+--------------------- Traceback (most recent call last) ---------------------+
| C:\Vivek_Main\tutter\.venv\Lib\site-packages\manim\cli\render\commands.py:1 |
| 25 in render                                                                |
|                                                                             |
|   122             try:                                                      |
|   123                 with tempconfig({}):                                  |
|   124                     scene = SceneClass()                              |
| > 125                     scene.render()                                    |
|   126             except Exception:                                         |
|   127                 error_console.print_exception()                       |
|   128                 sys.exit(1)                                           |
|                                                                             |
| C:\Vivek_Main\tutter\.venv\Lib\site-packages\manim\scene\scene.py:237 in    |
| render                                                                      |
|                                                                             |
|    234         """                                                          |
|    235         self.setup()                                                 |
|    236         try:                                                         |
| >  237             self.construct()                                         |
|    238         except EndSceneEarlyException:                               |
|    239             pass                                                     |
|    240         except RerunSceneException:                                  |
|                                                                             |
| C:\Vivek_Main\Manim_project\inputbox\43427ca7-347c-4db1-831e-99531ef7766a_2 |
| 0251112_154716\script_seq3\script_seq3.py:15 in construct                   |
|                                                                             |
|   12         ]                                                              |
|   13                                                                        |
|   14         # Fade out dashed lines (assuming they exist from Scene 2)     |
| > 15         dashed_lines = [DashedLine(square.get_corner(i), square.get_co |
|   16         self.play(FadeOut(VGroup(*dashed_lines)), run_time=2)          |
|   17                                                                        |
|   18         # Add labels to the scene                                      |
|                                                                             |
| C:\Vivek_Main\Manim_project\inputbox\43427ca7-347c-4db1-831e-99531ef7766a_2 |
| 0251112_154716\script_seq3\script_seq3.py:15 in <listcomp>                  |
|                                                                             |
|   12         ]                                                              |
|   13                                                                        |
|   14         # Fade out dashed lines (assuming they exist from Scene 2)     |
| > 15         dashed_lines = [DashedLine(square.get_corner(i), square.get_co |
|   16         self.play(FadeOut(VGroup(*dashed_lines)), run_time=2)          |
|   17                                                                        |
|   18         # Add labels to the scene                                      |
|                                                                             |
| C:\Vivek_Main\tutter\.venv\Lib\site-packages\manim\mobject\mobject.py:2091  |
| in get_corner                                                               |
|                                                                             |
|   2088                                                                      |
|   2089     def get_corner(self, direction: Vector3D) -> Point3D:            |
|   2090         """Get corner Point3Ds for certain direction."""             |
| > 2091         return self.get_critical_point(direction)                    |
|   2092                                                                      |
|   2093     def get_center(self) -> Point3D:                                 |
|   2094         """Get center Point3Ds"""                                    |
|                                                                             |
| C:\Vivek_Main\tutter\.venv\Lib\site-packages\manim\mobject\mobject.py:2079  |
| in get_critical_point                                                       |
|                                                                             |
|   2076             result[dim] = self.get_extremum_along_dim(               |
|   2077                 all_points,                                          |
|   2078                 dim=dim,                                             |
| > 2079                 key=direction[dim],                                  |
|   2080             )                                                        |
|   2081         return result                                                |
|   2082                                                                      |
+-----------------------------------------------------------------------------+
TypeError: 'int' object is not subscriptable

STDOUT:
Manim Community v0.19.0

[11/12/25 15:49:08] INFO     Writing A to               tex_file_writing.py:111
                             C:\Vivek_Main\tutter\src\m                        
                             edia\videos\43427ca7-347c-                        
                             4db1-831e-99531ef7766a_202                        
                             51112_154716\script_seq3\T                        
                             ex\90f07b07e57adf79.tex                           
[11/12/25 15:49:13] INFO     Writing B to               tex_file_writing.py:111
                             C:\Vivek_Main\tutter\src\m                        
                             edia\videos\43427ca7-347c-                        
                             4db1-831e-99531ef7766a_202                        
                             51112_154716\script_seq3\T                        
                             ex\d82288bb87e99d59.tex                           
[11/12/25 15:49:18] INFO     Writing C to               tex_file_writing.py:111
                             C:\Vivek_Main\tutter\src\m                        
                             edia\videos\43427ca7-347c-                        
                             4db1-831e-99531ef7766a_202                        
                             51112_154716\script_seq3\T                        
                             ex\86474863bfdee3e7.tex                           
[11/12/25 15:49:23] INFO     Writing D to               tex_file_writing.py:111
                             C:\Vivek_Main\tutter\src\m                        
                             edia\videos\43427ca7-347c-                        
                             4db1-831e-99531ef7766a_202                        
                             51112_154716\script_seq3\T                        
                             ex\265843fdb06dea70.tex
──────────────────────────────────────────────

[2025-11-12 15:49:55] [ERROR] 
❌ Error running Manim on C:/Vivek_Main/Manim_project/inputbox/43427ca7-347c-4db1-831e-99531ef7766a_20251112_154716/script_seq4/script_seq4.py
──────────────────────────────────────────────
STDERR:
Aborted!

STDOUT:
Manim Community v0.19.0

[11/12/25 15:49:44] INFO     Writing A to               tex_file_writing.py:111
                             C:\Vivek_Main\tutter\src\m                        
                             edia\videos\43427ca7-347c-                        
                             4db1-831e-99531ef7766a_202                        
                             51112_154716\script_seq4\T                        
                             ex\90f07b07e57adf79.tex                           
[11/12/25 15:49:47] INFO     Writing B to               tex_file_writing.py:111
                             C:\Vivek_Main\tutter\src\m                        
                             edia\videos\43427ca7-347c-                        
                             4db1-831e-99531ef7766a_202                        
                             51112_154716\script_seq4\T                        
                             ex\d82288bb87e99d59.tex                           
[11/12/25 15:49:50] INFO     Writing C to               tex_file_writing.py:111
                             C:\Vivek_Main\tutter\src\m                        
                             edia\videos\43427ca7-347c-                        
                             4db1-831e-99531ef7766a_202                        
                             51112_154716\script_seq4\T                        
                             ex\86474863bfdee3e7.tex
──────────────────────────────────────────────

[2025-11-12 15:49:56] [ERROR] ❌ Video and audio list length mismatch
[2025-11-12 15:49:57] [ERROR] ❌ Video generation error
Traceback (most recent call last):
  File "C:\Vivek_Main\tutter\src\video_pipeline\routes\video_routes.py", line 36, in generate_videos_endpoint
    output_path = await process_pipeline(
                  ^^^^^^^^^^^^^^^^^^^^^^^
  File "C:\Vivek_Main\tutter\src\main.py", line 63, in process_pipeline
    final_video_bytes = MergerFactory.merge_all_videos_with_audio(video_bytes_list, audio_bytes_list,unique_id)
                        ^^^^^^^^^^^^^^^^^^^^^^^^^^^^^^^^^^^^^^^^^^^^^^^^^^^^^^^^^^^^^^^^^^^^^^^^^^^^^^^^^^^^^^^
  File "C:\Vivek_Main\tutter\src\merger_factory.py", line 209, in merge_all_videos_with_audio
    return MergerFactory.merge_video_with_audio(video_bytes_list, audio_bytes_list, unique_id)
           ^^^^^^^^^^^^^^^^^^^^^^^^^^^^^^^^^^^^^^^^^^^^^^^^^^^^^^^^^^^^^^^^^^^^^^^^^^^^^^^^^^^
  File "C:\Vivek_Main\tutter\src\merger_factory.py", line 132, in merge_video_with_audio
    raise ValueError("Video and audio lists must have the same length")
ValueError: Video and audio lists must have the same length
[2025-11-12 15:49:57] [ERROR] ❌ HTTP 500: {"detail":"Video and audio lists must have the same length"}
[2025-11-12 15:49:57] [ERROR] ❌ Error writing scripts
Traceback (most recent call last):
  File "C:\Vivek_Main\tutter\src\video_pipeline\routes\write_routes.py", line 42, in write_scripts
    video_result = await async_post(video_url, {"path": str(folder),"unique_id":data.unique_id}, timeout=300)
                   ^^^^^^^^^^^^^^^^^^^^^^^^^^^^^^^^^^^^^^^^^^^^^^^^^^^^^^^^^^^^^^^^^^^^^^^^^^^^^^^^^^^^^^^^^^
  File "C:\Vivek_Main\tutter\src\video_pipeline\utils.py", line 15, in async_post
    raise HTTPException(status_code=resp.status_code, detail=resp.text)
fastapi.exceptions.HTTPException: 500: {"detail":"Video and audio lists must have the same length"}
