[2025-11-11 16:17:29] [ERROR] 
❌ Error running Manim on C:/Vivek_Main/Manim_project/inputbox/34e20a80-d113-4851-9a4c-8f5a520094df_20251111_161715/script_seq1/script_seq1.py
──────────────────────────────────────────────
STDERR:
Animation 0: FadeIn(Text('Labels at Square Corners: Class 10 English')):   0%|          | 0/15 [00:00<?, ?it/s]
Animation 0: FadeIn(Text('Labels at Square Corners: Class 10 English')):  20%|##        | 3/15 [00:00<00:00, 20.05it/s]
Animation 0: FadeIn(Text('Labels at Square Corners: Class 10 English')):  40%|####      | 6/15 [00:00<00:00, 24.19it/s]
Animation 0: FadeIn(Text('Labels at Square Corners: Class 10 English')):  60%|######    | 9/15 [00:00<00:00, 23.49it/s]
Animation 0: FadeIn(Text('Labels at Square Corners: Class 10 English')):  87%|########6 | 13/15 [00:00<00:00, 25.20it/s]
                                                                                                                        
+--------------------- Traceback (most recent call last) ---------------------+
| C:\Vivek_Main\tutter\.venv\Lib\site-packages\manim\cli\render\commands.py:1 |
| 25 in render                                                                |
|                                                                             |
|   122             try:                                                      |
|   123                 with tempconfig({}):                                  |
|   124                     scene = SceneClass()                              |
| > 125                     scene.render()                                    |
|   126             except Exception:                                         |
|   127                 error_console.print_exception()                       |
|   128                 sys.exit(1)                                           |
|                                                                             |
| C:\Vivek_Main\tutter\.venv\Lib\site-packages\manim\scene\scene.py:237 in    |
| render                                                                      |
|                                                                             |
|    234         """                                                          |
|    235         self.setup()                                                 |
|    236         try:                                                         |
| >  237             self.construct()                                         |
|    238         except EndSceneEarlyException:                               |
|    239             pass                                                     |
|    240         except RerunSceneException:                                  |
|                                                                             |
| C:\Vivek_Main\Manim_project\inputbox\34e20a80-d113-4851-9a4c-8f5a520094df_2 |
| 0251111_161715\script_seq1\script_seq1.py:17 in construct                   |
|                                                                             |
|   14         # Zoom out slightly to reveal a simple square shape below the  |
|   15         square = Square(side_length=4, color=BLACK, stroke_width=2)    |
|   16         square.move_to(DOWN * 2)                                       |
| > 17         self.play(self.camera.frame.animate.scale(1.2).move_to(title.g |
|   18         self.play(Create(square))                                      |
|   19         self.wait(1)                                                   |
|   20                                                                        |
+-----------------------------------------------------------------------------+
AttributeError: 'Camera' object has no attribute 'frame'

STDOUT:
Manim Community v0.19.0

[11/11/25 16:17:26] INFO     Animation 0 : Partial     scene_file_writer.py:588
                             movie file written in                             
                             'C:\Vivek_Main\tutter\src                         
                             \media\videos\34e20a80-d1                         
                             13-4851-9a4c-8f5a520094df                         
                             _20251111_161715\script_s                         
                             eq1\videos\script_seq1\48                         
                             0p15\partial_movie_files\                         
                             SquareCornerLabels\931832                         
                             650_3107961746_223132457.                         
                             mp4'                                              
[11/11/25 16:17:27] INFO     Animation 1 : Partial     scene_file_writer.py:588
                             movie file written in                             
                             'C:\Vivek_Main\tutter\src                         
                             \media\videos\34e20a80-d1                         
                             13-4851-9a4c-8f5a520094df                         
                             _20251111_161715\script_s                         
                             eq1\videos\script_seq1\48                         
                             0p15\partial_movie_files\                         
                             SquareCornerLabels\190528                         
                             8516_1436906429_199757199                         
                             4.mp4'
──────────────────────────────────────────────

[2025-11-11 16:17:57] [ERROR] 
❌ Error running Manim on C:/Vivek_Main/Manim_project/inputbox/34e20a80-d113-4851-9a4c-8f5a520094df_20251111_161715/script_seq2/script_seq2.py
──────────────────────────────────────────────
STDERR:
+--------------------- Traceback (most recent call last) ---------------------+
| C:\Vivek_Main\tutter\.venv\Lib\site-packages\manim\cli\render\commands.py:1 |
| 25 in render                                                                |
|                                                                             |
|   122             try:                                                      |
|   123                 with tempconfig({}):                                  |
|   124                     scene = SceneClass()                              |
| > 125                     scene.render()                                    |
|   126             except Exception:                                         |
|   127                 error_console.print_exception()                       |
|   128                 sys.exit(1)                                           |
|                                                                             |
| C:\Vivek_Main\tutter\.venv\Lib\site-packages\manim\scene\scene.py:237 in    |
| render                                                                      |
|                                                                             |
|    234         """                                                          |
|    235         self.setup()                                                 |
|    236         try:                                                         |
| >  237             self.construct()                                         |
|    238         except EndSceneEarlyException:                               |
|    239             pass                                                     |
|    240         except RerunSceneException:                                  |
|                                                                             |
| C:\Vivek_Main\Manim_project\inputbox\34e20a80-d113-4851-9a4c-8f5a520094df_2 |
| 0251111_161715\script_seq2\script_seq2.py:22 in construct                   |
|                                                                             |
|   19                                                                        |
|   20         for i, (label, corner) in enumerate(zip(labels, corners)):     |
|   21             # Highlight label with glowing effect                      |
| > 22             self.play(ApplyMethod(glow_effect, label))                 |
|   23             self.wait(0.5)                                             |
|   24                                                                        |
|   25             # Animate an arrow pointing from the label to the corner   |
|                                                                             |
| C:\Vivek_Main\tutter\.venv\Lib\site-packages\manim\animation\transform.py:4 |
| 69 in __init__                                                              |
|                                                                             |
|   466     def __init__(                                                     |
|   467         self, method: Callable, *args, **kwargs                       |
|   468     ) -> None:  # method typing (we want to specify Mobject method)?  |
| > 469         self.check_validity_of_input(method)                          |
|   470         self.method = method                                          |
|   471         self.method_args = args                                       |
|   472         super().__init__(method.__self__, **kwargs)                   |
|                                                                             |
| C:\Vivek_Main\tutter\.venv\Lib\site-packages\manim\animation\transform.py:4 |
| 76 in check_validity_of_input                                               |
|                                                                             |
|   473                                                                       |
|   474     def check_validity_of_input(self, method: Callable) -> None:      |
|   475         if not inspect.ismethod(method):                              |
| > 476             raise ValueError(                                         |
|   477                 "Whoops, looks like you accidentally invoked "        |
|   478                 "the method you want to animate",                     |
|   479             )                                                         |
+-----------------------------------------------------------------------------+
ValueError: Whoops, looks like you accidentally invoked the method you want to 
animate

STDOUT:
Manim Community v0.19.0

[11/11/25 16:17:41] INFO     Writing A to               tex_file_writing.py:111
                             C:\Vivek_Main\tutter\src\m                        
                             edia\videos\34e20a80-d113-                        
                             4851-9a4c-8f5a520094df_202                        
                             51111_161715\script_seq2\T                        
                             ex\90f07b07e57adf79.tex                           
[11/11/25 16:17:44] INFO     Writing B to               tex_file_writing.py:111
                             C:\Vivek_Main\tutter\src\m                        
                             edia\videos\34e20a80-d113-                        
                             4851-9a4c-8f5a520094df_202                        
                             51111_161715\script_seq2\T                        
                             ex\d82288bb87e99d59.tex                           
[11/11/25 16:17:48] INFO     Writing C to               tex_file_writing.py:111
                             C:\Vivek_Main\tutter\src\m                        
                             edia\videos\34e20a80-d113-                        
                             4851-9a4c-8f5a520094df_202                        
                             51111_161715\script_seq2\T                        
                             ex\86474863bfdee3e7.tex                           
[11/11/25 16:17:51] INFO     Writing D to               tex_file_writing.py:111
                             C:\Vivek_Main\tutter\src\m                        
                             edia\videos\34e20a80-d113-                        
                             4851-9a4c-8f5a520094df_202                        
                             51111_161715\script_seq2\T                        
                             ex\265843fdb06dea70.tex
──────────────────────────────────────────────

[2025-11-11 16:18:18] [ERROR] 
❌ Error running Manim on C:/Vivek_Main/Manim_project/inputbox/34e20a80-d113-4851-9a4c-8f5a520094df_20251111_161715/script_seq3/script_seq3.py
──────────────────────────────────────────────
STDERR:
Animation 0: FadeIn(Square), etc.:   0%|          | 0/30 [00:00<?, ?it/s]
Animation 0: FadeIn(Square), etc.:  23%|##3       | 7/30 [00:00<00:00, 68.06it/s]
Animation 0: FadeIn(Square), etc.:  47%|####6     | 14/30 [00:00<00:00, 66.65it/s]
Animation 0: FadeIn(Square), etc.:  70%|#######   | 21/30 [00:00<00:00, 57.18it/s]
Animation 0: FadeIn(Square), etc.:  90%|######### | 27/30 [00:00<00:00, 47.39it/s]
                                                                                  

Animation 2: FadeOut(VGroup of 0 submobject):   0%|          | 0/15 [00:00<?, ?it/s]
Animation 2: FadeOut(VGroup of 0 submobject):  53%|#####3    | 8/15 [00:00<00:00, 69.01it/s]
                                                                                            
+--------------------- Traceback (most recent call last) ---------------------+
| C:\Vivek_Main\tutter\.venv\Lib\site-packages\manim\cli\render\commands.py:1 |
| 25 in render                                                                |
|                                                                             |
|   122             try:                                                      |
|   123                 with tempconfig({}):                                  |
|   124                     scene = SceneClass()                              |
| > 125                     scene.render()                                    |
|   126             except Exception:                                         |
|   127                 error_console.print_exception()                       |
|   128                 sys.exit(1)                                           |
|                                                                             |
| C:\Vivek_Main\tutter\.venv\Lib\site-packages\manim\scene\scene.py:237 in    |
| render                                                                      |
|                                                                             |
|    234         """                                                          |
|    235         self.setup()                                                 |
|    236         try:                                                         |
| >  237             self.construct()                                         |
|    238         except EndSceneEarlyException:                               |
|    239             pass                                                     |
|    240         except RerunSceneException:                                  |
|                                                                             |
| C:\Vivek_Main\Manim_project\inputbox\34e20a80-d113-4851-9a4c-8f5a520094df_2 |
| 0251111_161715\script_seq3\script_seq3.py:22 in construct                   |
|                                                                             |
|   19         self.wait(1)                                                   |
|   20                                                                        |
|   21         # Transform the square into a map of a classroom               |
| > 22         classroom_map = SVGMobject("classroom_map.svg").scale(0.5)  #  |
|   23         corner_labels = VGroup(                                        |
|   24             Text("Front Left", font_size=24).move_to(classroom_map.get |
|   25             Text("Front Right", font_size=24).move_to(classroom_map.ge |
|                                                                             |
| C:\Vivek_Main\tutter\.venv\Lib\site-packages\manim\mobject\svg\svg_mobject. |
| py:145 in __init__                                                          |
|                                                                             |
|   142             path_string_config = {}                                   |
|   143         self.path_string_config = path_string_config                  |
|   144                                                                       |
| > 145         self.init_svg_mobject(use_svg_cache=use_svg_cache)            |
|   146                                                                       |
|   147         self.set_style(                                               |
|   148             fill_color=fill_color,                                    |
|                                                                             |
| C:\Vivek_Main\tutter\.venv\Lib\site-packages\manim\mobject\svg\svg_mobject. |
| py:171 in init_svg_mobject                                                  |
|                                                                             |
|   168                 self.add(*mob)                                        |
|   169                 return                                                |
|   170                                                                       |
| > 171         self.generate_mobject()                                       |
|   172         if use_svg_cache:                                             |
|   173             SVG_HASH_TO_MOB_MAP[hash_val] = self.copy()               |
|   174                                                                       |
|                                                                             |
| C:\Vivek_Main\tutter\.venv\Lib\site-packages\manim\mobject\svg\svg_mobject. |
| py:192 in generate_mobject                                                  |
|                                                                             |
|   189                                                                       |
|   190     def generate_mobject(self) -> None:                               |
|   191         """Parse the SVG and translate its elements to submobjects."" |
| > 192         file_path = self.get_file_path()                              |
|   193         element_tree = ET.parse(file_path)                            |
|   194         new_tree = self.modify_xml_tree(element_tree)                 |
|   195         # Create a temporary svg file to dump modified svg to be pars |
|                                                                             |
| C:\Vivek_Main\tutter\.venv\Lib\site-packages\manim\mobject\svg\svg_mobject. |
| py:210 in get_file_path                                                     |
|                                                                             |
|   207         """Search for an existing file based on the specified file na |
|   208         if self.file_name is None:                                    |
|   209             raise ValueError("Must specify file for SVGMobject")      |
| > 210         return get_full_vector_image_path(self.file_name)             |
|   211                                                                       |
|   212     def modify_xml_tree(self, element_tree: ET.ElementTree) -> ET.Ele |
|   213         """Modifies the SVG element tree to include default           |
|                                                                             |
| C:\Vivek_Main\tutter\.venv\Lib\site-packages\manim\utils\images.py:36 in    |
| get_full_vector_image_path                                                  |
|                                                                             |
|   33                                                                        |
|   34                                                                        |
|   35 def get_full_vector_image_path(image_file_name: str | PurePath) -> Pat |
| > 36     return seek_full_path_from_defaults(                               |
|   37         image_file_name,                                               |
|   38         default_dir=config.get_dir("assets_dir"),                      |
|   39         extensions=[".svg"],                                           |
|                                                                             |
| C:\Vivek_Main\tutter\.venv\Lib\site-packages\manim\utils\file_ops.py:182 in |
| seek_full_path_from_defaults                                                |
|                                                                             |
|   179         f"From: {Path.cwd()}, could not find {file_name} at either "  |
|   180         f"of these locations: {list(map(str, possible_paths))}"       |
|   181     )                                                                 |
| > 182     raise OSError(error)                                              |
|   183                                                                       |
|   184                                                                       |
|   185 def modify_atime(file_path: str) -> None:                             |
+-----------------------------------------------------------------------------+
OSError: From: C:\Vivek_Main\tutter\src, could not find classroom_map.svg at 
either of these locations: ['classroom_map.svg', 'classroom_map.svg', 
'classroom_map.svg.svg']

STDOUT:
Manim Community v0.19.0

[11/11/25 16:18:14] INFO     Animation 0 : Partial     scene_file_writer.py:588
                             movie file written in                             
                             'C:\Vivek_Main\tutter\src                         
                             \media\videos\34e20a80-d1                         
                             13-4851-9a4c-8f5a520094df                         
                             _20251111_161715\script_s                         
                             eq3\videos\script_seq3\48                         
                             0p15\partial_movie_files\                         
                             ClassroomScene\1185818338                         
                             _2065544251_223132457.mp4                         
                             '                                                 
[11/11/25 16:18:15] INFO     Animation 1 : Partial     scene_file_writer.py:588
                             movie file written in                             
                             'C:\Vivek_Main\tutter\src                         
                             \media\videos\34e20a80-d1                         
                             13-4851-9a4c-8f5a520094df                         
                             _20251111_161715\script_s                         
                             eq3\videos\script_seq3\48                         
                             0p15\partial_movie_files\                         
                             ClassroomScene\624642324_                         
                             4217992463_136036423.mp4'                         
[11/11/25 16:18:16] INFO     Animation 2 : Partial     scene_file_writer.py:588
                             movie file written in                             
                             'C:\Vivek_Main\tutter\src                         
                             \media\videos\34e20a80-d1                         
                             13-4851-9a4c-8f5a520094df                         
                             _20251111_161715\script_s                         
                             eq3\videos\script_seq3\48                         
                             0p15\partial_movie_files\                         
                             ClassroomScene\624642324_                         
                             1097828579_1149496190.mp4                         
                             '                                                 
[11/11/25 16:18:17] INFO     Animation 3 : Partial     scene_file_writer.py:588
                             movie file written in                             
                             'C:\Vivek_Main\tutter\src                         
                             \media\videos\34e20a80-d1                         
                             13-4851-9a4c-8f5a520094df                         
                             _20251111_161715\script_s                         
                             eq3\videos\script_seq3\48                         
                             0p15\partial_movie_files\                         
                             ClassroomScene\624642324_                         
                             4217992463_3906281283.mp4                         
                             '
──────────────────────────────────────────────

[2025-11-11 16:18:31] [ERROR] 
❌ Error running Manim on C:/Vivek_Main/Manim_project/inputbox/34e20a80-d113-4851-9a4c-8f5a520094df_20251111_161715/script_seq4/script_seq4.py
──────────────────────────────────────────────
STDERR:
+--------------------- Traceback (most recent call last) ---------------------+
| C:\Vivek_Main\tutter\.venv\Lib\site-packages\manim\cli\render\commands.py:1 |
| 25 in render                                                                |
|                                                                             |
|   122             try:                                                      |
|   123                 with tempconfig({}):                                  |
|   124                     scene = SceneClass()                              |
| > 125                     scene.render()                                    |
|   126             except Exception:                                         |
|   127                 error_console.print_exception()                       |
|   128                 sys.exit(1)                                           |
|                                                                             |
| C:\Vivek_Main\tutter\.venv\Lib\site-packages\manim\scene\scene.py:237 in    |
| render                                                                      |
|                                                                             |
|    234         """                                                          |
|    235         self.setup()                                                 |
|    236         try:                                                         |
| >  237             self.construct()                                         |
|    238         except EndSceneEarlyException:                               |
|    239             pass                                                     |
|    240         except RerunSceneException:                                  |
|                                                                             |
| C:\Vivek_Main\Manim_project\inputbox\34e20a80-d113-4851-9a4c-8f5a520094df_2 |
| 0251111_161715\script_seq4\script_seq4.py:6 in construct                    |
|                                                                             |
|    3 class LabelPlacementScene(Scene):                                      |
|    4     def construct(self):                                               |
|    5         # Start with the classroom map from Scene 3 (assuming it's a p |
| >  6         map = SVGMobject("classroom_map.svg")  # Replace with actual m |
|    7         map.scale(0.8)                                                 |
|    8         self.play(FadeIn(map))                                         |
|    9         self.wait(1)                                                   |
|                                                                             |
| C:\Vivek_Main\tutter\.venv\Lib\site-packages\manim\mobject\svg\svg_mobject. |
| py:145 in __init__                                                          |
|                                                                             |
|   142             path_string_config = {}                                   |
|   143         self.path_string_config = path_string_config                  |
|   144                                                                       |
| > 145         self.init_svg_mobject(use_svg_cache=use_svg_cache)            |
|   146                                                                       |
|   147         self.set_style(                                               |
|   148             fill_color=fill_color,                                    |
|                                                                             |
| C:\Vivek_Main\tutter\.venv\Lib\site-packages\manim\mobject\svg\svg_mobject. |
| py:171 in init_svg_mobject                                                  |
|                                                                             |
|   168                 self.add(*mob)                                        |
|   169                 return                                                |
|   170                                                                       |
| > 171         self.generate_mobject()                                       |
|   172         if use_svg_cache:                                             |
|   173             SVG_HASH_TO_MOB_MAP[hash_val] = self.copy()               |
|   174                                                                       |
|                                                                             |
| C:\Vivek_Main\tutter\.venv\Lib\site-packages\manim\mobject\svg\svg_mobject. |
| py:192 in generate_mobject                                                  |
|                                                                             |
|   189                                                                       |
|   190     def generate_mobject(self) -> None:                               |
|   191         """Parse the SVG and translate its elements to submobjects."" |
| > 192         file_path = self.get_file_path()                              |
|   193         element_tree = ET.parse(file_path)                            |
|   194         new_tree = self.modify_xml_tree(element_tree)                 |
|   195         # Create a temporary svg file to dump modified svg to be pars |
|                                                                             |
| C:\Vivek_Main\tutter\.venv\Lib\site-packages\manim\mobject\svg\svg_mobject. |
| py:210 in get_file_path                                                     |
|                                                                             |
|   207         """Search for an existing file based on the specified file na |
|   208         if self.file_name is None:                                    |
|   209             raise ValueError("Must specify file for SVGMobject")      |
| > 210         return get_full_vector_image_path(self.file_name)             |
|   211                                                                       |
|   212     def modify_xml_tree(self, element_tree: ET.ElementTree) -> ET.Ele |
|   213         """Modifies the SVG element tree to include default           |
|                                                                             |
| C:\Vivek_Main\tutter\.venv\Lib\site-packages\manim\utils\images.py:36 in    |
| get_full_vector_image_path                                                  |
|                                                                             |
|   33                                                                        |
|   34                                                                        |
|   35 def get_full_vector_image_path(image_file_name: str | PurePath) -> Pat |
| > 36     return seek_full_path_from_defaults(                               |
|   37         image_file_name,                                               |
|   38         default_dir=config.get_dir("assets_dir"),                      |
|   39         extensions=[".svg"],                                           |
|                                                                             |
| C:\Vivek_Main\tutter\.venv\Lib\site-packages\manim\utils\file_ops.py:182 in |
| seek_full_path_from_defaults                                                |
|                                                                             |
|   179         f"From: {Path.cwd()}, could not find {file_name} at either "  |
|   180         f"of these locations: {list(map(str, possible_paths))}"       |
|   181     )                                                                 |
| > 182     raise OSError(error)                                              |
|   183                                                                       |
|   184                                                                       |
|   185 def modify_atime(file_path: str) -> None:                             |
+-----------------------------------------------------------------------------+
OSError: From: C:\Vivek_Main\tutter\src, could not find classroom_map.svg at 
either of these locations: ['classroom_map.svg', 'classroom_map.svg', 
'classroom_map.svg.svg']

STDOUT:
Manim Community v0.19.0
──────────────────────────────────────────────

[2025-11-11 16:18:56] [ERROR] ❌ Video and audio list length mismatch
[2025-11-11 16:18:56] [ERROR] ❌ Video generation error
Traceback (most recent call last):
  File "C:\Vivek_Main\tutter\src\video_pipeline\routes\video_routes.py", line 32, in generate_videos_endpoint
    output_path = await process_pipeline(
                  ^^^^^^^^^^^^^^^^^^^^^^^
  File "C:\Vivek_Main\tutter\src\main.py", line 62, in process_pipeline
    final_video_bytes = MergerFactory.merge_all_videos_with_audio(video_bytes_list, audio_bytes_list,unique_id)
                        ^^^^^^^^^^^^^^^^^^^^^^^^^^^^^^^^^^^^^^^^^^^^^^^^^^^^^^^^^^^^^^^^^^^^^^^^^^^^^^^^^^^^^^^
  File "C:\Vivek_Main\tutter\src\merger_factory.py", line 200, in merge_all_videos_with_audio
    return MergerFactory.merge_video_with_audio(video_bytes_list, audio_bytes_list, unique_id)
           ^^^^^^^^^^^^^^^^^^^^^^^^^^^^^^^^^^^^^^^^^^^^^^^^^^^^^^^^^^^^^^^^^^^^^^^^^^^^^^^^^^^
  File "C:\Vivek_Main\tutter\src\merger_factory.py", line 126, in merge_video_with_audio
    transaction(unique_id, merge_status="Final video merge failed (list mismatch)")
TypeError: transaction() got an unexpected keyword argument 'merge_status'
[2025-11-11 16:18:56] [ERROR] ❌ HTTP 500: {"detail":"transaction() got an unexpected keyword argument 'merge_status'"}
[2025-11-11 16:18:56] [ERROR] ❌ Error writing scripts
Traceback (most recent call last):
  File "C:\Vivek_Main\tutter\src\video_pipeline\routes\write_routes.py", line 40, in write_scripts
    video_result = await async_post(video_url, {"path": str(folder),"unique_id":data.unique_id}, timeout=300)
                   ^^^^^^^^^^^^^^^^^^^^^^^^^^^^^^^^^^^^^^^^^^^^^^^^^^^^^^^^^^^^^^^^^^^^^^^^^^^^^^^^^^^^^^^^^^
  File "C:\Vivek_Main\tutter\src\video_pipeline\utils.py", line 15, in async_post
    raise HTTPException(status_code=resp.status_code, detail=resp.text)
fastapi.exceptions.HTTPException: 500: {"detail":"transaction() got an unexpected keyword argument 'merge_status'"}
[2025-11-11 16:18:56] [ERROR] ❌ HTTP 500: {"detail":"500: {\"detail\":\"transaction() got an unexpected keyword argument 'merge_status'\"}"}
[2025-11-11 16:18:56] [ERROR] ❌ Error generating code
Traceback (most recent call last):
  File "C:\Vivek_Main\tutter\src\video_pipeline\routes\generator_routes.py", line 28, in generate_code_endpoint
    write_result = await async_post(write_url, result, timeout=120)
                   ^^^^^^^^^^^^^^^^^^^^^^^^^^^^^^^^^^^^^^^^^^^^^^^^
  File "C:\Vivek_Main\tutter\src\video_pipeline\utils.py", line 15, in async_post
    raise HTTPException(status_code=resp.status_code, detail=resp.text)
fastapi.exceptions.HTTPException: 500: {"detail":"500: {\"detail\":\"transaction() got an unexpected keyword argument 'merge_status'\"}"}
[2025-11-11 16:18:56] [ERROR] ❌ HTTP 500: {"detail":"500: {\"detail\":\"500: {\\\"detail\\\":\\\"transaction() got an unexpected keyword argument 'merge_status'\\\"}\"}"}
