[2025-11-12 17:25:40] [ERROR] 
❌ Error running Manim on C:/Vivek_Main/Manim_project/inputbox/c19cf9c6-1375-402c-a4c6-07987fa9a7fc_20251112_172438/script_seq1/script_seq1.py
──────────────────────────────────────────────
STDERR:
Animation 0: FadeIn(Text('Labels at Square Corners: Class 10 English')):   0%|          | 0/15 [00:00<?, ?it/s]
Animation 0: FadeIn(Text('Labels at Square Corners: Class 10 English')):  13%|#3        | 2/15 [00:00<00:00, 19.51it/s]
Animation 0: FadeIn(Text('Labels at Square Corners: Class 10 English')):  33%|###3      | 5/15 [00:00<00:00, 21.25it/s]
Animation 0: FadeIn(Text('Labels at Square Corners: Class 10 English')):  53%|#####3    | 8/15 [00:00<00:00, 20.65it/s]
Animation 0: FadeIn(Text('Labels at Square Corners: Class 10 English')):  73%|#######3  | 11/15 [00:00<00:00, 16.81it/s]
Animation 0: FadeIn(Text('Labels at Square Corners: Class 10 English')):  93%|#########3| 14/15 [00:00<00:00, 17.02it/s]
                                                                                                                        
+--------------------- Traceback (most recent call last) ---------------------+
| C:\Vivek_Main\tutter\.venv\Lib\site-packages\manim\cli\render\commands.py:1 |
| 25 in render                                                                |
|                                                                             |
|   122             try:                                                      |
|   123                 with tempconfig({}):                                  |
|   124                     scene = SceneClass()                              |
| > 125                     scene.render()                                    |
|   126             except Exception:                                         |
|   127                 error_console.print_exception()                       |
|   128                 sys.exit(1)                                           |
|                                                                             |
| C:\Vivek_Main\tutter\.venv\Lib\site-packages\manim\scene\scene.py:237 in    |
| render                                                                      |
|                                                                             |
|    234         """                                                          |
|    235         self.setup()                                                 |
|    236         try:                                                         |
| >  237             self.construct()                                         |
|    238         except EndSceneEarlyException:                               |
|    239             pass                                                     |
|    240         except RerunSceneException:                                  |
|                                                                             |
| C:\Vivek_Main\Manim_project\inputbox\c19cf9c6-1375-402c-a4c6-07987fa9a7fc_2 |
| 0251112_172438\script_seq1\script_seq1.py:15 in construct                   |
|                                                                             |
|   12                                                                        |
|   13         # Zoom out slightly to reveal a simple square shape below the  |
|   14         square = Square(side_length=4, color=BLACK).move_to(DOWN * 2)  |
| > 15         self.play(self.camera.frame.animate.scale(1.2).move_to(title.g |
|   16         self.play(Create(square))                                      |
|   17         self.wait(1)                                                   |
|   18                                                                        |
+-----------------------------------------------------------------------------+
AttributeError: 'Camera' object has no attribute 'frame'

STDOUT:
Manim Community v0.19.0

[11/12/25 17:25:38] INFO     Animation 0 : Partial     scene_file_writer.py:588
                             movie file written in                             
                             'C:\Vivek_Main\tutter\src                         
                             \media\videos\c19cf9c6-13                         
                             75-402c-a4c6-07987fa9a7fc                         
                             _20251112_172438\script_s                         
                             eq1\videos\script_seq1\48                         
                             0p15\partial_movie_files\                         
                             SquareCornerLabels\931832                         
                             650_3107961746_223132457.                         
                             mp4'                                              
[11/12/25 17:25:39] INFO     Animation 1 : Partial     scene_file_writer.py:588
                             movie file written in                             
                             'C:\Vivek_Main\tutter\src                         
                             \media\videos\c19cf9c6-13                         
                             75-402c-a4c6-07987fa9a7fc                         
                             _20251112_172438\script_s                         
                             eq1\videos\script_seq1\48                         
                             0p15\partial_movie_files\                         
                             SquareCornerLabels\190528                         
                             8516_1436906429_199757199                         
                             4.mp4'
──────────────────────────────────────────────

[2025-11-12 17:26:52] [ERROR] 
❌ Error running Manim on C:/Vivek_Main/Manim_project/inputbox/c19cf9c6-1375-402c-a4c6-07987fa9a7fc_20251112_172438/script_seq4/script_seq4.py
──────────────────────────────────────────────
STDERR:
Animation 0: FadeIn(VGroup of 4 submobjects):   0%|          | 0/15 [00:00<?, ?it/s]
                                                                                    
+--------------------- Traceback (most recent call last) ---------------------+
| C:\Vivek_Main\tutter\.venv\Lib\site-packages\manim\cli\render\commands.py:1 |
| 25 in render                                                                |
|                                                                             |
|   122             try:                                                      |
|   123                 with tempconfig({}):                                  |
|   124                     scene = SceneClass()                              |
| > 125                     scene.render()                                    |
|   126             except Exception:                                         |
|   127                 error_console.print_exception()                       |
|   128                 sys.exit(1)                                           |
|                                                                             |
| C:\Vivek_Main\tutter\.venv\Lib\site-packages\manim\scene\scene.py:237 in    |
| render                                                                      |
|                                                                             |
|    234         """                                                          |
|    235         self.setup()                                                 |
|    236         try:                                                         |
| >  237             self.construct()                                         |
|    238         except EndSceneEarlyException:                               |
|    239             pass                                                     |
|    240         except RerunSceneException:                                  |
|                                                                             |
| C:\Vivek_Main\Manim_project\inputbox\c19cf9c6-1375-402c-a4c6-07987fa9a7fc_2 |
| 0251112_172438\script_seq4\script_seq4.py:16 in construct                   |
|                                                                             |
|   13         self.wait(1)                                                   |
|   14                                                                        |
|   15         # Zoom out to show both squares with their labels              |
| > 16         self.play(CameraFrame.scale, 1.5, run_time=2)                  |
|   17         self.wait(1)                                                   |
|   18                                                                        |
|   19         # Fade out the grid background for simplicity (assuming a grid |
+-----------------------------------------------------------------------------+
NameError: name 'CameraFrame' is not defined

STDOUT:
Manim Community v0.19.0

[11/12/25 17:26:51] INFO     Animation 0 : Partial     scene_file_writer.py:588
                             movie file written in                             
                             'C:\Vivek_Main\tutter\src                         
                             \media\videos\c19cf9c6-13                         
                             75-402c-a4c6-07987fa9a7fc                         
                             _20251112_172438\script_s                         
                             eq4\videos\script_seq4\48                         
                             0p15\partial_movie_files\                         
                             LabelPlacementScene\11858                         
                             18338_2600022825_22313245                         
                             7.mp4'                                            
                    INFO     Animation 1 : Partial     scene_file_writer.py:588
                             movie file written in                             
                             'C:\Vivek_Main\tutter\src                         
                             \media\videos\c19cf9c6-13                         
                             75-402c-a4c6-07987fa9a7fc                         
                             _20251112_172438\script_s                         
                             eq4\videos\script_seq4\48                         
                             0p15\partial_movie_files\                         
                             LabelPlacementScene\62464                         
                             2324_4217992463_240185561                         
                             6.mp4'
──────────────────────────────────────────────

[2025-11-12 17:26:52] [ERROR] ❌ Video and audio list length mismatch
[2025-11-12 17:26:52] [ERROR] ❌ Video generation error
Traceback (most recent call last):
  File "C:\Vivek_Main\tutter\src\video_pipeline\routes\video_routes.py", line 36, in generate_videos_endpoint
    output_path = await process_pipeline(
                  ^^^^^^^^^^^^^^^^^^^^^^^
  File "C:\Vivek_Main\tutter\src\main.py", line 63, in process_pipeline
    final_video_bytes = MergerFactory.merge_all_videos_with_audio(video_bytes_list, audio_bytes_list,unique_id)
                        ^^^^^^^^^^^^^^^^^^^^^^^^^^^^^^^^^^^^^^^^^^^^^^^^^^^^^^^^^^^^^^^^^^^^^^^^^^^^^^^^^^^^^^^
  File "C:\Vivek_Main\tutter\src\merger_factory.py", line 209, in merge_all_videos_with_audio
    return MergerFactory.merge_video_with_audio(video_bytes_list, audio_bytes_list, unique_id)
           ^^^^^^^^^^^^^^^^^^^^^^^^^^^^^^^^^^^^^^^^^^^^^^^^^^^^^^^^^^^^^^^^^^^^^^^^^^^^^^^^^^^
  File "C:\Vivek_Main\tutter\src\merger_factory.py", line 132, in merge_video_with_audio
    raise ValueError("Video and audio lists must have the same length")
ValueError: Video and audio lists must have the same length
[2025-11-12 17:26:53] [ERROR] ❌ HTTP 500: {"detail":"Video and audio lists must have the same length"}
[2025-11-12 17:26:53] [ERROR] ❌ Video generation failed for c19cf9c6-1375-402c-a4c6-07987fa9a7fc: 500: {"detail":"Video and audio lists must have the same length"}
[2025-11-12 17:26:53] [ERROR] ❌ Unhandled error in write_scripts endpoint
Traceback (most recent call last):
  File "C:\Vivek_Main\tutter\src\video_pipeline\routes\write_routes.py", line 99, in write_scripts
    video_result = await async_post(
                   ^^^^^^^^^^^^^^^^^
  File "C:\Vivek_Main\tutter\src\video_pipeline\utils.py", line 15, in async_post
    raise HTTPException(status_code=resp.status_code, detail=resp.text)
fastapi.exceptions.HTTPException: 500: {"detail":"Video and audio lists must have the same length"}

During handling of the above exception, another exception occurred:

Traceback (most recent call last):
  File "C:\Vivek_Main\tutter\src\video_pipeline\routes\write_routes.py", line 118, in write_scripts
    raise HTTPException(status_code=500, detail=err_msg)
fastapi.exceptions.HTTPException: 500: ❌ Video generation failed for c19cf9c6-1375-402c-a4c6-07987fa9a7fc: 500: {"detail":"Video and audio lists must have the same length"}
[2025-11-12 17:26:53] [ERROR] ❌ HTTP 500: {"detail":"500: ❌ Video generation failed for c19cf9c6-1375-402c-a4c6-07987fa9a7fc: 500: {\"detail\":\"Video and audio lists must have the same length\"}"}
[2025-11-12 17:26:53] [ERROR] ❌ Error generating code
Traceback (most recent call last):
  File "C:\Vivek_Main\tutter\src\video_pipeline\routes\generator_routes.py", line 30, in generate_code_endpoint
    write_result = await async_post(write_url, result, timeout=120)
                   ^^^^^^^^^^^^^^^^^^^^^^^^^^^^^^^^^^^^^^^^^^^^^^^^
  File "C:\Vivek_Main\tutter\src\video_pipeline\utils.py", line 15, in async_post
    raise HTTPException(status_code=resp.status_code, detail=resp.text)
fastapi.exceptions.HTTPException: 500: {"detail":"500: ❌ Video generation failed for c19cf9c6-1375-402c-a4c6-07987fa9a7fc: 500: {\"detail\":\"Video and audio lists must have the same length\"}"}
[2025-11-12 17:26:53] [ERROR] ❌ HTTP 500: {"detail":"500: {\"detail\":\"500: ❌ Video generation failed for c19cf9c6-1375-402c-a4c6-07987fa9a7fc: 500: {\\\"detail\\\":\\\"Video and audio lists must have the same length\\\"}\"}"}
