[2025-11-11 14:13:36] [ERROR] 
❌ Error running Manim on C:/Vivek_Main/Manim_project/inputbox/c16ab3af-e628-46ca-b980-b934aed77fc1_20251111_141321/script_seq1/script_seq1.py
──────────────────────────────────────────────
STDERR:
Animation 0: FadeIn(Text('Labels at Square Corners: Class 10 English')):   0%|          | 0/15 [00:00<?, ?it/s]
Animation 0: FadeIn(Text('Labels at Square Corners: Class 10 English')):  20%|##        | 3/15 [00:00<00:00, 25.16it/s]
Animation 0: FadeIn(Text('Labels at Square Corners: Class 10 English')):  47%|####6     | 7/15 [00:00<00:00, 32.42it/s]
Animation 0: FadeIn(Text('Labels at Square Corners: Class 10 English')):  80%|########  | 12/15 [00:00<00:00, 36.70it/s]
                                                                                                                        
+--------------------- Traceback (most recent call last) ---------------------+
| C:\Vivek_Main\tutter\.venv\Lib\site-packages\manim\cli\render\commands.py:1 |
| 25 in render                                                                |
|                                                                             |
|   122             try:                                                      |
|   123                 with tempconfig({}):                                  |
|   124                     scene = SceneClass()                              |
| > 125                     scene.render()                                    |
|   126             except Exception:                                         |
|   127                 error_console.print_exception()                       |
|   128                 sys.exit(1)                                           |
|                                                                             |
| C:\Vivek_Main\tutter\.venv\Lib\site-packages\manim\scene\scene.py:237 in    |
| render                                                                      |
|                                                                             |
|    234         """                                                          |
|    235         self.setup()                                                 |
|    236         try:                                                         |
| >  237             self.construct()                                         |
|    238         except EndSceneEarlyException:                               |
|    239             pass                                                     |
|    240         except RerunSceneException:                                  |
|                                                                             |
| C:\Vivek_Main\Manim_project\inputbox\c16ab3af-e628-46ca-b980-b934aed77fc1_2 |
| 0251111_141321\script_seq1\script_seq1.py:17 in construct                   |
|                                                                             |
|   14         # Zoom out slightly to reveal a simple square shape below the  |
|   15         square = Square(side_length=4, color=BLACK, stroke_width=2)    |
|   16         square.move_to(DOWN * 2)                                       |
| > 17         self.play(FadeIn(square), self.camera.frame.animate.scale(1.2) |
|   18         self.wait(1)                                                   |
|   19                                                                        |
|   20         # Animate four small, empty labels appearing at each corner of |
+-----------------------------------------------------------------------------+
AttributeError: 'Camera' object has no attribute 'frame'

STDOUT:
Manim Community v0.19.0

[11/11/25 14:13:35] INFO     Animation 0 : Partial     scene_file_writer.py:588
                             movie file written in                             
                             'C:\Vivek_Main\tutter\src                         
                             \media\videos\c16ab3af-e6                         
                             28-46ca-b980-b934aed77fc1                         
                             _20251111_141321\script_s                         
                             eq1\videos\script_seq1\48                         
                             0p15\partial_movie_files\                         
                             SquareCornerLabels\931832                         
                             650_3107961746_223132457.                         
                             mp4'                                              
                    INFO     Animation 1 : Partial     scene_file_writer.py:588
                             movie file written in                             
                             'C:\Vivek_Main\tutter\src                         
                             \media\videos\c16ab3af-e6                         
                             28-46ca-b980-b934aed77fc1                         
                             _20251111_141321\script_s                         
                             eq1\videos\script_seq1\48                         
                             0p15\partial_movie_files\                         
                             SquareCornerLabels\190528                         
                             8516_1436906429_199757199                         
                             4.mp4'
──────────────────────────────────────────────

[2025-11-11 14:14:01] [ERROR] 
❌ Error running Manim on C:/Vivek_Main/Manim_project/inputbox/c16ab3af-e628-46ca-b980-b934aed77fc1_20251111_141321/script_seq2/script_seq2.py
──────────────────────────────────────────────
STDERR:
+--------------------- Traceback (most recent call last) ---------------------+
| C:\Vivek_Main\tutter\.venv\Lib\site-packages\manim\cli\render\commands.py:1 |
| 25 in render                                                                |
|                                                                             |
|   122             try:                                                      |
|   123                 with tempconfig({}):                                  |
|   124                     scene = SceneClass()                              |
| > 125                     scene.render()                                    |
|   126             except Exception:                                         |
|   127                 error_console.print_exception()                       |
|   128                 sys.exit(1)                                           |
|                                                                             |
| C:\Vivek_Main\tutter\.venv\Lib\site-packages\manim\scene\scene.py:237 in    |
| render                                                                      |
|                                                                             |
|    234         """                                                          |
|    235         self.setup()                                                 |
|    236         try:                                                         |
| >  237             self.construct()                                         |
|    238         except EndSceneEarlyException:                               |
|    239             pass                                                     |
|    240         except RerunSceneException:                                  |
|                                                                             |
| C:\Vivek_Main\Manim_project\inputbox\c16ab3af-e628-46ca-b980-b934aed77fc1_2 |
| 0251111_141321\script_seq2\script_seq2.py:16 in construct                   |
|                                                                             |
|   13         self.add(square, *labels)                                      |
|   14                                                                        |
|   15         # Highlight one corner label with a glowing effect and animate |
| > 16         for label, corner in zip(labels, square.get_corners()):        |
|   17             glow = GlowEffect(color=YELLOW, radius=0.2).update(label)  |
|   18             self.play(ApplyWave(label), AddEffect(label, glow))        |
|   19             line = DashedLine(label.get_center(), corner, color=YELLOW |
|                                                                             |
| C:\Vivek_Main\tutter\.venv\Lib\site-packages\manim\mobject\mobject.py:698   |
| in getter                                                                   |
|                                                                             |
|    695                     stacklevel=2,                                    |
|    696                 )                                                    |
|    697                                                                      |
| >  698                 return getattr(self, to_get)                         |
|    699                                                                      |
|    700             # Return a bound method                                  |
|    701             return types.MethodType(getter, self)                    |
|                                                                             |
| C:\Vivek_Main\tutter\.venv\Lib\site-packages\manim\mobject\mobject.py:723   |
| in __getattr__                                                              |
|                                                                             |
|    720             return types.MethodType(setter, self)                    |
|    721                                                                      |
|    722         # Unhandled attribute, therefore error                       |
| >  723         raise AttributeError(f"{type(self).__name__} object has no a |
|    724                                                                      |
|    725     @property                                                        |
|    726     def width(self) -> float:                                        |
+-----------------------------------------------------------------------------+
AttributeError: Square object has no attribute 'corners'

STDOUT:
Manim Community v0.19.0

[11/11/25 14:13:47] INFO     Writing A to               tex_file_writing.py:111
                             C:\Vivek_Main\tutter\src\m                        
                             edia\videos\c16ab3af-e628-                        
                             46ca-b980-b934aed77fc1_202                        
                             51111_141321\script_seq2\T                        
                             ex\90f07b07e57adf79.tex                           
[11/11/25 14:13:51] INFO     Writing B to               tex_file_writing.py:111
                             C:\Vivek_Main\tutter\src\m                        
                             edia\videos\c16ab3af-e628-                        
                             46ca-b980-b934aed77fc1_202                        
                             51111_141321\script_seq2\T                        
                             ex\d82288bb87e99d59.tex                           
[11/11/25 14:13:54] INFO     Writing C to               tex_file_writing.py:111
                             C:\Vivek_Main\tutter\src\m                        
                             edia\videos\c16ab3af-e628-                        
                             46ca-b980-b934aed77fc1_202                        
                             51111_141321\script_seq2\T                        
                             ex\86474863bfdee3e7.tex                           
[11/11/25 14:13:57] INFO     Writing D to               tex_file_writing.py:111
                             C:\Vivek_Main\tutter\src\m                        
                             edia\videos\c16ab3af-e628-                        
                             46ca-b980-b934aed77fc1_202                        
                             51111_141321\script_seq2\T                        
                             ex\265843fdb06dea70.tex
──────────────────────────────────────────────

[2025-11-11 14:15:04] [ERROR] 
❌ Error running Manim on C:/Vivek_Main/Manim_project/inputbox/c16ab3af-e628-46ca-b980-b934aed77fc1_20251111_141321/script_seq4/script_seq4.py
──────────────────────────────────────────────
STDERR:
+--------------------- Traceback (most recent call last) ---------------------+
| C:\Vivek_Main\tutter\.venv\Lib\site-packages\manim\cli\render\commands.py:1 |
| 25 in render                                                                |
|                                                                             |
|   122             try:                                                      |
|   123                 with tempconfig({}):                                  |
|   124                     scene = SceneClass()                              |
| > 125                     scene.render()                                    |
|   126             except Exception:                                         |
|   127                 error_console.print_exception()                       |
|   128                 sys.exit(1)                                           |
|                                                                             |
| C:\Vivek_Main\tutter\.venv\Lib\site-packages\manim\scene\scene.py:237 in    |
| render                                                                      |
|                                                                             |
|    234         """                                                          |
|    235         self.setup()                                                 |
|    236         try:                                                         |
| >  237             self.construct()                                         |
|    238         except EndSceneEarlyException:                               |
|    239             pass                                                     |
|    240         except RerunSceneException:                                  |
|                                                                             |
| C:\Vivek_Main\Manim_project\inputbox\c16ab3af-e628-46ca-b980-b934aed77fc1_2 |
| 0251111_141321\script_seq4\script_seq4.py:16 in construct                   |
|                                                                             |
|   13         self.add(square, *labels)                                      |
|   14                                                                        |
|   15         # Zoom out to show the entire square with labeled corners      |
| > 16         self.play(CameraFrame.scale, 1.5, run_time=2)                  |
|   17                                                                        |
|   18         # Fade in concluding text box below the square                 |
|   19         conclusion_text = Text("Remember: Clear labels enhance underst |
+-----------------------------------------------------------------------------+
NameError: name 'CameraFrame' is not defined

STDOUT:
Manim Community v0.19.0

[11/11/25 14:14:59] INFO     Writing A to               tex_file_writing.py:111
                             C:\Vivek_Main\tutter\src\m                        
                             edia\videos\c16ab3af-e628-                        
                             46ca-b980-b934aed77fc1_202                        
                             51111_141321\script_seq4\T                        
                             ex\90f07b07e57adf79.tex                           
[11/11/25 14:15:00] INFO     Writing B to               tex_file_writing.py:111
                             C:\Vivek_Main\tutter\src\m                        
                             edia\videos\c16ab3af-e628-                        
                             46ca-b980-b934aed77fc1_202                        
                             51111_141321\script_seq4\T                        
                             ex\d82288bb87e99d59.tex                           
[11/11/25 14:15:02] INFO     Writing C to               tex_file_writing.py:111
                             C:\Vivek_Main\tutter\src\m                        
                             edia\videos\c16ab3af-e628-                        
                             46ca-b980-b934aed77fc1_202                        
                             51111_141321\script_seq4\T                        
                             ex\86474863bfdee3e7.tex                           
[11/11/25 14:15:03] INFO     Writing D to               tex_file_writing.py:111
                             C:\Vivek_Main\tutter\src\m                        
                             edia\videos\c16ab3af-e628-                        
                             46ca-b980-b934aed77fc1_202                        
                             51111_141321\script_seq4\T                        
                             ex\265843fdb06dea70.tex
──────────────────────────────────────────────

[2025-11-11 14:15:04] [ERROR] ❌ Video and audio lists must have the same length
[2025-11-11 14:15:04] [ERROR] ❌ Video generation error
Traceback (most recent call last):
  File "C:\Vivek_Main\tutter\src\video_pipeline\routes\video_routes.py", line 32, in generate_videos_endpoint
    output_path = await process_pipeline(
                  ^^^^^^^^^^^^^^^^^^^^^^^
  File "C:\Vivek_Main\tutter\src\main.py", line 61, in process_pipeline
    final_video_bytes = MergerFactory.merge_all_videos_with_audio(video_bytes_list, audio_bytes_list)
                        ^^^^^^^^^^^^^^^^^^^^^^^^^^^^^^^^^^^^^^^^^^^^^^^^^^^^^^^^^^^^^^^^^^^^^^^^^^^^^
  File "C:\Vivek_Main\tutter\src\merger_factory.py", line 261, in merge_all_videos_with_audio
    return MergerFactory.merge_video_with_audio(video_bytes_list, audio_bytes_list)
           ^^^^^^^^^^^^^^^^^^^^^^^^^^^^^^^^^^^^^^^^^^^^^^^^^^^^^^^^^^^^^^^^^^^^^^^^
  File "C:\Vivek_Main\tutter\src\merger_factory.py", line 136, in merge_video_with_audio
    raise ValueError("Video and audio lists must have the same length")
ValueError: Video and audio lists must have the same length
[2025-11-11 14:15:05] [ERROR] ❌ HTTP 500: {"detail":"Video and audio lists must have the same length"}
[2025-11-11 14:15:05] [ERROR] ❌ Error writing scripts
Traceback (most recent call last):
  File "C:\Vivek_Main\tutter\src\video_pipeline\routes\write_routes.py", line 37, in write_scripts
    video_result = await async_post(video_url, {"path": str(folder),"unique_id":data.unique_id}, timeout=300)
                   ^^^^^^^^^^^^^^^^^^^^^^^^^^^^^^^^^^^^^^^^^^^^^^^^^^^^^^^^^^^^^^^^^^^^^^^^^^^^^^^^^^^^^^^^^^
  File "C:\Vivek_Main\tutter\src\video_pipeline\utils.py", line 15, in async_post
    raise HTTPException(status_code=resp.status_code, detail=resp.text)
fastapi.exceptions.HTTPException: 500: {"detail":"Video and audio lists must have the same length"}
[2025-11-11 14:15:05] [ERROR] ❌ HTTP 500: {"detail":"500: {\"detail\":\"Video and audio lists must have the same length\"}"}
[2025-11-11 14:15:05] [ERROR] ❌ Error generating code
Traceback (most recent call last):
  File "C:\Vivek_Main\tutter\src\video_pipeline\routes\generator_routes.py", line 28, in generate_code_endpoint
    write_result = await async_post(write_url, result, timeout=120)
                   ^^^^^^^^^^^^^^^^^^^^^^^^^^^^^^^^^^^^^^^^^^^^^^^^
  File "C:\Vivek_Main\tutter\src\video_pipeline\utils.py", line 15, in async_post
    raise HTTPException(status_code=resp.status_code, detail=resp.text)
fastapi.exceptions.HTTPException: 500: {"detail":"500: {\"detail\":\"Video and audio lists must have the same length\"}"}
[2025-11-11 14:15:05] [ERROR] ❌ HTTP 500: {"detail":"500: {\"detail\":\"500: {\\\"detail\\\":\\\"Video and audio lists must have the same length\\\"}\"}"}
