[2025-11-06 17:14:33] [ERROR] 
❌ Error running Manim on C:/Vivek_Main/Manim_project/inputbox/input_data_20251106_171420/script_seq1/script_seq1.py
──────────────────────────────────────────────
STDERR:
Animation 0: FadeIn(Text('Labels at Square Corners: Class 10 English')):   0%|          | 0/15 [00:00<?, ?it/s]
Animation 0: FadeIn(Text('Labels at Square Corners: Class 10 English')):  40%|####      | 6/15 [00:00<00:00, 54.78it/s]
Animation 0: FadeIn(Text('Labels at Square Corners: Class 10 English')):  87%|########6 | 13/15 [00:00<00:00, 56.72it/s]
                                                                                                                        
+--------------------- Traceback (most recent call last) ---------------------+
| C:\Vivek_Main\tutter\.venv\Lib\site-packages\manim\cli\render\commands.py:1 |
| 25 in render                                                                |
|                                                                             |
|   122             try:                                                      |
|   123                 with tempconfig({}):                                  |
|   124                     scene = SceneClass()                              |
| > 125                     scene.render()                                    |
|   126             except Exception:                                         |
|   127                 error_console.print_exception()                       |
|   128                 sys.exit(1)                                           |
|                                                                             |
| C:\Vivek_Main\tutter\.venv\Lib\site-packages\manim\scene\scene.py:237 in    |
| render                                                                      |
|                                                                             |
|    234         """                                                          |
|    235         self.setup()                                                 |
|    236         try:                                                         |
| >  237             self.construct()                                         |
|    238         except EndSceneEarlyException:                               |
|    239             pass                                                     |
|    240         except RerunSceneException:                                  |
|                                                                             |
| C:\Vivek_Main\Manim_project\inputbox\input_data_20251106_171420\script_seq1 |
| \script_seq1.py:15 in construct                                             |
|                                                                             |
|   12                                                                        |
|   13         # Zoom out slightly to reveal a square below the title         |
|   14         square = Square(side_length=4, color=BLACK).move_to(DOWN * 2)  |
| > 15         self.play(self.camera.frame.animate.scale(1.2), FadeIn(square) |
|   16         self.wait(1)                                                   |
|   17                                                                        |
|   18         # Animate four small, empty labels appearing at each corner of |
+-----------------------------------------------------------------------------+
AttributeError: 'Camera' object has no attribute 'frame'

STDOUT:
Manim Community v0.19.0

[11/06/25 17:14:31] INFO     Animation 0 : Partial     scene_file_writer.py:588
                             movie file written in                             
                             'C:\Vivek_Main\tutter\src                         
                             \media\videos\input_data_                         
                             20251106_171420\script_se                         
                             q1\videos\script_seq1\480                         
                             p15\partial_movie_files\S                         
                             quareCornerLabels\9318326                         
                             50_3107961746_223132457.m                         
                             p4'                                               
                    INFO     Animation 1 : Partial     scene_file_writer.py:588
                             movie file written in                             
                             'C:\Vivek_Main\tutter\src                         
                             \media\videos\input_data_                         
                             20251106_171420\script_se                         
                             q1\videos\script_seq1\480                         
                             p15\partial_movie_files\S                         
                             quareCornerLabels\1905288                         
                             516_1436906429_1997571994                         
                             .mp4'
──────────────────────────────────────────────

[2025-11-06 17:14:51] [ERROR] 
❌ Error running Manim on C:/Vivek_Main/Manim_project/inputbox/input_data_20251106_171420/script_seq2/script_seq2.py
──────────────────────────────────────────────
STDERR:
+--------------------- Traceback (most recent call last) ---------------------+
| C:\Vivek_Main\tutter\.venv\Lib\site-packages\manim\cli\render\commands.py:1 |
| 25 in render                                                                |
|                                                                             |
|   122             try:                                                      |
|   123                 with tempconfig({}):                                  |
|   124                     scene = SceneClass()                              |
| > 125                     scene.render()                                    |
|   126             except Exception:                                         |
|   127                 error_console.print_exception()                       |
|   128                 sys.exit(1)                                           |
|                                                                             |
| C:\Vivek_Main\tutter\.venv\Lib\site-packages\manim\scene\scene.py:237 in    |
| render                                                                      |
|                                                                             |
|    234         """                                                          |
|    235         self.setup()                                                 |
|    236         try:                                                         |
| >  237             self.construct()                                         |
|    238         except EndSceneEarlyException:                               |
|    239             pass                                                     |
|    240         except RerunSceneException:                                  |
|                                                                             |
| C:\Vivek_Main\Manim_project\inputbox\input_data_20251106_171420\script_seq2 |
| \script_seq2.py:26 in construct                                             |
|                                                                             |
|   23             self.play(FadeOut(dashed_line), Transform(label, label_cop |
|   24                                                                        |
|   25         # Highlight each label one by one                              |
| > 26         for i, (label, corner) in enumerate(zip(labels, square.get_cor |
|   27             self.play(Indicate(label, scale_factor=1.2, color=YELLOW)) |
|   28             highlight_label(label, corner)                             |
|   29             self.play(Indicate(label, scale_factor=1/1.2, color=WHITE) |
|                                                                             |
| C:\Vivek_Main\tutter\.venv\Lib\site-packages\manim\mobject\mobject.py:698   |
| in getter                                                                   |
|                                                                             |
|    695                     stacklevel=2,                                    |
|    696                 )                                                    |
|    697                                                                      |
| >  698                 return getattr(self, to_get)                         |
|    699                                                                      |
|    700             # Return a bound method                                  |
|    701             return types.MethodType(getter, self)                    |
|                                                                             |
| C:\Vivek_Main\tutter\.venv\Lib\site-packages\manim\mobject\mobject.py:723   |
| in __getattr__                                                              |
|                                                                             |
|    720             return types.MethodType(setter, self)                    |
|    721                                                                      |
|    722         # Unhandled attribute, therefore error                       |
| >  723         raise AttributeError(f"{type(self).__name__} object has no a |
|    724                                                                      |
|    725     @property                                                        |
|    726     def width(self) -> float:                                        |
+-----------------------------------------------------------------------------+
AttributeError: Square object has no attribute 'corners'

STDOUT:
Manim Community v0.19.0

[11/06/25 17:14:42] INFO     Writing A to               tex_file_writing.py:111
                             C:\Vivek_Main\tutter\src\m                        
                             edia\videos\input_data_202                        
                             51106_171420\script_seq2\T                        
                             ex\90f07b07e57adf79.tex                           
[11/06/25 17:14:45] INFO     Writing B to               tex_file_writing.py:111
                             C:\Vivek_Main\tutter\src\m                        
                             edia\videos\input_data_202                        
                             51106_171420\script_seq2\T                        
                             ex\d82288bb87e99d59.tex                           
[11/06/25 17:14:46] INFO     Writing C to               tex_file_writing.py:111
                             C:\Vivek_Main\tutter\src\m                        
                             edia\videos\input_data_202                        
                             51106_171420\script_seq2\T                        
                             ex\86474863bfdee3e7.tex                           
[11/06/25 17:14:49] INFO     Writing D to               tex_file_writing.py:111
                             C:\Vivek_Main\tutter\src\m                        
                             edia\videos\input_data_202                        
                             51106_171420\script_seq2\T                        
                             ex\265843fdb06dea70.tex
──────────────────────────────────────────────

[2025-11-06 17:15:15] [ERROR] 
❌ Error running Manim on C:/Vivek_Main/Manim_project/inputbox/input_data_20251106_171420/script_seq3/script_seq3.py
──────────────────────────────────────────────
STDERR:
Animation 1: AnimationGroup(Group):   0%|          | 0/21 [00:00<?, ?it/s]
Animation 1: AnimationGroup(Group):  67%|######6   | 14/21 [00:00<00:00, 130.80it/s]
                                                                                    

Animation 2: FadeIn(VGroup of 20 submobjects):   0%|          | 0/15 [00:00<?, ?it/s]
Animation 2: FadeIn(VGroup of 20 submobjects):  53%|#####3    | 8/15 [00:00<00:00, 72.17it/s]
                                                                                             

Animation 4: AnimationGroup(Group):   0%|          | 0/26 [00:00<?, ?it/s]
Animation 4: AnimationGroup(Group):  38%|###8      | 10/26 [00:00<00:00, 96.14it/s]
Animation 4: AnimationGroup(Group):  77%|#######6  | 20/26 [00:00<00:00, 98.35it/s]
                                                                                   

Animation 5: AnimationGroup(Group):   0%|          | 0/26 [00:00<?, ?it/s]
Animation 5: AnimationGroup(Group):  69%|######9   | 18/26 [00:00<00:00, 178.76it/s]
                                                                                    

Animation 6: AnimationGroup(Group):   0%|          | 0/26 [00:00<?, ?it/s]
Animation 6: AnimationGroup(Group):  50%|#####     | 13/26 [00:00<00:00, 125.58it/s]
                                                                                    

Animation 7: AnimationGroup(Group):   0%|          | 0/26 [00:00<?, ?it/s]
Animation 7: AnimationGroup(Group):  58%|#####7    | 15/26 [00:00<00:00, 148.54it/s]
                                                                                    

Animation 8: AnimationGroup(Group):   0%|          | 0/26 [00:00<?, ?it/s]
Animation 8: AnimationGroup(Group):  42%|####2     | 11/26 [00:00<00:00, 103.12it/s]
Animation 8: AnimationGroup(Group):  85%|########4 | 22/26 [00:00<00:00, 103.96it/s]
                                                                                    

Animation 9: AnimationGroup(Group):   0%|          | 0/26 [00:00<?, ?it/s]
Animation 9: AnimationGroup(Group):  31%|###       | 8/26 [00:00<00:00, 74.08it/s]
Animation 9: AnimationGroup(Group):  62%|######1   | 16/26 [00:00<00:00, 73.09it/s]
Animation 9: AnimationGroup(Group):  92%|#########2| 24/26 [00:00<00:00, 72.73it/s]
                                                                                   

Animation 10: AnimationGroup(Group):   0%|          | 0/26 [00:00<?, ?it/s]
Animation 10: AnimationGroup(Group):  42%|####2     | 11/26 [00:00<00:00, 109.31it/s]
Animation 10: AnimationGroup(Group):  85%|########4 | 22/26 [00:00<00:00, 100.52it/s]
                                                                                     

Animation 11: AnimationGroup(Group):   0%|          | 0/26 [00:00<?, ?it/s]
Animation 11: AnimationGroup(Group):  42%|####2     | 11/26 [00:00<00:00, 108.16it/s]
Animation 11: AnimationGroup(Group):  96%|#########6| 25/26 [00:00<00:00, 126.36it/s]
                                                                                     
+--------------------- Traceback (most recent call last) ---------------------+
| C:\Vivek_Main\tutter\.venv\Lib\site-packages\manim\cli\render\commands.py:1 |
| 25 in render                                                                |
|                                                                             |
|   122             try:                                                      |
|   123                 with tempconfig({}):                                  |
|   124                     scene = SceneClass()                              |
| > 125                     scene.render()                                    |
|   126             except Exception:                                         |
|   127                 error_console.print_exception()                       |
|   128                 sys.exit(1)                                           |
|                                                                             |
| C:\Vivek_Main\tutter\.venv\Lib\site-packages\manim\scene\scene.py:237 in    |
| render                                                                      |
|                                                                             |
|    234         """                                                          |
|    235         self.setup()                                                 |
|    236         try:                                                         |
| >  237             self.construct()                                         |
|    238         except EndSceneEarlyException:                               |
|    239             pass                                                     |
|    240         except RerunSceneException:                                  |
|                                                                             |
| C:\Vivek_Main\Manim_project\inputbox\input_data_20251106_171420\script_seq3 |
| \script_seq3.py:48 in construct                                             |
|                                                                             |
|   45                                                                        |
|   46         # Zoom in on one square in the grid, highlighting its labels w |
|   47         target_square = grid[1:5]                                      |
| > 48         self.play(CameraFrame.move_to, target_square.get_center())     |
|   49         self.play(AnimationGroup(                                      |
|   50             *[ApplyMethod(label.scale, 1.2) for label in target_square |
|   51             *[ApplyMethod(label.set_color, YELLOW) for label in target |
+-----------------------------------------------------------------------------+
NameError: name 'CameraFrame' is not defined

STDOUT:
Manim Community v0.19.0

[11/06/25 17:15:00] INFO     Writing A to               tex_file_writing.py:111
                             C:\Vivek_Main\tutter\src\m                        
                             edia\videos\input_data_202                        
                             51106_171420\script_seq3\T                        
                             ex\90f07b07e57adf79.tex                           
[11/06/25 17:15:02] INFO     Writing B to               tex_file_writing.py:111
                             C:\Vivek_Main\tutter\src\m                        
                             edia\videos\input_data_202                        
                             51106_171420\script_seq3\T                        
                             ex\d82288bb87e99d59.tex                           
[11/06/25 17:15:04] INFO     Writing C to               tex_file_writing.py:111
                             C:\Vivek_Main\tutter\src\m                        
                             edia\videos\input_data_202                        
                             51106_171420\script_seq3\T                        
                             ex\86474863bfdee3e7.tex                           
[11/06/25 17:15:06] INFO     Writing D to               tex_file_writing.py:111
                             C:\Vivek_Main\tutter\src\m                        
                             edia\videos\input_data_202                        
                             51106_171420\script_seq3\T                        
                             ex\265843fdb06dea70.tex                           
[11/06/25 17:15:08] INFO     Animation 0 : Partial     scene_file_writer.py:588
                             movie file written in                             
                             'C:\Vivek_Main\tutter\src                         
                             \media\videos\input_data_                         
                             20251106_171420\script_se                         
                             q3\videos\script_seq3\480                         
                             p15\partial_movie_files\G                         
                             ridOfSquaresScene\1185818                         
                             338_1432596116_833248103.                         
                             mp4'                                              
                    INFO     Animation 1 : Partial     scene_file_writer.py:588
                             movie file written in                             
                             'C:\Vivek_Main\tutter\src                         
                             \media\videos\input_data_                         
                             20251106_171420\script_se                         
                             q3\videos\script_seq3\480                         
                             p15\partial_movie_files\G                         
                             ridOfSquaresScene\6246423                         
                             24_1022543155_2873729818.                         
                             mp4'                                              
[11/06/25 17:15:09] INFO     Animation 2 : Partial     scene_file_writer.py:588
                             movie file written in                             
                             'C:\Vivek_Main\tutter\src                         
                             \media\videos\input_data_                         
                             20251106_171420\script_se                         
                             q3\videos\script_seq3\480                         
                             p15\partial_movie_files\G                         
                             ridOfSquaresScene\6246423                         
                             24_3055756289_4165327857.                         
                             mp4'                                              
                    INFO     Animation 3 : Partial     scene_file_writer.py:588
                             movie file written in                             
                             'C:\Vivek_Main\tutter\src                         
                             \media\videos\input_data_                         
                             20251106_171420\script_se                         
                             q3\videos\script_seq3\480                         
                             p15\partial_movie_files\G                         
                             ridOfSquaresScene\6246423                         
                             24_4217992463_3389015440.                         
                             mp4'                                              
[11/06/25 17:15:10] INFO     Animation 4 : Partial     scene_file_writer.py:588
                             movie file written in                             
                             'C:\Vivek_Main\tutter\src                         
                             \media\videos\input_data_                         
                             20251106_171420\script_se                         
                             q3\videos\script_seq3\480                         
                             p15\partial_movie_files\G                         
                             ridOfSquaresScene\6246423                         
                             24_591731026_4203114665.m                         
                             p4'                                               
[11/06/25 17:15:11] INFO     Animation 5 : Partial     scene_file_writer.py:588
                             movie file written in                             
                             'C:\Vivek_Main\tutter\src                         
                             \media\videos\input_data_                         
                             20251106_171420\script_se                         
                             q3\videos\script_seq3\480                         
                             p15\partial_movie_files\G                         
                             ridOfSquaresScene\6246423                         
                             24_885768119_4203114665.m                         
                             p4'                                               
                    INFO     Animation 6 : Partial     scene_file_writer.py:588
                             movie file written in                             
                             'C:\Vivek_Main\tutter\src                         
                             \media\videos\input_data_                         
                             20251106_171420\script_se                         
                             q3\videos\script_seq3\480                         
                             p15\partial_movie_files\G                         
                             ridOfSquaresScene\6246423                         
                             24_2805371239_856612587.m                         
                             p4'                                               
[11/06/25 17:15:12] INFO     Animation 7 : Partial     scene_file_writer.py:588
                             movie file written in                             
                             'C:\Vivek_Main\tutter\src                         
                             \media\videos\input_data_                         
                             20251106_171420\script_se                         
                             q3\videos\script_seq3\480                         
                             p15\partial_movie_files\G                         
                             ridOfSquaresScene\6246423                         
                             24_1622275109_856612587.m                         
                             p4'                                               
                    INFO     Animation 8 : Partial     scene_file_writer.py:588
                             movie file written in                             
                             'C:\Vivek_Main\tutter\src                         
                             \media\videos\input_data_                         
                             20251106_171420\script_se                         
                             q3\videos\script_seq3\480                         
                             p15\partial_movie_files\G                         
                             ridOfSquaresScene\6246423                         
                             24_596163189_2184415669.m                         
                             p4'                                               
[11/06/25 17:15:13] INFO     Animation 9 : Partial     scene_file_writer.py:588
                             movie file written in                             
                             'C:\Vivek_Main\tutter\src                         
                             \media\videos\input_data_                         
                             20251106_171420\script_se                         
                             q3\videos\script_seq3\480                         
                             p15\partial_movie_files\G                         
                             ridOfSquaresScene\6246423                         
                             24_156939044_2184415669.m                         
                             p4'                                               
[11/06/25 17:15:14] INFO     Animation 10 : Partial    scene_file_writer.py:588
                             movie file written in                             
                             'C:\Vivek_Main\tutter\src                         
                             \media\videos\input_data_                         
                             20251106_171420\script_se                         
                             q3\videos\script_seq3\480                         
                             p15\partial_movie_files\G                         
                             ridOfSquaresScene\6246423                         
                             24_1222325150_1649513991.                         
                             mp4'                                              
                    INFO     Animation 11 : Partial    scene_file_writer.py:588
                             movie file written in                             
                             'C:\Vivek_Main\tutter\src                         
                             \media\videos\input_data_                         
                             20251106_171420\script_se                         
                             q3\videos\script_seq3\480                         
                             p15\partial_movie_files\G                         
                             ridOfSquaresScene\6246423                         
                             24_1993875200_1649513991.                         
                             mp4'                                              
[11/06/25 17:15:15] INFO     Animation 12 : Partial    scene_file_writer.py:588
                             movie file written in                             
                             'C:\Vivek_Main\tutter\src                         
                             \media\videos\input_data_                         
                             20251106_171420\script_se                         
                             q3\videos\script_seq3\480                         
                             p15\partial_movie_files\G                         
                             ridOfSquaresScene\6246423                         
                             24_4217992463_3253691100.                         
                             mp4'
──────────────────────────────────────────────

[2025-11-06 17:15:32] [ERROR] 
❌ Error running Manim on C:/Vivek_Main/Manim_project/inputbox/input_data_20251106_171420/script_seq4/script_seq4.py
──────────────────────────────────────────────
STDERR:
+--------------------- Traceback (most recent call last) ---------------------+
| C:\Vivek_Main\tutter\.venv\Lib\site-packages\manim\cli\render\commands.py:1 |
| 25 in render                                                                |
|                                                                             |
|   122             try:                                                      |
|   123                 with tempconfig({}):                                  |
|   124                     scene = SceneClass()                              |
| > 125                     scene.render()                                    |
|   126             except Exception:                                         |
|   127                 error_console.print_exception()                       |
|   128                 sys.exit(1)                                           |
|                                                                             |
| C:\Vivek_Main\tutter\.venv\Lib\site-packages\manim\scene\scene.py:237 in    |
| render                                                                      |
|                                                                             |
|    234         """                                                          |
|    235         self.setup()                                                 |
|    236         try:                                                         |
| >  237             self.construct()                                         |
|    238         except EndSceneEarlyException:                               |
|    239             pass                                                     |
|    240         except RerunSceneException:                                  |
|                                                                             |
| C:\Vivek_Main\Manim_project\inputbox\input_data_20251106_171420\script_seq4 |
| \script_seq4.py:22 in construct                                             |
|                                                                             |
|   19             Text("3. Align neatly.", font_size=24),                    |
|   20         ).arrange(DOWN, aligned_edge=LEFT).to_edge(RIGHT)              |
|   21                                                                        |
| > 22         checkmarks = [                                                 |
|   23             SVGMobject("checkmark.svg").scale(0.5).next_to(item, LEFT, |
|   24             for item in checklist                                      |
|   25         ]                                                              |
|                                                                             |
| C:\Vivek_Main\Manim_project\inputbox\input_data_20251106_171420\script_seq4 |
| \script_seq4.py:23 in <listcomp>                                            |
|                                                                             |
|   20         ).arrange(DOWN, aligned_edge=LEFT).to_edge(RIGHT)              |
|   21                                                                        |
|   22         checkmarks = [                                                 |
| > 23             SVGMobject("checkmark.svg").scale(0.5).next_to(item, LEFT, |
|   24             for item in checklist                                      |
|   25         ]                                                              |
|   26                                                                        |
|                                                                             |
| C:\Vivek_Main\tutter\.venv\Lib\site-packages\manim\mobject\svg\svg_mobject. |
| py:145 in __init__                                                          |
|                                                                             |
|   142             path_string_config = {}                                   |
|   143         self.path_string_config = path_string_config                  |
|   144                                                                       |
| > 145         self.init_svg_mobject(use_svg_cache=use_svg_cache)            |
|   146                                                                       |
|   147         self.set_style(                                               |
|   148             fill_color=fill_color,                                    |
|                                                                             |
| C:\Vivek_Main\tutter\.venv\Lib\site-packages\manim\mobject\svg\svg_mobject. |
| py:171 in init_svg_mobject                                                  |
|                                                                             |
|   168                 self.add(*mob)                                        |
|   169                 return                                                |
|   170                                                                       |
| > 171         self.generate_mobject()                                       |
|   172         if use_svg_cache:                                             |
|   173             SVG_HASH_TO_MOB_MAP[hash_val] = self.copy()               |
|   174                                                                       |
|                                                                             |
| C:\Vivek_Main\tutter\.venv\Lib\site-packages\manim\mobject\svg\svg_mobject. |
| py:192 in generate_mobject                                                  |
|                                                                             |
|   189                                                                       |
|   190     def generate_mobject(self) -> None:                               |
|   191         """Parse the SVG and translate its elements to submobjects."" |
| > 192         file_path = self.get_file_path()                              |
|   193         element_tree = ET.parse(file_path)                            |
|   194         new_tree = self.modify_xml_tree(element_tree)                 |
|   195         # Create a temporary svg file to dump modified svg to be pars |
|                                                                             |
| C:\Vivek_Main\tutter\.venv\Lib\site-packages\manim\mobject\svg\svg_mobject. |
| py:210 in get_file_path                                                     |
|                                                                             |
|   207         """Search for an existing file based on the specified file na |
|   208         if self.file_name is None:                                    |
|   209             raise ValueError("Must specify file for SVGMobject")      |
| > 210         return get_full_vector_image_path(self.file_name)             |
|   211                                                                       |
|   212     def modify_xml_tree(self, element_tree: ET.ElementTree) -> ET.Ele |
|   213         """Modifies the SVG element tree to include default           |
|                                                                             |
| C:\Vivek_Main\tutter\.venv\Lib\site-packages\manim\utils\images.py:36 in    |
| get_full_vector_image_path                                                  |
|                                                                             |
|   33                                                                        |
|   34                                                                        |
|   35 def get_full_vector_image_path(image_file_name: str | PurePath) -> Pat |
| > 36     return seek_full_path_from_defaults(                               |
|   37         image_file_name,                                               |
|   38         default_dir=config.get_dir("assets_dir"),                      |
|   39         extensions=[".svg"],                                           |
|                                                                             |
| C:\Vivek_Main\tutter\.venv\Lib\site-packages\manim\utils\file_ops.py:182 in |
| seek_full_path_from_defaults                                                |
|                                                                             |
|   179         f"From: {Path.cwd()}, could not find {file_name} at either "  |
|   180         f"of these locations: {list(map(str, possible_paths))}"       |
|   181     )                                                                 |
| > 182     raise OSError(error)                                              |
|   183                                                                       |
|   184                                                                       |
|   185 def modify_atime(file_path: str) -> None:                             |
+-----------------------------------------------------------------------------+
OSError: From: C:\Vivek_Main\tutter\src, could not find checkmark.svg at either
of these locations: ['checkmark.svg', 'checkmark.svg', 'checkmark.svg.svg']

STDOUT:
Manim Community v0.19.0

[11/06/25 17:15:23] INFO     Writing A to               tex_file_writing.py:111
                             C:\Vivek_Main\tutter\src\m                        
                             edia\videos\input_data_202                        
                             51106_171420\script_seq4\T                        
                             ex\90f07b07e57adf79.tex                           
[11/06/25 17:15:26] INFO     Writing B to               tex_file_writing.py:111
                             C:\Vivek_Main\tutter\src\m                        
                             edia\videos\input_data_202                        
                             51106_171420\script_seq4\T                        
                             ex\d82288bb87e99d59.tex                           
[11/06/25 17:15:27] INFO     Writing C to               tex_file_writing.py:111
                             C:\Vivek_Main\tutter\src\m                        
                             edia\videos\input_data_202                        
                             51106_171420\script_seq4\T                        
                             ex\86474863bfdee3e7.tex                           
[11/06/25 17:15:30] INFO     Writing D to               tex_file_writing.py:111
                             C:\Vivek_Main\tutter\src\m                        
                             edia\videos\input_data_202                        
                             51106_171420\script_seq4\T                        
                             ex\265843fdb06dea70.tex
──────────────────────────────────────────────

[2025-11-06 17:15:33] [ERROR] ❌ Video and audio lists must have the same length
[2025-11-06 17:15:33] [ERROR] ❌ Video generation error
Traceback (most recent call last):
  File "C:\Vivek_Main\tutter\src\video_pipeline\routes\video_routes.py", line 30, in generate_videos_endpoint
    output_path = await process_pipeline(
                  ^^^^^^^^^^^^^^^^^^^^^^^
  File "C:\Vivek_Main\tutter\src\main.py", line 56, in process_pipeline
    final_video_bytes = MergerFactory.merge_all_videos_with_audio(video_bytes_list, audio_bytes_list)
                        ^^^^^^^^^^^^^^^^^^^^^^^^^^^^^^^^^^^^^^^^^^^^^^^^^^^^^^^^^^^^^^^^^^^^^^^^^^^^^
  File "C:\Vivek_Main\tutter\src\merger_factory.py", line 261, in merge_all_videos_with_audio
    return MergerFactory.merge_video_with_audio(video_bytes_list, audio_bytes_list)
           ^^^^^^^^^^^^^^^^^^^^^^^^^^^^^^^^^^^^^^^^^^^^^^^^^^^^^^^^^^^^^^^^^^^^^^^^
  File "C:\Vivek_Main\tutter\src\merger_factory.py", line 136, in merge_video_with_audio
    raise ValueError("Video and audio lists must have the same length")
ValueError: Video and audio lists must have the same length
[2025-11-06 17:15:33] [ERROR] ❌ HTTP 500: {"detail":"Video and audio lists must have the same length"}
[2025-11-06 17:15:33] [ERROR] ❌ Error writing scripts
Traceback (most recent call last):
  File "C:\Vivek_Main\tutter\src\video_pipeline\routes\write_routes.py", line 27, in write_scripts
    video_result = await async_post(video_url, {"path": str(folder)}, timeout=300)
                   ^^^^^^^^^^^^^^^^^^^^^^^^^^^^^^^^^^^^^^^^^^^^^^^^^^^^^^^^^^^^^^^
  File "C:\Vivek_Main\tutter\src\video_pipeline\utils.py", line 14, in async_post
    raise HTTPException(status_code=resp.status_code, detail=resp.text)
fastapi.exceptions.HTTPException: 500: {"detail":"Video and audio lists must have the same length"}
[2025-11-06 17:15:33] [ERROR] ❌ HTTP 500: {"detail":"500: {\"detail\":\"Video and audio lists must have the same length\"}"}
[2025-11-06 17:15:33] [ERROR] ❌ Error generating code
Traceback (most recent call last):
  File "C:\Vivek_Main\tutter\src\video_pipeline\routes\generator_routes.py", line 20, in generate_code_endpoint
    write_result = await async_post(write_url, result, timeout=120)
                   ^^^^^^^^^^^^^^^^^^^^^^^^^^^^^^^^^^^^^^^^^^^^^^^^
  File "C:\Vivek_Main\tutter\src\video_pipeline\utils.py", line 14, in async_post
    raise HTTPException(status_code=resp.status_code, detail=resp.text)
fastapi.exceptions.HTTPException: 500: {"detail":"500: {\"detail\":\"Video and audio lists must have the same length\"}"}
[2025-11-06 17:15:33] [ERROR] ❌ HTTP 500: {"detail":"500: {\"detail\":\"500: {\\\"detail\\\":\\\"Video and audio lists must have the same length\\\"}\"}"}
