[2025-11-11 14:03:59] [INFO] ðŸ§  Generating script for topic='create a circle', class='10'
[2025-11-11 14:04:09] [INFO] ðŸš€ Sending generated script to /generate-files-api and /Generator ...
[2025-11-11 14:04:23] [INFO] ðŸŽ¬ Generated Manim Code Successfully
[2025-11-11 14:04:24] [INFO] ðŸŸ¢ [generate-files-api] New request received
[2025-11-11 14:04:24] [INFO] ðŸ“ Created folder: C:\ArkMalay\Framework\Video_data\20251111_140424_cd94b33f
[2025-11-11 14:04:24] [INFO] âœ… JSON saved successfully at C:\ArkMalay\Framework\Video_data\20251111_140424_cd94b33f\input_data.json
[2025-11-11 14:04:24] [INFO] ðŸ§© Starting file preparation process via prepare_files()
[2025-11-11 14:04:24] [INFO] ðŸ“ Generating Python and TXT files from JSON: C:\ArkMalay\Framework\Video_data\20251111_140424_cd94b33f\input_data.json
[2025-11-11 14:04:24] [INFO] ðŸ“‚ Using existing transaction folder for script sequences: C:\ArkMalay\Framework\Video_data\20251111_140424_cd94b33f\script_sequences
[2025-11-11 14:04:24] [INFO] ðŸ“ Created script sequence folder: C:\ArkMalay\Framework\Video_data\20251111_140424_cd94b33f\script_sequences\script_seq1
[2025-11-11 14:04:24] [INFO] âœ… Created PY file: C:\ArkMalay\Framework\Video_data\20251111_140424_cd94b33f\script_sequences\script_seq1\script_seq1.py
[2025-11-11 14:04:24] [INFO] âœ… Created TXT file: C:\ArkMalay\Framework\Video_data\20251111_140424_cd94b33f\script_sequences\script_seq1\script_seq1.txt
[2025-11-11 14:04:24] [INFO] ðŸ“ Created script sequence folder: C:\ArkMalay\Framework\Video_data\20251111_140424_cd94b33f\script_sequences\script_seq2
[2025-11-11 14:04:24] [INFO] âœ… Created PY file: C:\ArkMalay\Framework\Video_data\20251111_140424_cd94b33f\script_sequences\script_seq2\script_seq2.py
[2025-11-11 14:04:24] [INFO] âœ… Created TXT file: C:\ArkMalay\Framework\Video_data\20251111_140424_cd94b33f\script_sequences\script_seq2\script_seq2.txt
[2025-11-11 14:04:24] [INFO] ðŸŽ¯ Total Words: 714 | Approx. Total GPT Tokens: 952
[2025-11-11 14:04:24] [INFO] ðŸŽ‰ All files generated inside: C:\ArkMalay\Framework\Video_data\20251111_140424_cd94b33f\script_sequences
[2025-11-11 14:04:24] [INFO] âœ… File preparation completed. Output: {'py_files': ['C:\\ArkMalay\\Framework\\Video_data\\20251111_140424_cd94b33f\\script_sequences\\script_seq1\\script_seq1.py', 'C:\\ArkMalay\\Framework\\Video_data\\20251111_140424_cd94b33f\\script_sequences\\script_seq2\\script_seq2.py'], 'txt_files': ['C:\\ArkMalay\\Framework\\Video_data\\20251111_140424_cd94b33f\\script_sequences\\script_seq1\\script_seq1.txt', 'C:\\ArkMalay\\Framework\\Video_data\\20251111_140424_cd94b33f\\script_sequences\\script_seq2\\script_seq2.txt']}
[2025-11-11 14:04:24] [INFO] ðŸŽ¯ Transaction cd94b33f completed successfully. Folder: C:\ArkMalay\Framework\Video_data\20251111_140424_cd94b33f
[2025-11-11 14:04:24] [INFO] ðŸ” TRANSACTION_FOLDER currently: C:\ArkMalay\Framework\Video_data\20251111_140424_cd94b33f
[2025-11-11 14:04:24] [INFO] ðŸŸ¢ Using TRANSACTION_FOLDER for writing scripts: C:\ArkMalay\Framework\Video_data\20251111_140424_cd94b33f\script_sequences
[2025-11-11 14:04:24] [INFO] âœ… Manim script written: C:\ArkMalay\Framework\Video_data\20251111_140424_cd94b33f\script_sequences\script_seq1\script_seq1.py
[2025-11-11 14:04:24] [INFO] âœ… Manim script written: C:\ArkMalay\Framework\Video_data\20251111_140424_cd94b33f\script_sequences\script_seq2\script_seq2.py
[2025-11-11 14:04:24] [INFO] ðŸŽ¥ Triggering video generation for folder: C:\ArkMalay\Framework\Video_data\20251111_140424_cd94b33f\script_sequences
[2025-11-11 14:04:25] [INFO] ðŸš€ Received video generation request.
[2025-11-11 14:04:25] [INFO] ðŸ“‚ Using provided input path: C:\ArkMalay\Framework\Video_data\20251111_140424_cd94b33f\script_sequences
[2025-11-11 14:04:25] [INFO] ðŸ§© Found 2 .py files and 2 .txt files under C:\ArkMalay\Framework\Video_data\20251111_140424_cd94b33f\script_sequences
[2025-11-11 14:04:25] [INFO] ðŸŽ¬ Starting video + audio processing pipeline...
[2025-11-11 14:04:25] [INFO] ðŸŽ¬ Video callable prepared for: C:\ArkMalay\Framework\Video_data\20251111_140424_cd94b33f
[2025-11-11 14:04:25] [INFO] ðŸŽ¬ Running Manim on C:/ArkMalay/Framework/Video_data/20251111_140424_cd94b33f/script_sequences/script_seq1/script_seq1.py ...
[2025-11-11 14:04:25] [INFO] ðŸ§¹ Cleaned old media folder: C:\ArkMalay\Framework\tutor\src\media\videos\script_sequences\script_seq1
[2025-11-11 14:04:38] [INFO] ðŸŽžï¸ Detected Scene class: ExpandingCircle
[2025-11-11 14:04:38] [INFO] âœ… Found video: C:\ArkMalay\Framework\tutor\src\media\videos\script_sequences\script_seq1\videos\script_seq1\480p15\ExpandingCircle.mp4
[2025-11-11 14:04:38] [INFO] ðŸŽ¬ Running Manim on C:/ArkMalay/Framework/Video_data/20251111_140424_cd94b33f/script_sequences/script_seq2/script_seq2.py ...
[2025-11-11 14:04:38] [INFO] ðŸ§¹ Cleaned old media folder: C:\ArkMalay\Framework\tutor\src\media\videos\script_sequences\script_seq2
[2025-11-11 14:04:53] [INFO] ðŸŽžï¸ Detected Scene class: MovingCircle
[2025-11-11 14:04:53] [INFO] âœ… Found video: C:\ArkMalay\Framework\tutor\src\media\videos\script_sequences\script_seq2\videos\script_seq2\480p15\MovingCircle.mp4
[2025-11-11 14:04:53] [INFO] âœ… Total words: 46 | Approx. GPT tokens: 60 | Total videos collected: 2
[2025-11-11 14:05:50] [INFO] ðŸŽ¬ Video saved at: C:\ArkMalay\Framework\tutor\output\Videos\20251111_140424_cd94b33f_script_seq1.mp4
[2025-11-11 14:05:50] [INFO] ðŸŽµ Audio saved at: C:\ArkMalay\Framework\tutor\output\Audios\20251111_140424_cd94b33f_script_seq1.mp3
[2025-11-11 14:05:50] [INFO] ðŸŽ¬ Video saved at: C:\ArkMalay\Framework\tutor\output\Videos\20251111_140424_cd94b33f_script_seq2.mp4
[2025-11-11 14:05:50] [INFO] ðŸŽµ Audio saved at: C:\ArkMalay\Framework\tutor\output\Audios\20251111_140424_cd94b33f_script_seq2.mp3
[2025-11-11 14:05:50] [INFO] ðŸŽžï¸ Trying to merge final video/audio
[2025-11-11 14:05:50] [INFO] ðŸŽžï¸ Merging video/audio pair 1
[2025-11-11 14:05:50] [INFO] ðŸš€ Starting Drive upload process
[2025-11-11 14:05:50] [INFO] ðŸ“‚ Using Settings.TRANSACTION_FOLDER: C:\ArkMalay\Framework\Video_data\20251111_140424_cd94b33f
[2025-11-11 14:05:50] [INFO] ðŸ” upload_folder_to_drive called with: C:\ArkMalay\Framework\Video_data\20251111_140424_cd94b33f
[2025-11-11 14:05:50] [INFO] âœ… Drive auth successful (mode=service)
[2025-11-11 14:05:50] [INFO] ðŸ“ Service-mode: uploading '20251111_140424_cd94b33f' under Drive parent ID 1fSIa3LHaUZ6ElWywNuyHRnyj1ohr_gjj
[2025-11-11 14:05:53] [INFO] ðŸ“ Created Drive subfolder '20251111_140424_cd94b33f' under parent 1fSIa3LHaUZ6ElWywNuyHRnyj1ohr_gjj -> id=1VyoUhDaKdwCozJysMFjLz62uVZ1JFxn6
[2025-11-11 14:05:54] [INFO] ðŸ“ Created Drive subfolder 'script_sequences' under parent 1VyoUhDaKdwCozJysMFjLz62uVZ1JFxn6 -> id=19TvJRrPbkQ4YLTvmRjAvWqDy1lzRwfaR
[2025-11-11 14:05:57] [INFO] âœ… Uploaded (service): input_data.json â†’ https://drive.google.com/file/d/1EHib4Mr-GZNpHsmuBpeJwgtfS_xFWf7o/view?usp=drivesdk
[2025-11-11 14:05:58] [INFO] ðŸ“ Created Drive subfolder 'script_seq1' under parent 19TvJRrPbkQ4YLTvmRjAvWqDy1lzRwfaR -> id=1hoKHwksJ1Hjmb6-nFZ5ShnmIQY7J9ZDo
[2025-11-11 14:06:00] [INFO] ðŸ“ Created Drive subfolder 'script_seq2' under parent 19TvJRrPbkQ4YLTvmRjAvWqDy1lzRwfaR -> id=150Gde4vdIG1wOxuol3GfOjdiJmijicl_
[2025-11-11 14:06:02] [INFO] âœ… Uploaded (service): script_seq1.py â†’ https://drive.google.com/file/d/1LsJTmlKqFHn3ZW4nNiE0JU2DBrJDTGdB/view?usp=drivesdk
[2025-11-11 14:06:05] [INFO] âœ… Uploaded (service): script_seq1.txt â†’ https://drive.google.com/file/d/1Q8QDhaD3yb2oqnokZ03H_8HvD_BkPV1u/view?usp=drivesdk
[2025-11-11 14:06:07] [INFO] âœ… Uploaded (service): script_seq2.py â†’ https://drive.google.com/file/d/1X3wokW3d6c9XIo8PFxzPdDmtMYB-1X_o/view?usp=drivesdk
[2025-11-11 14:06:09] [INFO] âœ… Uploaded (service): script_seq2.txt â†’ https://drive.google.com/file/d/10mWjHV2sYNVhGEV8TcZ5dNFQS6of7Xio/view?usp=drivesdk
[2025-11-11 14:06:09] [INFO] ðŸŽ‰ Service-mode upload complete. Session folder link: https://drive.google.com/drive/folders/1VyoUhDaKdwCozJysMFjLz62uVZ1JFxn6
[2025-11-11 14:06:09] [INFO] âœ… Folder (with final video) successfully uploaded to Google Drive.
[2025-11-11 14:06:10] [INFO] âœ… Script pipeline completed successfully for topic='create a circle'
