[2025-11-11 10:46:03] [INFO] ðŸ§  Generating script for topic='explain the expression (a^2 * b^2)', class='10'
[2025-11-11 10:46:14] [INFO] ðŸš€ Sending generated script to /generate-files-api and /Generator ...
[2025-11-11 10:46:14] [INFO] ðŸŸ¢ [generate-files-api] New request received
[2025-11-11 10:46:14] [INFO] ðŸ“ Created folder: C:\ArkMalay\Framework\Video_data\20251111_104614_fb7a810c
[2025-11-11 10:46:14] [INFO] âœ… JSON saved successfully at C:\ArkMalay\Framework\Video_data\20251111_104614_fb7a810c\input_data.json
[2025-11-11 10:46:14] [INFO] ðŸ§© Starting file preparation process via prepare_files()
[2025-11-11 10:46:14] [INFO] ðŸ“ Generating Python and TXT files from JSON: C:\ArkMalay\Framework\Video_data\20251111_104614_fb7a810c\input_data.json
[2025-11-11 10:46:14] [INFO] ðŸ“‚ Using existing transaction folder for script sequences: C:\ArkMalay\Framework\Video_data\20251111_104614_fb7a810c\script_sequences
[2025-11-11 10:46:14] [INFO] ðŸ“ Created script sequence folder: C:\ArkMalay\Framework\Video_data\20251111_104614_fb7a810c\script_sequences\script_seq1
[2025-11-11 10:46:14] [INFO] âœ… Created PY file: C:\ArkMalay\Framework\Video_data\20251111_104614_fb7a810c\script_sequences\script_seq1\script_seq1.py
[2025-11-11 10:46:14] [INFO] âœ… Created TXT file: C:\ArkMalay\Framework\Video_data\20251111_104614_fb7a810c\script_sequences\script_seq1\script_seq1.txt
[2025-11-11 10:46:14] [INFO] ðŸ“ Created script sequence folder: C:\ArkMalay\Framework\Video_data\20251111_104614_fb7a810c\script_sequences\script_seq2
[2025-11-11 10:46:14] [INFO] âœ… Created PY file: C:\ArkMalay\Framework\Video_data\20251111_104614_fb7a810c\script_sequences\script_seq2\script_seq2.py
[2025-11-11 10:46:14] [INFO] âœ… Created TXT file: C:\ArkMalay\Framework\Video_data\20251111_104614_fb7a810c\script_sequences\script_seq2\script_seq2.txt
[2025-11-11 10:46:14] [INFO] ðŸ“ Created script sequence folder: C:\ArkMalay\Framework\Video_data\20251111_104614_fb7a810c\script_sequences\script_seq3
[2025-11-11 10:46:14] [INFO] âœ… Created PY file: C:\ArkMalay\Framework\Video_data\20251111_104614_fb7a810c\script_sequences\script_seq3\script_seq3.py
[2025-11-11 10:46:14] [INFO] âœ… Created TXT file: C:\ArkMalay\Framework\Video_data\20251111_104614_fb7a810c\script_sequences\script_seq3\script_seq3.txt
[2025-11-11 10:46:14] [INFO] ðŸ“ Created script sequence folder: C:\ArkMalay\Framework\Video_data\20251111_104614_fb7a810c\script_sequences\script_seq4
[2025-11-11 10:46:14] [INFO] âœ… Created PY file: C:\ArkMalay\Framework\Video_data\20251111_104614_fb7a810c\script_sequences\script_seq4\script_seq4.py
[2025-11-11 10:46:14] [INFO] âœ… Created TXT file: C:\ArkMalay\Framework\Video_data\20251111_104614_fb7a810c\script_sequences\script_seq4\script_seq4.txt
[2025-11-11 10:46:14] [INFO] ðŸŽ¯ Total Words: 627 | Approx. Total GPT Tokens: 834
[2025-11-11 10:46:14] [INFO] ðŸŽ‰ All files generated inside: C:\ArkMalay\Framework\Video_data\20251111_104614_fb7a810c\script_sequences
[2025-11-11 10:46:14] [INFO] âœ… File preparation completed. Output: {'py_files': ['C:\\ArkMalay\\Framework\\Video_data\\20251111_104614_fb7a810c\\script_sequences\\script_seq1\\script_seq1.py', 'C:\\ArkMalay\\Framework\\Video_data\\20251111_104614_fb7a810c\\script_sequences\\script_seq2\\script_seq2.py', 'C:\\ArkMalay\\Framework\\Video_data\\20251111_104614_fb7a810c\\script_sequences\\script_seq3\\script_seq3.py', 'C:\\ArkMalay\\Framework\\Video_data\\20251111_104614_fb7a810c\\script_sequences\\script_seq4\\script_seq4.py'], 'txt_files': ['C:\\ArkMalay\\Framework\\Video_data\\20251111_104614_fb7a810c\\script_sequences\\script_seq1\\script_seq1.txt', 'C:\\ArkMalay\\Framework\\Video_data\\20251111_104614_fb7a810c\\script_sequences\\script_seq2\\script_seq2.txt', 'C:\\ArkMalay\\Framework\\Video_data\\20251111_104614_fb7a810c\\script_sequences\\script_seq3\\script_seq3.txt', 'C:\\ArkMalay\\Framework\\Video_data\\20251111_104614_fb7a810c\\script_sequences\\script_seq4\\script_seq4.txt']}
[2025-11-11 10:46:14] [INFO] ðŸŽ¯ Transaction fb7a810c completed successfully. Folder: C:\ArkMalay\Framework\Video_data\20251111_104614_fb7a810c
[2025-11-11 10:47:50] [INFO] ðŸŽ¬ Generated Manim Code Successfully
[2025-11-11 10:47:50] [INFO] ðŸ” TRANSACTION_FOLDER currently: C:\ArkMalay\Framework\Video_data\20251111_104614_fb7a810c
[2025-11-11 10:47:50] [INFO] ðŸŸ¢ Using TRANSACTION_FOLDER for writing scripts: C:\ArkMalay\Framework\Video_data\20251111_104614_fb7a810c\script_sequences
[2025-11-11 10:47:50] [INFO] âœ… Manim script written: C:\ArkMalay\Framework\Video_data\20251111_104614_fb7a810c\script_sequences\script_seq1\script_seq1.py
[2025-11-11 10:47:50] [INFO] âœ… Manim script written: C:\ArkMalay\Framework\Video_data\20251111_104614_fb7a810c\script_sequences\script_seq2\script_seq2.py
[2025-11-11 10:47:50] [INFO] âœ… Manim script written: C:\ArkMalay\Framework\Video_data\20251111_104614_fb7a810c\script_sequences\script_seq3\script_seq3.py
[2025-11-11 10:47:50] [INFO] âœ… Manim script written: C:\ArkMalay\Framework\Video_data\20251111_104614_fb7a810c\script_sequences\script_seq4\script_seq4.py
[2025-11-11 10:47:50] [INFO] ðŸŽ¥ Triggering video generation for folder: C:\ArkMalay\Framework\Video_data\20251111_104614_fb7a810c\script_sequences
[2025-11-11 10:47:52] [INFO] ðŸš€ Received video generation request.
[2025-11-11 10:47:52] [INFO] ðŸ“‚ Using provided input path: C:\ArkMalay\Framework\Video_data\20251111_104614_fb7a810c\script_sequences
[2025-11-11 10:47:52] [INFO] ðŸ§© Found 4 .py files and 4 .txt files under C:\ArkMalay\Framework\Video_data\20251111_104614_fb7a810c\script_sequences
[2025-11-11 10:47:52] [INFO] ðŸŽ¬ Starting video + audio processing pipeline...
[2025-11-11 10:47:52] [INFO] ðŸŽ¬ Video callable prepared for: C:\ArkMalay\Framework\Video_data\20251111_104614_fb7a810c
[2025-11-11 10:47:52] [INFO] ðŸŽ¬ Running Manim on C:/ArkMalay/Framework/Video_data/20251111_104614_fb7a810c/script_sequences/script_seq1/script_seq1.py ...
[2025-11-11 10:47:52] [INFO] ðŸ§¹ Cleaned old media folder: C:\ArkMalay\Framework\tutor\src\media\videos\script_sequences\script_seq1
[2025-11-11 10:48:30] [INFO] ðŸŽ¬ Running Manim on C:/ArkMalay/Framework/Video_data/20251111_104614_fb7a810c/script_sequences/script_seq2/script_seq2.py ...
[2025-11-11 10:48:30] [INFO] ðŸ§¹ Cleaned old media folder: C:\ArkMalay\Framework\tutor\src\media\videos\script_sequences\script_seq2
[2025-11-11 10:49:18] [INFO] ðŸŽ¬ Running Manim on C:/ArkMalay/Framework/Video_data/20251111_104614_fb7a810c/script_sequences/script_seq3/script_seq3.py ...
[2025-11-11 10:49:18] [INFO] ðŸ§¹ Cleaned old media folder: C:\ArkMalay\Framework\tutor\src\media\videos\script_sequences\script_seq3
[2025-11-11 10:49:31] [INFO] ðŸŽ¬ Running Manim on C:/ArkMalay/Framework/Video_data/20251111_104614_fb7a810c/script_sequences/script_seq4/script_seq4.py ...
[2025-11-11 10:49:31] [INFO] ðŸ§¹ Cleaned old media folder: C:\ArkMalay\Framework\tutor\src\media\videos\script_sequences\script_seq4
[2025-11-11 10:49:51] [INFO] âœ… Total words: 446 | Approx. GPT tokens: 593 | Total videos collected: 0
[2025-11-11 10:49:51] [INFO] Trying to merge final video/audio
[2025-11-11 10:49:52] [INFO] Trying Drive upload!
[2025-11-11 10:49:52] [INFO] ðŸ“‚ Using Settings.TRANSACTION_FOLDER: C:\ArkMalay\Framework\Video_data\20251111_104614_fb7a810c
[2025-11-11 10:49:52] [INFO] ðŸš€ Starting Drive upload for folder: C:\ArkMalay\Framework\Video_data\20251111_104614_fb7a810c
[2025-11-11 10:49:52] [INFO] ðŸ” upload_folder_to_drive called with: C:\ArkMalay\Framework\Video_data\20251111_104614_fb7a810c
[2025-11-11 10:49:52] [INFO] âœ… Drive auth successful (mode=service)
[2025-11-11 10:49:52] [INFO] ðŸ“ Service-mode: uploading '20251111_104614_fb7a810c' under Drive parent ID 1fSIa3LHaUZ6ElWywNuyHRnyj1ohr_gjj
[2025-11-11 10:49:55] [INFO] ðŸ“ Created Drive subfolder '20251111_104614_fb7a810c' under parent 1fSIa3LHaUZ6ElWywNuyHRnyj1ohr_gjj -> id=107R_P08lG5g5olXqiPzqrEIs32t_vd5-
[2025-11-11 10:49:57] [INFO] ðŸ“ Created Drive subfolder 'script_sequences' under parent 107R_P08lG5g5olXqiPzqrEIs32t_vd5- -> id=1BTlJbFn3qH0bItQ6DdDo1WoNoV5pQ1pP
[2025-11-11 10:49:59] [INFO] âœ… Uploaded (service): input_data.json â†’ https://drive.google.com/file/d/1XBof-A9h5fqZ9HFpWinzNPt0-j55zUVq/view?usp=drivesdk
[2025-11-11 10:50:01] [INFO] ðŸ“ Created Drive subfolder 'script_seq1' under parent 1BTlJbFn3qH0bItQ6DdDo1WoNoV5pQ1pP -> id=1NvPJU2gxYU-YqL37ieXENdhaexkz2ey-
[2025-11-11 10:50:02] [INFO] ðŸ“ Created Drive subfolder 'script_seq2' under parent 1BTlJbFn3qH0bItQ6DdDo1WoNoV5pQ1pP -> id=1v5g-04lcwa-OAXTtydgXcBoabLoNqY5z
[2025-11-11 10:50:03] [INFO] ðŸ“ Created Drive subfolder 'script_seq3' under parent 1BTlJbFn3qH0bItQ6DdDo1WoNoV5pQ1pP -> id=1xp-OW4f9pHf2t9t5as_gvZb_JvQGerdx
[2025-11-11 10:50:04] [INFO] ðŸ“ Created Drive subfolder 'script_seq4' under parent 1BTlJbFn3qH0bItQ6DdDo1WoNoV5pQ1pP -> id=14B-bRfuEC7CTNS7_IC0eScAgoEIhPEJA
[2025-11-11 10:50:07] [INFO] âœ… Uploaded (service): script_seq1.py â†’ https://drive.google.com/file/d/1z3XgVIBQ67qzo0ActqlzbPRAS1lK7bJc/view?usp=drivesdk
[2025-11-11 10:50:09] [INFO] âœ… Uploaded (service): script_seq1.txt â†’ https://drive.google.com/file/d/1Q8kHEtuPlWYcto3RXgk5c0cZDKXHBF4S/view?usp=drivesdk
[2025-11-11 10:50:12] [INFO] âœ… Uploaded (service): script_seq2.py â†’ https://drive.google.com/file/d/1aTFpsf7daiw3yFQJWsbzkZBq2kdLrSP4/view?usp=drivesdk
[2025-11-11 10:50:14] [INFO] âœ… Uploaded (service): script_seq2.txt â†’ https://drive.google.com/file/d/1HiSlw1TUDl30eynvlKCNxQbFSE8Kzu0C/view?usp=drivesdk
[2025-11-11 10:50:17] [INFO] âœ… Uploaded (service): script_seq3.py â†’ https://drive.google.com/file/d/14NzsnC7yiQrvdwjZW61hvJVk0LLQU4Z5/view?usp=drivesdk
[2025-11-11 10:50:19] [INFO] âœ… Uploaded (service): script_seq3.txt â†’ https://drive.google.com/file/d/1BqMFyKvY06uaHUPP5VtETOXOWmpzwpYm/view?usp=drivesdk
[2025-11-11 10:50:22] [INFO] âœ… Uploaded (service): script_seq4.py â†’ https://drive.google.com/file/d/1CG4d9znb06F_lJ7HeZgpudTgQF_KCDwN/view?usp=drivesdk
[2025-11-11 10:50:25] [INFO] âœ… Uploaded (service): script_seq4.txt â†’ https://drive.google.com/file/d/1iE9iT1piHg5J49154F9hu1JxPqpZsd-p/view?usp=drivesdk
[2025-11-11 10:50:25] [INFO] ðŸŽ‰ Service-mode upload complete. Session folder link: https://drive.google.com/drive/folders/107R_P08lG5g5olXqiPzqrEIs32t_vd5-
[2025-11-11 10:50:25] [INFO] âœ… Folder successfully uploaded to Google Drive.
[2025-11-11 11:00:21] [INFO] ðŸ§  Generating script for topic='Draw a circle', class='10'
[2025-11-11 11:00:27] [INFO] ðŸš€ Sending generated script to /generate-files-api and /Generator ...
[2025-11-11 11:02:08] [INFO] ðŸ§  Generating script for topic='Draw a circle', class='10'
[2025-11-11 11:02:13] [INFO] ðŸš€ Sending generated script to /generate-files-api and /Generator ...
