[2025-11-06 16:55:42] [ERROR] ⚠️ Invalid JSON output from Cohere: Invalid control character at: line 62 column 64 (char 3355)
[2025-11-06 16:57:25] [ERROR] 
❌ Error running Manim on C:/Vivek_Main/Manim_project/inputbox/input_data_20251106_165712/script_seq1/script_seq1.py
──────────────────────────────────────────────
STDERR:
Animation 0: FadeIn(Text('Labels at Square Corners: Class 10 English')):   0%|          | 0/15 [00:00<?, ?it/s]
Animation 0: FadeIn(Text('Labels at Square Corners: Class 10 English')):  27%|##6       | 4/15 [00:00<00:00, 34.31it/s]
Animation 0: FadeIn(Text('Labels at Square Corners: Class 10 English')):  53%|#####3    | 8/15 [00:00<00:00, 36.15it/s]
Animation 0: FadeIn(Text('Labels at Square Corners: Class 10 English')):  87%|########6 | 13/15 [00:00<00:00, 39.98it/s]
                                                                                                                        
+--------------------- Traceback (most recent call last) ---------------------+
| C:\Vivek_Main\tutter\.venv\Lib\site-packages\manim\cli\render\commands.py:1 |
| 25 in render                                                                |
|                                                                             |
|   122             try:                                                      |
|   123                 with tempconfig({}):                                  |
|   124                     scene = SceneClass()                              |
| > 125                     scene.render()                                    |
|   126             except Exception:                                         |
|   127                 error_console.print_exception()                       |
|   128                 sys.exit(1)                                           |
|                                                                             |
| C:\Vivek_Main\tutter\.venv\Lib\site-packages\manim\scene\scene.py:237 in    |
| render                                                                      |
|                                                                             |
|    234         """                                                          |
|    235         self.setup()                                                 |
|    236         try:                                                         |
| >  237             self.construct()                                         |
|    238         except EndSceneEarlyException:                               |
|    239             pass                                                     |
|    240         except RerunSceneException:                                  |
|                                                                             |
| C:\Vivek_Main\Manim_project\inputbox\input_data_20251106_165712\script_seq1 |
| \script_seq1.py:17 in construct                                             |
|                                                                             |
|   14         # Zoom out slightly to reveal a simple square shape below the  |
|   15         square = Square(side_length=4, color=BLACK, stroke_width=2)    |
|   16         square.move_to(DOWN * 2)                                       |
| > 17         self.play(self.camera.frame.animate.scale(1.2).move_to(square) |
|   18         self.play(Create(square))                                      |
|   19         self.wait(1)                                                   |
|   20                                                                        |
+-----------------------------------------------------------------------------+
AttributeError: 'Camera' object has no attribute 'frame'

STDOUT:
Manim Community v0.19.0

[11/06/25 16:57:23] INFO     Animation 0 : Partial     scene_file_writer.py:588
                             movie file written in                             
                             'C:\Vivek_Main\tutter\src                         
                             \media\videos\input_data_                         
                             20251106_165712\script_se                         
                             q1\videos\script_seq1\480                         
                             p15\partial_movie_files\L                         
                             abelAtSquareCorners\93183                         
                             2650_3107961746_223132457                         
                             .mp4'                                             
[11/06/25 16:57:24] INFO     Animation 1 : Partial     scene_file_writer.py:588
                             movie file written in                             
                             'C:\Vivek_Main\tutter\src                         
                             \media\videos\input_data_                         
                             20251106_165712\script_se                         
                             q1\videos\script_seq1\480                         
                             p15\partial_movie_files\L                         
                             abelAtSquareCorners\19052                         
                             88516_1436906429_19975719                         
                             94.mp4'
──────────────────────────────────────────────

[2025-11-06 16:57:46] [ERROR] 
❌ Error running Manim on C:/Vivek_Main/Manim_project/inputbox/input_data_20251106_165712/script_seq2/script_seq2.py
──────────────────────────────────────────────
STDERR:
+--------------------- Traceback (most recent call last) ---------------------+
| C:\Vivek_Main\tutter\.venv\Lib\site-packages\manim\cli\render\commands.py:1 |
| 25 in render                                                                |
|                                                                             |
|   122             try:                                                      |
|   123                 with tempconfig({}):                                  |
|   124                     scene = SceneClass()                              |
| > 125                     scene.render()                                    |
|   126             except Exception:                                         |
|   127                 error_console.print_exception()                       |
|   128                 sys.exit(1)                                           |
|                                                                             |
| C:\Vivek_Main\tutter\.venv\Lib\site-packages\manim\scene\scene.py:237 in    |
| render                                                                      |
|                                                                             |
|    234         """                                                          |
|    235         self.setup()                                                 |
|    236         try:                                                         |
| >  237             self.construct()                                         |
|    238         except EndSceneEarlyException:                               |
|    239             pass                                                     |
|    240         except RerunSceneException:                                  |
|                                                                             |
| C:\Vivek_Main\Manim_project\inputbox\input_data_20251106_165712\script_seq2 |
| \script_seq2.py:17 in construct                                             |
|                                                                             |
|   14                                                                        |
|   15         # Animate dotted lines connecting each label to its corner     |
|   16         dotted_lines = []                                              |
| > 17         for label, corner in zip(labels, square.get_corners()):        |
|   18             line = DashedLine(label.get_center(), corner, dash_length= |
|   19             dotted_lines.append(line)                                  |
|   20         self.play(Create(VGroup(*dotted_lines)))                       |
|                                                                             |
| C:\Vivek_Main\tutter\.venv\Lib\site-packages\manim\mobject\mobject.py:698   |
| in getter                                                                   |
|                                                                             |
|    695                     stacklevel=2,                                    |
|    696                 )                                                    |
|    697                                                                      |
| >  698                 return getattr(self, to_get)                         |
|    699                                                                      |
|    700             # Return a bound method                                  |
|    701             return types.MethodType(getter, self)                    |
|                                                                             |
| C:\Vivek_Main\tutter\.venv\Lib\site-packages\manim\mobject\mobject.py:723   |
| in __getattr__                                                              |
|                                                                             |
|    720             return types.MethodType(setter, self)                    |
|    721                                                                      |
|    722         # Unhandled attribute, therefore error                       |
| >  723         raise AttributeError(f"{type(self).__name__} object has no a |
|    724                                                                      |
|    725     @property                                                        |
|    726     def width(self) -> float:                                        |
+-----------------------------------------------------------------------------+
AttributeError: Square object has no attribute 'corners'

STDOUT:
Manim Community v0.19.0

[11/06/25 16:57:35] INFO     Writing A to               tex_file_writing.py:111
                             C:\Vivek_Main\tutter\src\m                        
                             edia\videos\input_data_202                        
                             51106_165712\script_seq2\T                        
                             ex\90f07b07e57adf79.tex                           
[11/06/25 16:57:38] INFO     Writing B to               tex_file_writing.py:111
                             C:\Vivek_Main\tutter\src\m                        
                             edia\videos\input_data_202                        
                             51106_165712\script_seq2\T                        
                             ex\d82288bb87e99d59.tex                           
[11/06/25 16:57:40] INFO     Writing C to               tex_file_writing.py:111
                             C:\Vivek_Main\tutter\src\m                        
                             edia\videos\input_data_202                        
                             51106_165712\script_seq2\T                        
                             ex\86474863bfdee3e7.tex                           
[11/06/25 16:57:42] INFO     Writing D to               tex_file_writing.py:111
                             C:\Vivek_Main\tutter\src\m                        
                             edia\videos\input_data_202                        
                             51106_165712\script_seq2\T                        
                             ex\265843fdb06dea70.tex
──────────────────────────────────────────────

[2025-11-06 16:58:25] [ERROR] 
❌ Error running Manim on C:/Vivek_Main/Manim_project/inputbox/input_data_20251106_165712/script_seq3/script_seq3.py
──────────────────────────────────────────────
STDERR:
Animation 0: Create(Square), etc.:   0%|          | 0/15 [00:00<?, ?it/s]
                                                                         
+--------------------- Traceback (most recent call last) ---------------------+
| C:\Vivek_Main\tutter\.venv\Lib\site-packages\manim\cli\render\commands.py:1 |
| 25 in render                                                                |
|                                                                             |
|   122             try:                                                      |
|   123                 with tempconfig({}):                                  |
|   124                     scene = SceneClass()                              |
| > 125                     scene.render()                                    |
|   126             except Exception:                                         |
|   127                 error_console.print_exception()                       |
|   128                 sys.exit(1)                                           |
|                                                                             |
| C:\Vivek_Main\tutter\.venv\Lib\site-packages\manim\scene\scene.py:237 in    |
| render                                                                      |
|                                                                             |
|    234         """                                                          |
|    235         self.setup()                                                 |
|    236         try:                                                         |
| >  237             self.construct()                                         |
|    238         except EndSceneEarlyException:                               |
|    239             pass                                                     |
|    240         except RerunSceneException:                                  |
|                                                                             |
| C:\Vivek_Main\Manim_project\inputbox\input_data_20251106_165712\script_seq3 |
| \script_seq3.py:28 in construct                                             |
|                                                                             |
|   25                     MathTex(f"{chr(65 + i * 3 + j + 3)}").move_to(new_ |
|   26                 ]                                                      |
|   27                 grid.add(new_square, *new_labels)                      |
| > 28         self.play(FadeOut(square, *labels), ApplyMethod(self.camera.fr |
|   29         self.play(FadeIn(grid))                                        |
|   30         self.wait(2)                                                   |
|   31                                                                        |
+-----------------------------------------------------------------------------+
AttributeError: 'Camera' object has no attribute 'frame'

STDOUT:
Manim Community v0.19.0

[11/06/25 16:57:55] INFO     Writing A to               tex_file_writing.py:111
                             C:\Vivek_Main\tutter\src\m                        
                             edia\videos\input_data_202                        
                             51106_165712\script_seq3\T                        
                             ex\90f07b07e57adf79.tex                           
[11/06/25 16:57:58] INFO     Writing B to               tex_file_writing.py:111
                             C:\Vivek_Main\tutter\src\m                        
                             edia\videos\input_data_202                        
                             51106_165712\script_seq3\T                        
                             ex\d82288bb87e99d59.tex                           
[11/06/25 16:57:59] INFO     Writing C to               tex_file_writing.py:111
                             C:\Vivek_Main\tutter\src\m                        
                             edia\videos\input_data_202                        
                             51106_165712\script_seq3\T                        
                             ex\86474863bfdee3e7.tex                           
[11/06/25 16:58:02] INFO     Writing D to               tex_file_writing.py:111
                             C:\Vivek_Main\tutter\src\m                        
                             edia\videos\input_data_202                        
                             51106_165712\script_seq3\T                        
                             ex\265843fdb06dea70.tex                           
[11/06/25 16:58:04] INFO     Animation 0 : Partial     scene_file_writer.py:588
                             movie file written in                             
                             'C:\Vivek_Main\tutter\src                         
                             \media\videos\input_data_                         
                             20251106_165712\script_se                         
                             q3\videos\script_seq3\480                         
                             p15\partial_movie_files\G                         
                             ridLabelingScene\11858183                         
                             38_3556051432_223132457.m                         
                             p4'                                               
                    INFO     Animation 1 : Partial     scene_file_writer.py:588
                             movie file written in                             
                             'C:\Vivek_Main\tutter\src                         
                             \media\videos\input_data_                         
                             20251106_165712\script_se                         
                             q3\videos\script_seq3\480                         
                             p15\partial_movie_files\G                         
                             ridLabelingScene\62464232                         
                             4_2844360058_258759584.mp                         
                             4'                                                
                    INFO     Writing E to               tex_file_writing.py:111
                             C:\Vivek_Main\tutter\src\m                        
                             edia\videos\input_data_202                        
                             51106_165712\script_seq3\T                        
                             ex\e1a073610d09680e.tex                           
[11/06/25 16:58:08] INFO     Writing F to               tex_file_writing.py:111
                             C:\Vivek_Main\tutter\src\m                        
                             edia\videos\input_data_202                        
                             51106_165712\script_seq3\T                        
                             ex\a9ffb83c3806581d.tex                           
[11/06/25 16:58:10] INFO     Writing G to               tex_file_writing.py:111
                             C:\Vivek_Main\tutter\src\m                        
                             edia\videos\input_data_202                        
                             51106_165712\script_seq3\T                        
                             ex\75195d7d73f5eab7.tex                           
[11/06/25 16:58:13] INFO     Writing H to               tex_file_writing.py:111
                             C:\Vivek_Main\tutter\src\m                        
                             edia\videos\input_data_202                        
                             51106_165712\script_seq3\T                        
                             ex\40d3015135341434.tex                           
[11/06/25 16:58:15] INFO     Writing I to               tex_file_writing.py:111
                             C:\Vivek_Main\tutter\src\m                        
                             edia\videos\input_data_202                        
                             51106_165712\script_seq3\T                        
                             ex\af20bb7e2b46c25f.tex                           
[11/06/25 16:58:17] INFO     Writing J to               tex_file_writing.py:111
                             C:\Vivek_Main\tutter\src\m                        
                             edia\videos\input_data_202                        
                             51106_165712\script_seq3\T                        
                             ex\a423505fa565f0eb.tex                           
[11/06/25 16:58:20] INFO     Writing K to               tex_file_writing.py:111
                             C:\Vivek_Main\tutter\src\m                        
                             edia\videos\input_data_202                        
                             51106_165712\script_seq3\T                        
                             ex\dfcd9da5731e2cbb.tex                           
[11/06/25 16:58:22] INFO     Writing L to               tex_file_writing.py:111
                             C:\Vivek_Main\tutter\src\m                        
                             edia\videos\input_data_202                        
                             51106_165712\script_seq3\T                        
                             ex\b5c88c0171e96dcb.tex
──────────────────────────────────────────────

[2025-11-06 16:58:38] [ERROR] 
❌ Error running Manim on C:/Vivek_Main/Manim_project/inputbox/input_data_20251106_165712/script_seq4/script_seq4.py
──────────────────────────────────────────────
STDERR:
Animation 0: Create(Square), etc.:   0%|          | 0/15 [00:00<?, ?it/s]
                                                                         
+--------------------- Traceback (most recent call last) ---------------------+
| C:\Vivek_Main\tutter\.venv\Lib\site-packages\manim\cli\render\commands.py:1 |
| 25 in render                                                                |
|                                                                             |
|   122             try:                                                      |
|   123                 with tempconfig({}):                                  |
|   124                     scene = SceneClass()                              |
| > 125                     scene.render()                                    |
|   126             except Exception:                                         |
|   127                 error_console.print_exception()                       |
|   128                 sys.exit(1)                                           |
|                                                                             |
| C:\Vivek_Main\tutter\.venv\Lib\site-packages\manim\scene\scene.py:237 in    |
| render                                                                      |
|                                                                             |
|    234         """                                                          |
|    235         self.setup()                                                 |
|    236         try:                                                         |
| >  237             self.construct()                                         |
|    238         except EndSceneEarlyException:                               |
|    239             pass                                                     |
|    240         except RerunSceneException:                                  |
|                                                                             |
| C:\Vivek_Main\Manim_project\inputbox\input_data_20251106_165712\script_seq4 |
| \script_seq4.py:17 in construct                                             |
|                                                                             |
|   14         self.wait(1)                                                   |
|   15                                                                        |
|   16         # Zoom back to the original square with aligned labels         |
| > 17         self.play(CameraFrame.set_euler_angles, theta=-30 * DEGREES, p |
|   18         self.wait(1)                                                   |
|   19                                                                        |
|   20         # Animate the labels fading out one by one, leaving only the s |
+-----------------------------------------------------------------------------+
NameError: name 'CameraFrame' is not defined

STDOUT:
Manim Community v0.19.0

[11/06/25 16:58:34] INFO     Writing A to               tex_file_writing.py:111
                             C:\Vivek_Main\tutter\src\m                        
                             edia\videos\input_data_202                        
                             51106_165712\script_seq4\T                        
                             ex\90f07b07e57adf79.tex                           
[11/06/25 16:58:35] INFO     Writing B to               tex_file_writing.py:111
                             C:\Vivek_Main\tutter\src\m                        
                             edia\videos\input_data_202                        
                             51106_165712\script_seq4\T                        
                             ex\d82288bb87e99d59.tex                           
[11/06/25 16:58:36] INFO     Writing C to               tex_file_writing.py:111
                             C:\Vivek_Main\tutter\src\m                        
                             edia\videos\input_data_202                        
                             51106_165712\script_seq4\T                        
                             ex\86474863bfdee3e7.tex                           
[11/06/25 16:58:37] INFO     Writing D to               tex_file_writing.py:111
                             C:\Vivek_Main\tutter\src\m                        
                             edia\videos\input_data_202                        
                             51106_165712\script_seq4\T                        
                             ex\265843fdb06dea70.tex                           
[11/06/25 16:58:38] INFO     Animation 0 : Partial     scene_file_writer.py:588
                             movie file written in                             
                             'C:\Vivek_Main\tutter\src                         
                             \media\videos\input_data_                         
                             20251106_165712\script_se                         
                             q4\videos\script_seq4\480                         
                             p15\partial_movie_files\L                         
                             abelPlacementScene\118581                         
                             8338_2053309777_223132457                         
                             .mp4'                                             
                    INFO     Animation 1 : Partial     scene_file_writer.py:588
                             movie file written in                             
                             'C:\Vivek_Main\tutter\src                         
                             \media\videos\input_data_                         
                             20251106_165712\script_se                         
                             q4\videos\script_seq4\480                         
                             p15\partial_movie_files\L                         
                             abelPlacementScene\624642                         
                             324_4217992463_2249206210                         
                             .mp4'
──────────────────────────────────────────────

[2025-11-06 16:58:39] [ERROR] ❌ Video and audio lists must have the same length
[2025-11-06 16:58:39] [ERROR] ❌ Video generation error
Traceback (most recent call last):
  File "C:\Vivek_Main\tutter\src\video_pipeline\routes\video_routes.py", line 29, in generate_videos_endpoint
    output_path = await process_pipeline(
                  ^^^^^^^^^^^^^^^^^^^^^^^
  File "C:\Vivek_Main\tutter\src\main.py", line 56, in process_pipeline
    final_video_bytes = MergerFactory.merge_all_videos_with_audio(video_bytes_list, audio_bytes_list)
                        ^^^^^^^^^^^^^^^^^^^^^^^^^^^^^^^^^^^^^^^^^^^^^^^^^^^^^^^^^^^^^^^^^^^^^^^^^^^^^
  File "C:\Vivek_Main\tutter\src\merger_factory.py", line 261, in merge_all_videos_with_audio
    return MergerFactory.merge_video_with_audio(video_bytes_list, audio_bytes_list)
           ^^^^^^^^^^^^^^^^^^^^^^^^^^^^^^^^^^^^^^^^^^^^^^^^^^^^^^^^^^^^^^^^^^^^^^^^
  File "C:\Vivek_Main\tutter\src\merger_factory.py", line 136, in merge_video_with_audio
    raise ValueError("Video and audio lists must have the same length")
ValueError: Video and audio lists must have the same length
[2025-11-06 16:58:39] [ERROR] ❌ HTTP 500: {"detail":"Video and audio lists must have the same length"}
[2025-11-06 16:58:39] [ERROR] ❌ Error writing scripts
Traceback (most recent call last):
  File "C:\Vivek_Main\tutter\src\video_pipeline\routes\write_routes.py", line 27, in write_scripts
    video_result = await async_post(video_url, {"path": str(folder)}, timeout=300)
                   ^^^^^^^^^^^^^^^^^^^^^^^^^^^^^^^^^^^^^^^^^^^^^^^^^^^^^^^^^^^^^^^
  File "C:\Vivek_Main\tutter\src\video_pipeline\utils.py", line 14, in async_post
    raise HTTPException(status_code=resp.status_code, detail=resp.text)
fastapi.exceptions.HTTPException: 500: {"detail":"Video and audio lists must have the same length"}
[2025-11-06 16:58:39] [ERROR] ❌ HTTP 500: {"detail":"500: {\"detail\":\"Video and audio lists must have the same length\"}"}
[2025-11-06 16:58:39] [ERROR] ❌ Error generating code
Traceback (most recent call last):
  File "C:\Vivek_Main\tutter\src\video_pipeline\routes\generator_routes.py", line 20, in generate_code_endpoint
    write_result = await async_post(write_url, result, timeout=120)
                   ^^^^^^^^^^^^^^^^^^^^^^^^^^^^^^^^^^^^^^^^^^^^^^^^
  File "C:\Vivek_Main\tutter\src\video_pipeline\utils.py", line 14, in async_post
    raise HTTPException(status_code=resp.status_code, detail=resp.text)
fastapi.exceptions.HTTPException: 500: {"detail":"500: {\"detail\":\"Video and audio lists must have the same length\"}"}
[2025-11-06 16:58:39] [ERROR] ❌ HTTP 500: {"detail":"500: {\"detail\":\"500: {\\\"detail\\\":\\\"Video and audio lists must have the same length\\\"}\"}"}
