[2025-11-06 11:59:40] [ERROR] 
❌ Error running Manim on C:/Vivek_Main/Manim_project/inputbox/input_data_20251106_115926/script_seq1/script_seq1.py
──────────────────────────────────────────────
STDERR:
Animation 0: FadeIn(Text('Labels at Square Corners: Class 10 English')):   0%|          | 0/15 [00:00<?, ?it/s]
Animation 0: FadeIn(Text('Labels at Square Corners: Class 10 English')):  13%|#3        | 2/15 [00:00<00:00, 17.55it/s]
Animation 0: FadeIn(Text('Labels at Square Corners: Class 10 English')):  33%|###3      | 5/15 [00:00<00:00, 19.57it/s]
Animation 0: FadeIn(Text('Labels at Square Corners: Class 10 English')):  53%|#####3    | 8/15 [00:00<00:00, 20.72it/s]
Animation 0: FadeIn(Text('Labels at Square Corners: Class 10 English')):  73%|#######3  | 11/15 [00:00<00:00, 21.35it/s]
Animation 0: FadeIn(Text('Labels at Square Corners: Class 10 English')):  93%|#########3| 14/15 [00:00<00:00, 22.11it/s]
                                                                                                                        
+--------------------- Traceback (most recent call last) ---------------------+
| C:\Vivek_Main\tutter\.venv\Lib\site-packages\manim\cli\render\commands.py:1 |
| 25 in render                                                                |
|                                                                             |
|   122             try:                                                      |
|   123                 with tempconfig({}):                                  |
|   124                     scene = SceneClass()                              |
| > 125                     scene.render()                                    |
|   126             except Exception:                                         |
|   127                 error_console.print_exception()                       |
|   128                 sys.exit(1)                                           |
|                                                                             |
| C:\Vivek_Main\tutter\.venv\Lib\site-packages\manim\scene\scene.py:237 in    |
| render                                                                      |
|                                                                             |
|    234         """                                                          |
|    235         self.setup()                                                 |
|    236         try:                                                         |
| >  237             self.construct()                                         |
|    238         except EndSceneEarlyException:                               |
|    239             pass                                                     |
|    240         except RerunSceneException:                                  |
|                                                                             |
| C:\Vivek_Main\Manim_project\inputbox\input_data_20251106_115926\script_seq1 |
| \script_seq1.py:17 in construct                                             |
|                                                                             |
|   14         # Zoom out slightly to reveal a simple square shape below the  |
|   15         square = Square(side_length=4, color=BLACK, stroke_width=2)    |
|   16         square.move_to(DOWN * 2)                                       |
| > 17         self.play(self.camera.frame.animate.scale(1.2).move_to(square) |
|   18         self.wait(1)                                                   |
|   19                                                                        |
|   20         # Animate four small, empty labels appearing at each corner of |
+-----------------------------------------------------------------------------+
AttributeError: 'Camera' object has no attribute 'frame'

STDOUT:
Manim Community v0.19.0

[11/06/25 11:59:39] INFO     Animation 0 : Partial     scene_file_writer.py:588
                             movie file written in                             
                             'C:\Vivek_Main\tutter\src                         
                             \media\videos\input_data_                         
                             20251106_115926\script_se                         
                             q1\videos\script_seq1\480                         
                             p15\partial_movie_files\S                         
                             quareCornerLabels\9318326                         
                             50_3107961746_223132457.m                         
                             p4'                                               
                    INFO     Animation 1 : Partial     scene_file_writer.py:588
                             movie file written in                             
                             'C:\Vivek_Main\tutter\src                         
                             \media\videos\input_data_                         
                             20251106_115926\script_se                         
                             q1\videos\script_seq1\480                         
                             p15\partial_movie_files\S                         
                             quareCornerLabels\1905288                         
                             516_1436906429_1997571994                         
                             .mp4'
──────────────────────────────────────────────

[2025-11-06 12:00:09] [ERROR] 
❌ Error running Manim on C:/Vivek_Main/Manim_project/inputbox/input_data_20251106_115926/script_seq2/script_seq2.py
──────────────────────────────────────────────
STDERR:
Animation 0: Write(Square):   0%|          | 0/15 [00:00<?, ?it/s]
Animation 0: Write(Square):  73%|#######3  | 11/15 [00:00<00:00, 100.85it/s]
                                                                            
+--------------------- Traceback (most recent call last) ---------------------+
| C:\Vivek_Main\tutter\.venv\Lib\site-packages\manim\cli\render\commands.py:1 |
| 25 in render                                                                |
|                                                                             |
|   122             try:                                                      |
|   123                 with tempconfig({}):                                  |
|   124                     scene = SceneClass()                              |
| > 125                     scene.render()                                    |
|   126             except Exception:                                         |
|   127                 error_console.print_exception()                       |
|   128                 sys.exit(1)                                           |
|                                                                             |
| C:\Vivek_Main\tutter\.venv\Lib\site-packages\manim\scene\scene.py:237 in    |
| render                                                                      |
|                                                                             |
|    234         """                                                          |
|    235         self.setup()                                                 |
|    236         try:                                                         |
| >  237             self.construct()                                         |
|    238         except EndSceneEarlyException:                               |
|    239             pass                                                     |
|    240         except RerunSceneException:                                  |
|                                                                             |
| C:\Vivek_Main\Manim_project\inputbox\input_data_20251106_115926\script_seq2 |
| \script_seq2.py:23 in construct                                             |
|                                                                             |
|   20         # Animate an arrow pointing from the label to the correspondin |
|   21         # Repeat for remaining labels                                  |
|   22         for i, label in enumerate(labels):                             |
| > 23             corner = square.get_corner(index=i)                        |
|   24             arrow = Arrow(label.get_center(), corner, buff=0.1, color= |
|   25             self.play(                                                 |
|   26                 label.animate.scale(1.5).set_color(YELLOW),            |
+-----------------------------------------------------------------------------+
TypeError: Mobject.get_corner() got an unexpected keyword argument 'index'

STDOUT:
Manim Community v0.19.0

[11/06/25 11:59:51] INFO     Writing A to               tex_file_writing.py:111
                             C:\Vivek_Main\tutter\src\m                        
                             edia\videos\input_data_202                        
                             51106_115926\script_seq2\T                        
                             ex\90f07b07e57adf79.tex                           
[11/06/25 11:59:59] INFO     Writing B to               tex_file_writing.py:111
                             C:\Vivek_Main\tutter\src\m                        
                             edia\videos\input_data_202                        
                             51106_115926\script_seq2\T                        
                             ex\d82288bb87e99d59.tex                           
[11/06/25 12:00:02] INFO     Writing C to               tex_file_writing.py:111
                             C:\Vivek_Main\tutter\src\m                        
                             edia\videos\input_data_202                        
                             51106_115926\script_seq2\T                        
                             ex\86474863bfdee3e7.tex                           
[11/06/25 12:00:04] INFO     Writing D to               tex_file_writing.py:111
                             C:\Vivek_Main\tutter\src\m                        
                             edia\videos\input_data_202                        
                             51106_115926\script_seq2\T                        
                             ex\265843fdb06dea70.tex                           
[11/06/25 12:00:08] INFO     Animation 0 : Partial     scene_file_writer.py:588
                             movie file written in                             
                             'C:\Vivek_Main\tutter\src                         
                             \media\videos\input_data_                         
                             20251106_115926\script_se                         
                             q2\videos\script_seq2\480                         
                             p15\partial_movie_files\S                         
                             quareLabelAnimation\11858                         
                             18338_3286135489_17032895                         
                             35.mp4'                                           
                    INFO     Animation 1 : Partial     scene_file_writer.py:588
                             movie file written in                             
                             'C:\Vivek_Main\tutter\src                         
                             \media\videos\input_data_                         
                             20251106_115926\script_se                         
                             q2\videos\script_seq2\480                         
                             p15\partial_movie_files\S                         
                             quareLabelAnimation\62464                         
                             2324_4217992463_29058157.                         
                             mp4'
──────────────────────────────────────────────

[2025-11-06 12:00:20] [ERROR] 
❌ Error running Manim on C:/Vivek_Main/Manim_project/inputbox/input_data_20251106_115926/script_seq3/script_seq3.py
──────────────────────────────────────────────
STDERR:
+--------------------- Traceback (most recent call last) ---------------------+
| C:\Vivek_Main\tutter\.venv\Lib\site-packages\manim\cli\render\commands.py:1 |
| 25 in render                                                                |
|                                                                             |
|   122             try:                                                      |
|   123                 with tempconfig({}):                                  |
|   124                     scene = SceneClass()                              |
| > 125                     scene.render()                                    |
|   126             except Exception:                                         |
|   127                 error_console.print_exception()                       |
|   128                 sys.exit(1)                                           |
|                                                                             |
| C:\Vivek_Main\tutter\.venv\Lib\site-packages\manim\scene\scene.py:237 in    |
| render                                                                      |
|                                                                             |
|    234         """                                                          |
|    235         self.setup()                                                 |
|    236         try:                                                         |
| >  237             self.construct()                                         |
|    238         except EndSceneEarlyException:                               |
|    239             pass                                                     |
|    240         except RerunSceneException:                                  |
|                                                                             |
| C:\Vivek_Main\Manim_project\inputbox\input_data_20251106_115926\script_seq3 |
| \script_seq3.py:6 in construct                                              |
|                                                                             |
|    3 class ClassroomScene(Scene):                                           |
|    4     def construct(self):                                               |
|    5         # Fade out arrows from Scene 2 (assuming they exist in the sce |
| >  6         self.play(FadeOut(self.arrows))                                |
|    7                                                                        |
|    8         # Replace square with a classroom map                          |
|    9         classroom = Rectangle(width=6, height=6, color=BLUE, fill_opac |
+-----------------------------------------------------------------------------+
AttributeError: 'ClassroomScene' object has no attribute 'arrows'

STDOUT:
Manim Community v0.19.0
──────────────────────────────────────────────

[2025-11-06 12:00:50] [ERROR] 
❌ Error running Manim on C:/Vivek_Main/Manim_project/inputbox/input_data_20251106_115926/script_seq4/script_seq4.py
──────────────────────────────────────────────
STDERR:
Animation 0: FadeIn(Square), etc.:   0%|          | 0/15 [00:00<?, ?it/s]
Animation 0: FadeIn(Square), etc.:  40%|####      | 6/15 [00:00<00:00, 57.38it/s]
Animation 0: FadeIn(Square), etc.:  80%|########  | 12/15 [00:00<00:00, 43.24it/s]
                                                                                  

Animation 2: Write(MathTex('\\checkmark')):   0%|          | 0/15 [00:00<?, ?it/s]
                                                                                  

Animation 4: Write(MathTex('\\checkmark')):   0%|          | 0/15 [00:00<?, ?it/s]
                                                                                  

Animation 6: Write(MathTex('\\checkmark')):   0%|          | 0/15 [00:00<?, ?it/s]
Animation 6: Write(MathTex('\\checkmark')):  53%|#####3    | 8/15 [00:00<00:00, 71.26it/s]
                                                                                          

Animation 8: Write(MathTex('\\checkmark')):   0%|          | 0/15 [00:00<?, ?it/s]
                                                                                  
+--------------------- Traceback (most recent call last) ---------------------+
| C:\Vivek_Main\tutter\.venv\Lib\site-packages\manim\cli\render\commands.py:1 |
| 25 in render                                                                |
|                                                                             |
|   122             try:                                                      |
|   123                 with tempconfig({}):                                  |
|   124                     scene = SceneClass()                              |
| > 125                     scene.render()                                    |
|   126             except Exception:                                         |
|   127                 error_console.print_exception()                       |
|   128                 sys.exit(1)                                           |
|                                                                             |
| C:\Vivek_Main\tutter\.venv\Lib\site-packages\manim\scene\scene.py:237 in    |
| render                                                                      |
|                                                                             |
|    234         """                                                          |
|    235         self.setup()                                                 |
|    236         try:                                                         |
| >  237             self.construct()                                         |
|    238         except EndSceneEarlyException:                               |
|    239             pass                                                     |
|    240         except RerunSceneException:                                  |
|                                                                             |
| C:\Vivek_Main\Manim_project\inputbox\input_data_20251106_115926\script_seq4 |
| \script_seq4.py:30 in construct                                             |
|                                                                             |
|   27             self.wait(0.5)                                             |
|   28                                                                        |
|   29         # Zoom out to show the entire square with labels and checkmark |
| > 30         self.play(CameraFrame.scale, 1.5, run_time=2)                  |
|   31         self.wait(1)                                                   |
|   32                                                                        |
|   33         # End with a closing message fading in below the square        |
+-----------------------------------------------------------------------------+
NameError: name 'CameraFrame' is not defined

STDOUT:
Manim Community v0.19.0

[11/06/25 12:00:29] INFO     Writing ext{Top Left} to   tex_file_writing.py:111
                             C:\Vivek_Main\tutter\src\m                        
                             edia\videos\input_data_202                        
                             51106_115926\script_seq4\T                        
                             ex\b4ec74e3054d833a.tex                           
[11/06/25 12:00:31] INFO     Writing ext{Top Right} to  tex_file_writing.py:111
                             C:\Vivek_Main\tutter\src\m                        
                             edia\videos\input_data_202                        
                             51106_115926\script_seq4\T                        
                             ex\01893463aeb161d6.tex                           
[11/06/25 12:00:34] INFO     Writing ext{Bottom Left}   tex_file_writing.py:111
                             to                                                
                             C:\Vivek_Main\tutter\src\m                        
                             edia\videos\input_data_202                        
                             51106_115926\script_seq4\T                        
                             ex\483c5c5ee4d4a7b2.tex                           
[11/06/25 12:00:37] INFO     Writing ext{Bottom Right}  tex_file_writing.py:111
                             to                                                
                             C:\Vivek_Main\tutter\src\m                        
                             edia\videos\input_data_202                        
                             51106_115926\script_seq4\T                        
                             ex\fdacea7ab92038e2.tex                           
[11/06/25 12:00:41] INFO     Animation 0 : Partial     scene_file_writer.py:588
                             movie file written in                             
                             'C:\Vivek_Main\tutter\src                         
                             \media\videos\input_data_                         
                             20251106_115926\script_se                         
                             q4\videos\script_seq4\480                         
                             p15\partial_movie_files\L                         
                             abelPlacementRecap\118581                         
                             8338_3823027348_223132457                         
                             .mp4'                                             
                    INFO     Animation 1 : Partial     scene_file_writer.py:588
                             movie file written in                             
                             'C:\Vivek_Main\tutter\src                         
                             \media\videos\input_data_                         
                             20251106_115926\script_se                         
                             q4\videos\script_seq4\480                         
                             p15\partial_movie_files\L                         
                             abelPlacementRecap\624642                         
                             324_4217992463_2003587952                         
                             .mp4'                                             
                    INFO     Writing \checkmark to      tex_file_writing.py:111
                             C:\Vivek_Main\tutter\src\m                        
                             edia\videos\input_data_202                        
                             51106_115926\script_seq4\T                        
                             ex\3340a3fd5601a6ea.tex                           
[11/06/25 12:00:45] INFO     Animation 2 : Partial     scene_file_writer.py:588
                             movie file written in                             
                             'C:\Vivek_Main\tutter\src                         
                             \media\videos\input_data_                         
                             20251106_115926\script_se                         
                             q4\videos\script_seq4\480                         
                             p15\partial_movie_files\L                         
                             abelPlacementRecap\624642                         
                             324_3104448087_1776036223                         
                             .mp4'                                             
                    INFO     Animation 3 : Partial     scene_file_writer.py:588
                             movie file written in                             
                             'C:\Vivek_Main\tutter\src                         
                             \media\videos\input_data_                         
                             20251106_115926\script_se                         
                             q4\videos\script_seq4\480                         
                             p15\partial_movie_files\L                         
                             abelPlacementRecap\624642                         
                             324_3394500337_2460280472                         
                             .mp4'                                             
[11/06/25 12:00:46] INFO     Animation 4 : Partial     scene_file_writer.py:588
                             movie file written in                             
                             'C:\Vivek_Main\tutter\src                         
                             \media\videos\input_data_                         
                             20251106_115926\script_se                         
                             q4\videos\script_seq4\480                         
                             p15\partial_movie_files\L                         
                             abelPlacementRecap\624642                         
                             324_3757962077_3627534665                         
                             .mp4'                                             
                    INFO     Animation 5 : Partial     scene_file_writer.py:588
                             movie file written in                             
                             'C:\Vivek_Main\tutter\src                         
                             \media\videos\input_data_                         
                             20251106_115926\script_se                         
                             q4\videos\script_seq4\480                         
                             p15\partial_movie_files\L                         
                             abelPlacementRecap\624642                         
                             324_3394500337_2145852649                         
                             .mp4'                                             
[11/06/25 12:00:47] INFO     Animation 6 : Partial     scene_file_writer.py:588
                             movie file written in                             
                             'C:\Vivek_Main\tutter\src                         
                             \media\videos\input_data_                         
                             20251106_115926\script_se                         
                             q4\videos\script_seq4\480                         
                             p15\partial_movie_files\L                         
                             abelPlacementRecap\624642                         
                             324_1550558200_1570512572                         
                             .mp4'                                             
[11/06/25 12:00:48] INFO     Animation 7 : Partial     scene_file_writer.py:588
                             movie file written in                             
                             'C:\Vivek_Main\tutter\src                         
                             \media\videos\input_data_                         
                             20251106_115926\script_se                         
                             q4\videos\script_seq4\480                         
                             p15\partial_movie_files\L                         
                             abelPlacementRecap\624642                         
                             324_3394500337_3361430171                         
                             .mp4'                                             
[11/06/25 12:00:49] INFO     Animation 8 : Partial     scene_file_writer.py:588
                             movie file written in                             
                             'C:\Vivek_Main\tutter\src                         
                             \media\videos\input_data_                         
                             20251106_115926\script_se                         
                             q4\videos\script_seq4\480                         
                             p15\partial_movie_files\L                         
                             abelPlacementRecap\624642                         
                             324_232791636_2359311844.                         
                             mp4'                                              
                    INFO     Animation 9 : Partial     scene_file_writer.py:588
                             movie file written in                             
                             'C:\Vivek_Main\tutter\src                         
                             \media\videos\input_data_                         
                             20251106_115926\script_se                         
                             q4\videos\script_seq4\480                         
                             p15\partial_movie_files\L                         
                             abelPlacementRecap\624642                         
                             324_3394500337_1673021251                         
                             .mp4'
──────────────────────────────────────────────

[2025-11-06 12:00:59] [ERROR] ❌ Video and audio lists must have the same length
[2025-11-06 12:00:59] [ERROR] ❌ Video generation error
Traceback (most recent call last):
  File "C:\Vivek_Main\tutter\src\video_pipeline\routes\video_routes.py", line 29, in generate_videos_endpoint
    output_path = await process_pipeline(
                  ^^^^^^^^^^^^^^^^^^^^^^^
  File "C:\Vivek_Main\tutter\src\main.py", line 56, in process_pipeline
    final_video_bytes = MergerFactory.merge_all_videos_with_audio(video_bytes_list, audio_bytes_list)
                        ^^^^^^^^^^^^^^^^^^^^^^^^^^^^^^^^^^^^^^^^^^^^^^^^^^^^^^^^^^^^^^^^^^^^^^^^^^^^^
  File "C:\Vivek_Main\tutter\src\merger_factory.py", line 261, in merge_all_videos_with_audio
    return MergerFactory.merge_video_with_audio(video_bytes_list, audio_bytes_list)
           ^^^^^^^^^^^^^^^^^^^^^^^^^^^^^^^^^^^^^^^^^^^^^^^^^^^^^^^^^^^^^^^^^^^^^^^^
  File "C:\Vivek_Main\tutter\src\merger_factory.py", line 136, in merge_video_with_audio
    raise ValueError("Video and audio lists must have the same length")
ValueError: Video and audio lists must have the same length
[2025-11-06 12:01:00] [ERROR] ❌ HTTP 500: {"detail":"Video and audio lists must have the same length"}
[2025-11-06 12:01:00] [ERROR] ❌ Error writing scripts
Traceback (most recent call last):
  File "C:\Vivek_Main\tutter\src\video_pipeline\routes\write_routes.py", line 27, in write_scripts
    video_result = await async_post(video_url, {"path": str(folder)}, timeout=300)
                   ^^^^^^^^^^^^^^^^^^^^^^^^^^^^^^^^^^^^^^^^^^^^^^^^^^^^^^^^^^^^^^^
  File "C:\Vivek_Main\tutter\src\video_pipeline\utils.py", line 14, in async_post
    raise HTTPException(status_code=resp.status_code, detail=resp.text)
fastapi.exceptions.HTTPException: 500: {"detail":"Video and audio lists must have the same length"}
[2025-11-06 12:01:00] [ERROR] ❌ HTTP 500: {"detail":"500: {\"detail\":\"Video and audio lists must have the same length\"}"}
[2025-11-06 12:01:00] [ERROR] ❌ Error generating code
Traceback (most recent call last):
  File "C:\Vivek_Main\tutter\src\video_pipeline\routes\generator_routes.py", line 20, in generate_code_endpoint
    write_result = await async_post(write_url, result, timeout=120)
                   ^^^^^^^^^^^^^^^^^^^^^^^^^^^^^^^^^^^^^^^^^^^^^^^^
  File "C:\Vivek_Main\tutter\src\video_pipeline\utils.py", line 14, in async_post
    raise HTTPException(status_code=resp.status_code, detail=resp.text)
fastapi.exceptions.HTTPException: 500: {"detail":"500: {\"detail\":\"Video and audio lists must have the same length\"}"}
[2025-11-06 12:01:00] [ERROR] ❌ HTTP 500: {"detail":"500: {\"detail\":\"500: {\\\"detail\\\":\\\"Video and audio lists must have the same length\\\"}\"}"}
