[2025-11-12 16:16:56] [ERROR] 
❌ Error running Manim on C:/Vivek_Main/Manim_project/inputbox/ab2ecbcf-4545-41e9-a5b6-38ee6e24487d_20251112_161637/script_seq1/script_seq1.py
──────────────────────────────────────────────
STDERR:
Animation 0: FadeIn(Text('Labels at Square Corners: Class 10 English')):   0%|          | 0/15 [00:00<?, ?it/s]
Animation 0: FadeIn(Text('Labels at Square Corners: Class 10 English')):  20%|##        | 3/15 [00:00<00:00, 22.82it/s]
Animation 0: FadeIn(Text('Labels at Square Corners: Class 10 English')):  40%|####      | 6/15 [00:00<00:00, 26.54it/s]
Animation 0: FadeIn(Text('Labels at Square Corners: Class 10 English')):  67%|######6   | 10/15 [00:00<00:00, 29.28it/s]
Animation 0: FadeIn(Text('Labels at Square Corners: Class 10 English')):  87%|########6 | 13/15 [00:00<00:00, 29.14it/s]
                                                                                                                        
+--------------------- Traceback (most recent call last) ---------------------+
| C:\Vivek_Main\tutter\.venv\Lib\site-packages\manim\cli\render\commands.py:1 |
| 25 in render                                                                |
|                                                                             |
|   122             try:                                                      |
|   123                 with tempconfig({}):                                  |
|   124                     scene = SceneClass()                              |
| > 125                     scene.render()                                    |
|   126             except Exception:                                         |
|   127                 error_console.print_exception()                       |
|   128                 sys.exit(1)                                           |
|                                                                             |
| C:\Vivek_Main\tutter\.venv\Lib\site-packages\manim\scene\scene.py:237 in    |
| render                                                                      |
|                                                                             |
|    234         """                                                          |
|    235         self.setup()                                                 |
|    236         try:                                                         |
| >  237             self.construct()                                         |
|    238         except EndSceneEarlyException:                               |
|    239             pass                                                     |
|    240         except RerunSceneException:                                  |
|                                                                             |
| C:\Vivek_Main\Manim_project\inputbox\ab2ecbcf-4545-41e9-a5b6-38ee6e24487d_2 |
| 0251112_161637\script_seq1\script_seq1.py:17 in construct                   |
|                                                                             |
|   14         # Zoom out slightly to reveal a simple square shape below the  |
|   15         square = Square(side_length=4, color=BLACK, stroke_width=2)    |
|   16         square.next_to(title, DOWN, buff=1.5)                          |
| > 17         self.play(self.camera.frame.animate.scale(1.2).move_to(square) |
|   18         self.wait(1)                                                   |
|   19                                                                        |
|   20         # Animate four small, colored dots appearing at each corner of |
+-----------------------------------------------------------------------------+
AttributeError: 'Camera' object has no attribute 'frame'

STDOUT:
Manim Community v0.19.0

[11/12/25 16:16:54] INFO     Animation 0 : Partial     scene_file_writer.py:588
                             movie file written in                             
                             'C:\Vivek_Main\tutter\src                         
                             \media\videos\ab2ecbcf-45                         
                             45-41e9-a5b6-38ee6e24487d                         
                             _20251112_161637\script_s                         
                             eq1\videos\script_seq1\48                         
                             0p15\partial_movie_files\                         
                             SquareCornerLabels\931832                         
                             650_3107961746_223132457.                         
                             mp4'                                              
                    INFO     Animation 1 : Partial     scene_file_writer.py:588
                             movie file written in                             
                             'C:\Vivek_Main\tutter\src                         
                             \media\videos\ab2ecbcf-45                         
                             45-41e9-a5b6-38ee6e24487d                         
                             _20251112_161637\script_s                         
                             eq1\videos\script_seq1\48                         
                             0p15\partial_movie_files\                         
                             SquareCornerLabels\190528                         
                             8516_1436906429_199757199                         
                             4.mp4'
──────────────────────────────────────────────

[2025-11-12 16:17:34] [ERROR] 
❌ Error running Manim on C:/Vivek_Main/Manim_project/inputbox/ab2ecbcf-4545-41e9-a5b6-38ee6e24487d_20251112_161637/script_seq2/script_seq2.py
──────────────────────────────────────────────
STDERR:
Animation 0: Rotate(Square):   0%|          | 0/45 [00:00<?, ?it/s]
Animation 0: Rotate(Square):  13%|#3        | 6/45 [00:00<00:00, 47.14it/s]
Animation 0: Rotate(Square):  31%|###1      | 14/45 [00:00<00:00, 58.73it/s]
Animation 0: Rotate(Square):  53%|#####3    | 24/45 [00:00<00:00, 73.84it/s]
Animation 0: Rotate(Square):  76%|#######5  | 34/45 [00:00<00:00, 80.60it/s]
Animation 0: Rotate(Square):  96%|#########5| 43/45 [00:00<00:00, 81.76it/s]
                                                                            

Animation 1: MoveAlongPath(MathTex('A')), etc.:   0%|          | 0/45 [00:00<?, ?it/s]
Animation 1: MoveAlongPath(MathTex('A')), etc.:  16%|#5        | 7/45 [00:00<00:00, 68.73it/s]
Animation 1: MoveAlongPath(MathTex('A')), etc.:  31%|###1      | 14/45 [00:00<00:00, 68.85it/s]
Animation 1: MoveAlongPath(MathTex('A')), etc.:  49%|####8     | 22/45 [00:00<00:00, 72.61it/s]
Animation 1: MoveAlongPath(MathTex('A')), etc.:  67%|######6   | 30/45 [00:00<00:00, 70.34it/s]
Animation 1: MoveAlongPath(MathTex('A')), etc.:  84%|########4 | 38/45 [00:00<00:00, 69.39it/s]
                                                                                               

Animation 2: Indicate(MathTex('A')), etc.:   0%|          | 0/15 [00:00<?, ?it/s]
Animation 2: Indicate(MathTex('A')), etc.:  53%|#####3    | 8/15 [00:00<00:00, 78.58it/s]
                                                                                         

Animation 3: Create(DashedLine), etc.:   0%|          | 0/30 [00:00<?, ?it/s]
Animation 3: Create(DashedLine), etc.:  20%|##        | 6/30 [00:00<00:00, 53.36it/s]
Animation 3: Create(DashedLine), etc.:  40%|####      | 12/30 [00:00<00:00, 47.04it/s]
Animation 3: Create(DashedLine), etc.:  60%|######    | 18/30 [00:00<00:00, 50.98it/s]
Animation 3: Create(DashedLine), etc.:  80%|########  | 24/30 [00:00<00:00, 47.97it/s]
Animation 3: Create(DashedLine), etc.:  97%|#########6| 29/30 [00:00<00:00, 46.81it/s]
                                                                                      
+--------------------- Traceback (most recent call last) ---------------------+
| C:\Vivek_Main\tutter\.venv\Lib\site-packages\manim\cli\render\commands.py:1 |
| 25 in render                                                                |
|                                                                             |
|   122             try:                                                      |
|   123                 with tempconfig({}):                                  |
|   124                     scene = SceneClass()                              |
| > 125                     scene.render()                                    |
|   126             except Exception:                                         |
|   127                 error_console.print_exception()                       |
|   128                 sys.exit(1)                                           |
|                                                                             |
| C:\Vivek_Main\tutter\.venv\Lib\site-packages\manim\scene\scene.py:237 in    |
| render                                                                      |
|                                                                             |
|    234         """                                                          |
|    235         self.setup()                                                 |
|    236         try:                                                         |
| >  237             self.construct()                                         |
|    238         except EndSceneEarlyException:                               |
|    239             pass                                                     |
|    240         except RerunSceneException:                                  |
|                                                                             |
| C:\Vivek_Main\Manim_project\inputbox\ab2ecbcf-4545-41e9-a5b6-38ee6e24487d_2 |
| 0251112_161637\script_seq2\script_seq2.py:32 in construct                   |
|                                                                             |
|   29         self.play(*[Create(line) for line in dashed_lines], run_time=2 |
|   30                                                                        |
|   31         # Zoom in on one corner to show the label and dot in detail    |
| > 32         self.play(CameraFrame.move_to, square.get_corner(UP + LEFT), r |
|   33         self.wait(2)                                                   |
|   34         self.play(CameraFrame.move_to, ORIGIN, run_time=3)             |
|   35                                                                        |
+-----------------------------------------------------------------------------+
NameError: name 'CameraFrame' is not defined

STDOUT:
Manim Community v0.19.0

[11/12/25 16:17:11] INFO     Writing A to               tex_file_writing.py:111
                             C:\Vivek_Main\tutter\src\m                        
                             edia\videos\ab2ecbcf-4545-                        
                             41e9-a5b6-38ee6e24487d_202                        
                             51112_161637\script_seq2\T                        
                             ex\90f07b07e57adf79.tex                           
[11/12/25 16:17:17] INFO     Writing B to               tex_file_writing.py:111
                             C:\Vivek_Main\tutter\src\m                        
                             edia\videos\ab2ecbcf-4545-                        
                             41e9-a5b6-38ee6e24487d_202                        
                             51112_161637\script_seq2\T                        
                             ex\d82288bb87e99d59.tex                           
[11/12/25 16:17:20] INFO     Writing C to               tex_file_writing.py:111
                             C:\Vivek_Main\tutter\src\m                        
                             edia\videos\ab2ecbcf-4545-                        
                             41e9-a5b6-38ee6e24487d_202                        
                             51112_161637\script_seq2\T                        
                             ex\86474863bfdee3e7.tex                           
[11/12/25 16:17:23] INFO     Writing D to               tex_file_writing.py:111
                             C:\Vivek_Main\tutter\src\m                        
                             edia\videos\ab2ecbcf-4545-                        
                             41e9-a5b6-38ee6e24487d_202                        
                             51112_161637\script_seq2\T                        
                             ex\265843fdb06dea70.tex                           
[11/12/25 16:17:30] INFO     Animation 0 : Partial     scene_file_writer.py:588
                             movie file written in                             
                             'C:\Vivek_Main\tutter\src                         
                             \media\videos\ab2ecbcf-45                         
                             45-41e9-a5b6-38ee6e24487d                         
                             _20251112_161637\script_s                         
                             eq2\videos\script_seq2\48                         
                             0p15\partial_movie_files\                         
                             RotateSquareScene\1185818                         
                             338_2782270019_3591229128                         
                             .mp4'                                             
[11/12/25 16:17:31] INFO     Animation 1 : Partial     scene_file_writer.py:588
                             movie file written in                             
                             'C:\Vivek_Main\tutter\src                         
                             \media\videos\ab2ecbcf-45                         
                             45-41e9-a5b6-38ee6e24487d                         
                             _20251112_161637\script_s                         
                             eq2\videos\script_seq2\48                         
                             0p15\partial_movie_files\                         
                             RotateSquareScene\6246423                         
                             24_3122502084_2167600735.                         
                             mp4'                                              
                    INFO     Animation 2 : Partial     scene_file_writer.py:588
                             movie file written in                             
                             'C:\Vivek_Main\tutter\src                         
                             \media\videos\ab2ecbcf-45                         
                             45-41e9-a5b6-38ee6e24487d                         
                             _20251112_161637\script_s                         
                             eq2\videos\script_seq2\48                         
                             0p15\partial_movie_files\                         
                             RotateSquareScene\6246423                         
                             24_1241519484_64087867.mp                         
                             4'                                                
[11/12/25 16:17:33] INFO     Animation 3 : Partial     scene_file_writer.py:588
                             movie file written in                             
                             'C:\Vivek_Main\tutter\src                         
                             \media\videos\ab2ecbcf-45                         
                             45-41e9-a5b6-38ee6e24487d                         
                             _20251112_161637\script_s                         
                             eq2\videos\script_seq2\48                         
                             0p15\partial_movie_files\                         
                             RotateSquareScene\6246423                         
                             24_1889318750_1823591750.                         
                             mp4'
──────────────────────────────────────────────

[2025-11-12 16:17:54] [ERROR] 
❌ Error running Manim on C:/Vivek_Main/Manim_project/inputbox/ab2ecbcf-4545-41e9-a5b6-38ee6e24487d_20251112_161637/script_seq3/script_seq3.py
──────────────────────────────────────────────
STDERR:
Animation 0: FadeIn(VGroup of 4 submobjects), etc.:   0%|          | 0/15 [00:00<?, ?it/s]
Animation 0: FadeIn(VGroup of 4 submobjects), etc.:  33%|###3      | 5/15 [00:00<00:00, 46.84it/s]
Animation 0: FadeIn(VGroup of 4 submobjects), etc.:  67%|######6   | 10/15 [00:00<00:00, 45.97it/s]
                                                                                                   
+--------------------- Traceback (most recent call last) ---------------------+
| C:\Vivek_Main\tutter\.venv\Lib\site-packages\manim\cli\render\commands.py:1 |
| 25 in render                                                                |
|                                                                             |
|   122             try:                                                      |
|   123                 with tempconfig({}):                                  |
|   124                     scene = SceneClass()                              |
| > 125                     scene.render()                                    |
|   126             except Exception:                                         |
|   127                 error_console.print_exception()                       |
|   128                 sys.exit(1)                                           |
|                                                                             |
| C:\Vivek_Main\tutter\.venv\Lib\site-packages\manim\scene\scene.py:237 in    |
| render                                                                      |
|                                                                             |
|    234         """                                                          |
|    235         self.setup()                                                 |
|    236         try:                                                         |
| >  237             self.construct()                                         |
|    238         except EndSceneEarlyException:                               |
|    239             pass                                                     |
|    240         except RerunSceneException:                                  |
|                                                                             |
| C:\Vivek_Main\Manim_project\inputbox\ab2ecbcf-4545-41e9-a5b6-38ee6e24487d_2 |
| 0251112_161637\script_seq3\script_seq3.py:23 in construct                   |
|                                                                             |
|   20         self.play(FadeIn(grid), FadeIn(labels))                        |
|   21                                                                        |
|   22         # Animate a character pointing to each square and its labels   |
| > 23         character = SVGMobject("character.svg").scale(0.5).move_to(DOW |
|   24         self.play(FadeIn(character))                                   |
|   25                                                                        |
|   26         squares = [grid[0], grid[1], grid[2], grid[3]]                 |
|                                                                             |
| C:\Vivek_Main\tutter\.venv\Lib\site-packages\manim\mobject\svg\svg_mobject. |
| py:145 in __init__                                                          |
|                                                                             |
|   142             path_string_config = {}                                   |
|   143         self.path_string_config = path_string_config                  |
|   144                                                                       |
| > 145         self.init_svg_mobject(use_svg_cache=use_svg_cache)            |
|   146                                                                       |
|   147         self.set_style(                                               |
|   148             fill_color=fill_color,                                    |
|                                                                             |
| C:\Vivek_Main\tutter\.venv\Lib\site-packages\manim\mobject\svg\svg_mobject. |
| py:171 in init_svg_mobject                                                  |
|                                                                             |
|   168                 self.add(*mob)                                        |
|   169                 return                                                |
|   170                                                                       |
| > 171         self.generate_mobject()                                       |
|   172         if use_svg_cache:                                             |
|   173             SVG_HASH_TO_MOB_MAP[hash_val] = self.copy()               |
|   174                                                                       |
|                                                                             |
| C:\Vivek_Main\tutter\.venv\Lib\site-packages\manim\mobject\svg\svg_mobject. |
| py:192 in generate_mobject                                                  |
|                                                                             |
|   189                                                                       |
|   190     def generate_mobject(self) -> None:                               |
|   191         """Parse the SVG and translate its elements to submobjects."" |
| > 192         file_path = self.get_file_path()                              |
|   193         element_tree = ET.parse(file_path)                            |
|   194         new_tree = self.modify_xml_tree(element_tree)                 |
|   195         # Create a temporary svg file to dump modified svg to be pars |
|                                                                             |
| C:\Vivek_Main\tutter\.venv\Lib\site-packages\manim\mobject\svg\svg_mobject. |
| py:210 in get_file_path                                                     |
|                                                                             |
|   207         """Search for an existing file based on the specified file na |
|   208         if self.file_name is None:                                    |
|   209             raise ValueError("Must specify file for SVGMobject")      |
| > 210         return get_full_vector_image_path(self.file_name)             |
|   211                                                                       |
|   212     def modify_xml_tree(self, element_tree: ET.ElementTree) -> ET.Ele |
|   213         """Modifies the SVG element tree to include default           |
|                                                                             |
| C:\Vivek_Main\tutter\.venv\Lib\site-packages\manim\utils\images.py:36 in    |
| get_full_vector_image_path                                                  |
|                                                                             |
|   33                                                                        |
|   34                                                                        |
|   35 def get_full_vector_image_path(image_file_name: str | PurePath) -> Pat |
| > 36     return seek_full_path_from_defaults(                               |
|   37         image_file_name,                                               |
|   38         default_dir=config.get_dir("assets_dir"),                      |
|   39         extensions=[".svg"],                                           |
|                                                                             |
| C:\Vivek_Main\tutter\.venv\Lib\site-packages\manim\utils\file_ops.py:182 in |
| seek_full_path_from_defaults                                                |
|                                                                             |
|   179         f"From: {Path.cwd()}, could not find {file_name} at either "  |
|   180         f"of these locations: {list(map(str, possible_paths))}"       |
|   181     )                                                                 |
| > 182     raise OSError(error)                                              |
|   183                                                                       |
|   184                                                                       |
|   185 def modify_atime(file_path: str) -> None:                             |
+-----------------------------------------------------------------------------+
OSError: From: C:\Vivek_Main\tutter\src, could not find character.svg at either
of these locations: ['character.svg', 'character.svg', 'character.svg.svg']

STDOUT:
Manim Community v0.19.0

[11/12/25 16:17:52] INFO     Animation 0 : Partial     scene_file_writer.py:588
                             movie file written in                             
                             'C:\Vivek_Main\tutter\src                         
                             \media\videos\ab2ecbcf-45                         
                             45-41e9-a5b6-38ee6e24487d                         
                             _20251112_161637\script_s                         
                             eq3\videos\script_seq3\48                         
                             0p15\partial_movie_files\                         
                             GridLabelingScene\9318326                         
                             50_1453702789_223132457.m                         
                             p4'
──────────────────────────────────────────────

[2025-11-12 16:18:14] [ERROR] 
❌ Error running Manim on C:/Vivek_Main/Manim_project/inputbox/ab2ecbcf-4545-41e9-a5b6-38ee6e24487d_20251112_161637/script_seq4/script_seq4.py
──────────────────────────────────────────────
STDERR:
Animation 0: FadeIn(VGroup of 4 submobjects):   0%|          | 0/15 [00:00<?, ?it/s]
Animation 0: FadeIn(VGroup of 4 submobjects):  33%|###3      | 5/15 [00:00<00:00, 45.06it/s]
Animation 0: FadeIn(VGroup of 4 submobjects):  67%|######6   | 10/15 [00:00<00:00, 43.75it/s]
Animation 0: FadeIn(VGroup of 4 submobjects): 100%|##########| 15/15 [00:00<00:00, 45.74it/s]
                                                                                             
+--------------------- Traceback (most recent call last) ---------------------+
| C:\Vivek_Main\tutter\.venv\Lib\site-packages\manim\cli\render\commands.py:1 |
| 25 in render                                                                |
|                                                                             |
|   122             try:                                                      |
|   123                 with tempconfig({}):                                  |
|   124                     scene = SceneClass()                              |
| > 125                     scene.render()                                    |
|   126             except Exception:                                         |
|   127                 error_console.print_exception()                       |
|   128                 sys.exit(1)                                           |
|                                                                             |
| C:\Vivek_Main\tutter\.venv\Lib\site-packages\manim\scene\scene.py:237 in    |
| render                                                                      |
|                                                                             |
|    234         """                                                          |
|    235         self.setup()                                                 |
|    236         try:                                                         |
| >  237             self.construct()                                         |
|    238         except EndSceneEarlyException:                               |
|    239             pass                                                     |
|    240         except RerunSceneException:                                  |
|                                                                             |
| C:\Vivek_Main\Manim_project\inputbox\ab2ecbcf-4545-41e9-a5b6-38ee6e24487d_2 |
| 0251112_161637\script_seq4\script_seq4.py:19 in construct                   |
|                                                                             |
|   16         self.wait(1)                                                   |
|   17                                                                        |
|   18         # Zoom out to show the entire grid                             |
| > 19         self.play(CameraFrame.scale, 0.7, run_time=2)                  |
|   20         self.wait(1)                                                   |
|   21                                                                        |
|   22         # Fade in summary text                                         |
+-----------------------------------------------------------------------------+
NameError: name 'CameraFrame' is not defined

STDOUT:
Manim Community v0.19.0

[11/12/25 16:18:11] INFO     Animation 0 : Partial     scene_file_writer.py:588
                             movie file written in                             
                             'C:\Vivek_Main\tutter\src                         
                             \media\videos\ab2ecbcf-45                         
                             45-41e9-a5b6-38ee6e24487d                         
                             _20251112_161637\script_s                         
                             eq4\videos\script_seq4\48                         
                             0p15\partial_movie_files\                         
                             Scene4\1185818338_2610074                         
                             577_223132457.mp4'                                
[11/12/25 16:18:12] INFO     Animation 1 : Partial     scene_file_writer.py:588
                             movie file written in                             
                             'C:\Vivek_Main\tutter\src                         
                             \media\videos\ab2ecbcf-45                         
                             45-41e9-a5b6-38ee6e24487d                         
                             _20251112_161637\script_s                         
                             eq4\videos\script_seq4\48                         
                             0p15\partial_movie_files\                         
                             Scene4\624642324_42179924                         
                             63_2191164580.mp4'
──────────────────────────────────────────────

[2025-11-12 16:18:37] [ERROR] ❌ Error generating code
Traceback (most recent call last):
  File "C:\Vivek_Main\tutter\.venv\Lib\site-packages\httpx\_transports\default.py", line 101, in map_httpcore_exceptions
    yield
  File "C:\Vivek_Main\tutter\.venv\Lib\site-packages\httpx\_transports\default.py", line 394, in handle_async_request
    resp = await self._pool.handle_async_request(req)
           ^^^^^^^^^^^^^^^^^^^^^^^^^^^^^^^^^^^^^^^^^^
  File "C:\Vivek_Main\tutter\.venv\Lib\site-packages\httpcore\_async\connection_pool.py", line 256, in handle_async_request
    raise exc from None
  File "C:\Vivek_Main\tutter\.venv\Lib\site-packages\httpcore\_async\connection_pool.py", line 236, in handle_async_request
    response = await connection.handle_async_request(
               ^^^^^^^^^^^^^^^^^^^^^^^^^^^^^^^^^^^^^^
  File "C:\Vivek_Main\tutter\.venv\Lib\site-packages\httpcore\_async\connection.py", line 103, in handle_async_request
    return await self._connection.handle_async_request(request)
           ^^^^^^^^^^^^^^^^^^^^^^^^^^^^^^^^^^^^^^^^^^^^^^^^^^^^
  File "C:\Vivek_Main\tutter\.venv\Lib\site-packages\httpcore\_async\http11.py", line 136, in handle_async_request
    raise exc
  File "C:\Vivek_Main\tutter\.venv\Lib\site-packages\httpcore\_async\http11.py", line 106, in handle_async_request
    ) = await self._receive_response_headers(**kwargs)
        ^^^^^^^^^^^^^^^^^^^^^^^^^^^^^^^^^^^^^^^^^^^^^^
  File "C:\Vivek_Main\tutter\.venv\Lib\site-packages\httpcore\_async\http11.py", line 177, in _receive_response_headers
    event = await self._receive_event(timeout=timeout)
            ^^^^^^^^^^^^^^^^^^^^^^^^^^^^^^^^^^^^^^^^^^
  File "C:\Vivek_Main\tutter\.venv\Lib\site-packages\httpcore\_async\http11.py", line 217, in _receive_event
    data = await self._network_stream.read(
           ^^^^^^^^^^^^^^^^^^^^^^^^^^^^^^^^
  File "C:\Vivek_Main\tutter\.venv\Lib\site-packages\httpcore\_backends\anyio.py", line 32, in read
    with map_exceptions(exc_map):
  File "C:\Users\vivek_vslen2j\AppData\Local\Programs\Python\Python311\Lib\contextlib.py", line 158, in __exit__
    self.gen.throw(typ, value, traceback)
  File "C:\Vivek_Main\tutter\.venv\Lib\site-packages\httpcore\_exceptions.py", line 14, in map_exceptions
    raise to_exc(exc) from exc
httpcore.ReadTimeout

The above exception was the direct cause of the following exception:

Traceback (most recent call last):
  File "C:\Vivek_Main\tutter\src\video_pipeline\routes\generator_routes.py", line 30, in generate_code_endpoint
    write_result = await async_post(write_url, result, timeout=120)
                   ^^^^^^^^^^^^^^^^^^^^^^^^^^^^^^^^^^^^^^^^^^^^^^^^
  File "C:\Vivek_Main\tutter\src\video_pipeline\utils.py", line 12, in async_post
    resp = await client.post(url, json=payload, headers={"Content-Type": "application/json"})
           ^^^^^^^^^^^^^^^^^^^^^^^^^^^^^^^^^^^^^^^^^^^^^^^^^^^^^^^^^^^^^^^^^^^^^^^^^^^^^^^^^^
  File "C:\Vivek_Main\tutter\.venv\Lib\site-packages\httpx\_client.py", line 1859, in post
    return await self.request(
           ^^^^^^^^^^^^^^^^^^^
  File "C:\Vivek_Main\tutter\.venv\Lib\site-packages\httpx\_client.py", line 1540, in request
    return await self.send(request, auth=auth, follow_redirects=follow_redirects)
           ^^^^^^^^^^^^^^^^^^^^^^^^^^^^^^^^^^^^^^^^^^^^^^^^^^^^^^^^^^^^^^^^^^^^^^
  File "C:\Vivek_Main\tutter\.venv\Lib\site-packages\httpx\_client.py", line 1629, in send
    response = await self._send_handling_auth(
               ^^^^^^^^^^^^^^^^^^^^^^^^^^^^^^^
  File "C:\Vivek_Main\tutter\.venv\Lib\site-packages\httpx\_client.py", line 1657, in _send_handling_auth
    response = await self._send_handling_redirects(
               ^^^^^^^^^^^^^^^^^^^^^^^^^^^^^^^^^^^^
  File "C:\Vivek_Main\tutter\.venv\Lib\site-packages\httpx\_client.py", line 1694, in _send_handling_redirects
    response = await self._send_single_request(request)
               ^^^^^^^^^^^^^^^^^^^^^^^^^^^^^^^^^^^^^^^^
  File "C:\Vivek_Main\tutter\.venv\Lib\site-packages\httpx\_client.py", line 1730, in _send_single_request
    response = await transport.handle_async_request(request)
               ^^^^^^^^^^^^^^^^^^^^^^^^^^^^^^^^^^^^^^^^^^^^^
  File "C:\Vivek_Main\tutter\.venv\Lib\site-packages\httpx\_transports\default.py", line 393, in handle_async_request
    with map_httpcore_exceptions():
  File "C:\Users\vivek_vslen2j\AppData\Local\Programs\Python\Python311\Lib\contextlib.py", line 158, in __exit__
    self.gen.throw(typ, value, traceback)
  File "C:\Vivek_Main\tutter\.venv\Lib\site-packages\httpx\_transports\default.py", line 118, in map_httpcore_exceptions
    raise mapped_exc(message) from exc
httpx.ReadTimeout
[2025-11-12 16:18:38] [ERROR] ❌ HTTP 500: {"detail":""}
[2025-11-12 16:18:39] [ERROR] ❌ Video and audio list length mismatch
[2025-11-12 16:18:39] [ERROR] ❌ Video generation error
Traceback (most recent call last):
  File "C:\Vivek_Main\tutter\src\video_pipeline\routes\video_routes.py", line 36, in generate_videos_endpoint
    output_path = await process_pipeline(
                  ^^^^^^^^^^^^^^^^^^^^^^^
  File "C:\Vivek_Main\tutter\src\main.py", line 63, in process_pipeline
    final_video_bytes = MergerFactory.merge_all_videos_with_audio(video_bytes_list, audio_bytes_list,unique_id)
                        ^^^^^^^^^^^^^^^^^^^^^^^^^^^^^^^^^^^^^^^^^^^^^^^^^^^^^^^^^^^^^^^^^^^^^^^^^^^^^^^^^^^^^^^
  File "C:\Vivek_Main\tutter\src\merger_factory.py", line 209, in merge_all_videos_with_audio
    return MergerFactory.merge_video_with_audio(video_bytes_list, audio_bytes_list, unique_id)
           ^^^^^^^^^^^^^^^^^^^^^^^^^^^^^^^^^^^^^^^^^^^^^^^^^^^^^^^^^^^^^^^^^^^^^^^^^^^^^^^^^^^
  File "C:\Vivek_Main\tutter\src\merger_factory.py", line 132, in merge_video_with_audio
    raise ValueError("Video and audio lists must have the same length")
ValueError: Video and audio lists must have the same length
[2025-11-12 16:18:39] [ERROR] ❌ HTTP 500: {"detail":"Video and audio lists must have the same length"}
[2025-11-12 16:18:39] [ERROR] ❌ Error writing scripts
Traceback (most recent call last):
  File "C:\Vivek_Main\tutter\src\video_pipeline\routes\write_routes.py", line 42, in write_scripts
    video_result = await async_post(video_url, {"path": str(folder),"unique_id":data.unique_id}, timeout=300)
                   ^^^^^^^^^^^^^^^^^^^^^^^^^^^^^^^^^^^^^^^^^^^^^^^^^^^^^^^^^^^^^^^^^^^^^^^^^^^^^^^^^^^^^^^^^^
  File "C:\Vivek_Main\tutter\src\video_pipeline\utils.py", line 15, in async_post
    raise HTTPException(status_code=resp.status_code, detail=resp.text)
fastapi.exceptions.HTTPException: 500: {"detail":"Video and audio lists must have the same length"}
