[2025-11-10 13:44:37] [INFO] 90782b1d-9a1d-4223-8618-b2382b1179c1
[2025-11-10 13:44:38] [INFO] 🧠 Generating script for topic='Labels placed correctly at square corners', class='10'
[2025-11-10 13:44:40] [INFO] 
You are an expert in storytelling and Manim Community Edition animation design.
Your task:
Generate a JSON script that describes the full video in a step-by-step, highly detailed way.
Each scene/sequence should have a flexible length between 25 to 45 seconds.
You can break the video into multiple sequences/scenes if needed to explain the concept clearly.
Narration and animations must be tightly synchronized:
Step i in "script_for_manim" must align exactly with step i in "script_voice_over".
Ensure pacing: narration should match animation timing naturally.
"script_length" should reflect the realistic duration of each scene.

Each JSON object must include:
- "script_seq" → scene number.
- "script_for_manim" → array of detailed English animation steps (no Manim code).
- "script_voice_over" → array of narration lines aligned step-by-step with visuals.
- "script_length" → approximate duration of the scene (25–45 seconds).

Rules:
- Use descriptive English for visuals (no code).
- Narration must align with visuals.
- Describe each animation step precisely.
- Break complex ideas into smaller, smooth transitions.
- Maintain consistent references between scenes.
- Scene 1: Introduction
- Scene 2: Concept Demonstration
- Scene 3: Application/Example
- Scene 4: Recap/Closing
📌 Continuity Rule: The last frame of a scene becomes the first frame of the next.

Output format:
Return only a valid JSON array (no extra text).

📌 Topic: Labels placed correctly at square corners for class 10 in English language

[2025-11-10 13:44:50] [INFO] ```json
[
  {
    "script_seq": 1,
    "script_for_manim": [
      "Start with a blank canvas.",
      "Fade in a large, centered title: 'Labels at Square Corners: Class 10 English'.",
      "Zoom out slightly to reveal a simple square shape below the title.",
      "Animate four small, empty labels appearing at each corner of the square, initially overlapping the corners.",
      "Move each label slightly outward to avoid overlapping, maintaining alignment with the corners."
    ],
    "script_voice_over": [
      "Welcome to our lesson on placing labels correctly at square corners for Class 10 English.",
      "Today, we’ll explore how to position labels neatly and accurately.",
      "Here’s a square, a common shape used in diagrams and illustrations.",
      "Let’s add labels to its corners, starting with them overlapping the corners.",
      "Now, we’ll adjust the labels to ensure they’re clearly visible and aligned perfectly."
    ],
    "script_length": 30
  },
  {
    "script_seq": 2,
    "script_for_manim": [
      "Highlight one corner label with a glowing effect.",
      "Animate an arrow pointing from the label to the exact corner it represents.",
      "Repeat the highlight and arrow animation for each of the remaining three labels.",
      "Show all four labels with arrows simultaneously, then fade the arrows out.",
      "Zoom in slightly on the square with labels for emphasis."
    ],
    "script_voice_over": [
      "Each label corresponds to a specific corner of the square.",
      "For example, this label points directly to its respective corner.",
      "Let’s repeat this for the other corners to ensure clarity.",
      "Now, all labels are correctly aligned with their corners.",
      "This clear alignment makes the diagram easy to understand."
    ],
    "script_length": 35
  },
  {
    "script_seq": 3,
    "script_for_manim": [
      "Fade out the square and labels, then replace them with a map of a classroom.",
      "Highlight four corners of the classroom map with small squares.",
      "Animate labels appearing at each corner of the classroom map, similar to the square example.",
      "Show students’ names appearing in the labels, each assigned to a corner.",
      "Zoom in on one corner to emphasize the label and its position."
    ],
    "script_voice_over": [
      "Let’s apply this concept to a real-world example: labeling corners in a classroom map.",
      "Here’s a classroom layout with four distinct corners.",
      "We’ll place labels at each corner, just like we did with the square.",
      "Imagine assigning students to different corners for group activities.",
      "Each label clearly indicates the student’s designated corner, avoiding confusion."
    ],
    "script_length": 40
  },
  {
    "script_seq": 4,
    "script_for_manim": [
      "Fade back to the original square with labels.",
      "Animate the labels shrinking slightly and becoming more subtle.",
      "Show a checklist appearing beside the square: '1. Align labels with corners. 2. Avoid overlapping. 3. Ensure clarity.'",
      "Highlight each checklist item as it’s mentioned in the narration.",
      "End with a final zoom out, displaying the title and square with labels one last time."
    ],
    "script_voice_over": [
      "To recap, placing labels at square corners involves three key steps.",
      "First, align each label precisely with its corner.",
      "Second, avoid overlapping to maintain neatness.",
      "Third, ensure the labels are clear and easy to read.",
      "Mastering this skill will enhance your diagrams and presentations. Thank you for watching!"
    ],
    "script_length": 35
  }
]
```
