[2025-11-06 17:05:37] [ERROR] 
❌ Error running Manim on C:/Vivek_Main/Manim_project/inputbox/input_data_20251106_170524/script_seq1/script_seq1.py
──────────────────────────────────────────────
STDERR:
Animation 0: FadeIn(Text('Labels at Square Corners: Class 10 English')):   0%|          | 0/15 [00:00<?, ?it/s]
Animation 0: FadeIn(Text('Labels at Square Corners: Class 10 English')):  20%|##        | 3/15 [00:00<00:00, 25.66it/s]
Animation 0: FadeIn(Text('Labels at Square Corners: Class 10 English')):  40%|####      | 6/15 [00:00<00:00, 25.57it/s]
Animation 0: FadeIn(Text('Labels at Square Corners: Class 10 English')):  67%|######6   | 10/15 [00:00<00:00, 31.34it/s]
                                                                                                                        
+--------------------- Traceback (most recent call last) ---------------------+
| C:\Vivek_Main\tutter\.venv\Lib\site-packages\manim\cli\render\commands.py:1 |
| 25 in render                                                                |
|                                                                             |
|   122             try:                                                      |
|   123                 with tempconfig({}):                                  |
|   124                     scene = SceneClass()                              |
| > 125                     scene.render()                                    |
|   126             except Exception:                                         |
|   127                 error_console.print_exception()                       |
|   128                 sys.exit(1)                                           |
|                                                                             |
| C:\Vivek_Main\tutter\.venv\Lib\site-packages\manim\scene\scene.py:237 in    |
| render                                                                      |
|                                                                             |
|    234         """                                                          |
|    235         self.setup()                                                 |
|    236         try:                                                         |
| >  237             self.construct()                                         |
|    238         except EndSceneEarlyException:                               |
|    239             pass                                                     |
|    240         except RerunSceneException:                                  |
|                                                                             |
| C:\Vivek_Main\Manim_project\inputbox\input_data_20251106_170524\script_seq1 |
| \script_seq1.py:15 in construct                                             |
|                                                                             |
|   12                                                                        |
|   13         # Zoom out slightly to reveal a simple square shape below the  |
|   14         square = Square(side_length=4, color=BLACK).move_to(DOWN * 2)  |
| > 15         self.play(FadeIn(square), self.camera.frame.animate.scale(1.2) |
|   16         self.wait(1)                                                   |
|   17                                                                        |
|   18         # Animate four small, empty labels appearing at each corner of |
+-----------------------------------------------------------------------------+
AttributeError: 'Camera' object has no attribute 'frame'

STDOUT:
Manim Community v0.19.0

[11/06/25 17:05:35] INFO     Animation 0 : Partial     scene_file_writer.py:588
                             movie file written in                             
                             'C:\Vivek_Main\tutter\src                         
                             \media\videos\input_data_                         
                             20251106_170524\script_se                         
                             q1\videos\script_seq1\480                         
                             p15\partial_movie_files\S                         
                             quareCornerLabels\9318326                         
                             50_3107961746_223132457.m                         
                             p4'                                               
                    INFO     Animation 1 : Partial     scene_file_writer.py:588
                             movie file written in                             
                             'C:\Vivek_Main\tutter\src                         
                             \media\videos\input_data_                         
                             20251106_170524\script_se                         
                             q1\videos\script_seq1\480                         
                             p15\partial_movie_files\S                         
                             quareCornerLabels\1905288                         
                             516_1436906429_1997571994                         
                             .mp4'
──────────────────────────────────────────────

[2025-11-06 17:06:06] [ERROR] 
❌ Error running Manim on C:/Vivek_Main/Manim_project/inputbox/input_data_20251106_170524/script_seq2/script_seq2.py
──────────────────────────────────────────────
STDERR:
Animation 0: Create(Square):   0%|          | 0/15 [00:00<?, ?it/s]
Animation 0: Create(Square):  47%|####6     | 7/15 [00:00<00:00, 62.49it/s]
                                                                           

Animation 1: Write(MathTex('A')), etc.:   0%|          | 0/15 [00:00<?, ?it/s]
Animation 1: Write(MathTex('A')), etc.:  73%|#######3  | 11/15 [00:00<00:00, 105.52it/s]
                                                                                        
+--------------------- Traceback (most recent call last) ---------------------+
| C:\Vivek_Main\tutter\.venv\Lib\site-packages\manim\cli\render\commands.py:1 |
| 25 in render                                                                |
|                                                                             |
|   122             try:                                                      |
|   123                 with tempconfig({}):                                  |
|   124                     scene = SceneClass()                              |
| > 125                     scene.render()                                    |
|   126             except Exception:                                         |
|   127                 error_console.print_exception()                       |
|   128                 sys.exit(1)                                           |
|                                                                             |
| C:\Vivek_Main\tutter\.venv\Lib\site-packages\manim\scene\scene.py:237 in    |
| render                                                                      |
|                                                                             |
|    234         """                                                          |
|    235         self.setup()                                                 |
|    236         try:                                                         |
| >  237             self.construct()                                         |
|    238         except EndSceneEarlyException:                               |
|    239             pass                                                     |
|    240         except RerunSceneException:                                  |
|                                                                             |
| C:\Vivek_Main\Manim_project\inputbox\input_data_20251106_170524\script_seq2 |
| \script_seq2.py:26 in construct                                             |
|                                                                             |
|   23                                                                        |
|   24         # Highlight one corner label with a glowing effect and animate |
|   25         for label, corner in zip(labels, corners):                     |
| > 26             glow = GlowEffect(color=YELLOW, radius=0.2).update(label)  |
|   27             arrow = Arrow(label.get_center(), corner, buff=0.1, color= |
|   28             self.play(AddGlowEffect(label, glow), Create(arrow))       |
|   29             self.wait(1)                                               |
+-----------------------------------------------------------------------------+
NameError: name 'GlowEffect' is not defined

STDOUT:
Manim Community v0.19.0

[11/06/25 17:05:53] INFO     Writing A to               tex_file_writing.py:111
                             C:\Vivek_Main\tutter\src\m                        
                             edia\videos\input_data_202                        
                             51106_170524\script_seq2\T                        
                             ex\90f07b07e57adf79.tex                           
[11/06/25 17:05:56] INFO     Writing B to               tex_file_writing.py:111
                             C:\Vivek_Main\tutter\src\m                        
                             edia\videos\input_data_202                        
                             51106_170524\script_seq2\T                        
                             ex\d82288bb87e99d59.tex                           
[11/06/25 17:05:58] INFO     Writing C to               tex_file_writing.py:111
                             C:\Vivek_Main\tutter\src\m                        
                             edia\videos\input_data_202                        
                             51106_170524\script_seq2\T                        
                             ex\86474863bfdee3e7.tex                           
[11/06/25 17:06:01] INFO     Writing D to               tex_file_writing.py:111
                             C:\Vivek_Main\tutter\src\m                        
                             edia\videos\input_data_202                        
                             51106_170524\script_seq2\T                        
                             ex\265843fdb06dea70.tex                           
[11/06/25 17:06:04] INFO     Animation 0 : Partial     scene_file_writer.py:588
                             movie file written in                             
                             'C:\Vivek_Main\tutter\src                         
                             \media\videos\input_data_                         
                             20251106_170524\script_se                         
                             q2\videos\script_seq2\480                         
                             p15\partial_movie_files\S                         
                             quareLabelAnimation\11858                         
                             18338_3167534230_22313245                         
                             7.mp4'                                            
[11/06/25 17:06:05] INFO     Animation 1 : Partial     scene_file_writer.py:588
                             movie file written in                             
                             'C:\Vivek_Main\tutter\src                         
                             \media\videos\input_data_                         
                             20251106_170524\script_se                         
                             q2\videos\script_seq2\480                         
                             p15\partial_movie_files\S                         
                             quareLabelAnimation\62464                         
                             2324_3390859784_128604744                         
                             2.mp4'
──────────────────────────────────────────────

[2025-11-06 17:06:24] [ERROR] 
❌ Error running Manim on C:/Vivek_Main/Manim_project/inputbox/input_data_20251106_170524/script_seq3/script_seq3.py
──────────────────────────────────────────────
STDERR:
+--------------------- Traceback (most recent call last) ---------------------+
| C:\Vivek_Main\tutter\.venv\Lib\site-packages\manim\cli\render\commands.py:1 |
| 25 in render                                                                |
|                                                                             |
|   122             try:                                                      |
|   123                 with tempconfig({}):                                  |
|   124                     scene = SceneClass()                              |
| > 125                     scene.render()                                    |
|   126             except Exception:                                         |
|   127                 error_console.print_exception()                       |
|   128                 sys.exit(1)                                           |
|                                                                             |
| C:\Vivek_Main\tutter\.venv\Lib\site-packages\manim\scene\scene.py:237 in    |
| render                                                                      |
|                                                                             |
|    234         """                                                          |
|    235         self.setup()                                                 |
|    236         try:                                                         |
| >  237             self.construct()                                         |
|    238         except EndSceneEarlyException:                               |
|    239             pass                                                     |
|    240         except RerunSceneException:                                  |
|                                                                             |
| C:\Vivek_Main\Manim_project\inputbox\input_data_20251106_170524\script_seq3 |
| \script_seq3.py:21 in construct                                             |
|                                                                             |
|   18         self.add(classroom, *labels.values())                          |
|   19                                                                        |
|   20         # Create student icon                                          |
| > 21         student = SVGMobject("student_icon.svg").scale(0.5).move_to(LE |
|   22                                                                        |
|   23         # Voiceover 1                                                  |
|   24         self.play(Write(classroom), run_time=2)                        |
|                                                                             |
| C:\Vivek_Main\tutter\.venv\Lib\site-packages\manim\mobject\svg\svg_mobject. |
| py:145 in __init__                                                          |
|                                                                             |
|   142             path_string_config = {}                                   |
|   143         self.path_string_config = path_string_config                  |
|   144                                                                       |
| > 145         self.init_svg_mobject(use_svg_cache=use_svg_cache)            |
|   146                                                                       |
|   147         self.set_style(                                               |
|   148             fill_color=fill_color,                                    |
|                                                                             |
| C:\Vivek_Main\tutter\.venv\Lib\site-packages\manim\mobject\svg\svg_mobject. |
| py:171 in init_svg_mobject                                                  |
|                                                                             |
|   168                 self.add(*mob)                                        |
|   169                 return                                                |
|   170                                                                       |
| > 171         self.generate_mobject()                                       |
|   172         if use_svg_cache:                                             |
|   173             SVG_HASH_TO_MOB_MAP[hash_val] = self.copy()               |
|   174                                                                       |
|                                                                             |
| C:\Vivek_Main\tutter\.venv\Lib\site-packages\manim\mobject\svg\svg_mobject. |
| py:192 in generate_mobject                                                  |
|                                                                             |
|   189                                                                       |
|   190     def generate_mobject(self) -> None:                               |
|   191         """Parse the SVG and translate its elements to submobjects."" |
| > 192         file_path = self.get_file_path()                              |
|   193         element_tree = ET.parse(file_path)                            |
|   194         new_tree = self.modify_xml_tree(element_tree)                 |
|   195         # Create a temporary svg file to dump modified svg to be pars |
|                                                                             |
| C:\Vivek_Main\tutter\.venv\Lib\site-packages\manim\mobject\svg\svg_mobject. |
| py:210 in get_file_path                                                     |
|                                                                             |
|   207         """Search for an existing file based on the specified file na |
|   208         if self.file_name is None:                                    |
|   209             raise ValueError("Must specify file for SVGMobject")      |
| > 210         return get_full_vector_image_path(self.file_name)             |
|   211                                                                       |
|   212     def modify_xml_tree(self, element_tree: ET.ElementTree) -> ET.Ele |
|   213         """Modifies the SVG element tree to include default           |
|                                                                             |
| C:\Vivek_Main\tutter\.venv\Lib\site-packages\manim\utils\images.py:36 in    |
| get_full_vector_image_path                                                  |
|                                                                             |
|   33                                                                        |
|   34                                                                        |
|   35 def get_full_vector_image_path(image_file_name: str | PurePath) -> Pat |
| > 36     return seek_full_path_from_defaults(                               |
|   37         image_file_name,                                               |
|   38         default_dir=config.get_dir("assets_dir"),                      |
|   39         extensions=[".svg"],                                           |
|                                                                             |
| C:\Vivek_Main\tutter\.venv\Lib\site-packages\manim\utils\file_ops.py:182 in |
| seek_full_path_from_defaults                                                |
|                                                                             |
|   179         f"From: {Path.cwd()}, could not find {file_name} at either "  |
|   180         f"of these locations: {list(map(str, possible_paths))}"       |
|   181     )                                                                 |
| > 182     raise OSError(error)                                              |
|   183                                                                       |
|   184                                                                       |
|   185 def modify_atime(file_path: str) -> None:                             |
+-----------------------------------------------------------------------------+
OSError: From: C:\Vivek_Main\tutter\src, could not find student_icon.svg at 
either of these locations: ['student_icon.svg', 'student_icon.svg', 
'student_icon.svg.svg']

STDOUT:
Manim Community v0.19.0

[11/06/25 17:06:13] INFO     Writing A to               tex_file_writing.py:111
                             C:\Vivek_Main\tutter\src\m                        
                             edia\videos\input_data_202                        
                             51106_170524\script_seq3\T                        
                             ex\90f07b07e57adf79.tex                           
[11/06/25 17:06:16] INFO     Writing B to               tex_file_writing.py:111
                             C:\Vivek_Main\tutter\src\m                        
                             edia\videos\input_data_202                        
                             51106_170524\script_seq3\T                        
                             ex\d82288bb87e99d59.tex                           
[11/06/25 17:06:18] INFO     Writing C to               tex_file_writing.py:111
                             C:\Vivek_Main\tutter\src\m                        
                             edia\videos\input_data_202                        
                             51106_170524\script_seq3\T                        
                             ex\86474863bfdee3e7.tex                           
[11/06/25 17:06:21] INFO     Writing D to               tex_file_writing.py:111
                             C:\Vivek_Main\tutter\src\m                        
                             edia\videos\input_data_202                        
                             51106_170524\script_seq3\T                        
                             ex\265843fdb06dea70.tex
──────────────────────────────────────────────

[2025-11-06 17:06:41] [ERROR] 
❌ Error running Manim on C:/Vivek_Main/Manim_project/inputbox/input_data_20251106_170524/script_seq4/script_seq4.py
──────────────────────────────────────────────
STDERR:
+--------------------- Traceback (most recent call last) ---------------------+
| C:\Vivek_Main\tutter\.venv\Lib\site-packages\manim\cli\render\commands.py:1 |
| 25 in render                                                                |
|                                                                             |
|   122             try:                                                      |
|   123                 with tempconfig({}):                                  |
|   124                     scene = SceneClass()                              |
| > 125                     scene.render()                                    |
|   126             except Exception:                                         |
|   127                 error_console.print_exception()                       |
|   128                 sys.exit(1)                                           |
|                                                                             |
| C:\Vivek_Main\tutter\.venv\Lib\site-packages\manim\scene\scene.py:237 in    |
| render                                                                      |
|                                                                             |
|    234         """                                                          |
|    235         self.setup()                                                 |
|    236         try:                                                         |
| >  237             self.construct()                                         |
|    238         except EndSceneEarlyException:                               |
|    239             pass                                                     |
|    240         except RerunSceneException:                                  |
|                                                                             |
| C:\Vivek_Main\Manim_project\inputbox\input_data_20251106_170524\script_seq4 |
| \script_seq4.py:15 in construct                                             |
|                                                                             |
|   12         ]                                                              |
|   13                                                                        |
|   14         # Fade out classroom diagram (assumed to be present initially) |
| > 15         self.play(FadeOut(self.camera.frame))                          |
|   16                                                                        |
|   17         # Bring back the original square with labels                   |
|   18         self.play(FadeIn(square), *[FadeIn(label) for label in labels] |
+-----------------------------------------------------------------------------+
AttributeError: 'Camera' object has no attribute 'frame'

STDOUT:
Manim Community v0.19.0

[11/06/25 17:06:32] INFO     Writing A to               tex_file_writing.py:111
                             C:\Vivek_Main\tutter\src\m                        
                             edia\videos\input_data_202                        
                             51106_170524\script_seq4\T                        
                             ex\90f07b07e57adf79.tex                           
[11/06/25 17:06:34] INFO     Writing B to               tex_file_writing.py:111
                             C:\Vivek_Main\tutter\src\m                        
                             edia\videos\input_data_202                        
                             51106_170524\script_seq4\T                        
                             ex\d82288bb87e99d59.tex                           
[11/06/25 17:06:36] INFO     Writing C to               tex_file_writing.py:111
                             C:\Vivek_Main\tutter\src\m                        
                             edia\videos\input_data_202                        
                             51106_170524\script_seq4\T                        
                             ex\86474863bfdee3e7.tex                           
[11/06/25 17:06:38] INFO     Writing D to               tex_file_writing.py:111
                             C:\Vivek_Main\tutter\src\m                        
                             edia\videos\input_data_202                        
                             51106_170524\script_seq4\T                        
                             ex\265843fdb06dea70.tex
──────────────────────────────────────────────

[2025-11-06 17:06:46] [ERROR] ❌ Video and audio lists must have the same length
[2025-11-06 17:06:47] [ERROR] ❌ Video generation error
Traceback (most recent call last):
  File "C:\Vivek_Main\tutter\src\video_pipeline\routes\video_routes.py", line 30, in generate_videos_endpoint
    output_path = await process_pipeline(
                  ^^^^^^^^^^^^^^^^^^^^^^^
  File "C:\Vivek_Main\tutter\src\main.py", line 56, in process_pipeline
    final_video_bytes = MergerFactory.merge_all_videos_with_audio(video_bytes_list, audio_bytes_list)
                        ^^^^^^^^^^^^^^^^^^^^^^^^^^^^^^^^^^^^^^^^^^^^^^^^^^^^^^^^^^^^^^^^^^^^^^^^^^^^^
  File "C:\Vivek_Main\tutter\src\merger_factory.py", line 261, in merge_all_videos_with_audio
    return MergerFactory.merge_video_with_audio(video_bytes_list, audio_bytes_list)
           ^^^^^^^^^^^^^^^^^^^^^^^^^^^^^^^^^^^^^^^^^^^^^^^^^^^^^^^^^^^^^^^^^^^^^^^^
  File "C:\Vivek_Main\tutter\src\merger_factory.py", line 136, in merge_video_with_audio
    raise ValueError("Video and audio lists must have the same length")
ValueError: Video and audio lists must have the same length
[2025-11-06 17:06:47] [ERROR] ❌ HTTP 500: {"detail":"Video and audio lists must have the same length"}
[2025-11-06 17:06:47] [ERROR] ❌ Error writing scripts
Traceback (most recent call last):
  File "C:\Vivek_Main\tutter\src\video_pipeline\routes\write_routes.py", line 27, in write_scripts
    video_result = await async_post(video_url, {"path": str(folder)}, timeout=300)
                   ^^^^^^^^^^^^^^^^^^^^^^^^^^^^^^^^^^^^^^^^^^^^^^^^^^^^^^^^^^^^^^^
  File "C:\Vivek_Main\tutter\src\video_pipeline\utils.py", line 14, in async_post
    raise HTTPException(status_code=resp.status_code, detail=resp.text)
fastapi.exceptions.HTTPException: 500: {"detail":"Video and audio lists must have the same length"}
[2025-11-06 17:06:47] [ERROR] ❌ HTTP 500: {"detail":"500: {\"detail\":\"Video and audio lists must have the same length\"}"}
[2025-11-06 17:06:47] [ERROR] ❌ Error generating code
Traceback (most recent call last):
  File "C:\Vivek_Main\tutter\src\video_pipeline\routes\generator_routes.py", line 20, in generate_code_endpoint
    write_result = await async_post(write_url, result, timeout=120)
                   ^^^^^^^^^^^^^^^^^^^^^^^^^^^^^^^^^^^^^^^^^^^^^^^^
  File "C:\Vivek_Main\tutter\src\video_pipeline\utils.py", line 14, in async_post
    raise HTTPException(status_code=resp.status_code, detail=resp.text)
fastapi.exceptions.HTTPException: 500: {"detail":"500: {\"detail\":\"Video and audio lists must have the same length\"}"}
[2025-11-06 17:06:47] [ERROR] ❌ HTTP 500: {"detail":"500: {\"detail\":\"500: {\\\"detail\\\":\\\"Video and audio lists must have the same length\\\"}\"}"}
