[2025-11-10 12:56:05] [INFO] 🧠 Generating script for topic='Explain the area of circle', class='10'
[2025-11-10 12:56:16] [INFO] 🚀 Sending generated script to /generate-files-api and /Generator ...
[2025-11-10 12:56:44] [INFO] 🎬 Generated Manim Code Successfully
[2025-11-10 12:56:45] [INFO] 🟢 [generate-files-api] New request received
[2025-11-10 12:56:45] [INFO] 📁 Created folder: C:\ArkMalay\Framework\Video_data\20251110_125645_0b54ce60
[2025-11-10 12:56:45] [INFO] ✅ JSON saved successfully at C:\ArkMalay\Framework\Video_data\20251110_125645_0b54ce60\input_data.json
[2025-11-10 12:56:45] [INFO] 🧩 Starting file preparation process via prepare_files()
[2025-11-10 12:56:45] [INFO] 📝 Generating Python and TXT files from JSON: C:\ArkMalay\Framework\Video_data\20251110_125645_0b54ce60\input_data.json
[2025-11-10 12:56:45] [INFO] 📂 Using existing transaction folder for script sequences: C:\ArkMalay\Framework\Video_data\20251110_125645_0b54ce60\script_sequences
[2025-11-10 12:56:45] [INFO] 📁 Created script sequence folder: C:\ArkMalay\Framework\Video_data\20251110_125645_0b54ce60\script_sequences\script_seq1
[2025-11-10 12:56:45] [INFO] ✅ Created PY file: C:\ArkMalay\Framework\Video_data\20251110_125645_0b54ce60\script_sequences\script_seq1\script_seq1.py
[2025-11-10 12:56:45] [INFO] ✅ Created TXT file: C:\ArkMalay\Framework\Video_data\20251110_125645_0b54ce60\script_sequences\script_seq1\script_seq1.txt
[2025-11-10 12:56:45] [INFO] 📁 Created script sequence folder: C:\ArkMalay\Framework\Video_data\20251110_125645_0b54ce60\script_sequences\script_seq2
[2025-11-10 12:56:45] [INFO] ✅ Created PY file: C:\ArkMalay\Framework\Video_data\20251110_125645_0b54ce60\script_sequences\script_seq2\script_seq2.py
[2025-11-10 12:56:45] [INFO] ✅ Created TXT file: C:\ArkMalay\Framework\Video_data\20251110_125645_0b54ce60\script_sequences\script_seq2\script_seq2.txt
[2025-11-10 12:56:45] [INFO] 📁 Created script sequence folder: C:\ArkMalay\Framework\Video_data\20251110_125645_0b54ce60\script_sequences\script_seq3
[2025-11-10 12:56:45] [INFO] ✅ Created PY file: C:\ArkMalay\Framework\Video_data\20251110_125645_0b54ce60\script_sequences\script_seq3\script_seq3.py
[2025-11-10 12:56:45] [INFO] ✅ Created TXT file: C:\ArkMalay\Framework\Video_data\20251110_125645_0b54ce60\script_sequences\script_seq3\script_seq3.txt
[2025-11-10 12:56:45] [INFO] 📁 Created script sequence folder: C:\ArkMalay\Framework\Video_data\20251110_125645_0b54ce60\script_sequences\script_seq4
[2025-11-10 12:56:45] [INFO] ✅ Created PY file: C:\ArkMalay\Framework\Video_data\20251110_125645_0b54ce60\script_sequences\script_seq4\script_seq4.py
[2025-11-10 12:56:45] [INFO] ✅ Created TXT file: C:\ArkMalay\Framework\Video_data\20251110_125645_0b54ce60\script_sequences\script_seq4\script_seq4.txt
[2025-11-10 12:56:45] [INFO] 🎯 Total Words: 770 | Approx. Total GPT Tokens: 1022
[2025-11-10 12:56:45] [INFO] 🎉 All files generated inside: C:\ArkMalay\Framework\Video_data\20251110_125645_0b54ce60\script_sequences
[2025-11-10 12:56:45] [INFO] ✅ File preparation completed. Output: {'py_files': ['C:\\ArkMalay\\Framework\\Video_data\\20251110_125645_0b54ce60\\script_sequences\\script_seq1\\script_seq1.py', 'C:\\ArkMalay\\Framework\\Video_data\\20251110_125645_0b54ce60\\script_sequences\\script_seq2\\script_seq2.py', 'C:\\ArkMalay\\Framework\\Video_data\\20251110_125645_0b54ce60\\script_sequences\\script_seq3\\script_seq3.py', 'C:\\ArkMalay\\Framework\\Video_data\\20251110_125645_0b54ce60\\script_sequences\\script_seq4\\script_seq4.py'], 'txt_files': ['C:\\ArkMalay\\Framework\\Video_data\\20251110_125645_0b54ce60\\script_sequences\\script_seq1\\script_seq1.txt', 'C:\\ArkMalay\\Framework\\Video_data\\20251110_125645_0b54ce60\\script_sequences\\script_seq2\\script_seq2.txt', 'C:\\ArkMalay\\Framework\\Video_data\\20251110_125645_0b54ce60\\script_sequences\\script_seq3\\script_seq3.txt', 'C:\\ArkMalay\\Framework\\Video_data\\20251110_125645_0b54ce60\\script_sequences\\script_seq4\\script_seq4.txt']}
[2025-11-10 12:56:45] [INFO] 🎯 Transaction 0b54ce60 completed successfully. Folder: C:\ArkMalay\Framework\Video_data\20251110_125645_0b54ce60
[2025-11-10 12:56:45] [INFO] 🔍 TRANSACTION_FOLDER currently: C:\ArkMalay\Framework\Video_data\20251110_125645_0b54ce60
[2025-11-10 12:56:45] [INFO] 🟢 Using TRANSACTION_FOLDER for writing scripts: C:\ArkMalay\Framework\Video_data\20251110_125645_0b54ce60\script_sequences
[2025-11-10 12:56:45] [INFO] ✅ Manim script written: C:\ArkMalay\Framework\Video_data\20251110_125645_0b54ce60\script_sequences\script_seq1\script_seq1.py
[2025-11-10 12:56:45] [INFO] ✅ Manim script written: C:\ArkMalay\Framework\Video_data\20251110_125645_0b54ce60\script_sequences\script_seq2\script_seq2.py
[2025-11-10 12:56:45] [INFO] ✅ Manim script written: C:\ArkMalay\Framework\Video_data\20251110_125645_0b54ce60\script_sequences\script_seq3\script_seq3.py
[2025-11-10 12:56:45] [INFO] ✅ Manim script written: C:\ArkMalay\Framework\Video_data\20251110_125645_0b54ce60\script_sequences\script_seq4\script_seq4.py
[2025-11-10 12:56:45] [INFO] 🎥 Triggering video generation for folder: C:\ArkMalay\Framework\Video_data\20251110_125645_0b54ce60\script_sequences
[2025-11-10 12:56:47] [INFO] 🚀 Received video generation request.
[2025-11-10 12:56:47] [INFO] 📂 Using provided input path: C:\ArkMalay\Framework\Video_data\20251110_125645_0b54ce60\script_sequences
[2025-11-10 12:56:47] [INFO] 🧩 Found 4 .py files and 4 .txt files under C:\ArkMalay\Framework\Video_data\20251110_125645_0b54ce60\script_sequences
[2025-11-10 12:56:47] [INFO] 🎬 Starting video + audio processing pipeline...
[2025-11-10 12:56:47] [INFO] 🎬 Video callable prepared for: C:\ArkMalay\Framework\Video_data\20251110_125645_0b54ce60
[2025-11-10 12:56:47] [INFO] 🎬 Running Manim on C:/ArkMalay/Framework/Video_data/20251110_125645_0b54ce60/script_sequences/script_seq1/script_seq1.py ...
[2025-11-10 12:56:47] [INFO] 🧹 Cleaned old media folder: C:\ArkMalay\Framework\tutor\src\media\videos\script_sequences\script_seq1
[2025-11-10 12:57:08] [INFO] 🎬 Running Manim on C:/ArkMalay/Framework/Video_data/20251110_125645_0b54ce60/script_sequences/script_seq2/script_seq2.py ...
[2025-11-10 12:57:08] [INFO] 🧹 Cleaned old media folder: C:\ArkMalay\Framework\tutor\src\media\videos\script_sequences\script_seq2
[2025-11-10 12:57:17] [INFO] 🎬 Running Manim on C:/ArkMalay/Framework/Video_data/20251110_125645_0b54ce60/script_sequences/script_seq3/script_seq3.py ...
[2025-11-10 12:57:17] [INFO] 🧹 Cleaned old media folder: C:\ArkMalay\Framework\tutor\src\media\videos\script_sequences\script_seq3
[2025-11-10 12:57:29] [INFO] 🎬 Running Manim on C:/ArkMalay/Framework/Video_data/20251110_125645_0b54ce60/script_sequences/script_seq4/script_seq4.py ...
[2025-11-10 12:57:29] [INFO] 🧹 Cleaned old media folder: C:\ArkMalay\Framework\tutor\src\media\videos\script_sequences\script_seq4
[2025-11-10 12:57:52] [INFO] 🎞️ Detected Scene class: CircleAreaAnimation
[2025-11-10 12:57:52] [INFO] ✅ Found video: C:\ArkMalay\Framework\tutor\src\media\videos\script_sequences\script_seq4\videos\script_seq4\480p15\CircleAreaAnimation.mp4
[2025-11-10 12:57:52] [INFO] ✅ Total words: 508 | Approx. GPT tokens: 676 | Total videos collected: 1
[2025-11-10 12:58:30] [INFO] 🎬 Video saved at: C:\ArkMalay\Framework\tutor\output\Videos\20251110_125645_0b54ce60_script_seq1.mp4
[2025-11-10 12:58:30] [INFO] 🎵 Audio saved at: C:\ArkMalay\Framework\tutor\output\Audios\20251110_125645_0b54ce60_script_seq1.mp3
[2025-11-10 12:58:30] [INFO] Trying to merge final video/audio
[2025-11-10 12:58:30] [INFO] Trying Drive upload!
[2025-11-10 12:58:30] [INFO] 📂 Using Settings.TRANSACTION_FOLDER: C:\ArkMalay\Framework\Video_data\20251110_125645_0b54ce60
[2025-11-10 12:58:30] [INFO] 🚀 Starting Drive upload for folder: C:\ArkMalay\Framework\Video_data\20251110_125645_0b54ce60
[2025-11-10 12:58:30] [INFO] 🔍 [Drive Upload Debug] folder_path=C:\ArkMalay\Framework\Video_data\20251110_125645_0b54ce60
[2025-11-10 12:58:30] [INFO] ✅ Google Drive authentication successful.
[2025-11-10 12:58:31] [INFO] 📂 Using provided Shared Drive folder ID: 1fSIa3LHaUZ6ElWywNuyHRnyj1ohr_gjj
[2025-11-10 12:58:34] [INFO] ✅ Uploaded 'input_data.json' → https://drive.google.com/file/d/1jbskD0HBKw9unxzyEdsBxp_U0ae9QDea/view?usp=drivesdk
[2025-11-10 12:58:39] [INFO] ✅ Uploaded 'script_seq1.py' → https://drive.google.com/file/d/1UffAFByGSWOHedPZSWpcLKqc32BykE5Q/view?usp=drivesdk
[2025-11-10 12:58:42] [INFO] ✅ Uploaded 'script_seq1.txt' → https://drive.google.com/file/d/15COho-22KOGJ3jwKF-DWJn03NOz2zXVg/view?usp=drivesdk
[2025-11-10 12:58:45] [INFO] ✅ Uploaded 'script_seq1.cpython-312.pyc' → https://drive.google.com/file/d/1Ivhrv01_J9QmoKzElvqI_19WGL9UeOM2/view?usp=drivesdk
[2025-11-10 12:58:49] [INFO] ✅ Uploaded 'script_seq2.py' → https://drive.google.com/file/d/1K7XsvBPgvv4B-RxyNLWG1otJSEzrwRlw/view?usp=drivesdk
[2025-11-10 12:58:51] [INFO] ✅ Uploaded 'script_seq2.txt' → https://drive.google.com/file/d/1HMp3ks718lCewOt6yocTVWUbzz93lQJd/view?usp=drivesdk
[2025-11-10 12:58:57] [INFO] ✅ Uploaded 'script_seq2.cpython-312.pyc' → https://drive.google.com/file/d/1g6moMECj18uitEXCAnwCW1TOG8pBx3lW/view?usp=drivesdk
[2025-11-10 12:59:01] [INFO] ✅ Uploaded 'script_seq3.py' → https://drive.google.com/file/d/1LSgI8o02E3eb7GApTOCyzbbGNZSKg11r/view?usp=drivesdk
[2025-11-10 12:59:03] [INFO] ✅ Uploaded 'script_seq3.txt' → https://drive.google.com/file/d/1bvVpI_Cwp4oy5m3NYnLtTGLgur6jb_rf/view?usp=drivesdk
[2025-11-10 12:59:07] [INFO] ✅ Uploaded 'script_seq3.cpython-312.pyc' → https://drive.google.com/file/d/1oqsn3o-wwPU2VaBthaw1RRMcSUuHmxS9/view?usp=drivesdk
[2025-11-10 12:59:11] [INFO] ✅ Uploaded 'script_seq4.py' → https://drive.google.com/file/d/1S83f6jNr8uJR4js_Xg1cLgOBf6BlSMOT/view?usp=drivesdk
[2025-11-10 12:59:13] [INFO] ✅ Uploaded 'script_seq4.txt' → https://drive.google.com/file/d/1DS-UWX6jj4aPcaWBA9zrsZpPoPS_akCr/view?usp=drivesdk
[2025-11-10 12:59:17] [INFO] ✅ Uploaded 'script_seq4.cpython-312.pyc' → https://drive.google.com/file/d/1BUTmOj_-Am-rXV93DSMOxwaTDP3IVZzT/view?usp=drivesdk
[2025-11-10 12:59:17] [INFO] 🎉 All files uploaded to Shared Drive successfully.
[2025-11-10 12:59:17] [INFO] ✅ Folder successfully uploaded to Google Drive.
