[2025-11-12 10:56:14] [ERROR] 
❌ Error running Manim on C:/Vivek_Main/Manim_project/inputbox/5ce407d2-96d2-4730-8136-ce1e918d1a86_20251112_105509/script_seq1/script_seq1.py
──────────────────────────────────────────────
STDERR:
Animation 0: FadeIn(Text('Labels at Square Corners: Class 10 English')):   0%|          | 0/15 [00:00<?, ?it/s]
Animation 0: FadeIn(Text('Labels at Square Corners: Class 10 English')):  20%|##        | 3/15 [00:00<00:00, 25.21it/s]
Animation 0: FadeIn(Text('Labels at Square Corners: Class 10 English')):  40%|####      | 6/15 [00:00<00:00, 19.49it/s]
Animation 0: FadeIn(Text('Labels at Square Corners: Class 10 English')):  60%|######    | 9/15 [00:00<00:00, 17.72it/s]
Animation 0: FadeIn(Text('Labels at Square Corners: Class 10 English')):  73%|#######3  | 11/15 [00:00<00:00, 15.29it/s]
Animation 0: FadeIn(Text('Labels at Square Corners: Class 10 English')): 100%|##########| 15/15 [00:00<00:00, 20.32it/s]
                                                                                                                        
+--------------------- Traceback (most recent call last) ---------------------+
| C:\Vivek_Main\tutter\.venv\Lib\site-packages\manim\cli\render\commands.py:1 |
| 25 in render                                                                |
|                                                                             |
|   122             try:                                                      |
|   123                 with tempconfig({}):                                  |
|   124                     scene = SceneClass()                              |
| > 125                     scene.render()                                    |
|   126             except Exception:                                         |
|   127                 error_console.print_exception()                       |
|   128                 sys.exit(1)                                           |
|                                                                             |
| C:\Vivek_Main\tutter\.venv\Lib\site-packages\manim\scene\scene.py:237 in    |
| render                                                                      |
|                                                                             |
|    234         """                                                          |
|    235         self.setup()                                                 |
|    236         try:                                                         |
| >  237             self.construct()                                         |
|    238         except EndSceneEarlyException:                               |
|    239             pass                                                     |
|    240         except RerunSceneException:                                  |
|                                                                             |
| C:\Vivek_Main\Manim_project\inputbox\5ce407d2-96d2-4730-8136-ce1e918d1a86_2 |
| 0251112_105509\script_seq1\script_seq1.py:17 in construct                   |
|                                                                             |
|   14         # Zoom out slightly to reveal a square below the title         |
|   15         square = Square(side_length=4, color=BLACK, stroke_width=2)    |
|   16         square.move_to(DOWN * 2)                                       |
| > 17         self.play(self.camera.frame.animate.scale(1.2).move_to(square) |
|   18         self.play(Create(square))                                      |
|   19         self.wait(1)                                                   |
|   20                                                                        |
+-----------------------------------------------------------------------------+
AttributeError: 'Camera' object has no attribute 'frame'

STDOUT:
Manim Community v0.19.0

[11/12/25 10:56:13] INFO     Animation 0 : Partial     scene_file_writer.py:588
                             movie file written in                             
                             'C:\Vivek_Main\tutter\src                         
                             \media\videos\5ce407d2-96                         
                             d2-4730-8136-ce1e918d1a86                         
                             _20251112_105509\script_s                         
                             eq1\videos\script_seq1\48                         
                             0p15\partial_movie_files\                         
                             SquareCornerLabels\931832                         
                             650_3107961746_223132457.                         
                             mp4'                                              
                    INFO     Animation 1 : Partial     scene_file_writer.py:588
                             movie file written in                             
                             'C:\Vivek_Main\tutter\src                         
                             \media\videos\5ce407d2-96                         
                             d2-4730-8136-ce1e918d1a86                         
                             _20251112_105509\script_s                         
                             eq1\videos\script_seq1\48                         
                             0p15\partial_movie_files\                         
                             SquareCornerLabels\190528                         
                             8516_1436906429_199757199                         
                             4.mp4'
──────────────────────────────────────────────

[2025-11-12 10:56:39] [ERROR] 
❌ Error running Manim on C:/Vivek_Main/Manim_project/inputbox/5ce407d2-96d2-4730-8136-ce1e918d1a86_20251112_105509/script_seq2/script_seq2.py
──────────────────────────────────────────────
STDERR:
+--------------------- Traceback (most recent call last) ---------------------+
| C:\Vivek_Main\tutter\.venv\Lib\site-packages\manim\cli\render\commands.py:1 |
| 25 in render                                                                |
|                                                                             |
|   122             try:                                                      |
|   123                 with tempconfig({}):                                  |
|   124                     scene = SceneClass()                              |
| > 125                     scene.render()                                    |
|   126             except Exception:                                         |
|   127                 error_console.print_exception()                       |
|   128                 sys.exit(1)                                           |
|                                                                             |
| C:\Vivek_Main\tutter\.venv\Lib\site-packages\manim\scene\scene.py:237 in    |
| render                                                                      |
|                                                                             |
|    234         """                                                          |
|    235         self.setup()                                                 |
|    236         try:                                                         |
| >  237             self.construct()                                         |
|    238         except EndSceneEarlyException:                               |
|    239             pass                                                     |
|    240         except RerunSceneException:                                  |
|                                                                             |
| C:\Vivek_Main\Manim_project\inputbox\5ce407d2-96d2-4730-8136-ce1e918d1a86_2 |
| 0251112_105509\script_seq2\script_seq2.py:16 in construct                   |
|                                                                             |
|   13         self.add(square, *labels)                                      |
|   14                                                                        |
|   15         # Highlight one corner label with a glowing effect and animate |
| > 16         for label, corner, voice_over in zip(labels, square.get_corner |
|   17             glow = GlowEffect(color=YELLOW).set_intensity(0.8)         |
|   18             label_group = VGroup(label)                                |
|   19             label_group.add_effect(glow)                               |
|                                                                             |
| C:\Vivek_Main\tutter\.venv\Lib\site-packages\manim\mobject\mobject.py:698   |
| in getter                                                                   |
|                                                                             |
|    695                     stacklevel=2,                                    |
|    696                 )                                                    |
|    697                                                                      |
| >  698                 return getattr(self, to_get)                         |
|    699                                                                      |
|    700             # Return a bound method                                  |
|    701             return types.MethodType(getter, self)                    |
|                                                                             |
| C:\Vivek_Main\tutter\.venv\Lib\site-packages\manim\mobject\mobject.py:723   |
| in __getattr__                                                              |
|                                                                             |
|    720             return types.MethodType(setter, self)                    |
|    721                                                                      |
|    722         # Unhandled attribute, therefore error                       |
| >  723         raise AttributeError(f"{type(self).__name__} object has no a |
|    724                                                                      |
|    725     @property                                                        |
|    726     def width(self) -> float:                                        |
+-----------------------------------------------------------------------------+
AttributeError: Square object has no attribute 'corners'

STDOUT:
Manim Community v0.19.0

[11/12/25 10:56:25] INFO     Writing A to               tex_file_writing.py:111
                             C:\Vivek_Main\tutter\src\m                        
                             edia\videos\5ce407d2-96d2-                        
                             4730-8136-ce1e918d1a86_202                        
                             51112_105509\script_seq2\T                        
                             ex\90f07b07e57adf79.tex                           
[11/12/25 10:56:31] INFO     Writing B to               tex_file_writing.py:111
                             C:\Vivek_Main\tutter\src\m                        
                             edia\videos\5ce407d2-96d2-                        
                             4730-8136-ce1e918d1a86_202                        
                             51112_105509\script_seq2\T                        
                             ex\d82288bb87e99d59.tex                           
[11/12/25 10:56:34] INFO     Writing C to               tex_file_writing.py:111
                             C:\Vivek_Main\tutter\src\m                        
                             edia\videos\5ce407d2-96d2-                        
                             4730-8136-ce1e918d1a86_202                        
                             51112_105509\script_seq2\T                        
                             ex\86474863bfdee3e7.tex                           
[11/12/25 10:56:36] INFO     Writing D to               tex_file_writing.py:111
                             C:\Vivek_Main\tutter\src\m                        
                             edia\videos\5ce407d2-96d2-                        
                             4730-8136-ce1e918d1a86_202                        
                             51112_105509\script_seq2\T                        
                             ex\265843fdb06dea70.tex
──────────────────────────────────────────────

[2025-11-12 10:57:09] [ERROR] 
❌ Error running Manim on C:/Vivek_Main/Manim_project/inputbox/5ce407d2-96d2-4730-8136-ce1e918d1a86_20251112_105509/script_seq3/script_seq3.py
──────────────────────────────────────────────
STDERR:
+--------------------- Traceback (most recent call last) ---------------------+
| C:\Vivek_Main\tutter\.venv\Lib\site-packages\manim\cli\render\commands.py:1 |
| 25 in render                                                                |
|                                                                             |
|   122             try:                                                      |
|   123                 with tempconfig({}):                                  |
|   124                     scene = SceneClass()                              |
| > 125                     scene.render()                                    |
|   126             except Exception:                                         |
|   127                 error_console.print_exception()                       |
|   128                 sys.exit(1)                                           |
|                                                                             |
| C:\Vivek_Main\tutter\.venv\Lib\site-packages\manim\scene\scene.py:237 in    |
| render                                                                      |
|                                                                             |
|    234         """                                                          |
|    235         self.setup()                                                 |
|    236         try:                                                         |
| >  237             self.construct()                                         |
|    238         except EndSceneEarlyException:                               |
|    239             pass                                                     |
|    240         except RerunSceneException:                                  |
|                                                                             |
| C:\Vivek_Main\Manim_project\inputbox\5ce407d2-96d2-4730-8136-ce1e918d1a86_2 |
| 0251112_105509\script_seq3\script_seq3.py:18 in construct                   |
|                                                                             |
|   15         # Shrink the square and labels slightly and move them to one s |
|   16         self.play(                                                     |
|   17             square.animate.scale(0.8).to_corner(UP + LEFT),            |
| > 18             *[label.animate.scale(0.8).move_to(square.get_corner(i) +  |
|   19         )                                                              |
|   20                                                                        |
|   21         # Introduce a new shape (a map with four marked locations)     |
|                                                                             |
| C:\Vivek_Main\Manim_project\inputbox\5ce407d2-96d2-4730-8136-ce1e918d1a86_2 |
| 0251112_105509\script_seq3\script_seq3.py:18 in <listcomp>                  |
|                                                                             |
|   15         # Shrink the square and labels slightly and move them to one s |
|   16         self.play(                                                     |
|   17             square.animate.scale(0.8).to_corner(UP + LEFT),            |
| > 18             *[label.animate.scale(0.8).move_to(square.get_corner(i) +  |
|   19         )                                                              |
|   20                                                                        |
|   21         # Introduce a new shape (a map with four marked locations)     |
|                                                                             |
| C:\Vivek_Main\tutter\.venv\Lib\site-packages\manim\mobject\mobject.py:2091  |
| in get_corner                                                               |
|                                                                             |
|   2088                                                                      |
|   2089     def get_corner(self, direction: Vector3D) -> Point3D:            |
|   2090         """Get corner Point3Ds for certain direction."""             |
| > 2091         return self.get_critical_point(direction)                    |
|   2092                                                                      |
|   2093     def get_center(self) -> Point3D:                                 |
|   2094         """Get center Point3Ds"""                                    |
|                                                                             |
| C:\Vivek_Main\tutter\.venv\Lib\site-packages\manim\mobject\mobject.py:2079  |
| in get_critical_point                                                       |
|                                                                             |
|   2076             result[dim] = self.get_extremum_along_dim(               |
|   2077                 all_points,                                          |
|   2078                 dim=dim,                                             |
| > 2079                 key=direction[dim],                                  |
|   2080             )                                                        |
|   2081         return result                                                |
|   2082                                                                      |
+-----------------------------------------------------------------------------+
TypeError: 'int' object is not subscriptable

STDOUT:
Manim Community v0.19.0

[11/12/25 10:56:52] INFO     Writing A to               tex_file_writing.py:111
                             C:\Vivek_Main\tutter\src\m                        
                             edia\videos\5ce407d2-96d2-                        
                             4730-8136-ce1e918d1a86_202                        
                             51112_105509\script_seq3\T                        
                             ex\90f07b07e57adf79.tex                           
[11/12/25 10:56:56] INFO     Writing B to               tex_file_writing.py:111
                             C:\Vivek_Main\tutter\src\m                        
                             edia\videos\5ce407d2-96d2-                        
                             4730-8136-ce1e918d1a86_202                        
                             51112_105509\script_seq3\T                        
                             ex\d82288bb87e99d59.tex                           
[11/12/25 10:57:01] INFO     Writing C to               tex_file_writing.py:111
                             C:\Vivek_Main\tutter\src\m                        
                             edia\videos\5ce407d2-96d2-                        
                             4730-8136-ce1e918d1a86_202                        
                             51112_105509\script_seq3\T                        
                             ex\86474863bfdee3e7.tex                           
[11/12/25 10:57:04] INFO     Writing D to               tex_file_writing.py:111
                             C:\Vivek_Main\tutter\src\m                        
                             edia\videos\5ce407d2-96d2-                        
                             4730-8136-ce1e918d1a86_202                        
                             51112_105509\script_seq3\T                        
                             ex\265843fdb06dea70.tex
──────────────────────────────────────────────

[2025-11-12 10:57:22] [ERROR] 
❌ Error running Manim on C:/Vivek_Main/Manim_project/inputbox/5ce407d2-96d2-4730-8136-ce1e918d1a86_20251112_105509/script_seq4/script_seq4.py
──────────────────────────────────────────────
STDERR:
+--------------------- Traceback (most recent call last) ---------------------+
| C:\Vivek_Main\tutter\.venv\Lib\site-packages\manim\cli\render\commands.py:1 |
| 25 in render                                                                |
|                                                                             |
|   122             try:                                                      |
|   123                 with tempconfig({}):                                  |
|   124                     scene = SceneClass()                              |
| > 125                     scene.render()                                    |
|   126             except Exception:                                         |
|   127                 error_console.print_exception()                       |
|   128                 sys.exit(1)                                           |
|                                                                             |
| C:\Vivek_Main\tutter\.venv\Lib\site-packages\manim\scene\scene.py:237 in    |
| render                                                                      |
|                                                                             |
|    234         """                                                          |
|    235         self.setup()                                                 |
|    236         try:                                                         |
| >  237             self.construct()                                         |
|    238         except EndSceneEarlyException:                               |
|    239             pass                                                     |
|    240         except RerunSceneException:                                  |
|                                                                             |
| C:\Vivek_Main\Manim_project\inputbox\5ce407d2-96d2-4730-8136-ce1e918d1a86_2 |
| 0251112_105509\script_seq4\script_seq4.py:7 in construct                    |
|                                                                             |
|    4     def construct(self):                                               |
|    5         # Start with the final frame of Scene 3 (square and map side b |
|    6         square = Square(side_length=2, color=BLUE, fill_opacity=0.5).s |
| >  7         map_image = ImageMobject("map.png").scale(0.5).shift(RIGHT*3)  |
|    8         self.add(square, map_image)                                    |
|    9                                                                        |
|   10         # Zoom out to show both the square and map together            |
|                                                                             |
| C:\Vivek_Main\tutter\.venv\Lib\site-packages\manim\mobject\types\image_mobj |
| ect.py:194 in __init__                                                      |
|                                                                             |
|   191         self.invert_image = invert                                    |
|   192         self.image_mode = image_mode                                  |
|   193         if isinstance(filename_or_array, (str, pathlib.PurePath)):    |
| > 194             path = get_full_raster_image_path(filename_or_array)      |
|   195             image = Image.open(path).convert(self.image_mode)         |
|   196             self.pixel_array = np.array(image)                        |
|   197             self.path = path                                          |
|                                                                             |
| C:\Vivek_Main\tutter\.venv\Lib\site-packages\manim\utils\images.py:28 in    |
| get_full_raster_image_path                                                  |
|                                                                             |
|   25                                                                        |
|   26                                                                        |
|   27 def get_full_raster_image_path(image_file_name: str | PurePath) -> Pat |
| > 28     return seek_full_path_from_defaults(                               |
|   29         image_file_name,                                               |
|   30         default_dir=config.get_dir("assets_dir"),                      |
|   31         extensions=[".jpg", ".jpeg", ".png", ".gif", ".ico"],          |
|                                                                             |
| C:\Vivek_Main\tutter\.venv\Lib\site-packages\manim\utils\file_ops.py:182 in |
| seek_full_path_from_defaults                                                |
|                                                                             |
|   179         f"From: {Path.cwd()}, could not find {file_name} at either "  |
|   180         f"of these locations: {list(map(str, possible_paths))}"       |
|   181     )                                                                 |
| > 182     raise OSError(error)                                              |
|   183                                                                       |
|   184                                                                       |
|   185 def modify_atime(file_path: str) -> None:                             |
+-----------------------------------------------------------------------------+
OSError: From: C:\Vivek_Main\tutter\src, could not find map.png at either of 
these locations: ['map.png', 'map.png', 'map.png.jpg', 'map.png.jpeg', 
'map.png.png', 'map.png.gif', 'map.png.ico']

STDOUT:
Manim Community v0.19.0
──────────────────────────────────────────────

[2025-11-12 10:57:24] [ERROR] ❌ Video and audio list length mismatch
[2025-11-12 10:57:25] [ERROR] ❌ Video generation error
Traceback (most recent call last):
  File "C:\Vivek_Main\tutter\src\video_pipeline\routes\video_routes.py", line 34, in generate_videos_endpoint
    output_path = await process_pipeline(
                  ^^^^^^^^^^^^^^^^^^^^^^^
  File "C:\Vivek_Main\tutter\src\main.py", line 61, in process_pipeline
    final_video_bytes = MergerFactory.merge_all_videos_with_audio(video_bytes_list, audio_bytes_list,unique_id)
                        ^^^^^^^^^^^^^^^^^^^^^^^^^^^^^^^^^^^^^^^^^^^^^^^^^^^^^^^^^^^^^^^^^^^^^^^^^^^^^^^^^^^^^^^
  File "C:\Vivek_Main\tutter\src\merger_factory.py", line 208, in merge_all_videos_with_audio
    return MergerFactory.merge_video_with_audio(video_bytes_list, audio_bytes_list, unique_id)
           ^^^^^^^^^^^^^^^^^^^^^^^^^^^^^^^^^^^^^^^^^^^^^^^^^^^^^^^^^^^^^^^^^^^^^^^^^^^^^^^^^^^
  File "C:\Vivek_Main\tutter\src\merger_factory.py", line 131, in merge_video_with_audio
    raise ValueError("Video and audio lists must have the same length")
ValueError: Video and audio lists must have the same length
[2025-11-12 10:57:25] [ERROR] ❌ HTTP 500: {"detail":"Video and audio lists must have the same length"}
[2025-11-12 10:57:25] [ERROR] ❌ Error writing scripts
Traceback (most recent call last):
  File "C:\Vivek_Main\tutter\src\video_pipeline\routes\write_routes.py", line 40, in write_scripts
    video_result = await async_post(video_url, {"path": str(folder),"unique_id":data.unique_id}, timeout=300)
                   ^^^^^^^^^^^^^^^^^^^^^^^^^^^^^^^^^^^^^^^^^^^^^^^^^^^^^^^^^^^^^^^^^^^^^^^^^^^^^^^^^^^^^^^^^^
  File "C:\Vivek_Main\tutter\src\video_pipeline\utils.py", line 15, in async_post
    raise HTTPException(status_code=resp.status_code, detail=resp.text)
fastapi.exceptions.HTTPException: 500: {"detail":"Video and audio lists must have the same length"}
[2025-11-12 10:57:25] [ERROR] ❌ HTTP 500: {"detail":"500: {\"detail\":\"Video and audio lists must have the same length\"}"}
[2025-11-12 10:57:25] [ERROR] ❌ Error generating code
Traceback (most recent call last):
  File "C:\Vivek_Main\tutter\src\video_pipeline\routes\generator_routes.py", line 28, in generate_code_endpoint
    write_result = await async_post(write_url, result, timeout=120)
                   ^^^^^^^^^^^^^^^^^^^^^^^^^^^^^^^^^^^^^^^^^^^^^^^^
  File "C:\Vivek_Main\tutter\src\video_pipeline\utils.py", line 15, in async_post
    raise HTTPException(status_code=resp.status_code, detail=resp.text)
fastapi.exceptions.HTTPException: 500: {"detail":"500: {\"detail\":\"Video and audio lists must have the same length\"}"}
[2025-11-12 10:57:25] [ERROR] ❌ HTTP 500: {"detail":"500: {\"detail\":\"500: {\\\"detail\\\":\\\"Video and audio lists must have the same length\\\"}\"}"}
