[2025-10-08 15:52:23] [INFO] 🎬 Running Manim on D:/DemoScriptFolder/script_20250916_115236/script_seq1/script_seq1.py ...
[2025-10-08 15:52:58] [INFO] 🎬 Running Manim on D:/DemoScriptFolder/script_20250916_115236/script_seq2/script_seq2.py ...
[2025-10-08 15:53:20] [INFO] ✅ Generated full audio for: script_seq1.txt (in memory)
[2025-10-08 15:53:28] [INFO] 🎬 Running Manim on D:/DemoScriptFolder/script_20250916_115236/script_seq3/script_seq3.py ...
[2025-10-08 15:53:57] [INFO] ✅ Generated full audio for: script_seq2.txt (in memory)
[2025-10-08 15:54:21] [INFO] 🎬 Running Manim on D:/DemoScriptFolder/script_20250916_115236/script_seq4/script_seq4.py ...
[2025-10-08 15:55:04] [INFO] ✅ Generated full audio for: script_seq3.txt (in memory)
[2025-10-08 15:55:40] [INFO] ✅ Generated full audio for: script_seq4.txt (in memory)
[2025-10-08 15:55:40] [INFO] 🎵 Total audio files generated: 4
[2025-10-08 15:55:40] [INFO] 🎬 Video saved at: D:\DemoScriptFolder\script_20250916_115236\Videos\script_20250916_115236_script_seq1_ScriptStep1.mp4
[2025-10-08 15:55:40] [INFO] 🎵 Audio saved at: D:\DemoScriptFolder\script_20250916_115236\Audios\script_20250916_115236_script_seq1_ScriptStep1.mp3
[2025-10-08 15:55:40] [INFO] 🎬 Video saved at: D:\DemoScriptFolder\script_20250916_115236\Videos\script_20250916_115236_script_seq2_ScriptStep2.mp4
[2025-10-08 15:55:40] [INFO] 🎵 Audio saved at: D:\DemoScriptFolder\script_20250916_115236\Audios\script_20250916_115236_script_seq2_ScriptStep2.mp3
[2025-10-08 15:55:40] [INFO] 🎬 Video saved at: D:\DemoScriptFolder\script_20250916_115236\Videos\script_20250916_115236_script_seq3_ScriptStep3.mp4
[2025-10-08 15:55:40] [INFO] 🎵 Audio saved at: D:\DemoScriptFolder\script_20250916_115236\Audios\script_20250916_115236_script_seq3_ScriptStep3.mp3
[2025-10-08 15:55:40] [INFO] 🎬 Video saved at: D:\DemoScriptFolder\script_20250916_115236\Videos\script_20250916_115236_script_seq4_ScriptStep4.mp4
[2025-10-08 15:55:40] [INFO] 🎵 Audio saved at: D:\DemoScriptFolder\script_20250916_115236\Audios\script_20250916_115236_script_seq4_ScriptStep4.mp3
[2025-10-08 15:55:42] [INFO] ✅ Merged video 1 returned as bytes
[2025-10-08 15:55:44] [INFO] ✅ Merged video 2 returned as bytes
[2025-10-08 15:55:47] [INFO] ✅ Merged video 3 returned as bytes
[2025-10-08 15:55:50] [INFO] ✅ Merged video 4 returned as bytes
[2025-10-08 15:56:06] [INFO] 🎬 Final merged+concatenated MP4 returned as bytes
[2025-10-08 15:56:08] [INFO] ✅ Final video saved locally at: D:\project2\tutter\src\output\final_video_final.mp4
[2025-10-08 15:56:08] [INFO] 🎉 Final merged video saved at: D:\project2\tutter\src\output\final_video_final.mp4
[2025-10-08 15:56:08] [INFO] 🎉 Pipeline completed! Final video saved at: D:\project2\tutter\src\output\final_video_final.mp4
