[2025-11-11 13:23:56] [ERROR] 
❌ Error running Manim on C:/Vivek_Main/Manim_project/inputbox/df36ecf0-af6c-435d-b46c-746eabdedaf7_20251111_132344/script_seq1/script_seq1.py
──────────────────────────────────────────────
STDERR:
Animation 0: FadeIn(Text('Labels at Square Corners: Class 10 English')):   0%|          | 0/15 [00:00<?, ?it/s]
Animation 0: FadeIn(Text('Labels at Square Corners: Class 10 English')):  13%|#3        | 2/15 [00:00<00:00, 16.29it/s]
Animation 0: FadeIn(Text('Labels at Square Corners: Class 10 English')):  33%|###3      | 5/15 [00:00<00:00, 19.87it/s]
Animation 0: FadeIn(Text('Labels at Square Corners: Class 10 English')):  53%|#####3    | 8/15 [00:00<00:00, 21.93it/s]
Animation 0: FadeIn(Text('Labels at Square Corners: Class 10 English')):  73%|#######3  | 11/15 [00:00<00:00, 23.95it/s]
Animation 0: FadeIn(Text('Labels at Square Corners: Class 10 English')):  93%|#########3| 14/15 [00:00<00:00, 24.73it/s]
                                                                                                                        
+--------------------- Traceback (most recent call last) ---------------------+
| C:\Vivek_Main\tutter\.venv\Lib\site-packages\manim\cli\render\commands.py:1 |
| 25 in render                                                                |
|                                                                             |
|   122             try:                                                      |
|   123                 with tempconfig({}):                                  |
|   124                     scene = SceneClass()                              |
| > 125                     scene.render()                                    |
|   126             except Exception:                                         |
|   127                 error_console.print_exception()                       |
|   128                 sys.exit(1)                                           |
|                                                                             |
| C:\Vivek_Main\tutter\.venv\Lib\site-packages\manim\scene\scene.py:237 in    |
| render                                                                      |
|                                                                             |
|    234         """                                                          |
|    235         self.setup()                                                 |
|    236         try:                                                         |
| >  237             self.construct()                                         |
|    238         except EndSceneEarlyException:                               |
|    239             pass                                                     |
|    240         except RerunSceneException:                                  |
|                                                                             |
| C:\Vivek_Main\Manim_project\inputbox\df36ecf0-af6c-435d-b46c-746eabdedaf7_2 |
| 0251111_132344\script_seq1\script_seq1.py:15 in construct                   |
|                                                                             |
|   12                                                                        |
|   13         # Zoom out slightly to reveal a simple square shape below the  |
|   14         square = Square(side_length=4, color=BLACK).move_to(DOWN * 2)  |
| > 15         self.play(self.camera.frame.animate.scale(1.2), FadeIn(square) |
|   16         self.wait(1)                                                   |
|   17                                                                        |
|   18         # Animate four small, empty labels appearing at each corner of |
+-----------------------------------------------------------------------------+
AttributeError: 'Camera' object has no attribute 'frame'

STDOUT:
Manim Community v0.19.0

[11/11/25 13:23:54] INFO     Animation 0 : Partial     scene_file_writer.py:588
                             movie file written in                             
                             'C:\Vivek_Main\tutter\src                         
                             \media\videos\df36ecf0-af                         
                             6c-435d-b46c-746eabdedaf7                         
                             _20251111_132344\script_s                         
                             eq1\videos\script_seq1\48                         
                             0p15\partial_movie_files\                         
                             SquareCornerLabels\931832                         
                             650_3107961746_223132457.                         
                             mp4'                                              
[11/11/25 13:23:55] INFO     Animation 1 : Partial     scene_file_writer.py:588
                             movie file written in                             
                             'C:\Vivek_Main\tutter\src                         
                             \media\videos\df36ecf0-af                         
                             6c-435d-b46c-746eabdedaf7                         
                             _20251111_132344\script_s                         
                             eq1\videos\script_seq1\48                         
                             0p15\partial_movie_files\                         
                             SquareCornerLabels\190528                         
                             8516_1436906429_199757199                         
                             4.mp4'
──────────────────────────────────────────────

[2025-11-11 13:24:23] [ERROR] 
❌ Error running Manim on C:/Vivek_Main/Manim_project/inputbox/df36ecf0-af6c-435d-b46c-746eabdedaf7_20251111_132344/script_seq2/script_seq2.py
──────────────────────────────────────────────
STDERR:
Animation 0: Write(Square):   0%|          | 0/30 [00:00<?, ?it/s]
Animation 0: Write(Square):  37%|###6      | 11/30 [00:00<00:00, 104.76it/s]
Animation 0: Write(Square):  87%|########6 | 26/30 [00:00<00:00, 130.66it/s]
                                                                            

Animation 2: _MethodAnimation(VGroup of 4 submobjects):   0%|          | 0/8 [00:00<?, ?it/s]
                                                                                             

Animation 3: _MethodAnimation(MathTex('A')):   0%|          | 0/8 [00:00<?, ?it/s]
                                                                                  

Animation 4: Create(Arrow):   0%|          | 0/15 [00:00<?, ?it/s]
                                                                  

Animation 6: _MethodAnimation(MathTex('A')):   0%|          | 0/8 [00:00<?, ?it/s]
Animation 6: _MethodAnimation(MathTex('A')):  75%|#######5  | 6/8 [00:00<00:00, 58.28it/s]
                                                                                          

Animation 7: _MethodAnimation(MathTex('B')):   0%|          | 0/8 [00:00<?, ?it/s]
                                                                                  
+--------------------- Traceback (most recent call last) ---------------------+
| C:\Vivek_Main\tutter\.venv\Lib\site-packages\manim\cli\render\commands.py:1 |
| 25 in render                                                                |
|                                                                             |
|   122             try:                                                      |
|   123                 with tempconfig({}):                                  |
|   124                     scene = SceneClass()                              |
| > 125                     scene.render()                                    |
|   126             except Exception:                                         |
|   127                 error_console.print_exception()                       |
|   128                 sys.exit(1)                                           |
|                                                                             |
| C:\Vivek_Main\tutter\.venv\Lib\site-packages\manim\scene\scene.py:237 in    |
| render                                                                      |
|                                                                             |
|    234         """                                                          |
|    235         self.setup()                                                 |
|    236         try:                                                         |
| >  237             self.construct()                                         |
|    238         except EndSceneEarlyException:                               |
|    239             pass                                                     |
|    240         except RerunSceneException:                                  |
|                                                                             |
| C:\Vivek_Main\Manim_project\inputbox\df36ecf0-af6c-435d-b46c-746eabdedaf7_2 |
| 0251111_132344\script_seq2\script_seq2.py:30 in construct                   |
|                                                                             |
|   27             elif i == 1:                                               |
|   28                 self.play(labels[0].animate.scale(1).set_color(GRAY),  |
|   29                 self.play(label.animate.scale(1.5).set_color(YELLOW),  |
| > 30                 self.play(ReplacementTransform(self.camera.background_ |
|   31                 self.wait(2)  # Voice over: "Similarly, this one point |
|   32             elif i == 2:                                               |
|   33                 self.play(labels[1].animate.scale(1).set_color(GRAY),  |
+-----------------------------------------------------------------------------+
AttributeError: 'Camera' object has no attribute 'background_mobjects'

STDOUT:
Manim Community v0.19.0

[11/11/25 13:24:08] INFO     Writing A to               tex_file_writing.py:111
                             C:\Vivek_Main\tutter\src\m                        
                             edia\videos\df36ecf0-af6c-                        
                             435d-b46c-746eabdedaf7_202                        
                             51111_132344\script_seq2\T                        
                             ex\90f07b07e57adf79.tex                           
[11/11/25 13:24:11] INFO     Writing B to               tex_file_writing.py:111
                             C:\Vivek_Main\tutter\src\m                        
                             edia\videos\df36ecf0-af6c-                        
                             435d-b46c-746eabdedaf7_202                        
                             51111_132344\script_seq2\T                        
                             ex\d82288bb87e99d59.tex                           
[11/11/25 13:24:14] INFO     Writing C to               tex_file_writing.py:111
                             C:\Vivek_Main\tutter\src\m                        
                             edia\videos\df36ecf0-af6c-                        
                             435d-b46c-746eabdedaf7_202                        
                             51111_132344\script_seq2\T                        
                             ex\86474863bfdee3e7.tex                           
[11/11/25 13:24:17] INFO     Writing D to               tex_file_writing.py:111
                             C:\Vivek_Main\tutter\src\m                        
                             edia\videos\df36ecf0-af6c-                        
                             435d-b46c-746eabdedaf7_202                        
                             51111_132344\script_seq2\T                        
                             ex\265843fdb06dea70.tex                           
[11/11/25 13:24:20] INFO     Animation 0 : Partial     scene_file_writer.py:588
                             movie file written in                             
                             'C:\Vivek_Main\tutter\src                         
                             \media\videos\df36ecf0-af                         
                             6c-435d-b46c-746eabdedaf7                         
                             _20251111_132344\script_s                         
                             eq2\videos\script_seq2\48                         
                             0p15\partial_movie_files\                         
                             SquareLabelAnimation\1185                         
                             818338_3053448893_1703289                         
                             535.mp4'                                          
                    INFO     Animation 1 : Partial     scene_file_writer.py:588
                             movie file written in                             
                             'C:\Vivek_Main\tutter\src                         
                             \media\videos\df36ecf0-af                         
                             6c-435d-b46c-746eabdedaf7                         
                             _20251111_132344\script_s                         
                             eq2\videos\script_seq2\48                         
                             0p15\partial_movie_files\                         
                             SquareLabelAnimation\6246                         
                             42324_4217992463_29058157                         
                             .mp4'                                             
                    INFO     Animation 2 : Partial     scene_file_writer.py:588
                             movie file written in                             
                             'C:\Vivek_Main\tutter\src                         
                             \media\videos\df36ecf0-af                         
                             6c-435d-b46c-746eabdedaf7                         
                             _20251111_132344\script_s                         
                             eq2\videos\script_seq2\48                         
                             0p15\partial_movie_files\                         
                             SquareLabelAnimation\6246                         
                             42324_154133109_128248738                         
                             .mp4'                                             
[11/11/25 13:24:21] INFO     Animation 3 : Partial     scene_file_writer.py:588
                             movie file written in                             
                             'C:\Vivek_Main\tutter\src                         
                             \media\videos\df36ecf0-af                         
                             6c-435d-b46c-746eabdedaf7                         
                             _20251111_132344\script_s                         
                             eq2\videos\script_seq2\48                         
                             0p15\partial_movie_files\                         
                             SquareLabelAnimation\6246                         
                             42324_3535338493_15163505                         
                             88.mp4'                                           
                    INFO     Animation 4 : Partial     scene_file_writer.py:588
                             movie file written in                             
                             'C:\Vivek_Main\tutter\src                         
                             \media\videos\df36ecf0-af                         
                             6c-435d-b46c-746eabdedaf7                         
                             _20251111_132344\script_s                         
                             eq2\videos\script_seq2\48                         
                             0p15\partial_movie_files\                         
                             SquareLabelAnimation\6246                         
                             42324_3942187230_25168967                         
                             9.mp4'                                            
                    INFO     Animation 5 : Partial     scene_file_writer.py:588
                             movie file written in                             
                             'C:\Vivek_Main\tutter\src                         
                             \media\videos\df36ecf0-af                         
                             6c-435d-b46c-746eabdedaf7                         
                             _20251111_132344\script_s                         
                             eq2\videos\script_seq2\48                         
                             0p15\partial_movie_files\                         
                             SquareLabelAnimation\6246                         
                             42324_2844360058_35129785                         
                             74.mp4'                                           
[11/11/25 13:24:22] INFO     Animation 6 : Partial     scene_file_writer.py:588
                             movie file written in                             
                             'C:\Vivek_Main\tutter\src                         
                             \media\videos\df36ecf0-af                         
                             6c-435d-b46c-746eabdedaf7                         
                             _20251111_132344\script_s                         
                             eq2\videos\script_seq2\48                         
                             0p15\partial_movie_files\                         
                             SquareLabelAnimation\6246                         
                             42324_519000905_703965398                         
                             .mp4'                                             
                    INFO     Animation 7 : Partial     scene_file_writer.py:588
                             movie file written in                             
                             'C:\Vivek_Main\tutter\src                         
                             \media\videos\df36ecf0-af                         
                             6c-435d-b46c-746eabdedaf7                         
                             _20251111_132344\script_s                         
                             eq2\videos\script_seq2\48                         
                             0p15\partial_movie_files\                         
                             SquareLabelAnimation\6246                         
                             42324_1847058272_36666817                         
                             81.mp4'
──────────────────────────────────────────────

[2025-11-11 13:25:06] [ERROR] 
❌ Error running Manim on C:/Vivek_Main/Manim_project/inputbox/df36ecf0-af6c-435d-b46c-746eabdedaf7_20251111_132344/script_seq3/script_seq3.py
──────────────────────────────────────────────
STDERR:
Animation 0: Create(Square), etc.:   0%|          | 0/15 [00:00<?, ?it/s]
Animation 0: Create(Square), etc.:  60%|######    | 9/15 [00:00<00:00, 78.75it/s]
                                                                                 

Animation 2: FadeIn(Text('Example: Labeling a Map')):   0%|          | 0/15 [00:00<?, ?it/s]
Animation 2: FadeIn(Text('Example: Labeling a Map')):  27%|##6       | 4/15 [00:00<00:00, 34.02it/s]
Animation 2: FadeIn(Text('Example: Labeling a Map')):  53%|#####3    | 8/15 [00:00<00:00, 35.57it/s]
Animation 2: FadeIn(Text('Example: Labeling a Map')):  80%|########  | 12/15 [00:00<00:00, 33.31it/s]
                                                                                                     

Animation 4: Create(Rectangle), etc.:   0%|          | 0/15 [00:00<?, ?it/s]
Animation 4: Create(Rectangle), etc.:  80%|########  | 12/15 [00:00<00:00, 119.75it/s]
                                                                                      

Animation 6: Write(MathTex('W')), etc.:   0%|          | 0/15 [00:00<?, ?it/s]
Animation 6: Write(MathTex('W')), etc.:  60%|######    | 9/15 [00:00<00:00, 84.96it/s]
                                                                                      
+--------------------- Traceback (most recent call last) ---------------------+
| C:\Vivek_Main\tutter\.venv\Lib\site-packages\manim\cli\render\commands.py:1 |
| 25 in render                                                                |
|                                                                             |
|   122             try:                                                      |
|   123                 with tempconfig({}):                                  |
|   124                     scene = SceneClass()                              |
| > 125                     scene.render()                                    |
|   126             except Exception:                                         |
|   127                 error_console.print_exception()                       |
|   128                 sys.exit(1)                                           |
|                                                                             |
| C:\Vivek_Main\tutter\.venv\Lib\site-packages\manim\scene\scene.py:237 in    |
| render                                                                      |
|                                                                             |
|    234         """                                                          |
|    235         self.setup()                                                 |
|    236         try:                                                         |
| >  237             self.construct()                                         |
|    238         except EndSceneEarlyException:                               |
|    239             pass                                                     |
|    240         except RerunSceneException:                                  |
|                                                                             |
| C:\Vivek_Main\Manim_project\inputbox\df36ecf0-af6c-435d-b46c-746eabdedaf7_2 |
| 0251111_132344\script_seq3\script_seq3.py:38 in construct                   |
|                                                                             |
|   35         self.wait(1)                                                   |
|   36                                                                        |
|   37         # Zoom in on the map to show the labels clearly, then zoom bac |
| > 38         self.play(CameraFrame.move_to, map_shape.get_center(), run_tim |
|   39         self.wait(1)                                                   |
|   40         self.play(CameraFrame.move_to, (square.get_center() + map_shap |
|   41         self.wait(1)                                                   |
+-----------------------------------------------------------------------------+
NameError: name 'CameraFrame' is not defined

STDOUT:
Manim Community v0.19.0

[11/11/25 13:24:34] INFO     Writing A to               tex_file_writing.py:111
                             C:\Vivek_Main\tutter\src\m                        
                             edia\videos\df36ecf0-af6c-                        
                             435d-b46c-746eabdedaf7_202                        
                             51111_132344\script_seq3\T                        
                             ex\90f07b07e57adf79.tex                           
[11/11/25 13:24:36] INFO     Writing B to               tex_file_writing.py:111
                             C:\Vivek_Main\tutter\src\m                        
                             edia\videos\df36ecf0-af6c-                        
                             435d-b46c-746eabdedaf7_202                        
                             51111_132344\script_seq3\T                        
                             ex\d82288bb87e99d59.tex                           
[11/11/25 13:24:39] INFO     Writing C to               tex_file_writing.py:111
                             C:\Vivek_Main\tutter\src\m                        
                             edia\videos\df36ecf0-af6c-                        
                             435d-b46c-746eabdedaf7_202                        
                             51111_132344\script_seq3\T                        
                             ex\86474863bfdee3e7.tex                           
[11/11/25 13:24:42] INFO     Writing D to               tex_file_writing.py:111
                             C:\Vivek_Main\tutter\src\m                        
                             edia\videos\df36ecf0-af6c-                        
                             435d-b46c-746eabdedaf7_202                        
                             51111_132344\script_seq3\T                        
                             ex\265843fdb06dea70.tex                           
[11/11/25 13:24:45] INFO     Animation 0 : Partial     scene_file_writer.py:588
                             movie file written in                             
                             'C:\Vivek_Main\tutter\src                         
                             \media\videos\df36ecf0-af                         
                             6c-435d-b46c-746eabdedaf7                         
                             _20251111_132344\script_s                         
                             eq3\videos\script_seq3\48                         
                             0p15\partial_movie_files\                         
                             LabelingMapScene\11858183                         
                             38_3989144764_223132457.m                         
                             p4'                                               
                    INFO     Animation 1 : Partial     scene_file_writer.py:588
                             movie file written in                             
                             'C:\Vivek_Main\tutter\src                         
                             \media\videos\df36ecf0-af                         
                             6c-435d-b46c-746eabdedaf7                         
                             _20251111_132344\script_s                         
                             eq3\videos\script_seq3\48                         
                             0p15\partial_movie_files\                         
                             LabelingMapScene\62464232                         
                             4_4217992463_2852600295.m                         
                             p4'                                               
[11/11/25 13:24:49] INFO     Animation 2 : Partial     scene_file_writer.py:588
                             movie file written in                             
                             'C:\Vivek_Main\tutter\src                         
                             \media\videos\df36ecf0-af                         
                             6c-435d-b46c-746eabdedaf7                         
                             _20251111_132344\script_s                         
                             eq3\videos\script_seq3\48                         
                             0p15\partial_movie_files\                         
                             LabelingMapScene\62464232                         
                             4_2255673459_1459725243.m                         
                             p4'                                               
                    INFO     Animation 3 : Partial     scene_file_writer.py:588
                             movie file written in                             
                             'C:\Vivek_Main\tutter\src                         
                             \media\videos\df36ecf0-af                         
                             6c-435d-b46c-746eabdedaf7                         
                             _20251111_132344\script_s                         
                             eq3\videos\script_seq3\48                         
                             0p15\partial_movie_files\                         
                             LabelingMapScene\62464232                         
                             4_4217992463_2801826128.m                         
                             p4'                                               
[11/11/25 13:24:50] INFO     Animation 4 : Partial     scene_file_writer.py:588
                             movie file written in                             
                             'C:\Vivek_Main\tutter\src                         
                             \media\videos\df36ecf0-af                         
                             6c-435d-b46c-746eabdedaf7                         
                             _20251111_132344\script_s                         
                             eq3\videos\script_seq3\48                         
                             0p15\partial_movie_files\                         
                             LabelingMapScene\62464232                         
                             4_2777767237_1940150746.m                         
                             p4'                                               
                    INFO     Animation 5 : Partial     scene_file_writer.py:588
                             movie file written in                             
                             'C:\Vivek_Main\tutter\src                         
                             \media\videos\df36ecf0-af                         
                             6c-435d-b46c-746eabdedaf7                         
                             _20251111_132344\script_s                         
                             eq3\videos\script_seq3\48                         
                             0p15\partial_movie_files\                         
                             LabelingMapScene\62464232                         
                             4_4217992463_22027703.mp4                         
                             '                                                 
                    INFO     Writing W to               tex_file_writing.py:111
                             C:\Vivek_Main\tutter\src\m                        
                             edia\videos\df36ecf0-af6c-                        
                             435d-b46c-746eabdedaf7_202                        
                             51111_132344\script_seq3\T                        
                             ex\47a57e7bc0da46be.tex                           
[11/11/25 13:24:53] INFO     Writing X to               tex_file_writing.py:111
                             C:\Vivek_Main\tutter\src\m                        
                             edia\videos\df36ecf0-af6c-                        
                             435d-b46c-746eabdedaf7_202                        
                             51111_132344\script_seq3\T                        
                             ex\0a65a7c3232fcd14.tex                           
[11/11/25 13:24:57] INFO     Writing Y to               tex_file_writing.py:111
                             C:\Vivek_Main\tutter\src\m                        
                             edia\videos\df36ecf0-af6c-                        
                             435d-b46c-746eabdedaf7_202                        
                             51111_132344\script_seq3\T                        
                             ex\7bfe00c37f281dc8.tex                           
[11/11/25 13:25:00] INFO     Writing Z to               tex_file_writing.py:111
                             C:\Vivek_Main\tutter\src\m                        
                             edia\videos\df36ecf0-af6c-                        
                             435d-b46c-746eabdedaf7_202                        
                             51111_132344\script_seq3\T                        
                             ex\086c518d91988492.tex                           
[11/11/25 13:25:03] INFO     Animation 6 : Partial     scene_file_writer.py:588
                             movie file written in                             
                             'C:\Vivek_Main\tutter\src                         
                             \media\videos\df36ecf0-af                         
                             6c-435d-b46c-746eabdedaf7                         
                             _20251111_132344\script_s                         
                             eq3\videos\script_seq3\48                         
                             0p15\partial_movie_files\                         
                             LabelingMapScene\62464232                         
                             4_2637532451_1307103128.m                         
                             p4'                                               
[11/11/25 13:25:04] INFO     Animation 7 : Partial     scene_file_writer.py:588
                             movie file written in                             
                             'C:\Vivek_Main\tutter\src                         
                             \media\videos\df36ecf0-af                         
                             6c-435d-b46c-746eabdedaf7                         
                             _20251111_132344\script_s                         
                             eq3\videos\script_seq3\48                         
                             0p15\partial_movie_files\                         
                             LabelingMapScene\62464232                         
                             4_4217992463_3259021904.m                         
                             p4'
──────────────────────────────────────────────

[2025-11-11 13:25:23] [ERROR] 
❌ Error running Manim on C:/Vivek_Main/Manim_project/inputbox/df36ecf0-af6c-435d-b46c-746eabdedaf7_20251111_132344/script_seq4/script_seq4.py
──────────────────────────────────────────────
STDERR:
Animation 0: Create(Square), etc.:   0%|          | 0/15 [00:00<?, ?it/s]
                                                                         

Animation 2: FadeOut(Square), etc.:   0%|          | 0/15 [00:00<?, ?it/s]
                                                                          
+--------------------- Traceback (most recent call last) ---------------------+
| C:\Vivek_Main\tutter\.venv\Lib\site-packages\manim\cli\render\commands.py:1 |
| 25 in render                                                                |
|                                                                             |
|   122             try:                                                      |
|   123                 with tempconfig({}):                                  |
|   124                     scene = SceneClass()                              |
| > 125                     scene.render()                                    |
|   126             except Exception:                                         |
|   127                 error_console.print_exception()                       |
|   128                 sys.exit(1)                                           |
|                                                                             |
| C:\Vivek_Main\tutter\.venv\Lib\site-packages\manim\scene\scene.py:237 in    |
| render                                                                      |
|                                                                             |
|    234         """                                                          |
|    235         self.setup()                                                 |
|    236         try:                                                         |
| >  237             self.construct()                                         |
|    238         except EndSceneEarlyException:                               |
|    239             pass                                                     |
|    240         except RerunSceneException:                                  |
|                                                                             |
| C:\Vivek_Main\Manim_project\inputbox\df36ecf0-af6c-435d-b46c-746eabdedaf7_2 |
| 0251111_132344\script_seq4\script_seq4.py:23 in construct                   |
|                                                                             |
|   20         self.wait(0.5)                                                 |
|   21                                                                        |
|   22         # Animate checkmark appearing next to each label               |
| > 23         checkmark = SVGMobject("checkmark.svg").scale(0.5)             |
|   24         for label in labels:                                           |
|   25             checkmark_copy = checkmark.copy().next_to(label, RIGHT, bu |
|   26             self.play(FadeIn(label), Create(checkmark_copy))           |
|                                                                             |
| C:\Vivek_Main\tutter\.venv\Lib\site-packages\manim\mobject\svg\svg_mobject. |
| py:145 in __init__                                                          |
|                                                                             |
|   142             path_string_config = {}                                   |
|   143         self.path_string_config = path_string_config                  |
|   144                                                                       |
| > 145         self.init_svg_mobject(use_svg_cache=use_svg_cache)            |
|   146                                                                       |
|   147         self.set_style(                                               |
|   148             fill_color=fill_color,                                    |
|                                                                             |
| C:\Vivek_Main\tutter\.venv\Lib\site-packages\manim\mobject\svg\svg_mobject. |
| py:171 in init_svg_mobject                                                  |
|                                                                             |
|   168                 self.add(*mob)                                        |
|   169                 return                                                |
|   170                                                                       |
| > 171         self.generate_mobject()                                       |
|   172         if use_svg_cache:                                             |
|   173             SVG_HASH_TO_MOB_MAP[hash_val] = self.copy()               |
|   174                                                                       |
|                                                                             |
| C:\Vivek_Main\tutter\.venv\Lib\site-packages\manim\mobject\svg\svg_mobject. |
| py:192 in generate_mobject                                                  |
|                                                                             |
|   189                                                                       |
|   190     def generate_mobject(self) -> None:                               |
|   191         """Parse the SVG and translate its elements to submobjects."" |
| > 192         file_path = self.get_file_path()                              |
|   193         element_tree = ET.parse(file_path)                            |
|   194         new_tree = self.modify_xml_tree(element_tree)                 |
|   195         # Create a temporary svg file to dump modified svg to be pars |
|                                                                             |
| C:\Vivek_Main\tutter\.venv\Lib\site-packages\manim\mobject\svg\svg_mobject. |
| py:210 in get_file_path                                                     |
|                                                                             |
|   207         """Search for an existing file based on the specified file na |
|   208         if self.file_name is None:                                    |
|   209             raise ValueError("Must specify file for SVGMobject")      |
| > 210         return get_full_vector_image_path(self.file_name)             |
|   211                                                                       |
|   212     def modify_xml_tree(self, element_tree: ET.ElementTree) -> ET.Ele |
|   213         """Modifies the SVG element tree to include default           |
|                                                                             |
| C:\Vivek_Main\tutter\.venv\Lib\site-packages\manim\utils\images.py:36 in    |
| get_full_vector_image_path                                                  |
|                                                                             |
|   33                                                                        |
|   34                                                                        |
|   35 def get_full_vector_image_path(image_file_name: str | PurePath) -> Pat |
| > 36     return seek_full_path_from_defaults(                               |
|   37         image_file_name,                                               |
|   38         default_dir=config.get_dir("assets_dir"),                      |
|   39         extensions=[".svg"],                                           |
|                                                                             |
| C:\Vivek_Main\tutter\.venv\Lib\site-packages\manim\utils\file_ops.py:182 in |
| seek_full_path_from_defaults                                                |
|                                                                             |
|   179         f"From: {Path.cwd()}, could not find {file_name} at either "  |
|   180         f"of these locations: {list(map(str, possible_paths))}"       |
|   181     )                                                                 |
| > 182     raise OSError(error)                                              |
|   183                                                                       |
|   184                                                                       |
|   185 def modify_atime(file_path: str) -> None:                             |
+-----------------------------------------------------------------------------+
OSError: From: C:\Vivek_Main\tutter\src, could not find checkmark.svg at either
of these locations: ['checkmark.svg', 'checkmark.svg', 'checkmark.svg.svg']

STDOUT:
Manim Community v0.19.0

[11/11/25 13:25:15] INFO     Writing A to               tex_file_writing.py:111
                             C:\Vivek_Main\tutter\src\m                        
                             edia\videos\df36ecf0-af6c-                        
                             435d-b46c-746eabdedaf7_202                        
                             51111_132344\script_seq4\T                        
                             ex\90f07b07e57adf79.tex                           
[11/11/25 13:25:19] INFO     Writing B to               tex_file_writing.py:111
                             C:\Vivek_Main\tutter\src\m                        
                             edia\videos\df36ecf0-af6c-                        
                             435d-b46c-746eabdedaf7_202                        
                             51111_132344\script_seq4\T                        
                             ex\d82288bb87e99d59.tex                           
[11/11/25 13:25:21] INFO     Writing C to               tex_file_writing.py:111
                             C:\Vivek_Main\tutter\src\m                        
                             edia\videos\df36ecf0-af6c-                        
                             435d-b46c-746eabdedaf7_202                        
                             51111_132344\script_seq4\T                        
                             ex\86474863bfdee3e7.tex                           
[11/11/25 13:25:22] INFO     Writing D to               tex_file_writing.py:111
                             C:\Vivek_Main\tutter\src\m                        
                             edia\videos\df36ecf0-af6c-                        
                             435d-b46c-746eabdedaf7_202                        
                             51111_132344\script_seq4\T                        
                             ex\265843fdb06dea70.tex                           
[11/11/25 13:25:23] INFO     Animation 0 : Partial     scene_file_writer.py:588
                             movie file written in                             
                             'C:\Vivek_Main\tutter\src                         
                             \media\videos\df36ecf0-af                         
                             6c-435d-b46c-746eabdedaf7                         
                             _20251111_132344\script_s                         
                             eq4\videos\script_seq4\48                         
                             0p15\partial_movie_files\                         
                             LabelPlacementAnimation\1                         
                             185818338_2563490608_2231                         
                             32457.mp4'                                        
                    INFO     Animation 1 : Partial     scene_file_writer.py:588
                             movie file written in                             
                             'C:\Vivek_Main\tutter\src                         
                             \media\videos\df36ecf0-af                         
                             6c-435d-b46c-746eabdedaf7                         
                             _20251111_132344\script_s                         
                             eq4\videos\script_seq4\48                         
                             0p15\partial_movie_files\                         
                             LabelPlacementAnimation\6                         
                             24642324_4217992463_42530                         
                             72472.mp4'                                        
                    INFO     Animation 2 : Partial     scene_file_writer.py:588
                             movie file written in                             
                             'C:\Vivek_Main\tutter\src                         
                             \media\videos\df36ecf0-af                         
                             6c-435d-b46c-746eabdedaf7                         
                             _20251111_132344\script_s                         
                             eq4\videos\script_seq4\48                         
                             0p15\partial_movie_files\                         
                             LabelPlacementAnimation\6                         
                             24642324_1678611352_26215                         
                             2007.mp4'                                         
                    INFO     Animation 3 : Partial     scene_file_writer.py:588
                             movie file written in                             
                             'C:\Vivek_Main\tutter\src                         
                             \media\videos\df36ecf0-af                         
                             6c-435d-b46c-746eabdedaf7                         
                             _20251111_132344\script_s                         
                             eq4\videos\script_seq4\48                         
                             0p15\partial_movie_files\                         
                             LabelPlacementAnimation\6                         
                             24642324_3394500337_21025                         
                             9938.mp4'
──────────────────────────────────────────────

[2025-11-11 13:25:24] [ERROR] ❌ Video and audio lists must have the same length
[2025-11-11 13:25:24] [ERROR] ❌ Video generation error
Traceback (most recent call last):
  File "C:\Vivek_Main\tutter\src\video_pipeline\routes\video_routes.py", line 32, in generate_videos_endpoint
    output_path = await process_pipeline(
                  ^^^^^^^^^^^^^^^^^^^^^^^
  File "C:\Vivek_Main\tutter\src\main.py", line 61, in process_pipeline
    final_video_bytes = MergerFactory.merge_all_videos_with_audio(video_bytes_list, audio_bytes_list)
                        ^^^^^^^^^^^^^^^^^^^^^^^^^^^^^^^^^^^^^^^^^^^^^^^^^^^^^^^^^^^^^^^^^^^^^^^^^^^^^
  File "C:\Vivek_Main\tutter\src\merger_factory.py", line 261, in merge_all_videos_with_audio
    return MergerFactory.merge_video_with_audio(video_bytes_list, audio_bytes_list)
           ^^^^^^^^^^^^^^^^^^^^^^^^^^^^^^^^^^^^^^^^^^^^^^^^^^^^^^^^^^^^^^^^^^^^^^^^
  File "C:\Vivek_Main\tutter\src\merger_factory.py", line 136, in merge_video_with_audio
    raise ValueError("Video and audio lists must have the same length")
ValueError: Video and audio lists must have the same length
[2025-11-11 13:25:24] [ERROR] ❌ HTTP 500: {"detail":"Video and audio lists must have the same length"}
[2025-11-11 13:25:24] [ERROR] ❌ Error writing scripts
Traceback (most recent call last):
  File "C:\Vivek_Main\tutter\src\video_pipeline\routes\write_routes.py", line 37, in write_scripts
    video_result = await async_post(video_url, {"path": str(folder),"unique_id":data.unique_id}, timeout=300)
                   ^^^^^^^^^^^^^^^^^^^^^^^^^^^^^^^^^^^^^^^^^^^^^^^^^^^^^^^^^^^^^^^^^^^^^^^^^^^^^^^^^^^^^^^^^^
  File "C:\Vivek_Main\tutter\src\video_pipeline\utils.py", line 15, in async_post
    raise HTTPException(status_code=resp.status_code, detail=resp.text)
fastapi.exceptions.HTTPException: 500: {"detail":"Video and audio lists must have the same length"}
[2025-11-11 13:25:24] [ERROR] ❌ HTTP 500: {"detail":"500: {\"detail\":\"Video and audio lists must have the same length\"}"}
[2025-11-11 13:25:24] [ERROR] ❌ Error generating code
Traceback (most recent call last):
  File "C:\Vivek_Main\tutter\src\video_pipeline\routes\generator_routes.py", line 25, in generate_code_endpoint
    write_result = await async_post(write_url, result, timeout=120)
                   ^^^^^^^^^^^^^^^^^^^^^^^^^^^^^^^^^^^^^^^^^^^^^^^^
  File "C:\Vivek_Main\tutter\src\video_pipeline\utils.py", line 15, in async_post
    raise HTTPException(status_code=resp.status_code, detail=resp.text)
fastapi.exceptions.HTTPException: 500: {"detail":"500: {\"detail\":\"Video and audio lists must have the same length\"}"}
[2025-11-11 13:25:24] [ERROR] ❌ HTTP 500: {"detail":"500: {\"detail\":\"500: {\\\"detail\\\":\\\"Video and audio lists must have the same length\\\"}\"}"}
