[2025-11-11 16:37:50] [INFO] ðŸ§  Generating script for topic='create a circle', class='10'
[2025-11-11 16:38:00] [INFO] ðŸš€ Sending generated script to /generate-files-api and /Generator ...
[2025-11-11 16:38:14] [INFO] ðŸŽ¬ Generated Manim Code Successfully
[2025-11-11 16:38:14] [INFO] ðŸŸ¢ [generate-files-api] New request received
[2025-11-11 16:38:14] [INFO] ðŸ“ Created folder: C:\ArkMalay\Framework\Video_data\20251111_163814_06e81ac1
[2025-11-11 16:38:14] [INFO] âœ… JSON saved successfully at C:\ArkMalay\Framework\Video_data\20251111_163814_06e81ac1\input_data.json
[2025-11-11 16:38:14] [INFO] ðŸ§© Starting file preparation process via prepare_files()
[2025-11-11 16:38:14] [INFO] ðŸ“ Generating Python and TXT files from JSON: C:\ArkMalay\Framework\Video_data\20251111_163814_06e81ac1\input_data.json
[2025-11-11 16:38:14] [INFO] ðŸ“‚ Using existing transaction folder for script sequences: C:\ArkMalay\Framework\Video_data\20251111_163814_06e81ac1\script_sequences
[2025-11-11 16:38:14] [INFO] ðŸ“ Created script sequence folder: C:\ArkMalay\Framework\Video_data\20251111_163814_06e81ac1\script_sequences\script_seq1
[2025-11-11 16:38:14] [INFO] âœ… Created PY file: C:\ArkMalay\Framework\Video_data\20251111_163814_06e81ac1\script_sequences\script_seq1\script_seq1.py
[2025-11-11 16:38:14] [INFO] âœ… Created TXT file: C:\ArkMalay\Framework\Video_data\20251111_163814_06e81ac1\script_sequences\script_seq1\script_seq1.txt
[2025-11-11 16:38:14] [INFO] ðŸ“ Created script sequence folder: C:\ArkMalay\Framework\Video_data\20251111_163814_06e81ac1\script_sequences\script_seq2
[2025-11-11 16:38:14] [INFO] âœ… Created PY file: C:\ArkMalay\Framework\Video_data\20251111_163814_06e81ac1\script_sequences\script_seq2\script_seq2.py
[2025-11-11 16:38:14] [INFO] âœ… Created TXT file: C:\ArkMalay\Framework\Video_data\20251111_163814_06e81ac1\script_sequences\script_seq2\script_seq2.txt
[2025-11-11 16:38:14] [INFO] ðŸŽ¯ Total Words: 693 | Approx. Total GPT Tokens: 924
[2025-11-11 16:38:14] [INFO] ðŸŽ‰ All files generated inside: C:\ArkMalay\Framework\Video_data\20251111_163814_06e81ac1\script_sequences
[2025-11-11 16:38:14] [INFO] âœ… File preparation completed. Output: {'py_files': ['C:\\ArkMalay\\Framework\\Video_data\\20251111_163814_06e81ac1\\script_sequences\\script_seq1\\script_seq1.py', 'C:\\ArkMalay\\Framework\\Video_data\\20251111_163814_06e81ac1\\script_sequences\\script_seq2\\script_seq2.py'], 'txt_files': ['C:\\ArkMalay\\Framework\\Video_data\\20251111_163814_06e81ac1\\script_sequences\\script_seq1\\script_seq1.txt', 'C:\\ArkMalay\\Framework\\Video_data\\20251111_163814_06e81ac1\\script_sequences\\script_seq2\\script_seq2.txt']}
[2025-11-11 16:38:14] [INFO] ðŸŽ¯ Transaction 06e81ac1 completed successfully. Folder: C:\ArkMalay\Framework\Video_data\20251111_163814_06e81ac1
[2025-11-11 16:38:14] [INFO] ðŸ” TRANSACTION_FOLDER currently: C:\ArkMalay\Framework\Video_data\20251111_163814_06e81ac1
[2025-11-11 16:38:14] [INFO] ðŸŸ¢ Using TRANSACTION_FOLDER for writing scripts: C:\ArkMalay\Framework\Video_data\20251111_163814_06e81ac1\script_sequences
[2025-11-11 16:38:14] [INFO] âœ… Manim script written: C:\ArkMalay\Framework\Video_data\20251111_163814_06e81ac1\script_sequences\script_seq1\script_seq1.py
[2025-11-11 16:38:14] [INFO] âœ… Manim script written: C:\ArkMalay\Framework\Video_data\20251111_163814_06e81ac1\script_sequences\script_seq2\script_seq2.py
[2025-11-11 16:38:14] [INFO] ðŸŽ¥ Triggering video generation for folder: C:\ArkMalay\Framework\Video_data\20251111_163814_06e81ac1\script_sequences
[2025-11-11 16:38:16] [INFO] ðŸš€ Received video generation request.
[2025-11-11 16:38:16] [INFO] ðŸ“‚ Using provided input path: C:\ArkMalay\Framework\Video_data\20251111_163814_06e81ac1\script_sequences
[2025-11-11 16:38:16] [INFO] ðŸ§© Found 2 .py files and 2 .txt files under C:\ArkMalay\Framework\Video_data\20251111_163814_06e81ac1\script_sequences
[2025-11-11 16:38:16] [INFO] ðŸŽ¬ Starting video + audio processing pipeline...
[2025-11-11 16:38:16] [INFO] ðŸŽ¬ Video callable prepared for: C:\ArkMalay\Framework\Video_data\20251111_163814_06e81ac1
[2025-11-11 16:38:16] [INFO] ðŸŽ¬ Running Manim on C:/ArkMalay/Framework/Video_data/20251111_163814_06e81ac1/script_sequences/script_seq1/script_seq1.py ...
[2025-11-11 16:38:16] [INFO] ðŸ§¹ Cleaned old media folder: C:\ArkMalay\Framework\tutor\src\media\videos\script_sequences\script_seq1
[2025-11-11 16:38:33] [INFO] ðŸŽžï¸ Detected Scene class: ExpandingCircle
[2025-11-11 16:38:33] [INFO] âœ… Found video: C:\ArkMalay\Framework\tutor\src\media\videos\script_sequences\script_seq1\videos\script_seq1\480p15\ExpandingCircle.mp4
[2025-11-11 16:38:33] [INFO] ðŸŽ¬ Running Manim on C:/ArkMalay/Framework/Video_data/20251111_163814_06e81ac1/script_sequences/script_seq2/script_seq2.py ...
[2025-11-11 16:38:33] [INFO] ðŸ§¹ Cleaned old media folder: C:\ArkMalay\Framework\tutor\src\media\videos\script_sequences\script_seq2
[2025-11-11 16:38:51] [INFO] ðŸŽžï¸ Detected Scene class: MovingCircle
[2025-11-11 16:38:51] [INFO] âœ… Found video: C:\ArkMalay\Framework\tutor\src\media\videos\script_sequences\script_seq2\videos\script_seq2\480p15\MovingCircle.mp4
[2025-11-11 16:38:51] [INFO] âœ… Total words: 46 | Approx. GPT tokens: 60 | Total videos collected: 2
[2025-11-11 16:40:06] [INFO] Entering save_all_script_media.
[2025-11-11 16:40:06] [INFO] ðŸŽ¬ Video saved at: C:\ArkMalay\Framework\tutor\output\Videos\20251111_163814_06e81ac1_script_seq1.mp4
[2025-11-11 16:40:06] [INFO] ðŸŽµ Audio saved at: C:\ArkMalay\Framework\tutor\output\Audios\20251111_163814_06e81ac1_script_seq1.mp3
[2025-11-11 16:40:06] [INFO] ðŸŽ¬ Video saved at: C:\ArkMalay\Framework\tutor\output\Videos\20251111_163814_06e81ac1_script_seq2.mp4
[2025-11-11 16:40:06] [INFO] ðŸŽµ Audio saved at: C:\ArkMalay\Framework\tutor\output\Audios\20251111_163814_06e81ac1_script_seq2.mp3
[2025-11-11 16:40:06] [INFO] ðŸŽžï¸ [MERGE] Starting final video/audio merge process...
[2025-11-11 16:40:06] [INFO] ðŸŽ¬ [MERGE] Video clips: 2, Audio clips: 2
[2025-11-11 16:40:06] [INFO] ðŸŽžï¸ Starting merge_all_videos_with_audio
[2025-11-11 16:40:06] [INFO] ðŸŽ¬ Total video segments: 2, Total audio segments: 2
[2025-11-11 16:40:06] [INFO] ðŸ“ Total video bytes: 30,554, Total audio bytes: 4,729,288
[2025-11-11 16:40:06] [INFO] ðŸŽžï¸ Merging video/audio pair 1
[2025-11-11 16:40:06] [INFO] ðŸ“¦ Pair 1 -> Video bytes: 13,813, Audio bytes: 2,236,844
[2025-11-11 16:40:06] [INFO] ðŸŽžï¸ [MERGE] Entering merge_video_with_audio
[2025-11-11 16:40:07] [INFO] ðŸš€ Starting Drive upload process
[2025-11-11 16:40:07] [INFO] ðŸ“‚ Using Settings.TRANSACTION_FOLDER: C:\ArkMalay\Framework\Video_data\20251111_163814_06e81ac1
[2025-11-11 16:40:07] [INFO] ðŸ” upload_folder_to_drive called with: C:\ArkMalay\Framework\Video_data\20251111_163814_06e81ac1
[2025-11-11 16:40:07] [INFO] âœ… Drive auth successful (mode=service)
[2025-11-11 16:40:07] [INFO] ðŸ“ Service-mode: uploading '20251111_163814_06e81ac1' under Drive parent ID 1fSIa3LHaUZ6ElWywNuyHRnyj1ohr_gjj
[2025-11-11 16:40:10] [INFO] ðŸ“ Created Drive subfolder '20251111_163814_06e81ac1' under parent 1fSIa3LHaUZ6ElWywNuyHRnyj1ohr_gjj -> id=1jbOVfzc4c_TQxI1bMKVz53syn7RExQNV
[2025-11-11 16:40:11] [INFO] ðŸ“ Created Drive subfolder 'script_sequences' under parent 1jbOVfzc4c_TQxI1bMKVz53syn7RExQNV -> id=1Hp0BmnslihGx2sv4yq3LminGlMXLgDjU
[2025-11-11 16:40:14] [INFO] âœ… Uploaded (service): input_data.json â†’ https://drive.google.com/file/d/1EOYqtX4CZcs083pmZz4YXdXMiQtLtoiF/view?usp=drivesdk
[2025-11-11 16:40:15] [INFO] ðŸ“ Created Drive subfolder 'script_seq1' under parent 1Hp0BmnslihGx2sv4yq3LminGlMXLgDjU -> id=1UpE_R1uH96kQeMvkuUOGw0awO3tJAwSI
[2025-11-11 16:40:16] [INFO] ðŸ“ Created Drive subfolder 'script_seq2' under parent 1Hp0BmnslihGx2sv4yq3LminGlMXLgDjU -> id=1Hv39w9ae7D_zahuUGwz7C4VDLCOzGsGE
[2025-11-11 16:40:18] [INFO] âœ… Uploaded (service): script_seq1.py â†’ https://drive.google.com/file/d/1yi6TjC9IaLdjLf0Iqky4lLg-o5KwWuxE/view?usp=drivesdk
[2025-11-11 16:40:20] [INFO] âœ… Uploaded (service): script_seq1.txt â†’ https://drive.google.com/file/d/1AmCuJRdacPBAK_nNsr_aVme5pr94BvSi/view?usp=drivesdk
[2025-11-11 16:40:23] [INFO] âœ… Uploaded (service): script_seq2.py â†’ https://drive.google.com/file/d/1VlH9WrH8wnpARtNlOMVv2fjiBBRI1FxR/view?usp=drivesdk
[2025-11-11 16:40:25] [INFO] âœ… Uploaded (service): script_seq2.txt â†’ https://drive.google.com/file/d/1ZeFi0GgKcF_g9hQFndq_sl-3H2_pgzAf/view?usp=drivesdk
[2025-11-11 16:40:25] [INFO] ðŸŽ‰ Service-mode upload complete. Session folder link: https://drive.google.com/drive/folders/1jbOVfzc4c_TQxI1bMKVz53syn7RExQNV
[2025-11-11 16:40:25] [INFO] âœ… Folder (with final video) successfully uploaded to Google Drive.
