[2025-11-14 17:49:16] [ERROR] 
❌ Error running Manim on C:/ArkMalay/Framework_1/Video_data/20251114_174807_b39a1654-3105-4129-91d8-f04f87171787/script_seq1/script_seq1.py
──────────────────────────────────────────────
STDERR:
Traceback (most recent call last):
  File "<frozen runpy>", line 198, in _run_module_as_main
  File "<frozen runpy>", line 88, in _run_code
  File "C:\ArkMalay\Framework_1\tutor\.venv\Scripts\manim.exe\__main__.py", line 7, in <module>
  File "C:\ArkMalay\Framework_1\tutor\.venv\Lib\site-packages\click\core.py", line 1161, in __call__
    return self.main(*args, **kwargs)
           ^^^^^^^^^^^^^^^^^^^^^^^^^^
  File "C:\ArkMalay\Framework_1\tutor\.venv\Lib\site-packages\click\core.py", line 1082, in main
    rv = self.invoke(ctx)
         ^^^^^^^^^^^^^^^^
  File "C:\ArkMalay\Framework_1\tutor\.venv\Lib\site-packages\click\core.py", line 1697, in invoke
    return _process_result(sub_ctx.command.invoke(sub_ctx))
                           ^^^^^^^^^^^^^^^^^^^^^^^^^^^^^^^
  File "C:\ArkMalay\Framework_1\tutor\.venv\Lib\site-packages\click\core.py", line 1443, in invoke
    return ctx.invoke(self.callback, **ctx.params)
           ^^^^^^^^^^^^^^^^^^^^^^^^^^^^^^^^^^^^^^^
  File "C:\ArkMalay\Framework_1\tutor\.venv\Lib\site-packages\click\core.py", line 788, in invoke
    return __callback(*args, **kwargs)
           ^^^^^^^^^^^^^^^^^^^^^^^^^^^
  File "C:\ArkMalay\Framework_1\tutor\.venv\Lib\site-packages\manim\cli\render\commands.py", line 121, in render
    for SceneClass in scene_classes_from_file(file):
                      ^^^^^^^^^^^^^^^^^^^^^^^^^^^^^
  File "C:\ArkMalay\Framework_1\tutor\.venv\Lib\site-packages\manim\utils\module_ops.py", line 167, in scene_classes_from_file
    module = get_module(file_path)
             ^^^^^^^^^^^^^^^^^^^^^
  File "C:\ArkMalay\Framework_1\tutor\.venv\Lib\site-packages\manim\utils\module_ops.py", line 67, in get_module
    spec.loader.exec_module(module)
  File "<frozen importlib._bootstrap_external>", line 990, in exec_module
  File "<frozen importlib._bootstrap_external>", line 1128, in get_code
  File "<frozen importlib._bootstrap_external>", line 1058, in source_to_code
  File "<frozen importlib._bootstrap>", line 488, in _call_with_frames_removed
  File "C:\ArkMalay\Framework_1\Video_data\20251114_174807_b39a1654-3105-4129-91d8-f04f87171787\script_seq1\script_seq1.py", line 6
    In the original code, there are several issues related to the positioning and styling of the text elements. Let's go through each part:
                                                                                                                   ^
SyntaxError: unterminated string literal (detected at line 6)

STDOUT:
Manim Community v0.19.0
──────────────────────────────────────────────

[2025-11-14 17:49:28] [ERROR] 
❌ Error running Manim on C:/ArkMalay/Framework_1/Video_data/20251114_174807_b39a1654-3105-4129-91d8-f04f87171787/script_seq2/script_seq2.py
──────────────────────────────────────────────
STDERR:
Traceback (most recent call last):
  File "<frozen runpy>", line 198, in _run_module_as_main
  File "<frozen runpy>", line 88, in _run_code
  File "C:\ArkMalay\Framework_1\tutor\.venv\Scripts\manim.exe\__main__.py", line 7, in <module>
  File "C:\ArkMalay\Framework_1\tutor\.venv\Lib\site-packages\click\core.py", line 1161, in __call__
    return self.main(*args, **kwargs)
           ^^^^^^^^^^^^^^^^^^^^^^^^^^
  File "C:\ArkMalay\Framework_1\tutor\.venv\Lib\site-packages\click\core.py", line 1082, in main
    rv = self.invoke(ctx)
         ^^^^^^^^^^^^^^^^
  File "C:\ArkMalay\Framework_1\tutor\.venv\Lib\site-packages\click\core.py", line 1697, in invoke
    return _process_result(sub_ctx.command.invoke(sub_ctx))
                           ^^^^^^^^^^^^^^^^^^^^^^^^^^^^^^^
  File "C:\ArkMalay\Framework_1\tutor\.venv\Lib\site-packages\click\core.py", line 1443, in invoke
    return ctx.invoke(self.callback, **ctx.params)
           ^^^^^^^^^^^^^^^^^^^^^^^^^^^^^^^^^^^^^^^
  File "C:\ArkMalay\Framework_1\tutor\.venv\Lib\site-packages\click\core.py", line 788, in invoke
    return __callback(*args, **kwargs)
           ^^^^^^^^^^^^^^^^^^^^^^^^^^^
  File "C:\ArkMalay\Framework_1\tutor\.venv\Lib\site-packages\manim\cli\render\commands.py", line 121, in render
    for SceneClass in scene_classes_from_file(file):
                      ^^^^^^^^^^^^^^^^^^^^^^^^^^^^^
  File "C:\ArkMalay\Framework_1\tutor\.venv\Lib\site-packages\manim\utils\module_ops.py", line 167, in scene_classes_from_file
    module = get_module(file_path)
             ^^^^^^^^^^^^^^^^^^^^^
  File "C:\ArkMalay\Framework_1\tutor\.venv\Lib\site-packages\manim\utils\module_ops.py", line 67, in get_module
    spec.loader.exec_module(module)
  File "<frozen importlib._bootstrap_external>", line 990, in exec_module
  File "<frozen importlib._bootstrap_external>", line 1128, in get_code
  File "<frozen importlib._bootstrap_external>", line 1058, in source_to_code
  File "<frozen importlib._bootstrap>", line 488, in _call_with_frames_removed
  File "C:\ArkMalay\Framework_1\Video_data\20251114_174807_b39a1654-3105-4129-91d8-f04f87171787\script_seq2\script_seq2.py", line 3
    The provided code snippets are part of a larger program for creating a geometric animation using Manim, a Python library for mathematical animations. The original code had some issues with text positioning and formatting, which are addressed in the fixed version. Here's a breakdown of the changes:
                                                                                                                                                                                                                                                                                ^
SyntaxError: unterminated string literal (detected at line 3)

STDOUT:
Manim Community v0.19.0
──────────────────────────────────────────────

[2025-11-14 17:50:03] [ERROR] ❌ Video and audio list length mismatch
[2025-11-14 17:50:03] [ERROR] :x: Pipeline failed for UID b39a1654-3105-4129-91d8-f04f87171787: Video and audio lists must have the same length
[2025-11-14 17:50:04] [ERROR] Traceback (most recent call last):
  File "C:\ArkMalay\Framework_1\tutor\src\main.py", line 66, in process_pipeline
    final_video_bytes = MergerFactory.merge_all_videos_with_audio(video_bytes_list, audio_bytes_list,unique_id)
                        ^^^^^^^^^^^^^^^^^^^^^^^^^^^^^^^^^^^^^^^^^^^^^^^^^^^^^^^^^^^^^^^^^^^^^^^^^^^^^^^^^^^^^^^
  File "C:\ArkMalay\Framework_1\tutor\src\merger_factory.py", line 211, in merge_all_videos_with_audio
    return MergerFactory.merge_video_with_audio(video_bytes_list, audio_bytes_list, unique_id)
           ^^^^^^^^^^^^^^^^^^^^^^^^^^^^^^^^^^^^^^^^^^^^^^^^^^^^^^^^^^^^^^^^^^^^^^^^^^^^^^^^^^^
  File "C:\ArkMalay\Framework_1\tutor\src\merger_factory.py", line 134, in merge_video_with_audio
    raise ValueError("Video and audio lists must have the same length")
ValueError: Video and audio lists must have the same length

[2025-11-14 17:50:04] [ERROR] ❌ Video generation error
Traceback (most recent call last):
  File "C:\ArkMalay\Framework_1\tutor\src\video_pipeline\routes\video_routes.py", line 36, in generate_videos_endpoint
    output_path = await process_pipeline(
                  ^^^^^^^^^^^^^^^^^^^^^^^
  File "C:\ArkMalay\Framework_1\tutor\src\main.py", line 66, in process_pipeline
    final_video_bytes = MergerFactory.merge_all_videos_with_audio(video_bytes_list, audio_bytes_list,unique_id)
                        ^^^^^^^^^^^^^^^^^^^^^^^^^^^^^^^^^^^^^^^^^^^^^^^^^^^^^^^^^^^^^^^^^^^^^^^^^^^^^^^^^^^^^^^
  File "C:\ArkMalay\Framework_1\tutor\src\merger_factory.py", line 211, in merge_all_videos_with_audio
    return MergerFactory.merge_video_with_audio(video_bytes_list, audio_bytes_list, unique_id)
           ^^^^^^^^^^^^^^^^^^^^^^^^^^^^^^^^^^^^^^^^^^^^^^^^^^^^^^^^^^^^^^^^^^^^^^^^^^^^^^^^^^^
  File "C:\ArkMalay\Framework_1\tutor\src\merger_factory.py", line 134, in merge_video_with_audio
    raise ValueError("Video and audio lists must have the same length")
ValueError: Video and audio lists must have the same length
[2025-11-14 17:50:04] [ERROR] ❌ HTTP 500: {"detail":"Video and audio lists must have the same length"}
[2025-11-14 17:50:04] [ERROR] ❌ Video generation failed for b39a1654-3105-4129-91d8-f04f87171787: 500: {"detail":"Video and audio lists must have the same length"}
[2025-11-14 17:50:04] [ERROR] ❌ Unhandled error in write_scripts endpoint
Traceback (most recent call last):
  File "C:\ArkMalay\Framework_1\tutor\src\video_pipeline\routes\write_routes.py", line 101, in write_scripts
    video_result = await async_post(
                   ^^^^^^^^^^^^^^^^^
  File "C:\ArkMalay\Framework_1\tutor\src\video_pipeline\utils.py", line 15, in async_post
    raise HTTPException(status_code=resp.status_code, detail=resp.text)
fastapi.exceptions.HTTPException: 500: {"detail":"Video and audio lists must have the same length"}

During handling of the above exception, another exception occurred:

Traceback (most recent call last):
  File "C:\ArkMalay\Framework_1\tutor\src\video_pipeline\routes\write_routes.py", line 120, in write_scripts
    raise HTTPException(status_code=500, detail=err_msg)
fastapi.exceptions.HTTPException: 500: ❌ Video generation failed for b39a1654-3105-4129-91d8-f04f87171787: 500: {"detail":"Video and audio lists must have the same length"}
[2025-11-14 17:50:04] [ERROR] ❌ HTTP 500: {"detail":"500: ❌ Video generation failed for b39a1654-3105-4129-91d8-f04f87171787: 500: {\"detail\":\"Video and audio lists must have the same length\"}"}
[2025-11-14 17:50:04] [ERROR] ❌ Error generating code
Traceback (most recent call last):
  File "C:\ArkMalay\Framework_1\tutor\src\video_pipeline\routes\generator_routes.py", line 25, in generate_code_endpoint
    write_result = await async_post(write_url, result, timeout=120)
                   ^^^^^^^^^^^^^^^^^^^^^^^^^^^^^^^^^^^^^^^^^^^^^^^^
  File "C:\ArkMalay\Framework_1\tutor\src\video_pipeline\utils.py", line 15, in async_post
    raise HTTPException(status_code=resp.status_code, detail=resp.text)
fastapi.exceptions.HTTPException: 500: {"detail":"500: ❌ Video generation failed for b39a1654-3105-4129-91d8-f04f87171787: 500: {\"detail\":\"Video and audio lists must have the same length\"}"}
[2025-11-14 17:50:04] [ERROR] ❌ HTTP 500: {"detail":"500: {\"detail\":\"500: ❌ Video generation failed for b39a1654-3105-4129-91d8-f04f87171787: 500: {\\\"detail\\\":\\\"Video and audio lists must have the same length\\\"}\"}"}
