[2025-11-11 15:38:25] [INFO] ðŸ§  Generating script for topic='create a circle', class='10'
[2025-11-11 15:38:34] [INFO] ðŸš€ Sending generated script to /generate-files-api and /Generator ...
[2025-11-11 15:38:35] [INFO] ðŸŸ¢ [generate-files-api] New request received
[2025-11-11 15:38:35] [INFO] ðŸ“ Created folder: C:\ArkMalay\Framework\Video_data\20251111_153835_31edeb4e
[2025-11-11 15:38:35] [INFO] âœ… JSON saved successfully at C:\ArkMalay\Framework\Video_data\20251111_153835_31edeb4e\input_data.json
[2025-11-11 15:38:35] [INFO] ðŸ§© Starting file preparation process via prepare_files()
[2025-11-11 15:38:35] [INFO] ðŸ“ Generating Python and TXT files from JSON: C:\ArkMalay\Framework\Video_data\20251111_153835_31edeb4e\input_data.json
[2025-11-11 15:38:35] [INFO] ðŸ“‚ Using existing transaction folder for script sequences: C:\ArkMalay\Framework\Video_data\20251111_153835_31edeb4e\script_sequences
[2025-11-11 15:38:35] [INFO] ðŸ“ Created script sequence folder: C:\ArkMalay\Framework\Video_data\20251111_153835_31edeb4e\script_sequences\script_seq1
[2025-11-11 15:38:35] [INFO] âœ… Created PY file: C:\ArkMalay\Framework\Video_data\20251111_153835_31edeb4e\script_sequences\script_seq1\script_seq1.py
[2025-11-11 15:38:35] [INFO] âœ… Created TXT file: C:\ArkMalay\Framework\Video_data\20251111_153835_31edeb4e\script_sequences\script_seq1\script_seq1.txt
[2025-11-11 15:38:35] [INFO] ðŸ“ Created script sequence folder: C:\ArkMalay\Framework\Video_data\20251111_153835_31edeb4e\script_sequences\script_seq2
[2025-11-11 15:38:35] [INFO] âœ… Created PY file: C:\ArkMalay\Framework\Video_data\20251111_153835_31edeb4e\script_sequences\script_seq2\script_seq2.py
[2025-11-11 15:38:35] [INFO] âœ… Created TXT file: C:\ArkMalay\Framework\Video_data\20251111_153835_31edeb4e\script_sequences\script_seq2\script_seq2.txt
[2025-11-11 15:38:35] [INFO] ðŸŽ¯ Total Words: 754 | Approx. Total GPT Tokens: 1003
[2025-11-11 15:38:35] [INFO] ðŸŽ‰ All files generated inside: C:\ArkMalay\Framework\Video_data\20251111_153835_31edeb4e\script_sequences
[2025-11-11 15:38:35] [INFO] âœ… File preparation completed. Output: {'py_files': ['C:\\ArkMalay\\Framework\\Video_data\\20251111_153835_31edeb4e\\script_sequences\\script_seq1\\script_seq1.py', 'C:\\ArkMalay\\Framework\\Video_data\\20251111_153835_31edeb4e\\script_sequences\\script_seq2\\script_seq2.py'], 'txt_files': ['C:\\ArkMalay\\Framework\\Video_data\\20251111_153835_31edeb4e\\script_sequences\\script_seq1\\script_seq1.txt', 'C:\\ArkMalay\\Framework\\Video_data\\20251111_153835_31edeb4e\\script_sequences\\script_seq2\\script_seq2.txt']}
[2025-11-11 15:38:35] [INFO] ðŸŽ¯ Transaction 31edeb4e completed successfully. Folder: C:\ArkMalay\Framework\Video_data\20251111_153835_31edeb4e
[2025-11-11 15:38:48] [INFO] ðŸŽ¬ Generated Manim Code Successfully
[2025-11-11 15:38:49] [INFO] ðŸ” TRANSACTION_FOLDER currently: C:\ArkMalay\Framework\Video_data\20251111_153835_31edeb4e
[2025-11-11 15:38:49] [INFO] ðŸŸ¢ Using TRANSACTION_FOLDER for writing scripts: C:\ArkMalay\Framework\Video_data\20251111_153835_31edeb4e\script_sequences
[2025-11-11 15:38:49] [INFO] âœ… Manim script written: C:\ArkMalay\Framework\Video_data\20251111_153835_31edeb4e\script_sequences\script_seq1\script_seq1.py
[2025-11-11 15:38:49] [INFO] âœ… Manim script written: C:\ArkMalay\Framework\Video_data\20251111_153835_31edeb4e\script_sequences\script_seq2\script_seq2.py
[2025-11-11 15:38:49] [INFO] ðŸŽ¥ Triggering video generation for folder: C:\ArkMalay\Framework\Video_data\20251111_153835_31edeb4e\script_sequences
[2025-11-11 15:38:50] [INFO] ðŸš€ Received video generation request.
[2025-11-11 15:38:50] [INFO] ðŸ“‚ Using provided input path: C:\ArkMalay\Framework\Video_data\20251111_153835_31edeb4e\script_sequences
[2025-11-11 15:38:50] [INFO] ðŸ§© Found 2 .py files and 2 .txt files under C:\ArkMalay\Framework\Video_data\20251111_153835_31edeb4e\script_sequences
[2025-11-11 15:38:50] [INFO] ðŸŽ¬ Starting video + audio processing pipeline...
[2025-11-11 15:38:50] [INFO] ðŸŽ¬ Video callable prepared for: C:\ArkMalay\Framework\Video_data\20251111_153835_31edeb4e
[2025-11-11 15:38:50] [INFO] ðŸŽ¬ Running Manim on C:/ArkMalay/Framework/Video_data/20251111_153835_31edeb4e/script_sequences/script_seq1/script_seq1.py ...
[2025-11-11 15:38:50] [INFO] ðŸ§¹ Cleaned old media folder: C:\ArkMalay\Framework\tutor\src\media\videos\script_sequences\script_seq1
[2025-11-11 15:39:02] [INFO] ðŸŽžï¸ Detected Scene class: ExpandingCircle
[2025-11-11 15:39:02] [INFO] âœ… Found video: C:\ArkMalay\Framework\tutor\src\media\videos\script_sequences\script_seq1\videos\script_seq1\480p15\ExpandingCircle.mp4
[2025-11-11 15:39:02] [INFO] ðŸŽ¬ Running Manim on C:/ArkMalay/Framework/Video_data/20251111_153835_31edeb4e/script_sequences/script_seq2/script_seq2.py ...
[2025-11-11 15:39:02] [INFO] ðŸ§¹ Cleaned old media folder: C:\ArkMalay\Framework\tutor\src\media\videos\script_sequences\script_seq2
[2025-11-11 15:39:19] [INFO] ðŸŽžï¸ Detected Scene class: MovingCircle
[2025-11-11 15:39:19] [INFO] âœ… Found video: C:\ArkMalay\Framework\tutor\src\media\videos\script_sequences\script_seq2\videos\script_seq2\480p15\MovingCircle.mp4
[2025-11-11 15:39:19] [INFO] âœ… Total words: 46 | Approx. GPT tokens: 60 | Total videos collected: 2
[2025-11-11 15:40:23] [INFO] ðŸŽ¬ Video saved at: C:\ArkMalay\Framework\tutor\output\Videos\20251111_153835_31edeb4e_script_seq1.mp4
[2025-11-11 15:40:24] [INFO] ðŸŽµ Audio saved at: C:\ArkMalay\Framework\tutor\output\Audios\20251111_153835_31edeb4e_script_seq1.mp3
[2025-11-11 15:40:24] [INFO] ðŸŽ¬ Video saved at: C:\ArkMalay\Framework\tutor\output\Videos\20251111_153835_31edeb4e_script_seq2.mp4
[2025-11-11 15:40:24] [INFO] ðŸŽµ Audio saved at: C:\ArkMalay\Framework\tutor\output\Audios\20251111_153835_31edeb4e_script_seq2.mp3
[2025-11-11 15:40:24] [INFO] ðŸŽžï¸ [MERGE] Starting final video/audio merge process...
[2025-11-11 15:40:24] [INFO] ðŸŽ¬ [MERGE] Video clips: 2, Audio clips: 2
[2025-11-11 15:40:24] [INFO] ðŸŽžï¸ [MERGE] Starting merge_all_videos_with_audio process...
[2025-11-11 15:40:24] [INFO] ðŸŽ¬ [MERGE] Received 2 video segments and 2 audio segments.
[2025-11-11 15:40:24] [INFO] ðŸŽ§ [MERGE] Pair 1: Video bytes = 13,813, Audio bytes = 2,222,444
[2025-11-11 15:40:24] [INFO] ðŸ”— [MERGE] Merging video/audio pair 1...
[2025-11-11 15:40:24] [INFO] ðŸš€ Starting Drive upload process
[2025-11-11 15:40:24] [INFO] ðŸ“‚ Using Settings.TRANSACTION_FOLDER: C:\ArkMalay\Framework\Video_data\20251111_153835_31edeb4e
[2025-11-11 15:40:24] [INFO] ðŸ” upload_folder_to_drive called with: C:\ArkMalay\Framework\Video_data\20251111_153835_31edeb4e
[2025-11-11 15:40:24] [INFO] âœ… Drive auth successful (mode=service)
[2025-11-11 15:40:24] [INFO] ðŸ“ Service-mode: uploading '20251111_153835_31edeb4e' under Drive parent ID 1fSIa3LHaUZ6ElWywNuyHRnyj1ohr_gjj
[2025-11-11 15:40:27] [INFO] ðŸ“ Created Drive subfolder '20251111_153835_31edeb4e' under parent 1fSIa3LHaUZ6ElWywNuyHRnyj1ohr_gjj -> id=1Uz8nH-t6-CMaArouGWZ-rUz3dRCfZUpk
[2025-11-11 15:40:28] [INFO] ðŸ“ Created Drive subfolder 'script_sequences' under parent 1Uz8nH-t6-CMaArouGWZ-rUz3dRCfZUpk -> id=1kuJMCP1Ituzm47-Gtnk1nupdV2bPpiLS
[2025-11-11 15:40:30] [INFO] âœ… Uploaded (service): input_data.json â†’ https://drive.google.com/file/d/15It1rCcL4P-c2VyUEmEjnsMWVqZ1QC37/view?usp=drivesdk
[2025-11-11 15:40:31] [INFO] ðŸ“ Created Drive subfolder 'script_seq1' under parent 1kuJMCP1Ituzm47-Gtnk1nupdV2bPpiLS -> id=1fMraMPWzNgHhZouS_VXBR65T9TXd3ZTJ
[2025-11-11 15:40:33] [INFO] ðŸ“ Created Drive subfolder 'script_seq2' under parent 1kuJMCP1Ituzm47-Gtnk1nupdV2bPpiLS -> id=1rNe-fSkFuHNRgHBjJUmhc1Al7Mfn5UpZ
[2025-11-11 15:40:35] [INFO] âœ… Uploaded (service): script_seq1.py â†’ https://drive.google.com/file/d/1i2v1viIzPi9HqdlZd2rk0GUR1K-7rWyF/view?usp=drivesdk
[2025-11-11 15:40:37] [INFO] âœ… Uploaded (service): script_seq1.txt â†’ https://drive.google.com/file/d/1jDQMggtIwr2pp0dcs6TIyLvakTbgQdjO/view?usp=drivesdk
[2025-11-11 15:40:40] [INFO] âœ… Uploaded (service): script_seq2.py â†’ https://drive.google.com/file/d/1xUxv-tcGbIqgFmWSvG0QQpiMynaO6Mu_/view?usp=drivesdk
[2025-11-11 15:40:42] [INFO] âœ… Uploaded (service): script_seq2.txt â†’ https://drive.google.com/file/d/1zW3zaF4WU1OamCMskSDfwTWP9PvsBj35/view?usp=drivesdk
[2025-11-11 15:40:42] [INFO] ðŸŽ‰ Service-mode upload complete. Session folder link: https://drive.google.com/drive/folders/1Uz8nH-t6-CMaArouGWZ-rUz3dRCfZUpk
[2025-11-11 15:40:42] [INFO] âœ… Folder (with final video) successfully uploaded to Google Drive.
[2025-11-11 15:40:42] [INFO] âœ… Script pipeline completed successfully for topic='create a circle'
