[2025-11-06 18:06:05] [ERROR] 
❌ Error running Manim on C:/Vivek_Main/Manim_project/inputbox/input_data_20251106_180554/script_seq1/script_seq1.py
──────────────────────────────────────────────
STDERR:
Animation 0: FadeIn(Text('Labels at Square Corners: Class 10 English')):   0%|          | 0/15 [00:00<?, ?it/s]
Animation 0: FadeIn(Text('Labels at Square Corners: Class 10 English')):  20%|##        | 3/15 [00:00<00:00, 24.24it/s]
Animation 0: FadeIn(Text('Labels at Square Corners: Class 10 English')):  40%|####      | 6/15 [00:00<00:00, 17.68it/s]
Animation 0: FadeIn(Text('Labels at Square Corners: Class 10 English')):  60%|######    | 9/15 [00:00<00:00, 19.71it/s]
Animation 0: FadeIn(Text('Labels at Square Corners: Class 10 English')):  80%|########  | 12/15 [00:00<00:00, 19.52it/s]
                                                                                                                        
+--------------------- Traceback (most recent call last) ---------------------+
| C:\Vivek_Main\tutter\.venv\Lib\site-packages\manim\cli\render\commands.py:1 |
| 25 in render                                                                |
|                                                                             |
|   122             try:                                                      |
|   123                 with tempconfig({}):                                  |
|   124                     scene = SceneClass()                              |
| > 125                     scene.render()                                    |
|   126             except Exception:                                         |
|   127                 error_console.print_exception()                       |
|   128                 sys.exit(1)                                           |
|                                                                             |
| C:\Vivek_Main\tutter\.venv\Lib\site-packages\manim\scene\scene.py:237 in    |
| render                                                                      |
|                                                                             |
|    234         """                                                          |
|    235         self.setup()                                                 |
|    236         try:                                                         |
| >  237             self.construct()                                         |
|    238         except EndSceneEarlyException:                               |
|    239             pass                                                     |
|    240         except RerunSceneException:                                  |
|                                                                             |
| C:\Vivek_Main\Manim_project\inputbox\input_data_20251106_180554\script_seq1 |
| \script_seq1.py:17 in construct                                             |
|                                                                             |
|   14         # Zoom out to reveal the square grid                           |
|   15         square = Square(side_length=4, color=BLACK, stroke_width=2)    |
|   16         grid = VGroup(square)                                          |
| > 17         self.play(FadeOut(title), self.camera.frame.animate.scale(1.5) |
|   18         self.add(grid)                                                 |
|   19         self.wait(1)                                                   |
|   20                                                                        |
+-----------------------------------------------------------------------------+
AttributeError: 'Camera' object has no attribute 'frame'

STDOUT:
Manim Community v0.19.0

[11/06/25 18:06:04] INFO     Animation 0 : Partial     scene_file_writer.py:588
                             movie file written in                             
                             'C:\Vivek_Main\tutter\src                         
                             \media\videos\input_data_                         
                             20251106_180554\script_se                         
                             q1\videos\script_seq1\480                         
                             p15\partial_movie_files\S                         
                             quareCornersScene\9318326                         
                             50_3107961746_223132457.m                         
                             p4'                                               
                    INFO     Animation 1 : Partial     scene_file_writer.py:588
                             movie file written in                             
                             'C:\Vivek_Main\tutter\src                         
                             \media\videos\input_data_                         
                             20251106_180554\script_se                         
                             q1\videos\script_seq1\480                         
                             p15\partial_movie_files\S                         
                             quareCornersScene\1905288                         
                             516_1436906429_1997571994                         
                             .mp4'
──────────────────────────────────────────────

[2025-11-06 18:06:41] [ERROR] 
❌ Error running Manim on C:/Vivek_Main/Manim_project/inputbox/input_data_20251106_180554/script_seq3/script_seq3.py
──────────────────────────────────────────────
STDERR:
Animation 0: FadeIn(Text('This is a sample paragraph where each corner label corresponds to a specific word.')):   0%|          | 0/15 [00:00<?, ?it/s]
Animation 0: FadeIn(Text('This is a sample paragraph where each corner label corresponds to a specific word.')):  20%|##        | 3/15 [00:00<00:00, 28.93it/s]
Animation 0: FadeIn(Text('This is a sample paragraph where each corner label corresponds to a specific word.')):  47%|####6     | 7/15 [00:00<00:00, 31.67it/s]
Animation 0: FadeIn(Text('This is a sample paragraph where each corner label corresponds to a specific word.')):  73%|#######3  | 11/15 [00:00<00:00, 29.87it/s]
Animation 0: FadeIn(Text('This is a sample paragraph where each corner label corresponds to a specific word.')):  93%|#########3| 14/15 [00:00<00:00, 27.48it/s]
                                                                                                                                                                
+--------------------- Traceback (most recent call last) ---------------------+
| C:\Vivek_Main\tutter\.venv\Lib\site-packages\manim\cli\render\commands.py:1 |
| 25 in render                                                                |
|                                                                             |
|   122             try:                                                      |
|   123                 with tempconfig({}):                                  |
|   124                     scene = SceneClass()                              |
| > 125                     scene.render()                                    |
|   126             except Exception:                                         |
|   127                 error_console.print_exception()                       |
|   128                 sys.exit(1)                                           |
|                                                                             |
| C:\Vivek_Main\tutter\.venv\Lib\site-packages\manim\scene\scene.py:237 in    |
| render                                                                      |
|                                                                             |
|    234         """                                                          |
|    235         self.setup()                                                 |
|    236         try:                                                         |
| >  237             self.construct()                                         |
|    238         except EndSceneEarlyException:                               |
|    239             pass                                                     |
|    240         except RerunSceneException:                                  |
|                                                                             |
| C:\Vivek_Main\Manim_project\inputbox\input_data_20251106_180554\script_seq3 |
| \script_seq3.py:30 in construct                                             |
|                                                                             |
|   27         connections = []                                               |
|   28         for i, label in enumerate(labels):                             |
|   29             highlight = SurroundingRectangle(label, color=YELLOW, buff |
| > 30             self.play(ShowCreation(highlight), run_time=1)             |
|   31             self.play(FadeOut(highlight), run_time=0.5)                |
|   32                                                                        |
|   33             # Connect label to corresponding word                      |
+-----------------------------------------------------------------------------+
NameError: name 'ShowCreation' is not defined

STDOUT:
Manim Community v0.19.0

[11/06/25 18:06:27] INFO     Writing A to               tex_file_writing.py:111
                             C:\Vivek_Main\tutter\src\m                        
                             edia\videos\input_data_202                        
                             51106_180554\script_seq3\T                        
                             ex\90f07b07e57adf79.tex                           
[11/06/25 18:06:29] INFO     Writing B to               tex_file_writing.py:111
                             C:\Vivek_Main\tutter\src\m                        
                             edia\videos\input_data_202                        
                             51106_180554\script_seq3\T                        
                             ex\d82288bb87e99d59.tex                           
[11/06/25 18:06:31] INFO     Writing C to               tex_file_writing.py:111
                             C:\Vivek_Main\tutter\src\m                        
                             edia\videos\input_data_202                        
                             51106_180554\script_seq3\T                        
                             ex\86474863bfdee3e7.tex                           
[11/06/25 18:06:33] INFO     Writing D to               tex_file_writing.py:111
                             C:\Vivek_Main\tutter\src\m                        
                             edia\videos\input_data_202                        
                             51106_180554\script_seq3\T                        
                             ex\265843fdb06dea70.tex                           
[11/06/25 18:06:38] INFO     Animation 0 : Partial     scene_file_writer.py:588
                             movie file written in                             
                             'C:\Vivek_Main\tutter\src                         
                             \media\videos\input_data_                         
                             20251106_180554\script_se                         
                             q3\videos\script_seq3\480                         
                             p15\partial_movie_files\S                         
                             cene3\1185818338_24633328                         
                             69_2651513673.mp4'
──────────────────────────────────────────────

[2025-11-06 18:06:49] [ERROR] 
❌ Error running Manim on C:/Vivek_Main/Manim_project/inputbox/input_data_20251106_180554/script_seq4/script_seq4.py
──────────────────────────────────────────────
STDERR:
+--------------------- Traceback (most recent call last) ---------------------+
| C:\Vivek_Main\tutter\.venv\Lib\site-packages\manim\cli\render\commands.py:1 |
| 25 in render                                                                |
|                                                                             |
|   122             try:                                                      |
|   123                 with tempconfig({}):                                  |
|   124                     scene = SceneClass()                              |
| > 125                     scene.render()                                    |
|   126             except Exception:                                         |
|   127                 error_console.print_exception()                       |
|   128                 sys.exit(1)                                           |
|                                                                             |
| C:\Vivek_Main\tutter\.venv\Lib\site-packages\manim\scene\scene.py:237 in    |
| render                                                                      |
|                                                                             |
|    234         """                                                          |
|    235         self.setup()                                                 |
|    236         try:                                                         |
| >  237             self.construct()                                         |
|    238         except EndSceneEarlyException:                               |
|    239             pass                                                     |
|    240         except RerunSceneException:                                  |
|                                                                             |
| C:\Vivek_Main\Manim_project\inputbox\input_data_20251106_180554\script_seq4 |
| \script_seq4.py:7 in construct                                              |
|                                                                             |
|    4     def construct(self):                                               |
|    5         # Start with the final frame from Scene 3 (assuming it's a squ |
|    6         square = Square(side_length=3, color=BLUE).move_to(LEFT * 2)   |
| >  7         labels = [Text(f"{chr(65+i)}", font_size=24).move_to(square.ge |
|    8         text_box = Text("Sample Text", font_size=24).move_to(RIGHT * 2 |
|    9         self.add(square, *labels, text_box)                            |
|   10                                                                        |
|                                                                             |
| C:\Vivek_Main\Manim_project\inputbox\input_data_20251106_180554\script_seq4 |
| \script_seq4.py:7 in <listcomp>                                             |
|                                                                             |
|    4     def construct(self):                                               |
|    5         # Start with the final frame from Scene 3 (assuming it's a squ |
|    6         square = Square(side_length=3, color=BLUE).move_to(LEFT * 2)   |
| >  7         labels = [Text(f"{chr(65+i)}", font_size=24).move_to(square.ge |
|    8         text_box = Text("Sample Text", font_size=24).move_to(RIGHT * 2 |
|    9         self.add(square, *labels, text_box)                            |
|   10                                                                        |
|                                                                             |
| C:\Vivek_Main\tutter\.venv\Lib\site-packages\manim\mobject\mobject.py:698   |
| in getter                                                                   |
|                                                                             |
|    695                     stacklevel=2,                                    |
|    696                 )                                                    |
|    697                                                                      |
| >  698                 return getattr(self, to_get)                         |
|    699                                                                      |
|    700             # Return a bound method                                  |
|    701             return types.MethodType(getter, self)                    |
|                                                                             |
| C:\Vivek_Main\tutter\.venv\Lib\site-packages\manim\mobject\mobject.py:723   |
| in __getattr__                                                              |
|                                                                             |
|    720             return types.MethodType(setter, self)                    |
|    721                                                                      |
|    722         # Unhandled attribute, therefore error                       |
| >  723         raise AttributeError(f"{type(self).__name__} object has no a |
|    724                                                                      |
|    725     @property                                                        |
|    726     def width(self) -> float:                                        |
+-----------------------------------------------------------------------------+
AttributeError: Square object has no attribute 'corners'

STDOUT:
Manim Community v0.19.0
──────────────────────────────────────────────

[2025-11-06 18:06:59] [ERROR] ❌ Video and audio lists must have the same length
[2025-11-06 18:06:59] [ERROR] ❌ Video generation error
Traceback (most recent call last):
  File "C:\Vivek_Main\tutter\src\video_pipeline\routes\video_routes.py", line 30, in generate_videos_endpoint
    output_path = await process_pipeline(
                  ^^^^^^^^^^^^^^^^^^^^^^^
  File "C:\Vivek_Main\tutter\src\main.py", line 60, in process_pipeline
    final_video_bytes = MergerFactory.merge_all_videos_with_audio(video_bytes_list, audio_bytes_list)
                        ^^^^^^^^^^^^^^^^^^^^^^^^^^^^^^^^^^^^^^^^^^^^^^^^^^^^^^^^^^^^^^^^^^^^^^^^^^^^^
  File "C:\Vivek_Main\tutter\src\merger_factory.py", line 261, in merge_all_videos_with_audio
    return MergerFactory.merge_video_with_audio(video_bytes_list, audio_bytes_list)
           ^^^^^^^^^^^^^^^^^^^^^^^^^^^^^^^^^^^^^^^^^^^^^^^^^^^^^^^^^^^^^^^^^^^^^^^^
  File "C:\Vivek_Main\tutter\src\merger_factory.py", line 136, in merge_video_with_audio
    raise ValueError("Video and audio lists must have the same length")
ValueError: Video and audio lists must have the same length
[2025-11-06 18:06:59] [ERROR] ❌ HTTP 500: {"detail":"Video and audio lists must have the same length"}
[2025-11-06 18:06:59] [ERROR] ❌ Error writing scripts
Traceback (most recent call last):
  File "C:\Vivek_Main\tutter\src\video_pipeline\routes\write_routes.py", line 27, in write_scripts
    video_result = await async_post(video_url, {"path": str(folder)}, timeout=300)
                   ^^^^^^^^^^^^^^^^^^^^^^^^^^^^^^^^^^^^^^^^^^^^^^^^^^^^^^^^^^^^^^^
  File "C:\Vivek_Main\tutter\src\video_pipeline\utils.py", line 14, in async_post
    raise HTTPException(status_code=resp.status_code, detail=resp.text)
fastapi.exceptions.HTTPException: 500: {"detail":"Video and audio lists must have the same length"}
[2025-11-06 18:06:59] [ERROR] ❌ HTTP 500: {"detail":"500: {\"detail\":\"Video and audio lists must have the same length\"}"}
[2025-11-06 18:06:59] [ERROR] ❌ Error generating code
Traceback (most recent call last):
  File "C:\Vivek_Main\tutter\src\video_pipeline\routes\generator_routes.py", line 20, in generate_code_endpoint
    write_result = await async_post(write_url, result, timeout=120)
                   ^^^^^^^^^^^^^^^^^^^^^^^^^^^^^^^^^^^^^^^^^^^^^^^^
  File "C:\Vivek_Main\tutter\src\video_pipeline\utils.py", line 14, in async_post
    raise HTTPException(status_code=resp.status_code, detail=resp.text)
fastapi.exceptions.HTTPException: 500: {"detail":"500: {\"detail\":\"Video and audio lists must have the same length\"}"}
[2025-11-06 18:06:59] [ERROR] ❌ HTTP 500: {"detail":"500: {\"detail\":\"500: {\\\"detail\\\":\\\"Video and audio lists must have the same length\\\"}\"}"}
