[2025-11-12 14:23:15] [ERROR] 
❌ Error running Manim on C:/Vivek_Main/Manim_project/inputbox/435e5c91-30c6-4768-8abe-e576ccab95d0_20251112_142213/script_seq1/script_seq1.py
──────────────────────────────────────────────
STDERR:
Animation 0: FadeIn(Text('Labels at Square Corners: Class 10 English')):   0%|          | 0/15 [00:00<?, ?it/s]
Animation 0: FadeIn(Text('Labels at Square Corners: Class 10 English')):  13%|#3        | 2/15 [00:00<00:00, 13.51it/s]
Animation 0: FadeIn(Text('Labels at Square Corners: Class 10 English')):  33%|###3      | 5/15 [00:00<00:00, 19.94it/s]
Animation 0: FadeIn(Text('Labels at Square Corners: Class 10 English')):  53%|#####3    | 8/15 [00:00<00:00, 20.04it/s]
Animation 0: FadeIn(Text('Labels at Square Corners: Class 10 English')):  73%|#######3  | 11/15 [00:00<00:00, 19.43it/s]
Animation 0: FadeIn(Text('Labels at Square Corners: Class 10 English')):  93%|#########3| 14/15 [00:00<00:00, 21.13it/s]
                                                                                                                        
+--------------------- Traceback (most recent call last) ---------------------+
| C:\Vivek_Main\tutter\.venv\Lib\site-packages\manim\cli\render\commands.py:1 |
| 25 in render                                                                |
|                                                                             |
|   122             try:                                                      |
|   123                 with tempconfig({}):                                  |
|   124                     scene = SceneClass()                              |
| > 125                     scene.render()                                    |
|   126             except Exception:                                         |
|   127                 error_console.print_exception()                       |
|   128                 sys.exit(1)                                           |
|                                                                             |
| C:\Vivek_Main\tutter\.venv\Lib\site-packages\manim\scene\scene.py:237 in    |
| render                                                                      |
|                                                                             |
|    234         """                                                          |
|    235         self.setup()                                                 |
|    236         try:                                                         |
| >  237             self.construct()                                         |
|    238         except EndSceneEarlyException:                               |
|    239             pass                                                     |
|    240         except RerunSceneException:                                  |
|                                                                             |
| C:\Vivek_Main\Manim_project\inputbox\435e5c91-30c6-4768-8abe-e576ccab95d0_2 |
| 0251112_142213\script_seq1\script_seq1.py:15 in construct                   |
|                                                                             |
|   12                                                                        |
|   13         # Zoom out slightly to reveal a simple square shape below the  |
|   14         square = Square(side_length=4, color=BLACK).move_to(DOWN * 2)  |
| > 15         self.play(self.camera.frame.animate.scale(1.2).move_to(title.g |
|   16         self.play(Create(square))                                      |
|   17         self.wait(1)                                                   |
|   18                                                                        |
+-----------------------------------------------------------------------------+
AttributeError: 'Camera' object has no attribute 'frame'

STDOUT:
Manim Community v0.19.0

[11/12/25 14:23:13] INFO     Animation 0 : Partial     scene_file_writer.py:588
                             movie file written in                             
                             'C:\Vivek_Main\tutter\src                         
                             \media\videos\435e5c91-30                         
                             c6-4768-8abe-e576ccab95d0                         
                             _20251112_142213\script_s                         
                             eq1\videos\script_seq1\48                         
                             0p15\partial_movie_files\                         
                             SquareCornerLabels\931832                         
                             650_3107961746_223132457.                         
                             mp4'                                              
[11/12/25 14:23:14] INFO     Animation 1 : Partial     scene_file_writer.py:588
                             movie file written in                             
                             'C:\Vivek_Main\tutter\src                         
                             \media\videos\435e5c91-30                         
                             c6-4768-8abe-e576ccab95d0                         
                             _20251112_142213\script_s                         
                             eq1\videos\script_seq1\48                         
                             0p15\partial_movie_files\                         
                             SquareCornerLabels\190528                         
                             8516_1436906429_199757199                         
                             4.mp4'
──────────────────────────────────────────────

[2025-11-12 14:23:50] [ERROR] 
❌ Error running Manim on C:/Vivek_Main/Manim_project/inputbox/435e5c91-30c6-4768-8abe-e576ccab95d0_20251112_142213/script_seq2/script_seq2.py
──────────────────────────────────────────────
STDERR:
+--------------------- Traceback (most recent call last) ---------------------+
| C:\Vivek_Main\tutter\.venv\Lib\site-packages\manim\cli\render\commands.py:1 |
| 25 in render                                                                |
|                                                                             |
|   122             try:                                                      |
|   123                 with tempconfig({}):                                  |
|   124                     scene = SceneClass()                              |
| > 125                     scene.render()                                    |
|   126             except Exception:                                         |
|   127                 error_console.print_exception()                       |
|   128                 sys.exit(1)                                           |
|                                                                             |
| C:\Vivek_Main\tutter\.venv\Lib\site-packages\manim\scene\scene.py:237 in    |
| render                                                                      |
|                                                                             |
|    234         """                                                          |
|    235         self.setup()                                                 |
|    236         try:                                                         |
| >  237             self.construct()                                         |
|    238         except EndSceneEarlyException:                               |
|    239             pass                                                     |
|    240         except RerunSceneException:                                  |
|                                                                             |
| C:\Vivek_Main\Manim_project\inputbox\435e5c91-30c6-4768-8abe-e576ccab95d0_2 |
| 0251112_142213\script_seq2\script_seq2.py:22 in construct                   |
|                                                                             |
|   19         corners = [UP + LEFT, UP + RIGHT, DOWN + RIGHT, DOWN + LEFT]   |
|   20         for i, corner in enumerate(corners):                           |
|   21             # Highlight corner with glowing effect                     |
| > 22             glow = GlowEffect(color=YELLOW, radius=0.2).set_color(YELL |
|   23             self.play(ApplyWaveFunction(lambda p: p + 0.1 * np.sin(np. |
|   24                                                                        |
|   25             # Move label closer to corner and back                     |
+-----------------------------------------------------------------------------+
NameError: name 'GlowEffect' is not defined

STDOUT:
Manim Community v0.19.0

[11/12/25 14:23:28] INFO     Writing A to               tex_file_writing.py:111
                             C:\Vivek_Main\tutter\src\m                        
                             edia\videos\435e5c91-30c6-                        
                             4768-8abe-e576ccab95d0_202                        
                             51112_142213\script_seq2\T                        
                             ex\90f07b07e57adf79.tex                           
[11/12/25 14:23:36] INFO     Writing B to               tex_file_writing.py:111
                             C:\Vivek_Main\tutter\src\m                        
                             edia\videos\435e5c91-30c6-                        
                             4768-8abe-e576ccab95d0_202                        
                             51112_142213\script_seq2\T                        
                             ex\d82288bb87e99d59.tex                           
[11/12/25 14:23:40] INFO     Writing C to               tex_file_writing.py:111
                             C:\Vivek_Main\tutter\src\m                        
                             edia\videos\435e5c91-30c6-                        
                             4768-8abe-e576ccab95d0_202                        
                             51112_142213\script_seq2\T                        
                             ex\86474863bfdee3e7.tex                           
[11/12/25 14:23:43] INFO     Writing D to               tex_file_writing.py:111
                             C:\Vivek_Main\tutter\src\m                        
                             edia\videos\435e5c91-30c6-                        
                             4768-8abe-e576ccab95d0_202                        
                             51112_142213\script_seq2\T                        
                             ex\265843fdb06dea70.tex
──────────────────────────────────────────────

[2025-11-12 14:24:13] [ERROR] 
❌ Error running Manim on C:/Vivek_Main/Manim_project/inputbox/435e5c91-30c6-4768-8abe-e576ccab95d0_20251112_142213/script_seq3/script_seq3.py
──────────────────────────────────────────────
STDERR:
Animation 0: FadeIn(Square), etc.:   0%|          | 0/15 [00:00<?, ?it/s]
Animation 0: FadeIn(Square), etc.:  27%|##6       | 4/15 [00:00<00:00, 35.18it/s]
Animation 0: FadeIn(Square), etc.:  53%|#####3    | 8/15 [00:00<00:00, 25.79it/s]
Animation 0: FadeIn(Square), etc.:  73%|#######3  | 11/15 [00:00<00:00, 23.04it/s]
Animation 0: FadeIn(Square), etc.:  93%|#########3| 14/15 [00:00<00:00, 18.25it/s]
                                                                                  

Animation 2: _MethodAnimation(Square), etc.:   0%|          | 0/15 [00:00<?, ?it/s]
Animation 2: _MethodAnimation(Square), etc.:  40%|####      | 6/15 [00:00<00:00, 59.40it/s]
Animation 2: _MethodAnimation(Square), etc.:  80%|########  | 12/15 [00:00<00:00, 58.65it/s]
                                                                                            
+--------------------- Traceback (most recent call last) ---------------------+
| C:\Vivek_Main\tutter\.venv\Lib\site-packages\manim\cli\render\commands.py:1 |
| 25 in render                                                                |
|                                                                             |
|   122             try:                                                      |
|   123                 with tempconfig({}):                                  |
|   124                     scene = SceneClass()                              |
| > 125                     scene.render()                                    |
|   126             except Exception:                                         |
|   127                 error_console.print_exception()                       |
|   128                 sys.exit(1)                                           |
|                                                                             |
| C:\Vivek_Main\tutter\.venv\Lib\site-packages\manim\scene\scene.py:237 in    |
| render                                                                      |
|                                                                             |
|    234         """                                                          |
|    235         self.setup()                                                 |
|    236         try:                                                         |
| >  237             self.construct()                                         |
|    238         except EndSceneEarlyException:                               |
|    239             pass                                                     |
|    240         except RerunSceneException:                                  |
|                                                                             |
| C:\Vivek_Main\Manim_project\inputbox\435e5c91-30c6-4768-8abe-e576ccab95d0_2 |
| 0251112_142213\script_seq3\script_seq3.py:18 in construct                   |
|                                                                             |
|   15                                                                        |
|   16         # Introduce the new square with numbered corners               |
|   17         square2 = Square(side_length=3, color=GREEN).shift(RIGHT * 3)  |
| > 18         corner_numbers = [Text(str(i), font_size=36).move_to(square2.g |
|   19                                                                        |
|   20         self.play(FadeIn(square2), *[Write(num) for num in corner_numb |
|   21         self.wait(1)                                                   |
|                                                                             |
| C:\Vivek_Main\Manim_project\inputbox\435e5c91-30c6-4768-8abe-e576ccab95d0_2 |
| 0251112_142213\script_seq3\script_seq3.py:18 in <listcomp>                  |
|                                                                             |
|   15                                                                        |
|   16         # Introduce the new square with numbered corners               |
|   17         square2 = Square(side_length=3, color=GREEN).shift(RIGHT * 3)  |
| > 18         corner_numbers = [Text(str(i), font_size=36).move_to(square2.g |
|   19                                                                        |
|   20         self.play(FadeIn(square2), *[Write(num) for num in corner_numb |
|   21         self.wait(1)                                                   |
|                                                                             |
| C:\Vivek_Main\tutter\.venv\Lib\site-packages\manim\mobject\mobject.py:2091  |
| in get_corner                                                               |
|                                                                             |
|   2088                                                                      |
|   2089     def get_corner(self, direction: Vector3D) -> Point3D:            |
|   2090         """Get corner Point3Ds for certain direction."""             |
| > 2091         return self.get_critical_point(direction)                    |
|   2092                                                                      |
|   2093     def get_center(self) -> Point3D:                                 |
|   2094         """Get center Point3Ds"""                                    |
|                                                                             |
| C:\Vivek_Main\tutter\.venv\Lib\site-packages\manim\mobject\mobject.py:2079  |
| in get_critical_point                                                       |
|                                                                             |
|   2076             result[dim] = self.get_extremum_along_dim(               |
|   2077                 all_points,                                          |
|   2078                 dim=dim,                                             |
| > 2079                 key=direction[dim],                                  |
|   2080             )                                                        |
|   2081         return result                                                |
|   2082                                                                      |
+-----------------------------------------------------------------------------+
TypeError: 'int' object is not subscriptable

STDOUT:
Manim Community v0.19.0

[11/12/25 14:24:06] INFO     Animation 0 : Partial     scene_file_writer.py:588
                             movie file written in                             
                             'C:\Vivek_Main\tutter\src                         
                             \media\videos\435e5c91-30                         
                             c6-4768-8abe-e576ccab95d0                         
                             _20251112_142213\script_s                         
                             eq3\videos\script_seq3\48                         
                             0p15\partial_movie_files\                         
                             NumberedCornersAnimation\                         
                             1185818338_1378432514_223                         
                             132457.mp4'                                       
[11/12/25 14:24:07] INFO     Animation 1 : Partial     scene_file_writer.py:588
                             movie file written in                             
                             'C:\Vivek_Main\tutter\src                         
                             \media\videos\435e5c91-30                         
                             c6-4768-8abe-e576ccab95d0                         
                             _20251112_142213\script_s                         
                             eq3\videos\script_seq3\48                         
                             0p15\partial_movie_files\                         
                             NumberedCornersAnimation\                         
                             624642324_4217992463_1547                         
                             898796.mp4'                                       
[11/12/25 14:24:09] INFO     Animation 2 : Partial     scene_file_writer.py:588
                             movie file written in                             
                             'C:\Vivek_Main\tutter\src                         
                             \media\videos\435e5c91-30                         
                             c6-4768-8abe-e576ccab95d0                         
                             _20251112_142213\script_s                         
                             eq3\videos\script_seq3\48                         
                             0p15\partial_movie_files\                         
                             NumberedCornersAnimation\                         
                             624642324_1363355953_1667                         
                             118564.mp4'                                       
[11/12/25 14:24:10] INFO     Animation 3 : Partial     scene_file_writer.py:588
                             movie file written in                             
                             'C:\Vivek_Main\tutter\src                         
                             \media\videos\435e5c91-30                         
                             c6-4768-8abe-e576ccab95d0                         
                             _20251112_142213\script_s                         
                             eq3\videos\script_seq3\48                         
                             0p15\partial_movie_files\                         
                             NumberedCornersAnimation\                         
                             624642324_4217992463_4237                         
                             839539.mp4'
──────────────────────────────────────────────

[2025-11-12 14:24:46] [ERROR] 
❌ Error running Manim on C:/Vivek_Main/Manim_project/inputbox/435e5c91-30c6-4768-8abe-e576ccab95d0_20251112_142213/script_seq4/script_seq4.py
──────────────────────────────────────────────
STDERR:
Animation 0: FadeIn(Square), etc.:   0%|          | 0/15 [00:00<?, ?it/s]
Animation 0: FadeIn(Square), etc.:  47%|####6     | 7/15 [00:00<00:00, 65.76it/s]
Animation 0: FadeIn(Square), etc.:  93%|#########3| 14/15 [00:00<00:00, 65.38it/s]
                                                                                  

Animation 2: FadeOut(Square), etc.:   0%|          | 0/15 [00:00<?, ?it/s]
                                                                          

Animation 4: ApplyMethod(MathTex('\text{Top Left}')), etc.:   0%|          | 0/15 [00:00<?, ?it/s]
Animation 4: ApplyMethod(MathTex('\text{Top Left}')), etc.:  47%|####6     | 7/15 [00:00<00:00, 66.27it/s]
Animation 4: ApplyMethod(MathTex('\text{Top Left}')), etc.:  93%|#########3| 14/15 [00:00<00:00, 68.01it/s]
                                                                                                           
+--------------------- Traceback (most recent call last) ---------------------+
| C:\Vivek_Main\tutter\.venv\Lib\site-packages\manim\cli\render\commands.py:1 |
| 25 in render                                                                |
|                                                                             |
|   122             try:                                                      |
|   123                 with tempconfig({}):                                  |
|   124                     scene = SceneClass()                              |
| > 125                     scene.render()                                    |
|   126             except Exception:                                         |
|   127                 error_console.print_exception()                       |
|   128                 sys.exit(1)                                           |
|                                                                             |
| C:\Vivek_Main\tutter\.venv\Lib\site-packages\manim\scene\scene.py:237 in    |
| render                                                                      |
|                                                                             |
|    234         """                                                          |
|    235         self.setup()                                                 |
|    236         try:                                                         |
| >  237             self.construct()                                         |
|    238         except EndSceneEarlyException:                               |
|    239             pass                                                     |
|    240         except RerunSceneException:                                  |
|                                                                             |
| C:\Vivek_Main\Manim_project\inputbox\435e5c91-30c6-4768-8abe-e576ccab95d0_2 |
| 0251112_142213\script_seq4\script_seq4.py:38 in construct                   |
|                                                                             |
|   35         # Step 3: Add checkmark icons                                  |
|   36         checkmarks = VGroup()                                          |
|   37         for label in labels:                                           |
| > 38             checkmark = SVGMobject("checkmark").scale(0.3).next_to(lab |
|   39             checkmarks.add(checkmark)                                  |
|   40         self.play(FadeIn(checkmarks))                                  |
|   41         self.wait(1)                                                   |
|                                                                             |
| C:\Vivek_Main\tutter\.venv\Lib\site-packages\manim\mobject\svg\svg_mobject. |
| py:145 in __init__                                                          |
|                                                                             |
|   142             path_string_config = {}                                   |
|   143         self.path_string_config = path_string_config                  |
|   144                                                                       |
| > 145         self.init_svg_mobject(use_svg_cache=use_svg_cache)            |
|   146                                                                       |
|   147         self.set_style(                                               |
|   148             fill_color=fill_color,                                    |
|                                                                             |
| C:\Vivek_Main\tutter\.venv\Lib\site-packages\manim\mobject\svg\svg_mobject. |
| py:171 in init_svg_mobject                                                  |
|                                                                             |
|   168                 self.add(*mob)                                        |
|   169                 return                                                |
|   170                                                                       |
| > 171         self.generate_mobject()                                       |
|   172         if use_svg_cache:                                             |
|   173             SVG_HASH_TO_MOB_MAP[hash_val] = self.copy()               |
|   174                                                                       |
|                                                                             |
| C:\Vivek_Main\tutter\.venv\Lib\site-packages\manim\mobject\svg\svg_mobject. |
| py:192 in generate_mobject                                                  |
|                                                                             |
|   189                                                                       |
|   190     def generate_mobject(self) -> None:                               |
|   191         """Parse the SVG and translate its elements to submobjects."" |
| > 192         file_path = self.get_file_path()                              |
|   193         element_tree = ET.parse(file_path)                            |
|   194         new_tree = self.modify_xml_tree(element_tree)                 |
|   195         # Create a temporary svg file to dump modified svg to be pars |
|                                                                             |
| C:\Vivek_Main\tutter\.venv\Lib\site-packages\manim\mobject\svg\svg_mobject. |
| py:210 in get_file_path                                                     |
|                                                                             |
|   207         """Search for an existing file based on the specified file na |
|   208         if self.file_name is None:                                    |
|   209             raise ValueError("Must specify file for SVGMobject")      |
| > 210         return get_full_vector_image_path(self.file_name)             |
|   211                                                                       |
|   212     def modify_xml_tree(self, element_tree: ET.ElementTree) -> ET.Ele |
|   213         """Modifies the SVG element tree to include default           |
|                                                                             |
| C:\Vivek_Main\tutter\.venv\Lib\site-packages\manim\utils\images.py:36 in    |
| get_full_vector_image_path                                                  |
|                                                                             |
|   33                                                                        |
|   34                                                                        |
|   35 def get_full_vector_image_path(image_file_name: str | PurePath) -> Pat |
| > 36     return seek_full_path_from_defaults(                               |
|   37         image_file_name,                                               |
|   38         default_dir=config.get_dir("assets_dir"),                      |
|   39         extensions=[".svg"],                                           |
|                                                                             |
| C:\Vivek_Main\tutter\.venv\Lib\site-packages\manim\utils\file_ops.py:182 in |
| seek_full_path_from_defaults                                                |
|                                                                             |
|   179         f"From: {Path.cwd()}, could not find {file_name} at either "  |
|   180         f"of these locations: {list(map(str, possible_paths))}"       |
|   181     )                                                                 |
| > 182     raise OSError(error)                                              |
|   183                                                                       |
|   184                                                                       |
|   185 def modify_atime(file_path: str) -> None:                             |
+-----------------------------------------------------------------------------+
OSError: From: C:\Vivek_Main\tutter\src, could not find checkmark at either of 
these locations: ['checkmark', 'checkmark', 'checkmark.svg']

STDOUT:
Manim Community v0.19.0

[11/12/25 14:24:25] INFO     Writing ext{Top Left} to   tex_file_writing.py:111
                             C:\Vivek_Main\tutter\src\m                        
                             edia\videos\435e5c91-30c6-                        
                             4768-8abe-e576ccab95d0_202                        
                             51112_142213\script_seq4\T                        
                             ex\b4ec74e3054d833a.tex                           
[11/12/25 14:24:30] INFO     Writing ext{Top Right} to  tex_file_writing.py:111
                             C:\Vivek_Main\tutter\src\m                        
                             edia\videos\435e5c91-30c6-                        
                             4768-8abe-e576ccab95d0_202                        
                             51112_142213\script_seq4\T                        
                             ex\01893463aeb161d6.tex                           
[11/12/25 14:24:33] INFO     Writing ext{Bottom Left}   tex_file_writing.py:111
                             to                                                
                             C:\Vivek_Main\tutter\src\m                        
                             edia\videos\435e5c91-30c6-                        
                             4768-8abe-e576ccab95d0_202                        
                             51112_142213\script_seq4\T                        
                             ex\483c5c5ee4d4a7b2.tex                           
[11/12/25 14:24:36] INFO     Writing ext{Bottom Right}  tex_file_writing.py:111
                             to                                                
                             C:\Vivek_Main\tutter\src\m                        
                             edia\videos\435e5c91-30c6-                        
                             4768-8abe-e576ccab95d0_202                        
                             51112_142213\script_seq4\T                        
                             ex\fdacea7ab92038e2.tex                           
[11/12/25 14:24:37] INFO     Writing 1 to               tex_file_writing.py:111
                             C:\Vivek_Main\tutter\src\m                        
                             edia\videos\435e5c91-30c6-                        
                             4768-8abe-e576ccab95d0_202                        
                             51112_142213\script_seq4\T                        
                             ex\6ecf9f51170c1a70.tex                           
[11/12/25 14:24:39] INFO     Writing 2 to               tex_file_writing.py:111
                             C:\Vivek_Main\tutter\src\m                        
                             edia\videos\435e5c91-30c6-                        
                             4768-8abe-e576ccab95d0_202                        
                             51112_142213\script_seq4\T                        
                             ex\2b7ffb3c38a5a6e0.tex                           
[11/12/25 14:24:40] INFO     Writing 3 to               tex_file_writing.py:111
                             C:\Vivek_Main\tutter\src\m                        
                             edia\videos\435e5c91-30c6-                        
                             4768-8abe-e576ccab95d0_202                        
                             51112_142213\script_seq4\T                        
                             ex\8de07035cb22c903.tex                           
[11/12/25 14:24:42] INFO     Writing 4 to               tex_file_writing.py:111
                             C:\Vivek_Main\tutter\src\m                        
                             edia\videos\435e5c91-30c6-                        
                             4768-8abe-e576ccab95d0_202                        
                             51112_142213\script_seq4\T                        
                             ex\31d3165490bf3404.tex                           
[11/12/25 14:24:43] INFO     Animation 0 : Partial     scene_file_writer.py:588
                             movie file written in                             
                             'C:\Vivek_Main\tutter\src                         
                             \media\videos\435e5c91-30                         
                             c6-4768-8abe-e576ccab95d0                         
                             _20251112_142213\script_s                         
                             eq4\videos\script_seq4\48                         
                             0p15\partial_movie_files\                         
                             LabelPlacementAnimation\1                         
                             185818338_1525372937_2231                         
                             32457.mp4'                                        
[11/12/25 14:24:44] INFO     Animation 1 : Partial     scene_file_writer.py:588
                             movie file written in                             
                             'C:\Vivek_Main\tutter\src                         
                             \media\videos\435e5c91-30                         
                             c6-4768-8abe-e576ccab95d0                         
                             _20251112_142213\script_s                         
                             eq4\videos\script_seq4\48                         
                             0p15\partial_movie_files\                         
                             LabelPlacementAnimation\6                         
                             24642324_4217992463_23287                         
                             12286.mp4'                                        
                    INFO     Animation 2 : Partial     scene_file_writer.py:588
                             movie file written in                             
                             'C:\Vivek_Main\tutter\src                         
                             \media\videos\435e5c91-30                         
                             c6-4768-8abe-e576ccab95d0                         
                             _20251112_142213\script_s                         
                             eq4\videos\script_seq4\48                         
                             0p15\partial_movie_files\                         
                             LabelPlacementAnimation\6                         
                             24642324_1906912918_41071                         
                             42375.mp4'                                        
                    INFO     Animation 3 : Partial     scene_file_writer.py:588
                             movie file written in                             
                             'C:\Vivek_Main\tutter\src                         
                             \media\videos\435e5c91-30                         
                             c6-4768-8abe-e576ccab95d0                         
                             _20251112_142213\script_s                         
                             eq4\videos\script_seq4\48                         
                             0p15\partial_movie_files\                         
                             LabelPlacementAnimation\6                         
                             24642324_4217992463_10672                         
                             54765.mp4'                                        
[11/12/25 14:24:45] INFO     Animation 4 : Partial     scene_file_writer.py:588
                             movie file written in                             
                             'C:\Vivek_Main\tutter\src                         
                             \media\videos\435e5c91-30                         
                             c6-4768-8abe-e576ccab95d0                         
                             _20251112_142213\script_s                         
                             eq4\videos\script_seq4\48                         
                             0p15\partial_movie_files\                         
                             LabelPlacementAnimation\6                         
                             24642324_649888459_230590                         
                             0961.mp4'                                         
                    INFO     Animation 5 : Partial     scene_file_writer.py:588
                             movie file written in                             
                             'C:\Vivek_Main\tutter\src                         
                             \media\videos\435e5c91-30                         
                             c6-4768-8abe-e576ccab95d0                         
                             _20251112_142213\script_s                         
                             eq4\videos\script_seq4\48                         
                             0p15\partial_movie_files\                         
                             LabelPlacementAnimation\6                         
                             24642324_4217992463_19392                         
                             55198.mp4'
──────────────────────────────────────────────

[2025-11-12 14:24:46] [ERROR] ❌ Video and audio list length mismatch
[2025-11-12 14:24:47] [ERROR] ❌ Video generation error
Traceback (most recent call last):
  File "C:\Vivek_Main\tutter\src\video_pipeline\routes\video_routes.py", line 36, in generate_videos_endpoint
    output_path = await process_pipeline(
                  ^^^^^^^^^^^^^^^^^^^^^^^
  File "C:\Vivek_Main\tutter\src\main.py", line 63, in process_pipeline
    final_video_bytes = MergerFactory.merge_all_videos_with_audio(video_bytes_list, audio_bytes_list,unique_id)
                        ^^^^^^^^^^^^^^^^^^^^^^^^^^^^^^^^^^^^^^^^^^^^^^^^^^^^^^^^^^^^^^^^^^^^^^^^^^^^^^^^^^^^^^^
  File "C:\Vivek_Main\tutter\src\merger_factory.py", line 209, in merge_all_videos_with_audio
    return MergerFactory.merge_video_with_audio(video_bytes_list, audio_bytes_list, unique_id)
           ^^^^^^^^^^^^^^^^^^^^^^^^^^^^^^^^^^^^^^^^^^^^^^^^^^^^^^^^^^^^^^^^^^^^^^^^^^^^^^^^^^^
  File "C:\Vivek_Main\tutter\src\merger_factory.py", line 132, in merge_video_with_audio
    raise ValueError("Video and audio lists must have the same length")
ValueError: Video and audio lists must have the same length
[2025-11-12 14:24:47] [ERROR] ❌ HTTP 500: {"detail":"Video and audio lists must have the same length"}
[2025-11-12 14:24:47] [ERROR] ❌ Error writing scripts
Traceback (most recent call last):
  File "C:\Vivek_Main\tutter\src\video_pipeline\routes\write_routes.py", line 42, in write_scripts
    video_result = await async_post(video_url, {"path": str(folder),"unique_id":data.unique_id}, timeout=300)
                   ^^^^^^^^^^^^^^^^^^^^^^^^^^^^^^^^^^^^^^^^^^^^^^^^^^^^^^^^^^^^^^^^^^^^^^^^^^^^^^^^^^^^^^^^^^
  File "C:\Vivek_Main\tutter\src\video_pipeline\utils.py", line 15, in async_post
    raise HTTPException(status_code=resp.status_code, detail=resp.text)
fastapi.exceptions.HTTPException: 500: {"detail":"Video and audio lists must have the same length"}
[2025-11-12 14:24:47] [ERROR] ❌ HTTP 500: {"detail":"500: {\"detail\":\"Video and audio lists must have the same length\"}"}
[2025-11-12 14:24:47] [ERROR] ❌ Error generating code
Traceback (most recent call last):
  File "C:\Vivek_Main\tutter\src\video_pipeline\routes\generator_routes.py", line 30, in generate_code_endpoint
    write_result = await async_post(write_url, result, timeout=120)
                   ^^^^^^^^^^^^^^^^^^^^^^^^^^^^^^^^^^^^^^^^^^^^^^^^
  File "C:\Vivek_Main\tutter\src\video_pipeline\utils.py", line 15, in async_post
    raise HTTPException(status_code=resp.status_code, detail=resp.text)
fastapi.exceptions.HTTPException: 500: {"detail":"500: {\"detail\":\"Video and audio lists must have the same length\"}"}
[2025-11-12 14:24:47] [ERROR] ❌ HTTP 500: {"detail":"500: {\"detail\":\"500: {\\\"detail\\\":\\\"Video and audio lists must have the same length\\\"}\"}"}
