[2025-11-11 16:51:31] [ERROR] 
❌ Error running Manim on C:/Vivek_Main/Manim_project/inputbox/f3fdf483-5784-47fc-86fc-175108f92461_20251111_165032/script_seq1/script_seq1.py
──────────────────────────────────────────────
STDERR:
Animation 0: FadeIn(Text('Labels at Square Corners: Class 10 English')):   0%|          | 0/15 [00:00<?, ?it/s]
Animation 0: FadeIn(Text('Labels at Square Corners: Class 10 English')):  13%|#3        | 2/15 [00:00<00:00, 13.20it/s]
Animation 0: FadeIn(Text('Labels at Square Corners: Class 10 English')):  27%|##6       | 4/15 [00:00<00:00, 15.72it/s]
Animation 0: FadeIn(Text('Labels at Square Corners: Class 10 English')):  40%|####      | 6/15 [00:00<00:00, 15.39it/s]
Animation 0: FadeIn(Text('Labels at Square Corners: Class 10 English')):  53%|#####3    | 8/15 [00:00<00:00, 16.83it/s]
Animation 0: FadeIn(Text('Labels at Square Corners: Class 10 English')):  73%|#######3  | 11/15 [00:00<00:00, 19.07it/s]
Animation 0: FadeIn(Text('Labels at Square Corners: Class 10 English')):  87%|########6 | 13/15 [00:00<00:00, 17.74it/s]
                                                                                                                        
+--------------------- Traceback (most recent call last) ---------------------+
| C:\Vivek_Main\tutter\.venv\Lib\site-packages\manim\cli\render\commands.py:1 |
| 25 in render                                                                |
|                                                                             |
|   122             try:                                                      |
|   123                 with tempconfig({}):                                  |
|   124                     scene = SceneClass()                              |
| > 125                     scene.render()                                    |
|   126             except Exception:                                         |
|   127                 error_console.print_exception()                       |
|   128                 sys.exit(1)                                           |
|                                                                             |
| C:\Vivek_Main\tutter\.venv\Lib\site-packages\manim\scene\scene.py:237 in    |
| render                                                                      |
|                                                                             |
|    234         """                                                          |
|    235         self.setup()                                                 |
|    236         try:                                                         |
| >  237             self.construct()                                         |
|    238         except EndSceneEarlyException:                               |
|    239             pass                                                     |
|    240         except RerunSceneException:                                  |
|                                                                             |
| C:\Vivek_Main\Manim_project\inputbox\f3fdf483-5784-47fc-86fc-175108f92461_2 |
| 0251111_165032\script_seq1\script_seq1.py:17 in construct                   |
|                                                                             |
|   14         # Zoom out slightly to reveal a simple square shape below the  |
|   15         square = Square(side_length=4, color=BLACK, stroke_width=2)    |
|   16         square.move_to(DOWN * 2)                                       |
| > 17         self.play(FadeIn(square), self.camera.frame.animate.scale(1.2) |
|   18         self.wait(1)                                                   |
|   19                                                                        |
|   20         # Animate four small, empty labels appearing at each corner of |
+-----------------------------------------------------------------------------+
AttributeError: 'Camera' object has no attribute 'frame'

STDOUT:
Manim Community v0.19.0

[11/11/25 16:51:29] INFO     Animation 0 : Partial     scene_file_writer.py:588
                             movie file written in                             
                             'C:\Vivek_Main\tutter\src                         
                             \media\videos\f3fdf483-57                         
                             84-47fc-86fc-175108f92461                         
                             _20251111_165032\script_s                         
                             eq1\videos\script_seq1\48                         
                             0p15\partial_movie_files\                         
                             SquareCornerLabels\931832                         
                             650_3107961746_223132457.                         
                             mp4'                                              
[11/11/25 16:51:30] INFO     Animation 1 : Partial     scene_file_writer.py:588
                             movie file written in                             
                             'C:\Vivek_Main\tutter\src                         
                             \media\videos\f3fdf483-57                         
                             84-47fc-86fc-175108f92461                         
                             _20251111_165032\script_s                         
                             eq1\videos\script_seq1\48                         
                             0p15\partial_movie_files\                         
                             SquareCornerLabels\190528                         
                             8516_1436906429_199757199                         
                             4.mp4'
──────────────────────────────────────────────

[2025-11-11 16:53:06] [ERROR] 
❌ Error running Manim on C:/Vivek_Main/Manim_project/inputbox/f3fdf483-5784-47fc-86fc-175108f92461_20251111_165032/script_seq3/script_seq3.py
──────────────────────────────────────────────
STDERR:
Animation 0: Create(Square), etc.:   0%|          | 0/15 [00:00<?, ?it/s]
                                                                         

Animation 2: FadeIn(Text('This is an example paragraph of text inside the square.')):   0%|          | 0/15 [00:00<?, ?it/s]
Animation 2: FadeIn(Text('This is an example paragraph of text inside the square.')):  47%|####6     | 7/15 [00:00<00:00, 61.38it/s]
Animation 2: FadeIn(Text('This is an example paragraph of text inside the square.')):  93%|#########3| 14/15 [00:00<00:00, 64.68it/s]
                                                                                                                                     

Animation 4: Transform(MathTex('A')), etc.:   0%|          | 0/15 [00:00<?, ?it/s]
Animation 4: Transform(MathTex('A')), etc.:  27%|##6       | 4/15 [00:00<00:00, 37.60it/s]
Animation 4: Transform(MathTex('A')), etc.:  53%|#####3    | 8/15 [00:00<00:00, 37.41it/s]
Animation 4: Transform(MathTex('A')), etc.:  87%|########6 | 13/15 [00:00<00:00, 39.27it/s]
                                                                                           

Animation 6: Transform(Text('Top-Left')), etc.:   0%|          | 0/15 [00:00<?, ?it/s]
                                                                                      

Animation 8: Transform(Text('Top-Left')), etc.:   0%|          | 0/15 [00:00<?, ?it/s]
                                                                                      

Animation 9: Transform(Text('Top-Right')), etc.:   0%|          | 0/15 [00:00<?, ?it/s]
                                                                                       

Animation 11: Transform(Text('Top-Right')), etc.:   0%|          | 0/15 [00:00<?, ?it/s]
Animation 11: Transform(Text('Top-Right')), etc.:  93%|#########3| 14/15 [00:00<00:00, 129.78it/s]
                                                                                                  

Animation 12: Transform(Text('Bottom-Right')), etc.:   0%|          | 0/15 [00:00<?, ?it/s]
                                                                                           

Animation 14: Transform(Text('Bottom-Right')), etc.:   0%|          | 0/15 [00:00<?, ?it/s]
                                                                                           

Animation 15: Transform(Text('Bottom-Left')), etc.:   0%|          | 0/15 [00:00<?, ?it/s]
                                                                                          

Animation 17: Transform(Text('Bottom-Left')), etc.:   0%|          | 0/15 [00:00<?, ?it/s]
                                                                                          
+--------------------- Traceback (most recent call last) ---------------------+
| C:\Vivek_Main\tutter\.venv\Lib\site-packages\manim\cli\render\commands.py:1 |
| 25 in render                                                                |
|                                                                             |
|   122             try:                                                      |
|   123                 with tempconfig({}):                                  |
|   124                     scene = SceneClass()                              |
| > 125                     scene.render()                                    |
|   126             except Exception:                                         |
|   127                 error_console.print_exception()                       |
|   128                 sys.exit(1)                                           |
|                                                                             |
| C:\Vivek_Main\tutter\.venv\Lib\site-packages\manim\scene\scene.py:237 in    |
| render                                                                      |
|                                                                             |
|    234         """                                                          |
|    235         self.setup()                                                 |
|    236         try:                                                         |
| >  237             self.construct()                                         |
|    238         except EndSceneEarlyException:                               |
|    239             pass                                                     |
|    240         except RerunSceneException:                                  |
|                                                                             |
| C:\Vivek_Main\Manim_project\inputbox\f3fdf483-5784-47fc-86fc-175108f92461_2 |
| 0251111_165032\script_seq3\script_seq3.py:41 in construct                   |
|                                                                             |
|   38             self.play(Transform(new_labels[i], new_labels[i].copy().se |
|   39                                                                        |
|   40         # Zoom out to show the entire setup                            |
| > 41         self.play(CameraFrame.scale, 1.5, run_time=2)                  |
|   42         self.wait(2)                                                   |
|   43                                                                        |
|   44 def get_corner_index(i):                                               |
+-----------------------------------------------------------------------------+
NameError: name 'CameraFrame' is not defined

STDOUT:
Manim Community v0.19.0

[11/11/25 16:52:52] INFO     Writing A to               tex_file_writing.py:111
                             C:\Vivek_Main\tutter\src\m                        
                             edia\videos\f3fdf483-5784-                        
                             47fc-86fc-175108f92461_202                        
                             51111_165032\script_seq3\T                        
                             ex\90f07b07e57adf79.tex                           
[11/11/25 16:52:53] INFO     Writing B to               tex_file_writing.py:111
                             C:\Vivek_Main\tutter\src\m                        
                             edia\videos\f3fdf483-5784-                        
                             47fc-86fc-175108f92461_202                        
                             51111_165032\script_seq3\T                        
                             ex\d82288bb87e99d59.tex                           
[11/11/25 16:52:54] INFO     Writing C to               tex_file_writing.py:111
                             C:\Vivek_Main\tutter\src\m                        
                             edia\videos\f3fdf483-5784-                        
                             47fc-86fc-175108f92461_202                        
                             51111_165032\script_seq3\T                        
                             ex\86474863bfdee3e7.tex                           
[11/11/25 16:52:55] INFO     Writing D to               tex_file_writing.py:111
                             C:\Vivek_Main\tutter\src\m                        
                             edia\videos\f3fdf483-5784-                        
                             47fc-86fc-175108f92461_202                        
                             51111_165032\script_seq3\T                        
                             ex\265843fdb06dea70.tex                           
[11/11/25 16:52:56] INFO     Animation 0 : Partial     scene_file_writer.py:588
                             movie file written in                             
                             'C:\Vivek_Main\tutter\src                         
                             \media\videos\f3fdf483-57                         
                             84-47fc-86fc-175108f92461                         
                             _20251111_165032\script_s                         
                             eq3\videos\script_seq3\48                         
                             0p15\partial_movie_files\                         
                             SquareScene\1185818338_34                         
                             77020743_223132457.mp4'                           
                    INFO     Animation 1 : Partial     scene_file_writer.py:588
                             movie file written in                             
                             'C:\Vivek_Main\tutter\src                         
                             \media\videos\f3fdf483-57                         
                             84-47fc-86fc-175108f92461                         
                             _20251111_165032\script_s                         
                             eq3\videos\script_seq3\48                         
                             0p15\partial_movie_files\                         
                             SquareScene\624642324_421                         
                             7992463_3378542576.mp4'                           
[11/11/25 16:52:58] INFO     Animation 2 : Partial     scene_file_writer.py:588
                             movie file written in                             
                             'C:\Vivek_Main\tutter\src                         
                             \media\videos\f3fdf483-57                         
                             84-47fc-86fc-175108f92461                         
                             _20251111_165032\script_s                         
                             eq3\videos\script_seq3\48                         
                             0p15\partial_movie_files\                         
                             SquareScene\624642324_293                         
                             9150395_3594198191.mp4'                           
                    INFO     Animation 3 : Partial     scene_file_writer.py:588
                             movie file written in                             
                             'C:\Vivek_Main\tutter\src                         
                             \media\videos\f3fdf483-57                         
                             84-47fc-86fc-175108f92461                         
                             _20251111_165032\script_s                         
                             eq3\videos\script_seq3\48                         
                             0p15\partial_movie_files\                         
                             SquareScene\624642324_421                         
                             7992463_3121122148.mp4'                           
[11/11/25 16:52:59] INFO     Animation 4 : Partial     scene_file_writer.py:588
                             movie file written in                             
                             'C:\Vivek_Main\tutter\src                         
                             \media\videos\f3fdf483-57                         
                             84-47fc-86fc-175108f92461                         
                             _20251111_165032\script_s                         
                             eq3\videos\script_seq3\48                         
                             0p15\partial_movie_files\                         
                             SquareScene\624642324_305                         
                             6115763_2080110439.mp4'                           
                    INFO     Animation 5 : Partial     scene_file_writer.py:588
                             movie file written in                             
                             'C:\Vivek_Main\tutter\src                         
                             \media\videos\f3fdf483-57                         
                             84-47fc-86fc-175108f92461                         
                             _20251111_165032\script_s                         
                             eq3\videos\script_seq3\48                         
                             0p15\partial_movie_files\                         
                             SquareScene\624642324_421                         
                             7992463_1700093004.mp4'                           
[11/11/25 16:53:00] INFO     Animation 6 : Partial     scene_file_writer.py:588
                             movie file written in                             
                             'C:\Vivek_Main\tutter\src                         
                             \media\videos\f3fdf483-57                         
                             84-47fc-86fc-175108f92461                         
                             _20251111_165032\script_s                         
                             eq3\videos\script_seq3\48                         
                             0p15\partial_movie_files\                         
                             SquareScene\624642324_328                         
                             4201223_1313748609.mp4'                           
                    INFO     Animation 7 : Partial     scene_file_writer.py:588
                             movie file written in                             
                             'C:\Vivek_Main\tutter\src                         
                             \media\videos\f3fdf483-57                         
                             84-47fc-86fc-175108f92461                         
                             _20251111_165032\script_s                         
                             eq3\videos\script_seq3\48                         
                             0p15\partial_movie_files\                         
                             SquareScene\624642324_339                         
                             4500337_2187786520.mp4'                           
[11/11/25 16:53:01] INFO     Animation 8 : Partial     scene_file_writer.py:588
                             movie file written in                             
                             'C:\Vivek_Main\tutter\src                         
                             \media\videos\f3fdf483-57                         
                             84-47fc-86fc-175108f92461                         
                             _20251111_165032\script_s                         
                             eq3\videos\script_seq3\48                         
                             0p15\partial_movie_files\                         
                             SquareScene\624642324_347                         
                             1048722_1163538684.mp4'                           
                    INFO     Animation 9 : Partial     scene_file_writer.py:588
                             movie file written in                             
                             'C:\Vivek_Main\tutter\src                         
                             \media\videos\f3fdf483-57                         
                             84-47fc-86fc-175108f92461                         
                             _20251111_165032\script_s                         
                             eq3\videos\script_seq3\48                         
                             0p15\partial_movie_files\                         
                             SquareScene\624642324_330                         
                             4538959_4214138142.mp4'                           
[11/11/25 16:53:02] INFO     Animation 10 : Partial    scene_file_writer.py:588
                             movie file written in                             
                             'C:\Vivek_Main\tutter\src                         
                             \media\videos\f3fdf483-57                         
                             84-47fc-86fc-175108f92461                         
                             _20251111_165032\script_s                         
                             eq3\videos\script_seq3\48                         
                             0p15\partial_movie_files\                         
                             SquareScene\624642324_339                         
                             4500337_1821406797.mp4'                           
                    INFO     Animation 11 : Partial    scene_file_writer.py:588
                             movie file written in                             
                             'C:\Vivek_Main\tutter\src                         
                             \media\videos\f3fdf483-57                         
                             84-47fc-86fc-175108f92461                         
                             _20251111_165032\script_s                         
                             eq3\videos\script_seq3\48                         
                             0p15\partial_movie_files\                         
                             SquareScene\624642324_847                         
                             662595_1750379983.mp4'                            
[11/11/25 16:53:03] INFO     Animation 12 : Partial    scene_file_writer.py:588
                             movie file written in                             
                             'C:\Vivek_Main\tutter\src                         
                             \media\videos\f3fdf483-57                         
                             84-47fc-86fc-175108f92461                         
                             _20251111_165032\script_s                         
                             eq3\videos\script_seq3\48                         
                             0p15\partial_movie_files\                         
                             SquareScene\624642324_657                         
                             441046_906500747.mp4'                             
                    INFO     Animation 13 : Partial    scene_file_writer.py:588
                             movie file written in                             
                             'C:\Vivek_Main\tutter\src                         
                             \media\videos\f3fdf483-57                         
                             84-47fc-86fc-175108f92461                         
                             _20251111_165032\script_s                         
                             eq3\videos\script_seq3\48                         
                             0p15\partial_movie_files\                         
                             SquareScene\624642324_339                         
                             4500337_1249048254.mp4'                           
[11/11/25 16:53:04] INFO     Animation 14 : Partial    scene_file_writer.py:588
                             movie file written in                             
                             'C:\Vivek_Main\tutter\src                         
                             \media\videos\f3fdf483-57                         
                             84-47fc-86fc-175108f92461                         
                             _20251111_165032\script_s                         
                             eq3\videos\script_seq3\48                         
                             0p15\partial_movie_files\                         
                             SquareScene\624642324_255                         
                             5827971_4148844884.mp4'                           
[11/11/25 16:53:05] INFO     Animation 15 : Partial    scene_file_writer.py:588
                             movie file written in                             
                             'C:\Vivek_Main\tutter\src                         
                             \media\videos\f3fdf483-57                         
                             84-47fc-86fc-175108f92461                         
                             _20251111_165032\script_s                         
                             eq3\videos\script_seq3\48                         
                             0p15\partial_movie_files\                         
                             SquareScene\624642324_318                         
                             0356945_3427217975.mp4'                           
                    INFO     Animation 16 : Partial    scene_file_writer.py:588
                             movie file written in                             
                             'C:\Vivek_Main\tutter\src                         
                             \media\videos\f3fdf483-57                         
                             84-47fc-86fc-175108f92461                         
                             _20251111_165032\script_s                         
                             eq3\videos\script_seq3\48                         
                             0p15\partial_movie_files\                         
                             SquareScene\624642324_339                         
                             4500337_1875939342.mp4'                           
[11/11/25 16:53:06] INFO     Animation 17 : Partial    scene_file_writer.py:588
                             movie file written in                             
                             'C:\Vivek_Main\tutter\src                         
                             \media\videos\f3fdf483-57                         
                             84-47fc-86fc-175108f92461                         
                             _20251111_165032\script_s                         
                             eq3\videos\script_seq3\48                         
                             0p15\partial_movie_files\                         
                             SquareScene\624642324_309                         
                             6894959_343138869.mp4'
──────────────────────────────────────────────

[2025-11-11 16:53:11] [ERROR] ❌ Error generating code
Traceback (most recent call last):
  File "C:\Vivek_Main\tutter\.venv\Lib\site-packages\httpx\_transports\default.py", line 101, in map_httpcore_exceptions
    yield
  File "C:\Vivek_Main\tutter\.venv\Lib\site-packages\httpx\_transports\default.py", line 394, in handle_async_request
    resp = await self._pool.handle_async_request(req)
           ^^^^^^^^^^^^^^^^^^^^^^^^^^^^^^^^^^^^^^^^^^
  File "C:\Vivek_Main\tutter\.venv\Lib\site-packages\httpcore\_async\connection_pool.py", line 256, in handle_async_request
    raise exc from None
  File "C:\Vivek_Main\tutter\.venv\Lib\site-packages\httpcore\_async\connection_pool.py", line 236, in handle_async_request
    response = await connection.handle_async_request(
               ^^^^^^^^^^^^^^^^^^^^^^^^^^^^^^^^^^^^^^
  File "C:\Vivek_Main\tutter\.venv\Lib\site-packages\httpcore\_async\connection.py", line 103, in handle_async_request
    return await self._connection.handle_async_request(request)
           ^^^^^^^^^^^^^^^^^^^^^^^^^^^^^^^^^^^^^^^^^^^^^^^^^^^^
  File "C:\Vivek_Main\tutter\.venv\Lib\site-packages\httpcore\_async\http11.py", line 136, in handle_async_request
    raise exc
  File "C:\Vivek_Main\tutter\.venv\Lib\site-packages\httpcore\_async\http11.py", line 106, in handle_async_request
    ) = await self._receive_response_headers(**kwargs)
        ^^^^^^^^^^^^^^^^^^^^^^^^^^^^^^^^^^^^^^^^^^^^^^
  File "C:\Vivek_Main\tutter\.venv\Lib\site-packages\httpcore\_async\http11.py", line 177, in _receive_response_headers
    event = await self._receive_event(timeout=timeout)
            ^^^^^^^^^^^^^^^^^^^^^^^^^^^^^^^^^^^^^^^^^^
  File "C:\Vivek_Main\tutter\.venv\Lib\site-packages\httpcore\_async\http11.py", line 217, in _receive_event
    data = await self._network_stream.read(
           ^^^^^^^^^^^^^^^^^^^^^^^^^^^^^^^^
  File "C:\Vivek_Main\tutter\.venv\Lib\site-packages\httpcore\_backends\anyio.py", line 32, in read
    with map_exceptions(exc_map):
  File "C:\Users\vivek_vslen2j\AppData\Local\Programs\Python\Python311\Lib\contextlib.py", line 158, in __exit__
    self.gen.throw(typ, value, traceback)
  File "C:\Vivek_Main\tutter\.venv\Lib\site-packages\httpcore\_exceptions.py", line 14, in map_exceptions
    raise to_exc(exc) from exc
httpcore.ReadTimeout

The above exception was the direct cause of the following exception:

Traceback (most recent call last):
  File "C:\Vivek_Main\tutter\src\video_pipeline\routes\generator_routes.py", line 28, in generate_code_endpoint
    write_result = await async_post(write_url, result, timeout=120)
                   ^^^^^^^^^^^^^^^^^^^^^^^^^^^^^^^^^^^^^^^^^^^^^^^^
  File "C:\Vivek_Main\tutter\src\video_pipeline\utils.py", line 12, in async_post
    resp = await client.post(url, json=payload, headers={"Content-Type": "application/json"})
           ^^^^^^^^^^^^^^^^^^^^^^^^^^^^^^^^^^^^^^^^^^^^^^^^^^^^^^^^^^^^^^^^^^^^^^^^^^^^^^^^^^
  File "C:\Vivek_Main\tutter\.venv\Lib\site-packages\httpx\_client.py", line 1859, in post
    return await self.request(
           ^^^^^^^^^^^^^^^^^^^
  File "C:\Vivek_Main\tutter\.venv\Lib\site-packages\httpx\_client.py", line 1540, in request
    return await self.send(request, auth=auth, follow_redirects=follow_redirects)
           ^^^^^^^^^^^^^^^^^^^^^^^^^^^^^^^^^^^^^^^^^^^^^^^^^^^^^^^^^^^^^^^^^^^^^^
  File "C:\Vivek_Main\tutter\.venv\Lib\site-packages\httpx\_client.py", line 1629, in send
    response = await self._send_handling_auth(
               ^^^^^^^^^^^^^^^^^^^^^^^^^^^^^^^
  File "C:\Vivek_Main\tutter\.venv\Lib\site-packages\httpx\_client.py", line 1657, in _send_handling_auth
    response = await self._send_handling_redirects(
               ^^^^^^^^^^^^^^^^^^^^^^^^^^^^^^^^^^^^
  File "C:\Vivek_Main\tutter\.venv\Lib\site-packages\httpx\_client.py", line 1694, in _send_handling_redirects
    response = await self._send_single_request(request)
               ^^^^^^^^^^^^^^^^^^^^^^^^^^^^^^^^^^^^^^^^
  File "C:\Vivek_Main\tutter\.venv\Lib\site-packages\httpx\_client.py", line 1730, in _send_single_request
    response = await transport.handle_async_request(request)
               ^^^^^^^^^^^^^^^^^^^^^^^^^^^^^^^^^^^^^^^^^^^^^
  File "C:\Vivek_Main\tutter\.venv\Lib\site-packages\httpx\_transports\default.py", line 393, in handle_async_request
    with map_httpcore_exceptions():
  File "C:\Users\vivek_vslen2j\AppData\Local\Programs\Python\Python311\Lib\contextlib.py", line 158, in __exit__
    self.gen.throw(typ, value, traceback)
  File "C:\Vivek_Main\tutter\.venv\Lib\site-packages\httpx\_transports\default.py", line 118, in map_httpcore_exceptions
    raise mapped_exc(message) from exc
httpx.ReadTimeout
[2025-11-11 16:53:11] [ERROR] ❌ HTTP 500: {"detail":""}
[2025-11-11 16:53:15] [ERROR] 
❌ Error running Manim on C:/Vivek_Main/Manim_project/inputbox/f3fdf483-5784-47fc-86fc-175108f92461_20251111_165032/script_seq4/script_seq4.py
──────────────────────────────────────────────
STDERR:
+--------------------- Traceback (most recent call last) ---------------------+
| C:\Vivek_Main\tutter\.venv\Lib\site-packages\manim\cli\render\commands.py:1 |
| 25 in render                                                                |
|                                                                             |
|   122             try:                                                      |
|   123                 with tempconfig({}):                                  |
|   124                     scene = SceneClass()                              |
| > 125                     scene.render()                                    |
|   126             except Exception:                                         |
|   127                 error_console.print_exception()                       |
|   128                 sys.exit(1)                                           |
|                                                                             |
| C:\Vivek_Main\tutter\.venv\Lib\site-packages\manim\scene\scene.py:237 in    |
| render                                                                      |
|                                                                             |
|    234         """                                                          |
|    235         self.setup()                                                 |
|    236         try:                                                         |
| >  237             self.construct()                                         |
|    238         except EndSceneEarlyException:                               |
|    239             pass                                                     |
|    240         except RerunSceneException:                                  |
|                                                                             |
| C:\Vivek_Main\Manim_project\inputbox\f3fdf483-5784-47fc-86fc-175108f92461_2 |
| 0251111_165032\script_seq4\script_seq4.py:16 in construct                   |
|                                                                             |
|   13         self.add(square, *labels)                                      |
|   14                                                                        |
|   15         # Slowly zoom out to show the entire square with labels and te |
| > 16         self.play(CameraFrame.scale, 1.5, run_time=3)                  |
|   17                                                                        |
|   18         # Fade in a closing message                                    |
|   19         closing_message = Text("Mastering Labels at Square Corners: Cl |
+-----------------------------------------------------------------------------+
NameError: name 'CameraFrame' is not defined

STDOUT:
Manim Community v0.19.0

[11/11/25 16:53:10] INFO     Writing ext{Top Left} to   tex_file_writing.py:111
                             C:\Vivek_Main\tutter\src\m                        
                             edia\videos\f3fdf483-5784-                        
                             47fc-86fc-175108f92461_202                        
                             51111_165032\script_seq4\T                        
                             ex\b4ec74e3054d833a.tex                           
[11/11/25 16:53:11] INFO     Writing ext{Top Right} to  tex_file_writing.py:111
                             C:\Vivek_Main\tutter\src\m                        
                             edia\videos\f3fdf483-5784-                        
                             47fc-86fc-175108f92461_202                        
                             51111_165032\script_seq4\T                        
                             ex\01893463aeb161d6.tex                           
[11/11/25 16:53:12] INFO     Writing ext{Bottom Left}   tex_file_writing.py:111
                             to                                                
                             C:\Vivek_Main\tutter\src\m                        
                             edia\videos\f3fdf483-5784-                        
                             47fc-86fc-175108f92461_202                        
                             51111_165032\script_seq4\T                        
                             ex\483c5c5ee4d4a7b2.tex                           
[11/11/25 16:53:14] INFO     Writing ext{Bottom Right}  tex_file_writing.py:111
                             to                                                
                             C:\Vivek_Main\tutter\src\m                        
                             edia\videos\f3fdf483-5784-                        
                             47fc-86fc-175108f92461_202                        
                             51111_165032\script_seq4\T                        
                             ex\fdacea7ab92038e2.tex
──────────────────────────────────────────────

[2025-11-11 16:53:15] [ERROR] ❌ Video and audio list length mismatch
[2025-11-11 16:53:16] [ERROR] ❌ Video generation error
Traceback (most recent call last):
  File "C:\Vivek_Main\tutter\src\video_pipeline\routes\video_routes.py", line 34, in generate_videos_endpoint
    output_path = await process_pipeline(
                  ^^^^^^^^^^^^^^^^^^^^^^^
  File "C:\Vivek_Main\tutter\src\main.py", line 62, in process_pipeline
    final_video_bytes = MergerFactory.merge_all_videos_with_audio(video_bytes_list, audio_bytes_list,unique_id)
                        ^^^^^^^^^^^^^^^^^^^^^^^^^^^^^^^^^^^^^^^^^^^^^^^^^^^^^^^^^^^^^^^^^^^^^^^^^^^^^^^^^^^^^^^
  File "C:\Vivek_Main\tutter\src\merger_factory.py", line 208, in merge_all_videos_with_audio
    return MergerFactory.merge_video_with_audio(video_bytes_list, audio_bytes_list, unique_id)
           ^^^^^^^^^^^^^^^^^^^^^^^^^^^^^^^^^^^^^^^^^^^^^^^^^^^^^^^^^^^^^^^^^^^^^^^^^^^^^^^^^^^
  File "C:\Vivek_Main\tutter\src\merger_factory.py", line 131, in merge_video_with_audio
    raise ValueError("Video and audio lists must have the same length")
ValueError: Video and audio lists must have the same length
[2025-11-11 16:53:16] [ERROR] ❌ HTTP 500: {"detail":"Video and audio lists must have the same length"}
[2025-11-11 16:53:16] [ERROR] ❌ Error writing scripts
Traceback (most recent call last):
  File "C:\Vivek_Main\tutter\src\video_pipeline\routes\write_routes.py", line 40, in write_scripts
    video_result = await async_post(video_url, {"path": str(folder),"unique_id":data.unique_id}, timeout=300)
                   ^^^^^^^^^^^^^^^^^^^^^^^^^^^^^^^^^^^^^^^^^^^^^^^^^^^^^^^^^^^^^^^^^^^^^^^^^^^^^^^^^^^^^^^^^^
  File "C:\Vivek_Main\tutter\src\video_pipeline\utils.py", line 15, in async_post
    raise HTTPException(status_code=resp.status_code, detail=resp.text)
fastapi.exceptions.HTTPException: 500: {"detail":"Video and audio lists must have the same length"}
[2025-11-11 17:22:07] [ERROR] 
❌ Error running Manim on C:/Vivek_Main/Manim_project/inputbox/3b310b7a-ea71-4473-abda-5856b1d173ba_20251111_172106/script_seq1/script_seq1.py
──────────────────────────────────────────────
STDERR:
Animation 0: FadeIn(Text('Labels at Square Corners: Class 10 English')):   0%|          | 0/15 [00:00<?, ?it/s]
Animation 0: FadeIn(Text('Labels at Square Corners: Class 10 English')):  20%|##        | 3/15 [00:00<00:00, 29.23it/s]
Animation 0: FadeIn(Text('Labels at Square Corners: Class 10 English')):  47%|####6     | 7/15 [00:00<00:00, 32.98it/s]
Animation 0: FadeIn(Text('Labels at Square Corners: Class 10 English')):  73%|#######3  | 11/15 [00:00<00:00, 34.71it/s]
Animation 0: FadeIn(Text('Labels at Square Corners: Class 10 English')): 100%|##########| 15/15 [00:00<00:00, 36.02it/s]
                                                                                                                        
+--------------------- Traceback (most recent call last) ---------------------+
| C:\Vivek_Main\tutter\.venv\Lib\site-packages\manim\cli\render\commands.py:1 |
| 25 in render                                                                |
|                                                                             |
|   122             try:                                                      |
|   123                 with tempconfig({}):                                  |
|   124                     scene = SceneClass()                              |
| > 125                     scene.render()                                    |
|   126             except Exception:                                         |
|   127                 error_console.print_exception()                       |
|   128                 sys.exit(1)                                           |
|                                                                             |
| C:\Vivek_Main\tutter\.venv\Lib\site-packages\manim\scene\scene.py:237 in    |
| render                                                                      |
|                                                                             |
|    234         """                                                          |
|    235         self.setup()                                                 |
|    236         try:                                                         |
| >  237             self.construct()                                         |
|    238         except EndSceneEarlyException:                               |
|    239             pass                                                     |
|    240         except RerunSceneException:                                  |
|                                                                             |
| C:\Vivek_Main\Manim_project\inputbox\3b310b7a-ea71-4473-abda-5856b1d173ba_2 |
| 0251111_172106\script_seq1\script_seq1.py:15 in construct                   |
|                                                                             |
|   12                                                                        |
|   13         # Zoom out slightly to reveal a square below the title         |
|   14         square = Square(side_length=4, color=BLACK, fill_opacity=0).mo |
| > 15         self.play(self.camera.frame.animate.scale(1.2).move_to(square) |
|   16         self.wait(1)                                                   |
|   17                                                                        |
|   18         # Animate four small, empty label boxes appearing at each corn |
+-----------------------------------------------------------------------------+
AttributeError: 'Camera' object has no attribute 'frame'

STDOUT:
Manim Community v0.19.0

[11/11/25 17:22:06] INFO     Animation 0 : Partial     scene_file_writer.py:588
                             movie file written in                             
                             'C:\Vivek_Main\tutter\src                         
                             \media\videos\3b310b7a-ea                         
                             71-4473-abda-5856b1d173ba                         
                             _20251111_172106\script_s                         
                             eq1\videos\script_seq1\48                         
                             0p15\partial_movie_files\                         
                             SquareLabelAnimation\9318                         
                             32650_3107961746_22313245                         
                             7.mp4'                                            
                    INFO     Animation 1 : Partial     scene_file_writer.py:588
                             movie file written in                             
                             'C:\Vivek_Main\tutter\src                         
                             \media\videos\3b310b7a-ea                         
                             71-4473-abda-5856b1d173ba                         
                             _20251111_172106\script_s                         
                             eq1\videos\script_seq1\48                         
                             0p15\partial_movie_files\                         
                             SquareLabelAnimation\1905                         
                             288516_1436906429_1997571                         
                             994.mp4'
──────────────────────────────────────────────

[2025-11-11 17:22:32] [ERROR] 
❌ Error running Manim on C:/Vivek_Main/Manim_project/inputbox/3b310b7a-ea71-4473-abda-5856b1d173ba_20251111_172106/script_seq2/script_seq2.py
──────────────────────────────────────────────
STDERR:
Animation 1: Rotate(Square), etc.:   0%|          | 0/45 [00:00<?, ?it/s]
Animation 1: Rotate(Square), etc.:  13%|#3        | 6/45 [00:00<00:00, 58.42it/s]
Animation 1: Rotate(Square), etc.:  27%|##6       | 12/45 [00:00<00:00, 50.97it/s]
Animation 1: Rotate(Square), etc.:  40%|####      | 18/45 [00:00<00:00, 53.55it/s]
Animation 1: Rotate(Square), etc.:  53%|#####3    | 24/45 [00:00<00:00, 50.29it/s]
Animation 1: Rotate(Square), etc.:  69%|######8   | 31/45 [00:00<00:00, 55.42it/s]
Animation 1: Rotate(Square), etc.:  82%|########2 | 37/45 [00:00<00:00, 46.03it/s]
Animation 1: Rotate(Square), etc.:  93%|#########3| 42/45 [00:00<00:00, 41.00it/s]
                                                                                  
+--------------------- Traceback (most recent call last) ---------------------+
| C:\Vivek_Main\tutter\.venv\Lib\site-packages\manim\cli\render\commands.py:1 |
| 25 in render                                                                |
|                                                                             |
|   122             try:                                                      |
|   123                 with tempconfig({}):                                  |
|   124                     scene = SceneClass()                              |
| > 125                     scene.render()                                    |
|   126             except Exception:                                         |
|   127                 error_console.print_exception()                       |
|   128                 sys.exit(1)                                           |
|                                                                             |
| C:\Vivek_Main\tutter\.venv\Lib\site-packages\manim\scene\scene.py:237 in    |
| render                                                                      |
|                                                                             |
|    234         """                                                          |
|    235         self.setup()                                                 |
|    236         try:                                                         |
| >  237             self.construct()                                         |
|    238         except EndSceneEarlyException:                               |
|    239             pass                                                     |
|    240         except RerunSceneException:                                  |
|                                                                             |
| C:\Vivek_Main\Manim_project\inputbox\3b310b7a-ea71-4473-abda-5856b1d173ba_2 |
| 0251111_172106\script_seq2\script_seq2.py:25 in construct                   |
|                                                                             |
|   22                                                                        |
|   23             # Zoom in on the current corner                            |
|   24             zoom_point = square.get_corner(corner)                     |
| > 25             self.play(CameraFrame.frame_center.animate.move_to(zoom_po |
|   26                                                                        |
|   27             # Draw dashed line from label to corner                    |
|   28             label = labels[i]                                          |
+-----------------------------------------------------------------------------+
NameError: name 'CameraFrame' is not defined

STDOUT:
Manim Community v0.19.0

[11/11/25 17:22:16] INFO     Writing A to               tex_file_writing.py:111
                             C:\Vivek_Main\tutter\src\m                        
                             edia\videos\3b310b7a-ea71-                        
                             4473-abda-5856b1d173ba_202                        
                             51111_172106\script_seq2\T                        
                             ex\90f07b07e57adf79.tex                           
[11/11/25 17:22:20] INFO     Writing B to               tex_file_writing.py:111
                             C:\Vivek_Main\tutter\src\m                        
                             edia\videos\3b310b7a-ea71-                        
                             4473-abda-5856b1d173ba_202                        
                             51111_172106\script_seq2\T                        
                             ex\d82288bb87e99d59.tex                           
[11/11/25 17:22:23] INFO     Writing C to               tex_file_writing.py:111
                             C:\Vivek_Main\tutter\src\m                        
                             edia\videos\3b310b7a-ea71-                        
                             4473-abda-5856b1d173ba_202                        
                             51111_172106\script_seq2\T                        
                             ex\86474863bfdee3e7.tex                           
[11/11/25 17:22:25] INFO     Writing D to               tex_file_writing.py:111
                             C:\Vivek_Main\tutter\src\m                        
                             edia\videos\3b310b7a-ea71-                        
                             4473-abda-5856b1d173ba_202                        
                             51111_172106\script_seq2\T                        
                             ex\265843fdb06dea70.tex                           
[11/11/25 17:22:29] INFO     Animation 0 : Partial     scene_file_writer.py:588
                             movie file written in                             
                             'C:\Vivek_Main\tutter\src                         
                             \media\videos\3b310b7a-ea                         
                             71-4473-abda-5856b1d173ba                         
                             _20251111_172106\script_s                         
                             eq2\videos\script_seq2\48                         
                             0p15\partial_movie_files\                         
                             RotateSquareWithLabels\11                         
                             85818338_1432596116_13241                         
                             44791.mp4'                                        
[11/11/25 17:22:31] INFO     Animation 1 : Partial     scene_file_writer.py:588
                             movie file written in                             
                             'C:\Vivek_Main\tutter\src                         
                             \media\videos\3b310b7a-ea                         
                             71-4473-abda-5856b1d173ba                         
                             _20251111_172106\script_s                         
                             eq2\videos\script_seq2\48                         
                             0p15\partial_movie_files\                         
                             RotateSquareWithLabels\62                         
                             4642324_2789994108_808956                         
                             056.mp4'
──────────────────────────────────────────────

[2025-11-11 17:22:53] [ERROR] 
❌ Error running Manim on C:/Vivek_Main/Manim_project/inputbox/3b310b7a-ea71-4473-abda-5856b1d173ba_20251111_172106/script_seq3/script_seq3.py
──────────────────────────────────────────────
STDERR:
Animation 0: Create(Square), etc.:   0%|          | 0/15 [00:00<?, ?it/s]
Animation 0: Create(Square), etc.:  60%|######    | 9/15 [00:00<00:00, 88.57it/s]
                                                                                 

Animation 2: FadeOut(Square), etc.:   0%|          | 0/15 [00:00<?, ?it/s]
Animation 2: FadeOut(Square), etc.:  93%|#########3| 14/15 [00:00<00:00, 125.08it/s]
                                                                                    
+--------------------- Traceback (most recent call last) ---------------------+
| C:\Vivek_Main\tutter\.venv\Lib\site-packages\manim\cli\render\commands.py:1 |
| 25 in render                                                                |
|                                                                             |
|   122             try:                                                      |
|   123                 with tempconfig({}):                                  |
|   124                     scene = SceneClass()                              |
| > 125                     scene.render()                                    |
|   126             except Exception:                                         |
|   127                 error_console.print_exception()                       |
|   128                 sys.exit(1)                                           |
|                                                                             |
| C:\Vivek_Main\tutter\.venv\Lib\site-packages\manim\scene\scene.py:237 in    |
| render                                                                      |
|                                                                             |
|    234         """                                                          |
|    235         self.setup()                                                 |
|    236         try:                                                         |
| >  237             self.construct()                                         |
|    238         except EndSceneEarlyException:                               |
|    239             pass                                                     |
|    240         except RerunSceneException:                                  |
|                                                                             |
| C:\Vivek_Main\Manim_project\inputbox\3b310b7a-ea71-4473-abda-5856b1d173ba_2 |
| 0251111_172106\script_seq3\script_seq3.py:19 in construct                   |
|                                                                             |
|   16         # Replace the square with a map of a classroom                 |
|   17         self.play(FadeOut(square), FadeOut(VGroup(*labels)))           |
|   18         classroom = Rectangle(width=8, height=6, color=GREY_B, stroke_ |
| > 19         tables = VGroup(*[                                             |
|   20             Rectangle(width=1.5, height=1, color=BROWN).move_to(classr |
|   21             for x in range(-3, 4)                                      |
|   22             for y in range(-2, 3)                                      |
|                                                                             |
| C:\Vivek_Main\Manim_project\inputbox\3b310b7a-ea71-4473-abda-5856b1d173ba_2 |
| 0251111_172106\script_seq3\script_seq3.py:20 in <listcomp>                  |
|                                                                             |
|   17         self.play(FadeOut(square), FadeOut(VGroup(*labels)))           |
|   18         classroom = Rectangle(width=8, height=6, color=GREY_B, stroke_ |
|   19         tables = VGroup(*[                                             |
| > 20             Rectangle(width=1.5, height=1, color=BROWN).move_to(classr |
|   21             for x in range(-3, 4)                                      |
|   22             for y in range(-2, 3)                                      |
|   23         ])                                                             |
+-----------------------------------------------------------------------------+
NameError: name 'BROWN' is not defined

STDOUT:
Manim Community v0.19.0

[11/11/25 17:22:42] INFO     Writing A to               tex_file_writing.py:111
                             C:\Vivek_Main\tutter\src\m                        
                             edia\videos\3b310b7a-ea71-                        
                             4473-abda-5856b1d173ba_202                        
                             51111_172106\script_seq3\T                        
                             ex\90f07b07e57adf79.tex                           
[11/11/25 17:22:44] INFO     Writing B to               tex_file_writing.py:111
                             C:\Vivek_Main\tutter\src\m                        
                             edia\videos\3b310b7a-ea71-                        
                             4473-abda-5856b1d173ba_202                        
                             51111_172106\script_seq3\T                        
                             ex\d82288bb87e99d59.tex                           
[11/11/25 17:22:47] INFO     Writing C to               tex_file_writing.py:111
                             C:\Vivek_Main\tutter\src\m                        
                             edia\videos\3b310b7a-ea71-                        
                             4473-abda-5856b1d173ba_202                        
                             51111_172106\script_seq3\T                        
                             ex\86474863bfdee3e7.tex                           
[11/11/25 17:22:50] INFO     Writing D to               tex_file_writing.py:111
                             C:\Vivek_Main\tutter\src\m                        
                             edia\videos\3b310b7a-ea71-                        
                             4473-abda-5856b1d173ba_202                        
                             51111_172106\script_seq3\T                        
                             ex\265843fdb06dea70.tex                           
[11/11/25 17:22:52] INFO     Animation 0 : Partial     scene_file_writer.py:588
                             movie file written in                             
                             'C:\Vivek_Main\tutter\src                         
                             \media\videos\3b310b7a-ea                         
                             71-4473-abda-5856b1d173ba                         
                             _20251111_172106\script_s                         
                             eq3\videos\script_seq3\48                         
                             0p15\partial_movie_files\                         
                             ClassroomLabelingScene\11                         
                             85818338_480403892_223132                         
                             457.mp4'                                          
                    INFO     Animation 1 : Partial     scene_file_writer.py:588
                             movie file written in                             
                             'C:\Vivek_Main\tutter\src                         
                             \media\videos\3b310b7a-ea                         
                             71-4473-abda-5856b1d173ba                         
                             _20251111_172106\script_s                         
                             eq3\videos\script_seq3\48                         
                             0p15\partial_movie_files\                         
                             ClassroomLabelingScene\62                         
                             4642324_4217992463_209144                         
                             7695.mp4'                                         
                    INFO     Animation 2 : Partial     scene_file_writer.py:588
                             movie file written in                             
                             'C:\Vivek_Main\tutter\src                         
                             \media\videos\3b310b7a-ea                         
                             71-4473-abda-5856b1d173ba                         
                             _20251111_172106\script_s                         
                             eq3\videos\script_seq3\48                         
                             0p15\partial_movie_files\                         
                             ClassroomLabelingScene\62                         
                             4642324_2734171796_591615                         
                             702.mp4'
──────────────────────────────────────────────

[2025-11-11 17:23:04] [ERROR] 
❌ Error running Manim on C:/Vivek_Main/Manim_project/inputbox/3b310b7a-ea71-4473-abda-5856b1d173ba_20251111_172106/script_seq4/script_seq4.py
──────────────────────────────────────────────
STDERR:
+--------------------- Traceback (most recent call last) ---------------------+
| C:\Vivek_Main\tutter\.venv\Lib\site-packages\manim\cli\render\commands.py:1 |
| 25 in render                                                                |
|                                                                             |
|   122             try:                                                      |
|   123                 with tempconfig({}):                                  |
|   124                     scene = SceneClass()                              |
| > 125                     scene.render()                                    |
|   126             except Exception:                                         |
|   127                 error_console.print_exception()                       |
|   128                 sys.exit(1)                                           |
|                                                                             |
| C:\Vivek_Main\tutter\.venv\Lib\site-packages\manim\scene\scene.py:237 in    |
| render                                                                      |
|                                                                             |
|    234         """                                                          |
|    235         self.setup()                                                 |
|    236         try:                                                         |
| >  237             self.construct()                                         |
|    238         except EndSceneEarlyException:                               |
|    239             pass                                                     |
|    240         except RerunSceneException:                                  |
|                                                                             |
| C:\Vivek_Main\Manim_project\inputbox\3b310b7a-ea71-4473-abda-5856b1d173ba_2 |
| 0251111_172106\script_seq4\script_seq4.py:6 in construct                    |
|                                                                             |
|    3 class LabelingScene(Scene):                                            |
|    4     def construct(self):                                               |
|    5         # Start with the final frame of Scene 3: close-up of a table c |
| >  6         table_corner = SVGMobject("table_corner.svg").scale(2)         |
|    7         checkmark = SVGMobject("checkmark.svg").scale(0.5).next_to(tab |
|    8         self.play(FadeIn(table_corner, checkmark))                     |
|    9         self.wait(1)                                                   |
|                                                                             |
| C:\Vivek_Main\tutter\.venv\Lib\site-packages\manim\mobject\svg\svg_mobject. |
| py:145 in __init__                                                          |
|                                                                             |
|   142             path_string_config = {}                                   |
|   143         self.path_string_config = path_string_config                  |
|   144                                                                       |
| > 145         self.init_svg_mobject(use_svg_cache=use_svg_cache)            |
|   146                                                                       |
|   147         self.set_style(                                               |
|   148             fill_color=fill_color,                                    |
|                                                                             |
| C:\Vivek_Main\tutter\.venv\Lib\site-packages\manim\mobject\svg\svg_mobject. |
| py:171 in init_svg_mobject                                                  |
|                                                                             |
|   168                 self.add(*mob)                                        |
|   169                 return                                                |
|   170                                                                       |
| > 171         self.generate_mobject()                                       |
|   172         if use_svg_cache:                                             |
|   173             SVG_HASH_TO_MOB_MAP[hash_val] = self.copy()               |
|   174                                                                       |
|                                                                             |
| C:\Vivek_Main\tutter\.venv\Lib\site-packages\manim\mobject\svg\svg_mobject. |
| py:192 in generate_mobject                                                  |
|                                                                             |
|   189                                                                       |
|   190     def generate_mobject(self) -> None:                               |
|   191         """Parse the SVG and translate its elements to submobjects."" |
| > 192         file_path = self.get_file_path()                              |
|   193         element_tree = ET.parse(file_path)                            |
|   194         new_tree = self.modify_xml_tree(element_tree)                 |
|   195         # Create a temporary svg file to dump modified svg to be pars |
|                                                                             |
| C:\Vivek_Main\tutter\.venv\Lib\site-packages\manim\mobject\svg\svg_mobject. |
| py:210 in get_file_path                                                     |
|                                                                             |
|   207         """Search for an existing file based on the specified file na |
|   208         if self.file_name is None:                                    |
|   209             raise ValueError("Must specify file for SVGMobject")      |
| > 210         return get_full_vector_image_path(self.file_name)             |
|   211                                                                       |
|   212     def modify_xml_tree(self, element_tree: ET.ElementTree) -> ET.Ele |
|   213         """Modifies the SVG element tree to include default           |
|                                                                             |
| C:\Vivek_Main\tutter\.venv\Lib\site-packages\manim\utils\images.py:36 in    |
| get_full_vector_image_path                                                  |
|                                                                             |
|   33                                                                        |
|   34                                                                        |
|   35 def get_full_vector_image_path(image_file_name: str | PurePath) -> Pat |
| > 36     return seek_full_path_from_defaults(                               |
|   37         image_file_name,                                               |
|   38         default_dir=config.get_dir("assets_dir"),                      |
|   39         extensions=[".svg"],                                           |
|                                                                             |
| C:\Vivek_Main\tutter\.venv\Lib\site-packages\manim\utils\file_ops.py:182 in |
| seek_full_path_from_defaults                                                |
|                                                                             |
|   179         f"From: {Path.cwd()}, could not find {file_name} at either "  |
|   180         f"of these locations: {list(map(str, possible_paths))}"       |
|   181     )                                                                 |
| > 182     raise OSError(error)                                              |
|   183                                                                       |
|   184                                                                       |
|   185 def modify_atime(file_path: str) -> None:                             |
+-----------------------------------------------------------------------------+
OSError: From: C:\Vivek_Main\tutter\src, could not find table_corner.svg at 
either of these locations: ['table_corner.svg', 'table_corner.svg', 
'table_corner.svg.svg']

STDOUT:
Manim Community v0.19.0
──────────────────────────────────────────────

[2025-11-11 17:23:36] [ERROR] ❌ Video and audio list length mismatch
[2025-11-11 17:23:36] [ERROR] ❌ Video generation error
Traceback (most recent call last):
  File "C:\Vivek_Main\tutter\src\video_pipeline\routes\video_routes.py", line 34, in generate_videos_endpoint
    output_path = await process_pipeline(
                  ^^^^^^^^^^^^^^^^^^^^^^^
  File "C:\Vivek_Main\tutter\src\main.py", line 62, in process_pipeline
    final_video_bytes = MergerFactory.merge_all_videos_with_audio(video_bytes_list, audio_bytes_list,unique_id)
                        ^^^^^^^^^^^^^^^^^^^^^^^^^^^^^^^^^^^^^^^^^^^^^^^^^^^^^^^^^^^^^^^^^^^^^^^^^^^^^^^^^^^^^^^
  File "C:\Vivek_Main\tutter\src\merger_factory.py", line 208, in merge_all_videos_with_audio
    return MergerFactory.merge_video_with_audio(video_bytes_list, audio_bytes_list, unique_id)
           ^^^^^^^^^^^^^^^^^^^^^^^^^^^^^^^^^^^^^^^^^^^^^^^^^^^^^^^^^^^^^^^^^^^^^^^^^^^^^^^^^^^
  File "C:\Vivek_Main\tutter\src\merger_factory.py", line 131, in merge_video_with_audio
    raise ValueError("Video and audio lists must have the same length")
ValueError: Video and audio lists must have the same length
[2025-11-11 17:23:36] [ERROR] ❌ HTTP 500: {"detail":"Video and audio lists must have the same length"}
[2025-11-11 17:23:37] [ERROR] ❌ Error writing scripts
Traceback (most recent call last):
  File "C:\Vivek_Main\tutter\src\video_pipeline\routes\write_routes.py", line 40, in write_scripts
    video_result = await async_post(video_url, {"path": str(folder),"unique_id":data.unique_id}, timeout=300)
                   ^^^^^^^^^^^^^^^^^^^^^^^^^^^^^^^^^^^^^^^^^^^^^^^^^^^^^^^^^^^^^^^^^^^^^^^^^^^^^^^^^^^^^^^^^^
  File "C:\Vivek_Main\tutter\src\video_pipeline\utils.py", line 15, in async_post
    raise HTTPException(status_code=resp.status_code, detail=resp.text)
fastapi.exceptions.HTTPException: 500: {"detail":"Video and audio lists must have the same length"}
[2025-11-11 17:23:37] [ERROR] ❌ HTTP 500: {"detail":"500: {\"detail\":\"Video and audio lists must have the same length\"}"}
[2025-11-11 17:23:37] [ERROR] ❌ Error generating code
Traceback (most recent call last):
  File "C:\Vivek_Main\tutter\src\video_pipeline\routes\generator_routes.py", line 28, in generate_code_endpoint
    write_result = await async_post(write_url, result, timeout=120)
                   ^^^^^^^^^^^^^^^^^^^^^^^^^^^^^^^^^^^^^^^^^^^^^^^^
  File "C:\Vivek_Main\tutter\src\video_pipeline\utils.py", line 15, in async_post
    raise HTTPException(status_code=resp.status_code, detail=resp.text)
fastapi.exceptions.HTTPException: 500: {"detail":"500: {\"detail\":\"Video and audio lists must have the same length\"}"}
[2025-11-11 17:23:37] [ERROR] ❌ HTTP 500: {"detail":"500: {\"detail\":\"500: {\\\"detail\\\":\\\"Video and audio lists must have the same length\\\"}\"}"}
