[2025-11-11 15:59:07] [ERROR] 
❌ Error running Manim on C:/Vivek_Main/Manim_project/inputbox/5d88deac-1e4b-457d-af89-7b46de809c96_20251111_155813/script_seq1/script_seq1.py
──────────────────────────────────────────────
STDERR:
Animation 0: FadeIn(Text('Labels at Square Corners')):   0%|          | 0/15 [00:00<?, ?it/s]
Animation 0: FadeIn(Text('Labels at Square Corners')):  27%|##6       | 4/15 [00:00<00:00, 34.08it/s]
Animation 0: FadeIn(Text('Labels at Square Corners')):  53%|#####3    | 8/15 [00:00<00:00, 36.35it/s]
Animation 0: FadeIn(Text('Labels at Square Corners')):  80%|########  | 12/15 [00:00<00:00, 28.44it/s]
                                                                                                      

Animation 2: DrawBorderThenFill(Square):   0%|          | 0/30 [00:00<?, ?it/s]
Animation 2: DrawBorderThenFill(Square):  20%|##        | 6/30 [00:00<00:00, 57.37it/s]
Animation 2: DrawBorderThenFill(Square):  57%|#####6    | 17/30 [00:00<00:00, 83.16it/s]
                                                                                        
+--------------------- Traceback (most recent call last) ---------------------+
| C:\Vivek_Main\tutter\.venv\Lib\site-packages\manim\cli\render\commands.py:1 |
| 25 in render                                                                |
|                                                                             |
|   122             try:                                                      |
|   123                 with tempconfig({}):                                  |
|   124                     scene = SceneClass()                              |
| > 125                     scene.render()                                    |
|   126             except Exception:                                         |
|   127                 error_console.print_exception()                       |
|   128                 sys.exit(1)                                           |
|                                                                             |
| C:\Vivek_Main\tutter\.venv\Lib\site-packages\manim\scene\scene.py:237 in    |
| render                                                                      |
|                                                                             |
|    234         """                                                          |
|    235         self.setup()                                                 |
|    236         try:                                                         |
| >  237             self.construct()                                         |
|    238         except EndSceneEarlyException:                               |
|    239             pass                                                     |
|    240         except RerunSceneException:                                  |
|                                                                             |
| C:\Vivek_Main\Manim_project\inputbox\5d88deac-1e4b-457d-af89-7b46de809c96_2 |
| 0251111_155813\script_seq1\script_seq1.py:20 in construct                   |
|                                                                             |
|   17                                                                        |
|   18         # Place four small, empty circles at each corner of the square |
|   19         circles = VGroup()                                             |
| > 20         for corner in square.get_corners():                            |
|   21             circle = Circle(radius=0.2, color=BLACK, stroke_width=1).m |
|   22             circles.add(circle)                                        |
|   23         self.play(LaggedStart(*[Create(circle) for circle in circles], |
|                                                                             |
| C:\Vivek_Main\tutter\.venv\Lib\site-packages\manim\mobject\mobject.py:698   |
| in getter                                                                   |
|                                                                             |
|    695                     stacklevel=2,                                    |
|    696                 )                                                    |
|    697                                                                      |
| >  698                 return getattr(self, to_get)                         |
|    699                                                                      |
|    700             # Return a bound method                                  |
|    701             return types.MethodType(getter, self)                    |
|                                                                             |
| C:\Vivek_Main\tutter\.venv\Lib\site-packages\manim\mobject\mobject.py:723   |
| in __getattr__                                                              |
|                                                                             |
|    720             return types.MethodType(setter, self)                    |
|    721                                                                      |
|    722         # Unhandled attribute, therefore error                       |
| >  723         raise AttributeError(f"{type(self).__name__} object has no a |
|    724                                                                      |
|    725     @property                                                        |
|    726     def width(self) -> float:                                        |
+-----------------------------------------------------------------------------+
AttributeError: Square object has no attribute 'corners'

STDOUT:
Manim Community v0.19.0

[11/11/25 15:59:04] INFO     Animation 0 : Partial     scene_file_writer.py:588
                             movie file written in                             
                             'C:\Vivek_Main\tutter\src                         
                             \media\videos\5d88deac-1e                         
                             4b-457d-af89-7b46de809c96                         
                             _20251111_155813\script_s                         
                             eq1\videos\script_seq1\48                         
                             0p15\partial_movie_files\                         
                             SquareCornersScene\931832                         
                             650_1352575213_223132457.                         
                             mp4'                                              
                    INFO     Animation 1 : Partial     scene_file_writer.py:588
                             movie file written in                             
                             'C:\Vivek_Main\tutter\src                         
                             \media\videos\5d88deac-1e                         
                             4b-457d-af89-7b46de809c96                         
                             _20251111_155813\script_s                         
                             eq1\videos\script_seq1\48                         
                             0p15\partial_movie_files\                         
                             SquareCornersScene\190528                         
                             8516_1436906429_169308430                         
                             8.mp4'                                            
[11/11/25 15:59:05] INFO     Animation 2 : Partial     scene_file_writer.py:588
                             movie file written in                             
                             'C:\Vivek_Main\tutter\src                         
                             \media\videos\5d88deac-1e                         
                             4b-457d-af89-7b46de809c96                         
                             _20251111_155813\script_s                         
                             eq1\videos\script_seq1\48                         
                             0p15\partial_movie_files\                         
                             SquareCornersScene\190528                         
                             8516_222744571_4104378746                         
                             .mp4'                                             
[11/11/25 15:59:06] INFO     Animation 3 : Partial     scene_file_writer.py:588
                             movie file written in                             
                             'C:\Vivek_Main\tutter\src                         
                             \media\videos\5d88deac-1e                         
                             4b-457d-af89-7b46de809c96                         
                             _20251111_155813\script_s                         
                             eq1\videos\script_seq1\48                         
                             0p15\partial_movie_files\                         
                             SquareCornersScene\190528                         
                             8516_1436906429_384283647                         
                             4.mp4'
──────────────────────────────────────────────

[2025-11-11 15:59:17] [ERROR] 
❌ Error running Manim on C:/Vivek_Main/Manim_project/inputbox/5d88deac-1e4b-457d-af89-7b46de809c96_20251111_155813/script_seq2/script_seq2.py
──────────────────────────────────────────────
STDERR:
+--------------------- Traceback (most recent call last) ---------------------+
| C:\Vivek_Main\tutter\.venv\Lib\site-packages\manim\cli\render\commands.py:1 |
| 25 in render                                                                |
|                                                                             |
|   122             try:                                                      |
|   123                 with tempconfig({}):                                  |
|   124                     scene = SceneClass()                              |
| > 125                     scene.render()                                    |
|   126             except Exception:                                         |
|   127                 error_console.print_exception()                       |
|   128                 sys.exit(1)                                           |
|                                                                             |
| C:\Vivek_Main\tutter\.venv\Lib\site-packages\manim\scene\scene.py:237 in    |
| render                                                                      |
|                                                                             |
|    234         """                                                          |
|    235         self.setup()                                                 |
|    236         try:                                                         |
| >  237             self.construct()                                         |
|    238         except EndSceneEarlyException:                               |
|    239             pass                                                     |
|    240         except RerunSceneException:                                  |
|                                                                             |
| C:\Vivek_Main\Manim_project\inputbox\5d88deac-1e4b-457d-af89-7b46de809c96_2 |
| 0251111_155813\script_seq2\script_seq2.py:7 in construct                    |
|                                                                             |
|    4     def construct(self):                                               |
|    5         # Start with the square and empty circles from Scene 1         |
|    6         square = Square(side_length=4, color=BLUE)                     |
| >  7         circles = [Dot(square.get_corner(i), radius=0.15, color=WHITE) |
|    8                                                                        |
|    9         self.play(Create(square), *[Create(circle) for circle in circl |
|   10         self.wait(1)                                                   |
|                                                                             |
| C:\Vivek_Main\Manim_project\inputbox\5d88deac-1e4b-457d-af89-7b46de809c96_2 |
| 0251111_155813\script_seq2\script_seq2.py:7 in <listcomp>                   |
|                                                                             |
|    4     def construct(self):                                               |
|    5         # Start with the square and empty circles from Scene 1         |
|    6         square = Square(side_length=4, color=BLUE)                     |
| >  7         circles = [Dot(square.get_corner(i), radius=0.15, color=WHITE) |
|    8                                                                        |
|    9         self.play(Create(square), *[Create(circle) for circle in circl |
|   10         self.wait(1)                                                   |
|                                                                             |
| C:\Vivek_Main\tutter\.venv\Lib\site-packages\manim\mobject\mobject.py:2091  |
| in get_corner                                                               |
|                                                                             |
|   2088                                                                      |
|   2089     def get_corner(self, direction: Vector3D) -> Point3D:            |
|   2090         """Get corner Point3Ds for certain direction."""             |
| > 2091         return self.get_critical_point(direction)                    |
|   2092                                                                      |
|   2093     def get_center(self) -> Point3D:                                 |
|   2094         """Get center Point3Ds"""                                    |
|                                                                             |
| C:\Vivek_Main\tutter\.venv\Lib\site-packages\manim\mobject\mobject.py:2079  |
| in get_critical_point                                                       |
|                                                                             |
|   2076             result[dim] = self.get_extremum_along_dim(               |
|   2077                 all_points,                                          |
|   2078                 dim=dim,                                             |
| > 2079                 key=direction[dim],                                  |
|   2080             )                                                        |
|   2081         return result                                                |
|   2082                                                                      |
+-----------------------------------------------------------------------------+
TypeError: 'int' object is not subscriptable

STDOUT:
Manim Community v0.19.0
──────────────────────────────────────────────

[2025-11-11 15:59:34] [ERROR] 
❌ Error running Manim on C:/Vivek_Main/Manim_project/inputbox/5d88deac-1e4b-457d-af89-7b46de809c96_20251111_155813/script_seq3/script_seq3.py
──────────────────────────────────────────────
STDERR:
Animation 0: Create(Square), etc.:   0%|          | 0/15 [00:00<?, ?it/s]
Animation 0: Create(Square), etc.:  67%|######6   | 10/15 [00:00<00:00, 94.31it/s]
                                                                                  

Animation 2: Create(Square):   0%|          | 0/15 [00:00<?, ?it/s]
                                                                   

Animation 4: Write(Text('1')), etc.:   0%|          | 0/15 [00:00<?, ?it/s]
                                                                           

Animation 6: Create(Arrow):   0%|          | 0/8 [00:00<?, ?it/s]
                                                                 

Animation 7: Indicate(Arrow):   0%|          | 0/8 [00:00<?, ?it/s]
                                                                   

Animation 8: Create(Arrow):   0%|          | 0/8 [00:00<?, ?it/s]
                                                                 

Animation 9: Indicate(Arrow):   0%|          | 0/8 [00:00<?, ?it/s]
                                                                   

Animation 10: Create(Arrow):   0%|          | 0/8 [00:00<?, ?it/s]
                                                                  

Animation 11: Indicate(Arrow):   0%|          | 0/8 [00:00<?, ?it/s]
                                                                    

Animation 12: Create(Arrow):   0%|          | 0/8 [00:00<?, ?it/s]
                                                                  

Animation 13: Indicate(Arrow):   0%|          | 0/8 [00:00<?, ?it/s]
                                                                    
+--------------------- Traceback (most recent call last) ---------------------+
| C:\Vivek_Main\tutter\.venv\Lib\site-packages\manim\cli\render\commands.py:1 |
| 25 in render                                                                |
|                                                                             |
|   122             try:                                                      |
|   123                 with tempconfig({}):                                  |
|   124                     scene = SceneClass()                              |
| > 125                     scene.render()                                    |
|   126             except Exception:                                         |
|   127                 error_console.print_exception()                       |
|   128                 sys.exit(1)                                           |
|                                                                             |
| C:\Vivek_Main\tutter\.venv\Lib\site-packages\manim\scene\scene.py:237 in    |
| render                                                                      |
|                                                                             |
|    234         """                                                          |
|    235         self.setup()                                                 |
|    236         try:                                                         |
| >  237             self.construct()                                         |
|    238         except EndSceneEarlyException:                               |
|    239             pass                                                     |
|    240         except RerunSceneException:                                  |
|                                                                             |
| C:\Vivek_Main\Manim_project\inputbox\5d88deac-1e4b-457d-af89-7b46de809c96_2 |
| 0251111_155813\script_seq3\script_seq3.py:43 in construct                   |
|                                                                             |
|   40             self.play(Indicate(arrow), run_time=0.5)                   |
|   41                                                                        |
|   42         # Zoom out to show both squares with labels and arrows         |
| > 43         self.play(CameraFrame.scale, 1.5, run_time=2)                  |
|   44         self.wait(2)                                                   |
|   45                                                                        |
+-----------------------------------------------------------------------------+
NameError: name 'CameraFrame' is not defined

STDOUT:
Manim Community v0.19.0

[11/11/25 15:59:29] INFO     Animation 0 : Partial     scene_file_writer.py:588
                             movie file written in                             
                             'C:\Vivek_Main\tutter\src                         
                             \media\videos\5d88deac-1e                         
                             4b-457d-af89-7b46de809c96                         
                             _20251111_155813\script_s                         
                             eq3\videos\script_seq3\48                         
                             0p15\partial_movie_files\                         
                             NestedSquareScene\1185818                         
                             338_555843094_223132457.m                         
                             p4'                                               
                    INFO     Animation 1 : Partial     scene_file_writer.py:588
                             movie file written in                             
                             'C:\Vivek_Main\tutter\src                         
                             \media\videos\5d88deac-1e                         
                             4b-457d-af89-7b46de809c96                         
                             _20251111_155813\script_s                         
                             eq3\videos\script_seq3\48                         
                             0p15\partial_movie_files\                         
                             NestedSquareScene\6246423                         
                             24_4217992463_4270915703.                         
                             mp4'                                              
                    INFO     Animation 2 : Partial     scene_file_writer.py:588
                             movie file written in                             
                             'C:\Vivek_Main\tutter\src                         
                             \media\videos\5d88deac-1e                         
                             4b-457d-af89-7b46de809c96                         
                             _20251111_155813\script_s                         
                             eq3\videos\script_seq3\48                         
                             0p15\partial_movie_files\                         
                             NestedSquareScene\6246423                         
                             24_1384389047_1033181211.                         
                             mp4'                                              
[11/11/25 15:59:30] INFO     Animation 3 : Partial     scene_file_writer.py:588
                             movie file written in                             
                             'C:\Vivek_Main\tutter\src                         
                             \media\videos\5d88deac-1e                         
                             4b-457d-af89-7b46de809c96                         
                             _20251111_155813\script_s                         
                             eq3\videos\script_seq3\48                         
                             0p15\partial_movie_files\                         
                             NestedSquareScene\6246423                         
                             24_4217992463_2830893191.                         
                             mp4'                                              
[11/11/25 15:59:31] INFO     Animation 4 : Partial     scene_file_writer.py:588
                             movie file written in                             
                             'C:\Vivek_Main\tutter\src                         
                             \media\videos\5d88deac-1e                         
                             4b-457d-af89-7b46de809c96                         
                             _20251111_155813\script_s                         
                             eq3\videos\script_seq3\48                         
                             0p15\partial_movie_files\                         
                             NestedSquareScene\6246423                         
                             24_1988886066_1129780125.                         
                             mp4'                                              
                    INFO     Animation 5 : Partial     scene_file_writer.py:588
                             movie file written in                             
                             'C:\Vivek_Main\tutter\src                         
                             \media\videos\5d88deac-1e                         
                             4b-457d-af89-7b46de809c96                         
                             _20251111_155813\script_s                         
                             eq3\videos\script_seq3\48                         
                             0p15\partial_movie_files\                         
                             NestedSquareScene\6246423                         
                             24_4217992463_2471277799.                         
                             mp4'                                              
                    INFO     Animation 6 : Partial     scene_file_writer.py:588
                             movie file written in                             
                             'C:\Vivek_Main\tutter\src                         
                             \media\videos\5d88deac-1e                         
                             4b-457d-af89-7b46de809c96                         
                             _20251111_155813\script_s                         
                             eq3\videos\script_seq3\48                         
                             0p15\partial_movie_files\                         
                             NestedSquareScene\6246423                         
                             24_2438145665_2952073115.                         
                             mp4'                                              
                    INFO     Animation 7 : Partial     scene_file_writer.py:588
                             movie file written in                             
                             'C:\Vivek_Main\tutter\src                         
                             \media\videos\5d88deac-1e                         
                             4b-457d-af89-7b46de809c96                         
                             _20251111_155813\script_s                         
                             eq3\videos\script_seq3\48                         
                             0p15\partial_movie_files\                         
                             NestedSquareScene\6246423                         
                             24_2406951011_517411369.m                         
                             p4'                                               
[11/11/25 15:59:32] INFO     Animation 8 : Partial     scene_file_writer.py:588
                             movie file written in                             
                             'C:\Vivek_Main\tutter\src                         
                             \media\videos\5d88deac-1e                         
                             4b-457d-af89-7b46de809c96                         
                             _20251111_155813\script_s                         
                             eq3\videos\script_seq3\48                         
                             0p15\partial_movie_files\                         
                             NestedSquareScene\6246423                         
                             24_1555420405_2641818611.                         
                             mp4'                                              
                    INFO     Animation 9 : Partial     scene_file_writer.py:588
                             movie file written in                             
                             'C:\Vivek_Main\tutter\src                         
                             \media\videos\5d88deac-1e                         
                             4b-457d-af89-7b46de809c96                         
                             _20251111_155813\script_s                         
                             eq3\videos\script_seq3\48                         
                             0p15\partial_movie_files\                         
                             NestedSquareScene\6246423                         
                             24_556269803_1026196229.m                         
                             p4'                                               
                    INFO     Animation 10 : Partial    scene_file_writer.py:588
                             movie file written in                             
                             'C:\Vivek_Main\tutter\src                         
                             \media\videos\5d88deac-1e                         
                             4b-457d-af89-7b46de809c96                         
                             _20251111_155813\script_s                         
                             eq3\videos\script_seq3\48                         
                             0p15\partial_movie_files\                         
                             NestedSquareScene\6246423                         
                             24_173260582_59118454.mp4                         
                             '                                                 
                    INFO     Animation 11 : Partial    scene_file_writer.py:588
                             movie file written in                             
                             'C:\Vivek_Main\tutter\src                         
                             \media\videos\5d88deac-1e                         
                             4b-457d-af89-7b46de809c96                         
                             _20251111_155813\script_s                         
                             eq3\videos\script_seq3\48                         
                             0p15\partial_movie_files\                         
                             NestedSquareScene\6246423                         
                             24_3369932376_1863870826.                         
                             mp4'                                              
[11/11/25 15:59:33] INFO     Animation 12 : Partial    scene_file_writer.py:588
                             movie file written in                             
                             'C:\Vivek_Main\tutter\src                         
                             \media\videos\5d88deac-1e                         
                             4b-457d-af89-7b46de809c96                         
                             _20251111_155813\script_s                         
                             eq3\videos\script_seq3\48                         
                             0p15\partial_movie_files\                         
                             NestedSquareScene\6246423                         
                             24_3433535402_3017935008.                         
                             mp4'                                              
                    INFO     Animation 13 : Partial    scene_file_writer.py:588
                             movie file written in                             
                             'C:\Vivek_Main\tutter\src                         
                             \media\videos\5d88deac-1e                         
                             4b-457d-af89-7b46de809c96                         
                             _20251111_155813\script_s                         
                             eq3\videos\script_seq3\48                         
                             0p15\partial_movie_files\                         
                             NestedSquareScene\6246423                         
                             24_439657062_2707465068.m                         
                             p4'
──────────────────────────────────────────────

[2025-11-11 15:59:50] [ERROR] 
❌ Error running Manim on C:/Vivek_Main/Manim_project/inputbox/5d88deac-1e4b-457d-af89-7b46de809c96_20251111_155813/script_seq4/script_seq4.py
──────────────────────────────────────────────
STDERR:
Animation 0: FadeIn(Square), etc.:   0%|          | 0/15 [00:00<?, ?it/s]
Animation 0: FadeIn(Square), etc.:  27%|##6       | 4/15 [00:00<00:00, 36.12it/s]
Animation 0: FadeIn(Square), etc.:  53%|#####3    | 8/15 [00:00<00:00, 36.29it/s]
Animation 0: FadeIn(Square), etc.:  87%|########6 | 13/15 [00:00<00:00, 40.72it/s]
                                                                                  

Animation 1: FadeOut(Square), etc.:   0%|          | 0/30 [00:00<?, ?it/s]
Animation 1: FadeOut(Square), etc.:  17%|#6        | 5/30 [00:00<00:00, 42.11it/s]
Animation 1: FadeOut(Square), etc.:  33%|###3      | 10/30 [00:00<00:00, 39.45it/s]
Animation 1: FadeOut(Square), etc.:  47%|####6     | 14/30 [00:00<00:00, 37.96it/s]
Animation 1: FadeOut(Square), etc.:  60%|######    | 18/30 [00:00<00:00, 37.96it/s]
Animation 1: FadeOut(Square), etc.:  73%|#######3  | 22/30 [00:00<00:00, 36.12it/s]
Animation 1: FadeOut(Square), etc.:  87%|########6 | 26/30 [00:00<00:00, 30.35it/s]
Animation 1: FadeOut(Square), etc.: 100%|##########| 30/30 [00:00<00:00, 29.15it/s]
                                                                                   
+--------------------- Traceback (most recent call last) ---------------------+
| C:\Vivek_Main\tutter\.venv\Lib\site-packages\manim\cli\render\commands.py:1 |
| 25 in render                                                                |
|                                                                             |
|   122             try:                                                      |
|   123                 with tempconfig({}):                                  |
|   124                     scene = SceneClass()                              |
| > 125                     scene.render()                                    |
|   126             except Exception:                                         |
|   127                 error_console.print_exception()                       |
|   128                 sys.exit(1)                                           |
|                                                                             |
| C:\Vivek_Main\tutter\.venv\Lib\site-packages\manim\scene\scene.py:237 in    |
| render                                                                      |
|                                                                             |
|    234         """                                                          |
|    235         self.setup()                                                 |
|    236         try:                                                         |
| >  237             self.construct()                                         |
|    238         except EndSceneEarlyException:                               |
|    239             pass                                                     |
|    240         except RerunSceneException:                                  |
|                                                                             |
| C:\Vivek_Main\Manim_project\inputbox\5d88deac-1e4b-457d-af89-7b46de809c96_2 |
| 0251111_155813\script_seq4\script_seq4.py:33 in construct                   |
|                                                                             |
|   30                   FadeOut(inner_label_C), FadeOut(inner_label_D), *[Fa |
|   31                                                                        |
|   32         # Zoom in on the original square with its corner labels        |
| > 33         self.play(CameraFrame.move_to, square_outer.get_center(), run_ |
|   34                                                                        |
|   35         # Highlight each label one last time in sequence (Aâ\x86\x92Bâ\x86\x92Câ\x86\x92D)     |
|   36         self.play(Indicate(label_A), run_time=1)                       |
+-----------------------------------------------------------------------------+
NameError: name 'CameraFrame' is not defined

STDOUT:
Manim Community v0.19.0

[11/11/25 15:59:47] INFO     Animation 0 : Partial     scene_file_writer.py:588
                             movie file written in                             
                             'C:\Vivek_Main\tutter\src                         
                             \media\videos\5d88deac-1e                         
                             4b-457d-af89-7b46de809c96                         
                             _20251111_155813\script_s                         
                             eq4\videos\script_seq4\48                         
                             0p15\partial_movie_files\                         
                             SquareLabelScene\11858183                         
                             38_3788906031_223132457.m                         
                             p4'                                               
[11/11/25 15:59:48] INFO     Animation 1 : Partial     scene_file_writer.py:588
                             movie file written in                             
                             'C:\Vivek_Main\tutter\src                         
                             \media\videos\5d88deac-1e                         
                             4b-457d-af89-7b46de809c96                         
                             _20251111_155813\script_s                         
                             eq4\videos\script_seq4\48                         
                             0p15\partial_movie_files\                         
                             SquareLabelScene\62464232                         
                             4_1513119827_2985885595.m                         
                             p4'
──────────────────────────────────────────────

[2025-11-11 16:00:10] [ERROR] ❌ Video and audio lists must have the same length
[2025-11-11 16:00:10] [ERROR] ❌ Video generation error
Traceback (most recent call last):
  File "C:\Vivek_Main\tutter\src\video_pipeline\routes\video_routes.py", line 32, in generate_videos_endpoint
    output_path = await process_pipeline(
                  ^^^^^^^^^^^^^^^^^^^^^^^
  File "C:\Vivek_Main\tutter\src\main.py", line 62, in process_pipeline
    final_video_bytes = MergerFactory.merge_all_videos_with_audio(video_bytes_list, audio_bytes_list,unique_id)
                        ^^^^^^^^^^^^^^^^^^^^^^^^^^^^^^^^^^^^^^^^^^^^^^^^^^^^^^^^^^^^^^^^^^^^^^^^^^^^^^^^^^^^^^^
  File "C:\Vivek_Main\tutter\src\merger_factory.py", line 265, in merge_all_videos_with_audio
    return MergerFactory.merge_video_with_audio(video_bytes_list, audio_bytes_list)
           ^^^^^^^^^^^^^^^^^^^^^^^^^^^^^^^^^^^^^^^^^^^^^^^^^^^^^^^^^^^^^^^^^^^^^^^^
  File "C:\Vivek_Main\tutter\src\merger_factory.py", line 136, in merge_video_with_audio
    transaction(unique_id, merge_status="Final video merged unsuccessfully")
                ^^^^^^^^^
NameError: name 'unique_id' is not defined
[2025-11-11 16:00:10] [ERROR] ❌ HTTP 500: {"detail":"name 'unique_id' is not defined"}
[2025-11-11 16:00:11] [ERROR] ❌ Error writing scripts
Traceback (most recent call last):
  File "C:\Vivek_Main\tutter\src\video_pipeline\routes\write_routes.py", line 40, in write_scripts
    video_result = await async_post(video_url, {"path": str(folder),"unique_id":data.unique_id}, timeout=300)
                   ^^^^^^^^^^^^^^^^^^^^^^^^^^^^^^^^^^^^^^^^^^^^^^^^^^^^^^^^^^^^^^^^^^^^^^^^^^^^^^^^^^^^^^^^^^
  File "C:\Vivek_Main\tutter\src\video_pipeline\utils.py", line 15, in async_post
    raise HTTPException(status_code=resp.status_code, detail=resp.text)
fastapi.exceptions.HTTPException: 500: {"detail":"name 'unique_id' is not defined"}
[2025-11-11 16:00:11] [ERROR] ❌ HTTP 500: {"detail":"500: {\"detail\":\"name 'unique_id' is not defined\"}"}
[2025-11-11 16:00:11] [ERROR] ❌ Error generating code
Traceback (most recent call last):
  File "C:\Vivek_Main\tutter\src\video_pipeline\routes\generator_routes.py", line 28, in generate_code_endpoint
    write_result = await async_post(write_url, result, timeout=120)
                   ^^^^^^^^^^^^^^^^^^^^^^^^^^^^^^^^^^^^^^^^^^^^^^^^
  File "C:\Vivek_Main\tutter\src\video_pipeline\utils.py", line 15, in async_post
    raise HTTPException(status_code=resp.status_code, detail=resp.text)
fastapi.exceptions.HTTPException: 500: {"detail":"500: {\"detail\":\"name 'unique_id' is not defined\"}"}
[2025-11-11 16:00:11] [ERROR] ❌ HTTP 500: {"detail":"500: {\"detail\":\"500: {\\\"detail\\\":\\\"name 'unique_id' is not defined\\\"}\"}"}
