[2025-11-11 15:56:12] [INFO] ðŸ§  Generating script for topic='create a circle', class='10'
[2025-11-11 15:56:27] [INFO] ðŸš€ Sending generated script to /generate-files-api and /Generator ...
[2025-11-11 15:56:27] [INFO] ðŸŸ¢ [generate-files-api] New request received
[2025-11-11 15:56:27] [INFO] ðŸ“ Created folder: C:\ArkMalay\Framework\Video_data\20251111_155627_6bcc974b
[2025-11-11 15:56:27] [INFO] âœ… JSON saved successfully at C:\ArkMalay\Framework\Video_data\20251111_155627_6bcc974b\input_data.json
[2025-11-11 15:56:27] [INFO] ðŸ§© Starting file preparation process via prepare_files()
[2025-11-11 15:56:27] [INFO] ðŸ“ Generating Python and TXT files from JSON: C:\ArkMalay\Framework\Video_data\20251111_155627_6bcc974b\input_data.json
[2025-11-11 15:56:27] [INFO] ðŸ“‚ Using existing transaction folder for script sequences: C:\ArkMalay\Framework\Video_data\20251111_155627_6bcc974b\script_sequences
[2025-11-11 15:56:27] [INFO] ðŸ“ Created script sequence folder: C:\ArkMalay\Framework\Video_data\20251111_155627_6bcc974b\script_sequences\script_seq1
[2025-11-11 15:56:27] [INFO] âœ… Created PY file: C:\ArkMalay\Framework\Video_data\20251111_155627_6bcc974b\script_sequences\script_seq1\script_seq1.py
[2025-11-11 15:56:27] [INFO] âœ… Created TXT file: C:\ArkMalay\Framework\Video_data\20251111_155627_6bcc974b\script_sequences\script_seq1\script_seq1.txt
[2025-11-11 15:56:27] [INFO] ðŸ“ Created script sequence folder: C:\ArkMalay\Framework\Video_data\20251111_155627_6bcc974b\script_sequences\script_seq2
[2025-11-11 15:56:27] [INFO] âœ… Created PY file: C:\ArkMalay\Framework\Video_data\20251111_155627_6bcc974b\script_sequences\script_seq2\script_seq2.py
[2025-11-11 15:56:27] [INFO] âœ… Created TXT file: C:\ArkMalay\Framework\Video_data\20251111_155627_6bcc974b\script_sequences\script_seq2\script_seq2.txt
[2025-11-11 15:56:27] [INFO] ðŸŽ¯ Total Words: 483 | Approx. Total GPT Tokens: 642
[2025-11-11 15:56:27] [INFO] ðŸŽ‰ All files generated inside: C:\ArkMalay\Framework\Video_data\20251111_155627_6bcc974b\script_sequences
[2025-11-11 15:56:27] [INFO] âœ… File preparation completed. Output: {'py_files': ['C:\\ArkMalay\\Framework\\Video_data\\20251111_155627_6bcc974b\\script_sequences\\script_seq1\\script_seq1.py', 'C:\\ArkMalay\\Framework\\Video_data\\20251111_155627_6bcc974b\\script_sequences\\script_seq2\\script_seq2.py'], 'txt_files': ['C:\\ArkMalay\\Framework\\Video_data\\20251111_155627_6bcc974b\\script_sequences\\script_seq1\\script_seq1.txt', 'C:\\ArkMalay\\Framework\\Video_data\\20251111_155627_6bcc974b\\script_sequences\\script_seq2\\script_seq2.txt']}
[2025-11-11 15:56:27] [INFO] ðŸŽ¯ Transaction 6bcc974b completed successfully. Folder: C:\ArkMalay\Framework\Video_data\20251111_155627_6bcc974b
[2025-11-11 15:56:40] [INFO] ðŸŽ¬ Generated Manim Code Successfully
[2025-11-11 15:56:41] [INFO] ðŸ” TRANSACTION_FOLDER currently: C:\ArkMalay\Framework\Video_data\20251111_155627_6bcc974b
[2025-11-11 15:56:41] [INFO] ðŸŸ¢ Using TRANSACTION_FOLDER for writing scripts: C:\ArkMalay\Framework\Video_data\20251111_155627_6bcc974b\script_sequences
[2025-11-11 15:56:41] [INFO] âœ… Manim script written: C:\ArkMalay\Framework\Video_data\20251111_155627_6bcc974b\script_sequences\script_seq1\script_seq1.py
[2025-11-11 15:56:41] [INFO] âœ… Manim script written: C:\ArkMalay\Framework\Video_data\20251111_155627_6bcc974b\script_sequences\script_seq2\script_seq2.py
[2025-11-11 15:56:41] [INFO] ðŸŽ¥ Triggering video generation for folder: C:\ArkMalay\Framework\Video_data\20251111_155627_6bcc974b\script_sequences
[2025-11-11 15:56:43] [INFO] ðŸš€ Received video generation request.
[2025-11-11 15:56:43] [INFO] ðŸ“‚ Using provided input path: C:\ArkMalay\Framework\Video_data\20251111_155627_6bcc974b\script_sequences
[2025-11-11 15:56:43] [INFO] ðŸ§© Found 2 .py files and 2 .txt files under C:\ArkMalay\Framework\Video_data\20251111_155627_6bcc974b\script_sequences
[2025-11-11 15:56:43] [INFO] ðŸŽ¬ Starting video + audio processing pipeline...
[2025-11-11 15:56:43] [INFO] ðŸŽ¬ Video callable prepared for: C:\ArkMalay\Framework\Video_data\20251111_155627_6bcc974b
[2025-11-11 15:56:43] [INFO] ðŸŽ¬ Running Manim on C:/ArkMalay/Framework/Video_data/20251111_155627_6bcc974b/script_sequences/script_seq1/script_seq1.py ...
[2025-11-11 15:56:43] [INFO] ðŸ§¹ Cleaned old media folder: C:\ArkMalay\Framework\tutor\src\media\videos\script_sequences\script_seq1
[2025-11-11 15:56:59] [INFO] ðŸŽžï¸ Detected Scene class: ExpandingCircle
[2025-11-11 15:56:59] [INFO] âœ… Found video: C:\ArkMalay\Framework\tutor\src\media\videos\script_sequences\script_seq1\videos\script_seq1\480p15\ExpandingCircle.mp4
[2025-11-11 15:56:59] [INFO] ðŸŽ¬ Running Manim on C:/ArkMalay/Framework/Video_data/20251111_155627_6bcc974b/script_sequences/script_seq2/script_seq2.py ...
[2025-11-11 15:56:59] [INFO] ðŸ§¹ Cleaned old media folder: C:\ArkMalay\Framework\tutor\src\media\videos\script_sequences\script_seq2
[2025-11-11 15:57:12] [INFO] ðŸŽžï¸ Detected Scene class: MovingCircle
[2025-11-11 15:57:12] [INFO] âœ… Found video: C:\ArkMalay\Framework\tutor\src\media\videos\script_sequences\script_seq2\videos\script_seq2\480p15\MovingCircle.mp4
[2025-11-11 15:57:12] [INFO] âœ… Total words: 46 | Approx. GPT tokens: 60 | Total videos collected: 2
[2025-11-11 15:57:45] [INFO] ðŸŽ¬ Video saved at: C:\ArkMalay\Framework\tutor\output\Videos\20251111_155627_6bcc974b_script_seq1.mp4
[2025-11-11 15:57:45] [INFO] ðŸŽµ Audio saved at: C:\ArkMalay\Framework\tutor\output\Audios\20251111_155627_6bcc974b_script_seq1.mp3
[2025-11-11 15:57:45] [INFO] ðŸŽ¬ Video saved at: C:\ArkMalay\Framework\tutor\output\Videos\20251111_155627_6bcc974b_script_seq2.mp4
[2025-11-11 15:57:45] [INFO] ðŸŽµ Audio saved at: C:\ArkMalay\Framework\tutor\output\Audios\20251111_155627_6bcc974b_script_seq2.mp3
[2025-11-11 15:57:45] [INFO] ðŸŽžï¸ [MERGE] Starting final video/audio merge process...
[2025-11-11 15:57:45] [INFO] ðŸŽ¬ [MERGE] Video clips: 2, Audio clips: 2
[2025-11-11 15:57:45] [INFO] ðŸŽžï¸ [MERGE] Starting merge_all_videos_with_audio process...
[2025-11-11 15:57:45] [INFO] ðŸŽ¬ [MERGE] Received 2 video segments and 2 audio segments.
[2025-11-11 15:57:45] [INFO] ðŸŽ§ [MERGE] Pair 1: Video bytes = 13,813, Audio bytes = 1,180,844
[2025-11-11 15:57:45] [INFO] ðŸ”— [MERGE] Merging video/audio pair 1...
[2025-11-11 15:57:46] [INFO] ðŸš€ Starting Drive upload process
[2025-11-11 15:57:46] [INFO] ðŸ“‚ Using Settings.TRANSACTION_FOLDER: C:\ArkMalay\Framework\Video_data\20251111_155627_6bcc974b
[2025-11-11 15:57:46] [INFO] ðŸ” upload_folder_to_drive called with: C:\ArkMalay\Framework\Video_data\20251111_155627_6bcc974b
[2025-11-11 15:57:46] [INFO] âœ… Drive auth successful (mode=service)
[2025-11-11 15:57:46] [INFO] ðŸ“ Service-mode: uploading '20251111_155627_6bcc974b' under Drive parent ID 1fSIa3LHaUZ6ElWywNuyHRnyj1ohr_gjj
[2025-11-11 15:57:48] [INFO] ðŸ“ Created Drive subfolder '20251111_155627_6bcc974b' under parent 1fSIa3LHaUZ6ElWywNuyHRnyj1ohr_gjj -> id=1ehYYPiSJWLK9_Koo2u0kvSE5qK46apL0
[2025-11-11 15:57:50] [INFO] ðŸ“ Created Drive subfolder 'script_sequences' under parent 1ehYYPiSJWLK9_Koo2u0kvSE5qK46apL0 -> id=1SqynUDmeHCN-Ho-l4haDJCMX60h0JH_s
[2025-11-11 15:57:52] [INFO] âœ… Uploaded (service): input_data.json â†’ https://drive.google.com/file/d/1UQq4xlCnLkeCqsvWLXKZGhIImHSY8NSN/view?usp=drivesdk
[2025-11-11 15:57:53] [INFO] ðŸ“ Created Drive subfolder 'script_seq1' under parent 1SqynUDmeHCN-Ho-l4haDJCMX60h0JH_s -> id=1BxjLvrrGFdYarCVb5QLeT23OYiXJs4DL
[2025-11-11 15:57:55] [INFO] ðŸ“ Created Drive subfolder 'script_seq2' under parent 1SqynUDmeHCN-Ho-l4haDJCMX60h0JH_s -> id=1Htqfm743VmPJTXnAA98xwUIAwFLRpZRJ
[2025-11-11 15:57:57] [INFO] âœ… Uploaded (service): script_seq1.py â†’ https://drive.google.com/file/d/1t16prFT8CIqsMdjuGD_0uYDLl-5OsIlV/view?usp=drivesdk
[2025-11-11 15:57:59] [INFO] âœ… Uploaded (service): script_seq1.txt â†’ https://drive.google.com/file/d/1lHM5NATBf474oE9LJ0BLvWm58TqxHr2w/view?usp=drivesdk
[2025-11-11 15:58:01] [INFO] âœ… Uploaded (service): script_seq2.py â†’ https://drive.google.com/file/d/1D5SuSRqqpKmHf3bcU6vU35ra4kideiDG/view?usp=drivesdk
[2025-11-11 15:58:04] [INFO] âœ… Uploaded (service): script_seq2.txt â†’ https://drive.google.com/file/d/1Nf9XTvAJFXJG6jKDm4D9qy_EUd4k4rIN/view?usp=drivesdk
[2025-11-11 15:58:04] [INFO] ðŸŽ‰ Service-mode upload complete. Session folder link: https://drive.google.com/drive/folders/1ehYYPiSJWLK9_Koo2u0kvSE5qK46apL0
[2025-11-11 15:58:04] [INFO] âœ… Folder (with final video) successfully uploaded to Google Drive.
[2025-11-11 15:58:04] [INFO] âœ… Script pipeline completed successfully for topic='create a circle'
