[2025-11-06 17:34:47] [ERROR] 
❌ Error running Manim on C:/Vivek_Main/Manim_project/inputbox/input_data_20251106_173354/script_seq1/script_seq1.py
──────────────────────────────────────────────
STDERR:
Animation 0: FadeIn(Text('Labels at Square Corners: Class 10 English')):   0%|          | 0/15 [00:00<?, ?it/s]
Animation 0: FadeIn(Text('Labels at Square Corners: Class 10 English')):  13%|#3        | 2/15 [00:00<00:00, 16.27it/s]
Animation 0: FadeIn(Text('Labels at Square Corners: Class 10 English')):  27%|##6       | 4/15 [00:00<00:00, 18.17it/s]
Animation 0: FadeIn(Text('Labels at Square Corners: Class 10 English')):  47%|####6     | 7/15 [00:00<00:00, 20.05it/s]
Animation 0: FadeIn(Text('Labels at Square Corners: Class 10 English')):  67%|######6   | 10/15 [00:00<00:00, 19.60it/s]
Animation 0: FadeIn(Text('Labels at Square Corners: Class 10 English')):  80%|########  | 12/15 [00:00<00:00, 18.99it/s]
Animation 0: FadeIn(Text('Labels at Square Corners: Class 10 English')):  93%|#########3| 14/15 [00:00<00:00, 16.30it/s]
                                                                                                                        
+--------------------- Traceback (most recent call last) ---------------------+
| C:\Vivek_Main\tutter\.venv\Lib\site-packages\manim\cli\render\commands.py:1 |
| 25 in render                                                                |
|                                                                             |
|   122             try:                                                      |
|   123                 with tempconfig({}):                                  |
|   124                     scene = SceneClass()                              |
| > 125                     scene.render()                                    |
|   126             except Exception:                                         |
|   127                 error_console.print_exception()                       |
|   128                 sys.exit(1)                                           |
|                                                                             |
| C:\Vivek_Main\tutter\.venv\Lib\site-packages\manim\scene\scene.py:237 in    |
| render                                                                      |
|                                                                             |
|    234         """                                                          |
|    235         self.setup()                                                 |
|    236         try:                                                         |
| >  237             self.construct()                                         |
|    238         except EndSceneEarlyException:                               |
|    239             pass                                                     |
|    240         except RerunSceneException:                                  |
|                                                                             |
| C:\Vivek_Main\Manim_project\inputbox\input_data_20251106_173354\script_seq1 |
| \script_seq1.py:17 in construct                                             |
|                                                                             |
|   14         # Zoom out slightly to reveal a simple square shape below the  |
|   15         square = Square(side_length=4, color=BLACK)                    |
|   16         square.next_to(title, DOWN, buff=1.5)                          |
| > 17         self.play(FadeIn(square), self.camera.frame.animate.scale(1.2) |
|   18         self.wait(1)                                                   |
|   19                                                                        |
|   20         # Animate four small, empty labels appearing at each corner of |
+-----------------------------------------------------------------------------+
AttributeError: 'Camera' object has no attribute 'frame'

STDOUT:
Manim Community v0.19.0

[11/06/25 17:34:45] INFO     Animation 0 : Partial     scene_file_writer.py:588
                             movie file written in                             
                             'C:\Vivek_Main\tutter\src                         
                             \media\videos\input_data_                         
                             20251106_173354\script_se                         
                             q1\videos\script_seq1\480                         
                             p15\partial_movie_files\S                         
                             quareCornerLabels\9318326                         
                             50_3107961746_223132457.m                         
                             p4'                                               
[11/06/25 17:34:46] INFO     Animation 1 : Partial     scene_file_writer.py:588
                             movie file written in                             
                             'C:\Vivek_Main\tutter\src                         
                             \media\videos\input_data_                         
                             20251106_173354\script_se                         
                             q1\videos\script_seq1\480                         
                             p15\partial_movie_files\S                         
                             quareCornerLabels\1905288                         
                             516_1436906429_1997571994                         
                             .mp4'
──────────────────────────────────────────────

[2025-11-06 17:35:13] [ERROR] 
❌ Error running Manim on C:/Vivek_Main/Manim_project/inputbox/input_data_20251106_173354/script_seq2/script_seq2.py
──────────────────────────────────────────────
STDERR:
+--------------------- Traceback (most recent call last) ---------------------+
| C:\Vivek_Main\tutter\.venv\Lib\site-packages\manim\cli\render\commands.py:1 |
| 25 in render                                                                |
|                                                                             |
|   122             try:                                                      |
|   123                 with tempconfig({}):                                  |
|   124                     scene = SceneClass()                              |
| > 125                     scene.render()                                    |
|   126             except Exception:                                         |
|   127                 error_console.print_exception()                       |
|   128                 sys.exit(1)                                           |
|                                                                             |
| C:\Vivek_Main\tutter\.venv\Lib\site-packages\manim\scene\scene.py:237 in    |
| render                                                                      |
|                                                                             |
|    234         """                                                          |
|    235         self.setup()                                                 |
|    236         try:                                                         |
| >  237             self.construct()                                         |
|    238         except EndSceneEarlyException:                               |
|    239             pass                                                     |
|    240         except RerunSceneException:                                  |
|                                                                             |
| C:\Vivek_Main\Manim_project\inputbox\input_data_20251106_173354\script_seq2 |
| \script_seq2.py:22 in construct                                             |
|                                                                             |
|   19                                                                        |
|   20         # Animation sequence for each corner                           |
|   21         for i, (corner, label) in enumerate(zip(corners, corner_labels |
| > 22             self.play(Indicate(corner, scale_factor=1.2, color=YELLOW) |
|   23             self.play(Indicate(label, scale_factor=1.2, color=YELLOW), |
|   24                                                                        |
|   25             # Animate label moving inward                              |
|                                                                             |
| C:\Vivek_Main\tutter\.venv\Lib\site-packages\manim\animation\indication.py: |
| 160 in __init__                                                             |
|                                                                             |
|   157     ) -> None:                                                        |
|   158         self.color = color                                            |
|   159         self.scale_factor = scale_factor                              |
| > 160         super().__init__(mobject, rate_func=rate_func, **kwargs)      |
|   161                                                                       |
|   162     def create_target(self) -> Mobject:                               |
|   163         target = self.mobject.copy()                                  |
|                                                                             |
| C:\Vivek_Main\tutter\.venv\Lib\site-packages\manim\animation\transform.py:1 |
| 59 in __init__                                                              |
|                                                                             |
|   156         self.target_mobject: Mobject = (                              |
|   157             target_mobject if target_mobject is not None else Mobject |
|   158         )                                                             |
| > 159         super().__init__(mobject, **kwargs)                           |
|   160                                                                       |
|   161     @property                                                         |
|   162     def path_arc(self) -> float:                                      |
|                                                                             |
| C:\Vivek_Main\tutter\.venv\Lib\site-packages\manim\animation\animation.py:1 |
| 46 in __init__                                                              |
|                                                                             |
|   143         _on_finish: Callable[[], None] = lambda _: None,              |
|   144         **kwargs,                                                     |
|   145     ) -> None:                                                        |
| > 146         self._typecheck_input(mobject)                                |
|   147         self.run_time: float = run_time                               |
|   148         self.rate_func: Callable[[float], float] = rate_func          |
|   149         self.reverse_rate_function: bool = reverse_rate_function      |
|                                                                             |
| C:\Vivek_Main\tutter\.venv\Lib\site-packages\manim\animation\animation.py:1 |
| 92 in _typecheck_input                                                      |
|                                                                             |
|   189         if mobject is None:                                           |
|   190             logger.debug("Animation with empty mobject")              |
|   191         elif not isinstance(mobject, (Mobject, OpenGLMobject)):       |
| > 192             raise TypeError("Animation only works on Mobjects")       |
|   193                                                                       |
|   194     def __str__(self) -> str:                                         |
|   195         if self.name:                                                 |
+-----------------------------------------------------------------------------+
TypeError: Animation only works on Mobjects

STDOUT:
Manim Community v0.19.0

[11/06/25 17:34:59] INFO     Writing A to               tex_file_writing.py:111
                             C:\Vivek_Main\tutter\src\m                        
                             edia\videos\input_data_202                        
                             51106_173354\script_seq2\T                        
                             ex\90f07b07e57adf79.tex                           
[11/06/25 17:35:03] INFO     Writing B to               tex_file_writing.py:111
                             C:\Vivek_Main\tutter\src\m                        
                             edia\videos\input_data_202                        
                             51106_173354\script_seq2\T                        
                             ex\d82288bb87e99d59.tex                           
[11/06/25 17:35:06] INFO     Writing C to               tex_file_writing.py:111
                             C:\Vivek_Main\tutter\src\m                        
                             edia\videos\input_data_202                        
                             51106_173354\script_seq2\T                        
                             ex\86474863bfdee3e7.tex                           
[11/06/25 17:35:09] INFO     Writing D to               tex_file_writing.py:111
                             C:\Vivek_Main\tutter\src\m                        
                             edia\videos\input_data_202                        
                             51106_173354\script_seq2\T                        
                             ex\265843fdb06dea70.tex
──────────────────────────────────────────────

[2025-11-06 17:35:24] [ERROR] 
❌ Error running Manim on C:/Vivek_Main/Manim_project/inputbox/input_data_20251106_173354/script_seq3/script_seq3.py
──────────────────────────────────────────────
STDERR:
+--------------------- Traceback (most recent call last) ---------------------+
| C:\Vivek_Main\tutter\.venv\Lib\site-packages\manim\cli\render\commands.py:1 |
| 25 in render                                                                |
|                                                                             |
|   122             try:                                                      |
|   123                 with tempconfig({}):                                  |
|   124                     scene = SceneClass()                              |
| > 125                     scene.render()                                    |
|   126             except Exception:                                         |
|   127                 error_console.print_exception()                       |
|   128                 sys.exit(1)                                           |
|                                                                             |
| C:\Vivek_Main\tutter\.venv\Lib\site-packages\manim\scene\scene.py:237 in    |
| render                                                                      |
|                                                                             |
|    234         """                                                          |
|    235         self.setup()                                                 |
|    236         try:                                                         |
| >  237             self.construct()                                         |
|    238         except EndSceneEarlyException:                               |
|    239             pass                                                     |
|    240         except RerunSceneException:                                  |
|                                                                             |
| C:\Vivek_Main\Manim_project\inputbox\input_data_20251106_173354\script_seq3 |
| \script_seq3.py:16 in construct                                             |
|                                                                             |
|   13         self.add(square, *labels)                                      |
|   14                                                                        |
|   15         # Fade in a small paragraph of text inside the square          |
| > 16         text = Text(                                                   |
|   17             "This is a sample English exercise. Each label will point  |
|   18             font_size=18,                                              |
|   19             max_width=3.5                                              |
|                                                                             |
| C:\Vivek_Main\tutter\.venv\Lib\site-packages\manim\mobject\text\text_mobjec |
| t.py:514 in __init__                                                        |
|                                                                             |
|    511         color: ManimColor = ManimColor(color) if color else VMobject |
|    512         file_name = self._text2svg(color.to_hex())                   |
|    513         PangoUtils.remove_last_M(file_name)                          |
| >  514         super().__init__(                                            |
|    515             file_name,                                               |
|    516             fill_opacity=fill_opacity,                               |
|    517             stroke_width=stroke_width,                               |
|                                                                             |
| C:\Vivek_Main\tutter\.venv\Lib\site-packages\manim\mobject\svg\svg_mobject. |
| py:113 in __init__                                                          |
|                                                                             |
|   110         use_svg_cache: bool = True,                                   |
|   111         **kwargs,                                                     |
|   112     ):                                                                |
| > 113         super().__init__(color=None, stroke_color=None, fill_color=No |
|   114                                                                       |
|   115         # process keyword arguments                                   |
|   116         self.file_name = Path(file_name) if file_name is not None els |
|                                                                             |
| C:\Vivek_Main\tutter\.venv\Lib\site-packages\manim\mobject\types\vectorized |
| _mobject.py:161 in __init__                                                 |
|                                                                             |
|    158             0, 1, n_points_per_cubic_curve                           |
|    159         )                                                            |
|    160         self.cap_style: CapStyleType = cap_style                     |
| >  161         super().__init__(**kwargs)                                   |
|    162         self.submobjects: list[VMobject]                             |
|    163                                                                      |
|    164         # TODO: Find where color overwrites are happening and remove |
+-----------------------------------------------------------------------------+
TypeError: Mobject.__init__() got an unexpected keyword argument 'max_width'

STDOUT:
Manim Community v0.19.0
──────────────────────────────────────────────

[2025-11-06 17:35:42] [ERROR] 
❌ Error running Manim on C:/Vivek_Main/Manim_project/inputbox/input_data_20251106_173354/script_seq4/script_seq4.py
──────────────────────────────────────────────
STDERR:
+--------------------- Traceback (most recent call last) ---------------------+
| C:\Vivek_Main\tutter\.venv\Lib\site-packages\manim\cli\render\commands.py:1 |
| 25 in render                                                                |
|                                                                             |
|   122             try:                                                      |
|   123                 with tempconfig({}):                                  |
|   124                     scene = SceneClass()                              |
| > 125                     scene.render()                                    |
|   126             except Exception:                                         |
|   127                 error_console.print_exception()                       |
|   128                 sys.exit(1)                                           |
|                                                                             |
| C:\Vivek_Main\tutter\.venv\Lib\site-packages\manim\scene\scene.py:237 in    |
| render                                                                      |
|                                                                             |
|    234         """                                                          |
|    235         self.setup()                                                 |
|    236         try:                                                         |
| >  237             self.construct()                                         |
|    238         except EndSceneEarlyException:                               |
|    239             pass                                                     |
|    240         except RerunSceneException:                                  |
|                                                                             |
| C:\Vivek_Main\Manim_project\inputbox\input_data_20251106_173354\script_seq4 |
| \script_seq4.py:23 in construct                                             |
|                                                                             |
|   20         self.add(square, *labels, *lines)                              |
|   21                                                                        |
|   22         # Slowly zoom in on the square and labels, fading out the surr |
| > 23         self.play(CameraFrame.move_to, square, run_time=3)             |
|   24         self.play(FadeOut, *lines, run_time=2)                         |
|   25                                                                        |
|   26         # Highlight each label and its connection one last time        |
+-----------------------------------------------------------------------------+
NameError: name 'CameraFrame' is not defined

STDOUT:
Manim Community v0.19.0

[11/06/25 17:35:33] INFO     Writing A to               tex_file_writing.py:111
                             C:\Vivek_Main\tutter\src\m                        
                             edia\videos\input_data_202                        
                             51106_173354\script_seq4\T                        
                             ex\90f07b07e57adf79.tex                           
[11/06/25 17:35:35] INFO     Writing B to               tex_file_writing.py:111
                             C:\Vivek_Main\tutter\src\m                        
                             edia\videos\input_data_202                        
                             51106_173354\script_seq4\T                        
                             ex\d82288bb87e99d59.tex                           
[11/06/25 17:35:37] INFO     Writing C to               tex_file_writing.py:111
                             C:\Vivek_Main\tutter\src\m                        
                             edia\videos\input_data_202                        
                             51106_173354\script_seq4\T                        
                             ex\86474863bfdee3e7.tex                           
[11/06/25 17:35:39] INFO     Writing D to               tex_file_writing.py:111
                             C:\Vivek_Main\tutter\src\m                        
                             edia\videos\input_data_202                        
                             51106_173354\script_seq4\T                        
                             ex\265843fdb06dea70.tex
──────────────────────────────────────────────

[2025-11-06 17:35:47] [ERROR] ❌ Video and audio lists must have the same length
[2025-11-06 17:35:47] [ERROR] ❌ Video generation error
Traceback (most recent call last):
  File "C:\Vivek_Main\tutter\src\video_pipeline\routes\video_routes.py", line 30, in generate_videos_endpoint
    output_path = await process_pipeline(
                  ^^^^^^^^^^^^^^^^^^^^^^^
  File "C:\Vivek_Main\tutter\src\main.py", line 56, in process_pipeline
    final_video_bytes = MergerFactory.merge_all_videos_with_audio(video_bytes_list, audio_bytes_list)
                        ^^^^^^^^^^^^^^^^^^^^^^^^^^^^^^^^^^^^^^^^^^^^^^^^^^^^^^^^^^^^^^^^^^^^^^^^^^^^^
  File "C:\Vivek_Main\tutter\src\merger_factory.py", line 261, in merge_all_videos_with_audio
    return MergerFactory.merge_video_with_audio(video_bytes_list, audio_bytes_list)
           ^^^^^^^^^^^^^^^^^^^^^^^^^^^^^^^^^^^^^^^^^^^^^^^^^^^^^^^^^^^^^^^^^^^^^^^^
  File "C:\Vivek_Main\tutter\src\merger_factory.py", line 136, in merge_video_with_audio
    raise ValueError("Video and audio lists must have the same length")
ValueError: Video and audio lists must have the same length
[2025-11-06 17:35:47] [ERROR] ❌ HTTP 500: {"detail":"Video and audio lists must have the same length"}
[2025-11-06 17:35:47] [ERROR] ❌ Error writing scripts
Traceback (most recent call last):
  File "C:\Vivek_Main\tutter\src\video_pipeline\routes\write_routes.py", line 27, in write_scripts
    video_result = await async_post(video_url, {"path": str(folder)}, timeout=300)
                   ^^^^^^^^^^^^^^^^^^^^^^^^^^^^^^^^^^^^^^^^^^^^^^^^^^^^^^^^^^^^^^^
  File "C:\Vivek_Main\tutter\src\video_pipeline\utils.py", line 14, in async_post
    raise HTTPException(status_code=resp.status_code, detail=resp.text)
fastapi.exceptions.HTTPException: 500: {"detail":"Video and audio lists must have the same length"}
[2025-11-06 17:35:47] [ERROR] ❌ HTTP 500: {"detail":"500: {\"detail\":\"Video and audio lists must have the same length\"}"}
[2025-11-06 17:35:47] [ERROR] ❌ Error generating code
Traceback (most recent call last):
  File "C:\Vivek_Main\tutter\src\video_pipeline\routes\generator_routes.py", line 20, in generate_code_endpoint
    write_result = await async_post(write_url, result, timeout=120)
                   ^^^^^^^^^^^^^^^^^^^^^^^^^^^^^^^^^^^^^^^^^^^^^^^^
  File "C:\Vivek_Main\tutter\src\video_pipeline\utils.py", line 14, in async_post
    raise HTTPException(status_code=resp.status_code, detail=resp.text)
fastapi.exceptions.HTTPException: 500: {"detail":"500: {\"detail\":\"Video and audio lists must have the same length\"}"}
[2025-11-06 17:35:47] [ERROR] ❌ HTTP 500: {"detail":"500: {\"detail\":\"500: {\\\"detail\\\":\\\"Video and audio lists must have the same length\\\"}\"}"}
