[2025-11-06 16:27:50] [ERROR] 
❌ Error running Manim on C:/Vivek_Main/Manim_project/inputbox/input_data_20251106_162736/script_seq1/script_seq1.py
──────────────────────────────────────────────
STDERR:
Animation 0: FadeIn(Text('Labels at Square Corners: Class 10 English')):   0%|          | 0/15 [00:00<?, ?it/s]
Animation 0: FadeIn(Text('Labels at Square Corners: Class 10 English')):  13%|#3        | 2/15 [00:00<00:00, 18.26it/s]
Animation 0: FadeIn(Text('Labels at Square Corners: Class 10 English')):  40%|####      | 6/15 [00:00<00:00, 26.90it/s]
Animation 0: FadeIn(Text('Labels at Square Corners: Class 10 English')):  60%|######    | 9/15 [00:00<00:00, 26.26it/s]
Animation 0: FadeIn(Text('Labels at Square Corners: Class 10 English')):  87%|########6 | 13/15 [00:00<00:00, 28.67it/s]
                                                                                                                        

Animation 2: _MethodAnimation(Text('Labels at Square Corners: Class 10 English')):   0%|          | 0/15 [00:00<?, ?it/s]
Animation 2: _MethodAnimation(Text('Labels at Square Corners: Class 10 English')):  40%|####      | 6/15 [00:00<00:00, 58.50it/s]
Animation 2: _MethodAnimation(Text('Labels at Square Corners: Class 10 English')):  80%|########  | 12/15 [00:00<00:00, 49.17it/s]
                                                                                                                                  

Animation 3: FadeIn(NumberPlane of 4 submobjects):   0%|          | 0/15 [00:00<?, ?it/s]
Animation 3: FadeIn(NumberPlane of 4 submobjects):  60%|######    | 9/15 [00:00<00:00, 87.71it/s]
                                                                                                 
+--------------------- Traceback (most recent call last) ---------------------+
| C:\Vivek_Main\tutter\.venv\Lib\site-packages\manim\cli\render\commands.py:1 |
| 25 in render                                                                |
|                                                                             |
|   122             try:                                                      |
|   123                 with tempconfig({}):                                  |
|   124                     scene = SceneClass()                              |
| > 125                     scene.render()                                    |
|   126             except Exception:                                         |
|   127                 error_console.print_exception()                       |
|   128                 sys.exit(1)                                           |
|                                                                             |
| C:\Vivek_Main\tutter\.venv\Lib\site-packages\manim\scene\scene.py:237 in    |
| render                                                                      |
|                                                                             |
|    234         """                                                          |
|    235         self.setup()                                                 |
|    236         try:                                                         |
| >  237             self.construct()                                         |
|    238         except EndSceneEarlyException:                               |
|    239             pass                                                     |
|    240         except RerunSceneException:                                  |
|                                                                             |
| C:\Vivek_Main\Manim_project\inputbox\input_data_20251106_162736\script_seq1 |
| \script_seq1.py:30 in construct                                             |
|                                                                             |
|   27                                                                        |
|   28         # Animate a square appearing in the center, with its corners h |
|   29         square = Square(side_length=4, color=BLACK, fill_opacity=0).mo |
| > 30         corner_dots = [Dot(square.get_corner(i), radius=0.1, color=BLA |
|   31         self.play(Create(square), *[FadeIn(dot) for dot in corner_dots |
|   32         self.wait(1)                                                   |
|   33                                                                        |
|                                                                             |
| C:\Vivek_Main\Manim_project\inputbox\input_data_20251106_162736\script_seq1 |
| \script_seq1.py:30 in <listcomp>                                            |
|                                                                             |
|   27                                                                        |
|   28         # Animate a square appearing in the center, with its corners h |
|   29         square = Square(side_length=4, color=BLACK, fill_opacity=0).mo |
| > 30         corner_dots = [Dot(square.get_corner(i), radius=0.1, color=BLA |
|   31         self.play(Create(square), *[FadeIn(dot) for dot in corner_dots |
|   32         self.wait(1)                                                   |
|   33                                                                        |
|                                                                             |
| C:\Vivek_Main\tutter\.venv\Lib\site-packages\manim\mobject\mobject.py:2091  |
| in get_corner                                                               |
|                                                                             |
|   2088                                                                      |
|   2089     def get_corner(self, direction: Vector3D) -> Point3D:            |
|   2090         """Get corner Point3Ds for certain direction."""             |
| > 2091         return self.get_critical_point(direction)                    |
|   2092                                                                      |
|   2093     def get_center(self) -> Point3D:                                 |
|   2094         """Get center Point3Ds"""                                    |
|                                                                             |
| C:\Vivek_Main\tutter\.venv\Lib\site-packages\manim\mobject\mobject.py:2079  |
| in get_critical_point                                                       |
|                                                                             |
|   2076             result[dim] = self.get_extremum_along_dim(               |
|   2077                 all_points,                                          |
|   2078                 dim=dim,                                             |
| > 2079                 key=direction[dim],                                  |
|   2080             )                                                        |
|   2081         return result                                                |
|   2082                                                                      |
+-----------------------------------------------------------------------------+
TypeError: 'int' object is not subscriptable

STDOUT:
Manim Community v0.19.0

[11/06/25 16:27:45] INFO     Animation 0 : Partial     scene_file_writer.py:588
                             movie file written in                             
                             'C:\Vivek_Main\tutter\src                         
                             \media\videos\input_data_                         
                             20251106_162736\script_se                         
                             q1\videos\script_seq1\480                         
                             p15\partial_movie_files\S                         
                             quareLabels\931832650_310                         
                             7961746_223132457.mp4'                            
[11/06/25 16:27:46] INFO     Animation 1 : Partial     scene_file_writer.py:588
                             movie file written in                             
                             'C:\Vivek_Main\tutter\src                         
                             \media\videos\input_data_                         
                             20251106_162736\script_se                         
                             q1\videos\script_seq1\480                         
                             p15\partial_movie_files\S                         
                             quareLabels\1905288516_14                         
                             36906429_1997571994.mp4'                          
[11/06/25 16:27:47] INFO     Animation 2 : Partial     scene_file_writer.py:588
                             movie file written in                             
                             'C:\Vivek_Main\tutter\src                         
                             \media\videos\input_data_                         
                             20251106_162736\script_se                         
                             q1\videos\script_seq1\480                         
                             p15\partial_movie_files\S                         
                             quareLabels\1905288516_77                         
                             7553860_2615823815.mp4'                           
[11/06/25 16:27:48] INFO     Animation 3 : Partial     scene_file_writer.py:588
                             movie file written in                             
                             'C:\Vivek_Main\tutter\src                         
                             \media\videos\input_data_                         
                             20251106_162736\script_se                         
                             q1\videos\script_seq1\480                         
                             p15\partial_movie_files\S                         
                             quareLabels\1905288516_78                         
                             1873262_1110227142.mp4'                           
[11/06/25 16:27:49] INFO     Animation 4 : Partial     scene_file_writer.py:588
                             movie file written in                             
                             'C:\Vivek_Main\tutter\src                         
                             \media\videos\input_data_                         
                             20251106_162736\script_se                         
                             q1\videos\script_seq1\480                         
                             p15\partial_movie_files\S                         
                             quareLabels\1905288516_14                         
                             36906429_640683306.mp4'
──────────────────────────────────────────────

[2025-11-06 16:28:13] [ERROR] 
❌ Error running Manim on C:/Vivek_Main/Manim_project/inputbox/input_data_20251106_162736/script_seq2/script_seq2.py
──────────────────────────────────────────────
STDERR:
Animation 0: FadeIn(VGroup of 5 submobjects):   0%|          | 0/15 [00:00<?, ?it/s]
Animation 0: FadeIn(VGroup of 5 submobjects):  80%|########  | 12/15 [00:00<00:00, 114.62it/s]
                                                                                              

Animation 2: Rotate(VGroup of 5 submobjects):   0%|          | 0/45 [00:00<?, ?it/s]
Animation 2: Rotate(VGroup of 5 submobjects):  27%|##6       | 12/45 [00:00<00:00, 109.18it/s]
Animation 2: Rotate(VGroup of 5 submobjects):  51%|#####1    | 23/45 [00:00<00:00, 104.20it/s]
Animation 2: Rotate(VGroup of 5 submobjects):  76%|#######5  | 34/45 [00:00<00:00, 81.64it/s] 
Animation 2: Rotate(VGroup of 5 submobjects):  96%|#########5| 43/45 [00:00<00:00, 79.17it/s]
                                                                                             

Animation 3: Indicate(MathTex('A')):   0%|          | 0/15 [00:00<?, ?it/s]
Animation 3: Indicate(MathTex('A')):  60%|######    | 9/15 [00:00<00:00, 83.03it/s]
                                                                                   

Animation 5: Indicate(MathTex('B')):   0%|          | 0/15 [00:00<?, ?it/s]
Animation 5: Indicate(MathTex('B')):  53%|#####3    | 8/15 [00:00<00:00, 79.80it/s]
                                                                                   

Animation 7: Indicate(MathTex('C')):   0%|          | 0/15 [00:00<?, ?it/s]
Animation 7: Indicate(MathTex('C')):  87%|########6 | 13/15 [00:00<00:00, 128.92it/s]
                                                                                     

Animation 9: Indicate(MathTex('D')):   0%|          | 0/15 [00:00<?, ?it/s]
                                                                           
+--------------------- Traceback (most recent call last) ---------------------+
| C:\Vivek_Main\tutter\.venv\Lib\site-packages\manim\cli\render\commands.py:1 |
| 25 in render                                                                |
|                                                                             |
|   122             try:                                                      |
|   123                 with tempconfig({}):                                  |
|   124                     scene = SceneClass()                              |
| > 125                     scene.render()                                    |
|   126             except Exception:                                         |
|   127                 error_console.print_exception()                       |
|   128                 sys.exit(1)                                           |
|                                                                             |
| C:\Vivek_Main\tutter\.venv\Lib\site-packages\manim\scene\scene.py:237 in    |
| render                                                                      |
|                                                                             |
|    234         """                                                          |
|    235         self.setup()                                                 |
|    236         try:                                                         |
| >  237             self.construct()                                         |
|    238         except EndSceneEarlyException:                               |
|    239             pass                                                     |
|    240         except RerunSceneException:                                  |
|                                                                             |
| C:\Vivek_Main\Manim_project\inputbox\input_data_20251106_162736\script_seq2 |
| \script_seq2.py:34 in construct                                             |
|                                                                             |
|   31             self.wait(0.5)                                             |
|   32                                                                        |
|   33         # Zoom in on each corner one by one                            |
| > 34         for corner, label in zip(square.get_corners(), labels):        |
|   35             self.play(                                                 |
|   36                 CameraFrame.frame_center.animate.move_to(corner),      |
|   37                 run_time=2                                             |
|                                                                             |
| C:\Vivek_Main\tutter\.venv\Lib\site-packages\manim\mobject\mobject.py:698   |
| in getter                                                                   |
|                                                                             |
|    695                     stacklevel=2,                                    |
|    696                 )                                                    |
|    697                                                                      |
| >  698                 return getattr(self, to_get)                         |
|    699                                                                      |
|    700             # Return a bound method                                  |
|    701             return types.MethodType(getter, self)                    |
|                                                                             |
| C:\Vivek_Main\tutter\.venv\Lib\site-packages\manim\mobject\mobject.py:723   |
| in __getattr__                                                              |
|                                                                             |
|    720             return types.MethodType(setter, self)                    |
|    721                                                                      |
|    722         # Unhandled attribute, therefore error                       |
| >  723         raise AttributeError(f"{type(self).__name__} object has no a |
|    724                                                                      |
|    725     @property                                                        |
|    726     def width(self) -> float:                                        |
+-----------------------------------------------------------------------------+
AttributeError: Square object has no attribute 'corners'

STDOUT:
Manim Community v0.19.0

[11/06/25 16:27:59] INFO     Writing A to               tex_file_writing.py:111
                             C:\Vivek_Main\tutter\src\m                        
                             edia\videos\input_data_202                        
                             51106_162736\script_seq2\T                        
                             ex\90f07b07e57adf79.tex                           
[11/06/25 16:28:01] INFO     Writing B to               tex_file_writing.py:111
                             C:\Vivek_Main\tutter\src\m                        
                             edia\videos\input_data_202                        
                             51106_162736\script_seq2\T                        
                             ex\d82288bb87e99d59.tex                           
[11/06/25 16:28:04] INFO     Writing C to               tex_file_writing.py:111
                             C:\Vivek_Main\tutter\src\m                        
                             edia\videos\input_data_202                        
                             51106_162736\script_seq2\T                        
                             ex\86474863bfdee3e7.tex                           
[11/06/25 16:28:07] INFO     Writing D to               tex_file_writing.py:111
                             C:\Vivek_Main\tutter\src\m                        
                             edia\videos\input_data_202                        
                             51106_162736\script_seq2\T                        
                             ex\265843fdb06dea70.tex                           
[11/06/25 16:28:09] INFO     Animation 0 : Partial     scene_file_writer.py:588
                             movie file written in                             
                             'C:\Vivek_Main\tutter\src                         
                             \media\videos\input_data_                         
                             20251106_162736\script_se                         
                             q2\videos\script_seq2\480                         
                             p15\partial_movie_files\R                         
                             otateSquareWithLabels\118                         
                             5818338_3436585260_223132                         
                             457.mp4'                                          
                    INFO     Animation 1 : Partial     scene_file_writer.py:588
                             movie file written in                             
                             'C:\Vivek_Main\tutter\src                         
                             \media\videos\input_data_                         
                             20251106_162736\script_se                         
                             q2\videos\script_seq2\480                         
                             p15\partial_movie_files\R                         
                             otateSquareWithLabels\624                         
                             642324_4217992463_2155451                         
                             525.mp4'                                          
[11/06/25 16:28:10] INFO     Animation 2 : Partial     scene_file_writer.py:588
                             movie file written in                             
                             'C:\Vivek_Main\tutter\src                         
                             \media\videos\input_data_                         
                             20251106_162736\script_se                         
                             q2\videos\script_seq2\480                         
                             p15\partial_movie_files\R                         
                             otateSquareWithLabels\624                         
                             642324_2368415730_2375220                         
                             172.mp4'                                          
[11/06/25 16:28:11] INFO     Animation 3 : Partial     scene_file_writer.py:588
                             movie file written in                             
                             'C:\Vivek_Main\tutter\src                         
                             \media\videos\input_data_                         
                             20251106_162736\script_se                         
                             q2\videos\script_seq2\480                         
                             p15\partial_movie_files\R                         
                             otateSquareWithLabels\624                         
                             642324_311828615_31528416                         
                             25.mp4'                                           
                    INFO     Animation 4 : Partial     scene_file_writer.py:588
                             movie file written in                             
                             'C:\Vivek_Main\tutter\src                         
                             \media\videos\input_data_                         
                             20251106_162736\script_se                         
                             q2\videos\script_seq2\480                         
                             p15\partial_movie_files\R                         
                             otateSquareWithLabels\624                         
                             642324_3394500337_3975209                         
                             944.mp4'                                          
                    INFO     Animation 5 : Partial     scene_file_writer.py:588
                             movie file written in                             
                             'C:\Vivek_Main\tutter\src                         
                             \media\videos\input_data_                         
                             20251106_162736\script_se                         
                             q2\videos\script_seq2\480                         
                             p15\partial_movie_files\R                         
                             otateSquareWithLabels\624                         
                             642324_1852060049_2202796                         
                             34.mp4'                                           
                    INFO     Animation 6 : Partial     scene_file_writer.py:588
                             movie file written in                             
                             'C:\Vivek_Main\tutter\src                         
                             \media\videos\input_data_                         
                             20251106_162736\script_se                         
                             q2\videos\script_seq2\480                         
                             p15\partial_movie_files\R                         
                             otateSquareWithLabels\624                         
                             642324_3394500337_4258865                         
                             039.mp4'                                          
[11/06/25 16:28:12] INFO     Animation 7 : Partial     scene_file_writer.py:588
                             movie file written in                             
                             'C:\Vivek_Main\tutter\src                         
                             \media\videos\input_data_                         
                             20251106_162736\script_se                         
                             q2\videos\script_seq2\480                         
                             p15\partial_movie_files\R                         
                             otateSquareWithLabels\624                         
                             642324_3860278561_3255788                         
                             342.mp4'                                          
                    INFO     Animation 8 : Partial     scene_file_writer.py:588
                             movie file written in                             
                             'C:\Vivek_Main\tutter\src                         
                             \media\videos\input_data_                         
                             20251106_162736\script_se                         
                             q2\videos\script_seq2\480                         
                             p15\partial_movie_files\R                         
                             otateSquareWithLabels\624                         
                             642324_3394500337_2513851                         
                             754.mp4'                                          
                    INFO     Animation 9 : Partial     scene_file_writer.py:588
                             movie file written in                             
                             'C:\Vivek_Main\tutter\src                         
                             \media\videos\input_data_                         
                             20251106_162736\script_se                         
                             q2\videos\script_seq2\480                         
                             p15\partial_movie_files\R                         
                             otateSquareWithLabels\624                         
                             642324_1055776438_1674920                         
                             245.mp4'                                          
                    INFO     Animation 10 : Partial    scene_file_writer.py:588
                             movie file written in                             
                             'C:\Vivek_Main\tutter\src                         
                             \media\videos\input_data_                         
                             20251106_162736\script_se                         
                             q2\videos\script_seq2\480                         
                             p15\partial_movie_files\R                         
                             otateSquareWithLabels\624                         
                             642324_3394500337_1932317                         
                             488.mp4'
──────────────────────────────────────────────

[2025-11-06 16:29:22] [ERROR] 
❌ Error running Manim on C:/Vivek_Main/Manim_project/inputbox/input_data_20251106_162736/script_seq3/script_seq3.py
──────────────────────────────────────────────
STDERR:
Animation 1: _MethodAnimation(Square), etc.:   0%|          | 0/30 [00:00<?, ?it/s]
Animation 1: _MethodAnimation(Square), etc.:  23%|##3       | 7/30 [00:00<00:00, 63.55it/s]
Animation 1: _MethodAnimation(Square), etc.:  50%|#####     | 15/30 [00:00<00:00, 70.49it/s]
Animation 1: _MethodAnimation(Square), etc.:  80%|########  | 24/30 [00:00<00:00, 78.52it/s]
                                                                                            

Animation 3: FadeIn(VGroup of 25 submobjects):   0%|          | 0/30 [00:00<?, ?it/s]
Animation 3: FadeIn(VGroup of 25 submobjects):  23%|##3       | 7/30 [00:00<00:00, 69.92it/s]
Animation 3: FadeIn(VGroup of 25 submobjects):  47%|####6     | 14/30 [00:00<00:00, 69.90it/s]
Animation 3: FadeIn(VGroup of 25 submobjects):  77%|#######6  | 23/30 [00:00<00:00, 78.15it/s]
                                                                                              

Animation 5: FadeIn(VGroup of 25 submobjects):   0%|          | 0/30 [00:00<?, ?it/s]
Animation 5: FadeIn(VGroup of 25 submobjects):  23%|##3       | 7/30 [00:00<00:00, 68.19it/s]
Animation 5: FadeIn(VGroup of 25 submobjects):  47%|####6     | 14/30 [00:00<00:00, 67.25it/s]
Animation 5: FadeIn(VGroup of 25 submobjects):  70%|#######   | 21/30 [00:00<00:00, 63.06it/s]
Animation 5: FadeIn(VGroup of 25 submobjects):  93%|#########3| 28/30 [00:00<00:00, 63.35it/s]
                                                                                              

Animation 7: FadeIn(Square):   0%|          | 0/15 [00:00<?, ?it/s]
                                                                   
+--------------------- Traceback (most recent call last) ---------------------+
| C:\Vivek_Main\tutter\.venv\Lib\site-packages\manim\cli\render\commands.py:1 |
| 25 in render                                                                |
|                                                                             |
|   122             try:                                                      |
|   123                 with tempconfig({}):                                  |
|   124                     scene = SceneClass()                              |
| > 125                     scene.render()                                    |
|   126             except Exception:                                         |
|   127                 error_console.print_exception()                       |
|   128                 sys.exit(1)                                           |
|                                                                             |
| C:\Vivek_Main\tutter\.venv\Lib\site-packages\manim\scene\scene.py:237 in    |
| render                                                                      |
|                                                                             |
|    234         """                                                          |
|    235         self.setup()                                                 |
|    236         try:                                                         |
| >  237             self.construct()                                         |
|    238         except EndSceneEarlyException:                               |
|    239             pass                                                     |
|    240         except RerunSceneException:                                  |
|                                                                             |
| C:\Vivek_Main\Manim_project\inputbox\input_data_20251106_162736\script_seq3 |
| \script_seq3.py:47 in construct                                             |
|                                                                             |
|   44         highlighted_square = grid[4].copy().set_fill(YELLOW, opacity=0 |
|   45         highlighted_labels = grid_labels[4:9].copy()                   |
|   46         self.play(FadeIn(highlighted_square), run_time=1)              |
| > 47         self.play(self.camera.frame.animate.move_to(highlighted_square |
|   48         self.wait(1)                                                   |
|   49                                                                        |
|   50         # Fade out the grid, leaving only the highlighted square with  |
+-----------------------------------------------------------------------------+
AttributeError: 'Camera' object has no attribute 'frame'

STDOUT:
Manim Community v0.19.0

[11/06/25 16:28:23] INFO     Writing A to               tex_file_writing.py:111
                             C:\Vivek_Main\tutter\src\m                        
                             edia\videos\input_data_202                        
                             51106_162736\script_seq3\T                        
                             ex\90f07b07e57adf79.tex                           
[11/06/25 16:28:25] INFO     Writing B to               tex_file_writing.py:111
                             C:\Vivek_Main\tutter\src\m                        
                             edia\videos\input_data_202                        
                             51106_162736\script_seq3\T                        
                             ex\d82288bb87e99d59.tex                           
[11/06/25 16:28:28] INFO     Writing C to               tex_file_writing.py:111
                             C:\Vivek_Main\tutter\src\m                        
                             edia\videos\input_data_202                        
                             51106_162736\script_seq3\T                        
                             ex\86474863bfdee3e7.tex                           
[11/06/25 16:28:31] INFO     Writing D to               tex_file_writing.py:111
                             C:\Vivek_Main\tutter\src\m                        
                             edia\videos\input_data_202                        
                             51106_162736\script_seq3\T                        
                             ex\265843fdb06dea70.tex                           
[11/06/25 16:28:34] INFO     Animation 0 : Partial     scene_file_writer.py:588
                             movie file written in                             
                             'C:\Vivek_Main\tutter\src                         
                             \media\videos\input_data_                         
                             20251106_162736\script_se                         
                             q3\videos\script_seq3\480                         
                             p15\partial_movie_files\G                         
                             ridAnimation\1185818338_1                         
                             432596116_343820365.mp4'                          
                    INFO     Animation 1 : Partial     scene_file_writer.py:588
                             movie file written in                             
                             'C:\Vivek_Main\tutter\src                         
                             \media\videos\input_data_                         
                             20251106_162736\script_se                         
                             q3\videos\script_seq3\480                         
                             p15\partial_movie_files\G                         
                             ridAnimation\624642324_10                         
                             90678659_808956056.mp4'                           
[11/06/25 16:28:35] INFO     Animation 2 : Partial     scene_file_writer.py:588
                             movie file written in                             
                             'C:\Vivek_Main\tutter\src                         
                             \media\videos\input_data_                         
                             20251106_162736\script_se                         
                             q3\videos\script_seq3\480                         
                             p15\partial_movie_files\G                         
                             ridAnimation\624642324_42                         
                             17992463_3513258162.mp4'                          
                    INFO     Animation 3 : Partial     scene_file_writer.py:588
                             movie file written in                             
                             'C:\Vivek_Main\tutter\src                         
                             \media\videos\input_data_                         
                             20251106_162736\script_se                         
                             q3\videos\script_seq3\480                         
                             p15\partial_movie_files\G                         
                             ridAnimation\624642324_13                         
                             27615139_1006237071.mp4'                          
[11/06/25 16:28:36] INFO     Animation 4 : Partial     scene_file_writer.py:588
                             movie file written in                             
                             'C:\Vivek_Main\tutter\src                         
                             \media\videos\input_data_                         
                             20251106_162736\script_se                         
                             q3\videos\script_seq3\480                         
                             p15\partial_movie_files\G                         
                             ridAnimation\624642324_42                         
                             17992463_3724828043.mp4'                          
                    INFO     Writing (1,1) to           tex_file_writing.py:111
                             C:\Vivek_Main\tutter\src\m                        
                             edia\videos\input_data_202                        
                             51106_162736\script_seq3\T                        
                             ex\7dbe42f00029fba1.tex                           
[11/06/25 16:28:38] INFO     Writing (1,2) to           tex_file_writing.py:111
                             C:\Vivek_Main\tutter\src\m                        
                             edia\videos\input_data_202                        
                             51106_162736\script_seq3\T                        
                             ex\2964cc170a61184b.tex                           
[11/06/25 16:28:41] INFO     Writing (1,3) to           tex_file_writing.py:111
                             C:\Vivek_Main\tutter\src\m                        
                             edia\videos\input_data_202                        
                             51106_162736\script_seq3\T                        
                             ex\69285ff4bbd17f36.tex                           
[11/06/25 16:28:43] INFO     Writing (1,4) to           tex_file_writing.py:111
                             C:\Vivek_Main\tutter\src\m                        
                             edia\videos\input_data_202                        
                             51106_162736\script_seq3\T                        
                             ex\c814d6b5f06205da.tex                           
[11/06/25 16:28:46] INFO     Writing (1,5) to           tex_file_writing.py:111
                             C:\Vivek_Main\tutter\src\m                        
                             edia\videos\input_data_202                        
                             51106_162736\script_seq3\T                        
                             ex\137472d61ca93bf5.tex                           
[11/06/25 16:28:48] INFO     Writing (2,1) to           tex_file_writing.py:111
                             C:\Vivek_Main\tutter\src\m                        
                             edia\videos\input_data_202                        
                             51106_162736\script_seq3\T                        
                             ex\8561d4104940ffca.tex                           
[11/06/25 16:28:50] INFO     Writing (2,2) to           tex_file_writing.py:111
                             C:\Vivek_Main\tutter\src\m                        
                             edia\videos\input_data_202                        
                             51106_162736\script_seq3\T                        
                             ex\3b636e7ee9f27ff0.tex                           
[11/06/25 16:28:53] INFO     Writing (2,3) to           tex_file_writing.py:111
                             C:\Vivek_Main\tutter\src\m                        
                             edia\videos\input_data_202                        
                             51106_162736\script_seq3\T                        
                             ex\34a4e0e90763566a.tex                           
[11/06/25 16:28:56] INFO     Writing (2,4) to           tex_file_writing.py:111
                             C:\Vivek_Main\tutter\src\m                        
                             edia\videos\input_data_202                        
                             51106_162736\script_seq3\T                        
                             ex\1f95b773556d069b.tex                           
[11/06/25 16:28:58] INFO     Writing (2,5) to           tex_file_writing.py:111
                             C:\Vivek_Main\tutter\src\m                        
                             edia\videos\input_data_202                        
                             51106_162736\script_seq3\T                        
                             ex\34b597a954a96bd5.tex                           
[11/06/25 16:29:01] INFO     Writing (3,1) to           tex_file_writing.py:111
                             C:\Vivek_Main\tutter\src\m                        
                             edia\videos\input_data_202                        
                             51106_162736\script_seq3\T                        
                             ex\029ac067a409f569.tex                           
[11/06/25 16:29:03] INFO     Writing (3,2) to           tex_file_writing.py:111
                             C:\Vivek_Main\tutter\src\m                        
                             edia\videos\input_data_202                        
                             51106_162736\script_seq3\T                        
                             ex\cb4915dd4af5a2ec.tex                           
[11/06/25 16:29:06] INFO     Writing (3,3) to           tex_file_writing.py:111
                             C:\Vivek_Main\tutter\src\m                        
                             edia\videos\input_data_202                        
                             51106_162736\script_seq3\T                        
                             ex\d8586692b751624e.tex                           
[11/06/25 16:29:08] INFO     Writing (3,4) to           tex_file_writing.py:111
                             C:\Vivek_Main\tutter\src\m                        
                             edia\videos\input_data_202                        
                             51106_162736\script_seq3\T                        
                             ex\136d9bb30913a09b.tex                           
[11/06/25 16:29:10] INFO     Writing (3,5) to           tex_file_writing.py:111
                             C:\Vivek_Main\tutter\src\m                        
                             edia\videos\input_data_202                        
                             51106_162736\script_seq3\T                        
                             ex\25c0fb5c189655b4.tex                           
[11/06/25 16:29:11] INFO     Writing (4,1) to           tex_file_writing.py:111
                             C:\Vivek_Main\tutter\src\m                        
                             edia\videos\input_data_202                        
                             51106_162736\script_seq3\T                        
                             ex\2da96e0315508b5f.tex                           
[11/06/25 16:29:12] INFO     Writing (4,2) to           tex_file_writing.py:111
                             C:\Vivek_Main\tutter\src\m                        
                             edia\videos\input_data_202                        
                             51106_162736\script_seq3\T                        
                             ex\506b962103da6ecc.tex                           
[11/06/25 16:29:13] INFO     Writing (4,3) to           tex_file_writing.py:111
                             C:\Vivek_Main\tutter\src\m                        
                             edia\videos\input_data_202                        
                             51106_162736\script_seq3\T                        
                             ex\fd117c6302fa29fb.tex                           
[11/06/25 16:29:14] INFO     Writing (4,4) to           tex_file_writing.py:111
                             C:\Vivek_Main\tutter\src\m                        
                             edia\videos\input_data_202                        
                             51106_162736\script_seq3\T                        
                             ex\9b852ccc8eb32b2c.tex                           
[11/06/25 16:29:15] INFO     Writing (4,5) to           tex_file_writing.py:111
                             C:\Vivek_Main\tutter\src\m                        
                             edia\videos\input_data_202                        
                             51106_162736\script_seq3\T                        
                             ex\2d8f27e13f4bca31.tex                           
[11/06/25 16:29:16] INFO     Writing (5,1) to           tex_file_writing.py:111
                             C:\Vivek_Main\tutter\src\m                        
                             edia\videos\input_data_202                        
                             51106_162736\script_seq3\T                        
                             ex\9623e61a9be14e2d.tex                           
                    INFO     Writing (5,2) to           tex_file_writing.py:111
                             C:\Vivek_Main\tutter\src\m                        
                             edia\videos\input_data_202                        
                             51106_162736\script_seq3\T                        
                             ex\15b6dbc67f09d4bc.tex                           
[11/06/25 16:29:17] INFO     Writing (5,3) to           tex_file_writing.py:111
                             C:\Vivek_Main\tutter\src\m                        
                             edia\videos\input_data_202                        
                             51106_162736\script_seq3\T                        
                             ex\d0a67614a3fb429a.tex                           
[11/06/25 16:29:18] INFO     Writing (5,4) to           tex_file_writing.py:111
                             C:\Vivek_Main\tutter\src\m                        
                             edia\videos\input_data_202                        
                             51106_162736\script_seq3\T                        
                             ex\3f6de234a086ee40.tex                           
[11/06/25 16:29:19] INFO     Writing (5,5) to           tex_file_writing.py:111
                             C:\Vivek_Main\tutter\src\m                        
                             edia\videos\input_data_202                        
                             51106_162736\script_seq3\T                        
                             ex\7c0a4e66e10f0fa6.tex                           
[11/06/25 16:29:21] INFO     Animation 5 : Partial     scene_file_writer.py:588
                             movie file written in                             
                             'C:\Vivek_Main\tutter\src                         
                             \media\videos\input_data_                         
                             20251106_162736\script_se                         
                             q3\videos\script_seq3\480                         
                             p15\partial_movie_files\G                         
                             ridAnimation\624642324_24                         
                             07960708_622845824.mp4'                           
                    INFO     Animation 6 : Partial     scene_file_writer.py:588
                             movie file written in                             
                             'C:\Vivek_Main\tutter\src                         
                             \media\videos\input_data_                         
                             20251106_162736\script_se                         
                             q3\videos\script_seq3\480                         
                             p15\partial_movie_files\G                         
                             ridAnimation\624642324_42                         
                             17992463_2093865109.mp4'                          
                    INFO     Animation 7 : Partial     scene_file_writer.py:588
                             movie file written in                             
                             'C:\Vivek_Main\tutter\src                         
                             \media\videos\input_data_                         
                             20251106_162736\script_se                         
                             q3\videos\script_seq3\480                         
                             p15\partial_movie_files\G                         
                             ridAnimation\624642324_36                         
                             32988974_588797124.mp4'
──────────────────────────────────────────────

[2025-11-06 16:29:31] [ERROR] ❌ Video and audio lists must have the same length
[2025-11-06 16:29:31] [ERROR] ❌ Video generation error
Traceback (most recent call last):
  File "C:\Vivek_Main\tutter\src\video_pipeline\routes\video_routes.py", line 40, in generate_videos_endpoint
    output_path = await process_pipeline(
                  ^^^^^^^^^^^^^^^^^^^^^^^
  File "C:\Vivek_Main\tutter\src\main.py", line 56, in process_pipeline
    final_video_bytes = MergerFactory.merge_all_videos_with_audio(video_bytes_list, audio_bytes_list)
                        ^^^^^^^^^^^^^^^^^^^^^^^^^^^^^^^^^^^^^^^^^^^^^^^^^^^^^^^^^^^^^^^^^^^^^^^^^^^^^
  File "C:\Vivek_Main\tutter\src\merger_factory.py", line 261, in merge_all_videos_with_audio
    return MergerFactory.merge_video_with_audio(video_bytes_list, audio_bytes_list)
           ^^^^^^^^^^^^^^^^^^^^^^^^^^^^^^^^^^^^^^^^^^^^^^^^^^^^^^^^^^^^^^^^^^^^^^^^
  File "C:\Vivek_Main\tutter\src\merger_factory.py", line 136, in merge_video_with_audio
    raise ValueError("Video and audio lists must have the same length")
ValueError: Video and audio lists must have the same length
[2025-11-06 16:29:31] [ERROR] ❌ HTTP 500: {"detail":"Video and audio lists must have the same length"}
[2025-11-06 16:29:31] [ERROR] ❌ Error writing scripts
Traceback (most recent call last):
  File "C:\Vivek_Main\tutter\src\video_pipeline\routes\write_routes.py", line 27, in write_scripts
    video_result = await async_post(video_url, {"path": str(folder)}, timeout=300)
                   ^^^^^^^^^^^^^^^^^^^^^^^^^^^^^^^^^^^^^^^^^^^^^^^^^^^^^^^^^^^^^^^
  File "C:\Vivek_Main\tutter\src\video_pipeline\utils.py", line 14, in async_post
    raise HTTPException(status_code=resp.status_code, detail=resp.text)
fastapi.exceptions.HTTPException: 500: {"detail":"Video and audio lists must have the same length"}
[2025-11-06 16:29:31] [ERROR] ❌ HTTP 500: {"detail":"500: {\"detail\":\"Video and audio lists must have the same length\"}"}
[2025-11-06 16:29:31] [ERROR] ❌ Error generating code
Traceback (most recent call last):
  File "C:\Vivek_Main\tutter\src\video_pipeline\routes\generator_routes.py", line 20, in generate_code_endpoint
    write_result = await async_post(write_url, result, timeout=120)
                   ^^^^^^^^^^^^^^^^^^^^^^^^^^^^^^^^^^^^^^^^^^^^^^^^
  File "C:\Vivek_Main\tutter\src\video_pipeline\utils.py", line 14, in async_post
    raise HTTPException(status_code=resp.status_code, detail=resp.text)
fastapi.exceptions.HTTPException: 500: {"detail":"500: {\"detail\":\"Video and audio lists must have the same length\"}"}
[2025-11-06 16:29:31] [ERROR] ❌ HTTP 500: {"detail":"500: {\"detail\":\"500: {\\\"detail\\\":\\\"Video and audio lists must have the same length\\\"}\"}"}
