[2025-11-17 18:51:26] [ERROR] 
❌ Error running Manim on C:/Vivek_Main/Temp_Data/20251117_185041_508218ec-67b8-4fd7-9b6c-acdf0b458d15/script_seq2/script_seq2.py
──────────────────────────────────────────────
STDERR:
Animation 0: MoveAlongPath(Dot):   0%|          | 0/45 [00:00<?, ?it/s]
Animation 0: MoveAlongPath(Dot):  11%|#1        | 5/45 [00:00<00:00, 48.02it/s]
Animation 0: MoveAlongPath(Dot):  22%|##2       | 10/45 [00:00<00:00, 45.67it/s]
Animation 0: MoveAlongPath(Dot):  36%|###5      | 16/45 [00:00<00:00, 49.00it/s]
Animation 0: MoveAlongPath(Dot):  49%|####8     | 22/45 [00:00<00:00, 52.50it/s]
Animation 0: MoveAlongPath(Dot):  69%|######8   | 31/45 [00:00<00:00, 63.96it/s]
Animation 0: MoveAlongPath(Dot):  84%|########4 | 38/45 [00:00<00:00, 62.46it/s]
Animation 0: MoveAlongPath(Dot): 100%|##########| 45/45 [00:00<00:00, 63.49it/s]
                                                                                

Aborted!

STDOUT:
Manim Community v0.19.0
──────────────────────────────────────────────

[2025-11-17 18:52:03] [ERROR] ❌ Video and audio list length mismatch
[2025-11-17 18:52:04] [ERROR] ❌ Pipeline failed for UID 508218ec-67b8-4fd7-9b6c-acdf0b458d15: Video and audio lists must have the same length
[2025-11-17 18:52:04] [ERROR] Traceback (most recent call last):
  File "C:\Vivek_Main\feature_vivek\tutor\src\main.py", line 75, in process_pipeline
    final_video_bytes = MergerFactory.merge_all_videos_with_audio(
                        ^^^^^^^^^^^^^^^^^^^^^^^^^^^^^^^^^^^^^^^^^^
  File "C:\Vivek_Main\feature_vivek\tutor\src\merger_factory.py", line 209, in merge_all_videos_with_audio
    return MergerFactory.merge_video_with_audio(video_bytes_list, audio_bytes_list, unique_id)
           ^^^^^^^^^^^^^^^^^^^^^^^^^^^^^^^^^^^^^^^^^^^^^^^^^^^^^^^^^^^^^^^^^^^^^^^^^^^^^^^^^^^
  File "C:\Vivek_Main\feature_vivek\tutor\src\merger_factory.py", line 132, in merge_video_with_audio
    raise ValueError("Video and audio lists must have the same length")
ValueError: Video and audio lists must have the same length

[2025-11-17 18:52:04] [ERROR] ❌ Video generation error
Traceback (most recent call last):
  File "C:\Vivek_Main\feature_vivek\tutor\src\video_pipeline\routes\video_routes.py", line 36, in generate_videos_endpoint
    output_path = await process_pipeline(
                  ^^^^^^^^^^^^^^^^^^^^^^^
  File "C:\Vivek_Main\feature_vivek\tutor\src\main.py", line 75, in process_pipeline
    final_video_bytes = MergerFactory.merge_all_videos_with_audio(
                        ^^^^^^^^^^^^^^^^^^^^^^^^^^^^^^^^^^^^^^^^^^
  File "C:\Vivek_Main\feature_vivek\tutor\src\merger_factory.py", line 209, in merge_all_videos_with_audio
    return MergerFactory.merge_video_with_audio(video_bytes_list, audio_bytes_list, unique_id)
           ^^^^^^^^^^^^^^^^^^^^^^^^^^^^^^^^^^^^^^^^^^^^^^^^^^^^^^^^^^^^^^^^^^^^^^^^^^^^^^^^^^^
  File "C:\Vivek_Main\feature_vivek\tutor\src\merger_factory.py", line 132, in merge_video_with_audio
    raise ValueError("Video and audio lists must have the same length")
ValueError: Video and audio lists must have the same length
[2025-11-17 18:52:04] [ERROR] ❌ HTTP 500: {"detail":"Video and audio lists must have the same length"}
[2025-11-17 18:52:04] [ERROR] ❌ Video generation failed for 508218ec-67b8-4fd7-9b6c-acdf0b458d15: 500: {"detail":"Video and audio lists must have the same length"}
[2025-11-17 18:52:04] [ERROR] ❌ Unhandled error in write_scripts endpoint
Traceback (most recent call last):
  File "C:\Vivek_Main\feature_vivek\tutor\src\video_pipeline\routes\write_routes.py", line 104, in write_scripts
    video_result = await async_post(
                   ^^^^^^^^^^^^^^^^^
  File "C:\Vivek_Main\feature_vivek\tutor\src\video_pipeline\utils.py", line 15, in async_post
    raise HTTPException(status_code=resp.status_code, detail=resp.text)
fastapi.exceptions.HTTPException: 500: {"detail":"Video and audio lists must have the same length"}

During handling of the above exception, another exception occurred:

Traceback (most recent call last):
  File "C:\Vivek_Main\feature_vivek\tutor\src\video_pipeline\routes\write_routes.py", line 123, in write_scripts
    raise HTTPException(status_code=500, detail=err_msg)
fastapi.exceptions.HTTPException: 500: ❌ Video generation failed for 508218ec-67b8-4fd7-9b6c-acdf0b458d15: 500: {"detail":"Video and audio lists must have the same length"}
[2025-11-17 18:52:04] [ERROR] ❌ HTTP 500: {"detail":"500: ❌ Video generation failed for 508218ec-67b8-4fd7-9b6c-acdf0b458d15: 500: {\"detail\":\"Video and audio lists must have the same length\"}"}
[2025-11-17 18:52:04] [ERROR] ❌ Error generating code
Traceback (most recent call last):
  File "C:\Vivek_Main\feature_vivek\tutor\src\video_pipeline\routes\generator_routes.py", line 30, in generate_code_endpoint
    write_result = await async_post(write_url, result, timeout=120)
                   ^^^^^^^^^^^^^^^^^^^^^^^^^^^^^^^^^^^^^^^^^^^^^^^^
  File "C:\Vivek_Main\feature_vivek\tutor\src\video_pipeline\utils.py", line 15, in async_post
    raise HTTPException(status_code=resp.status_code, detail=resp.text)
fastapi.exceptions.HTTPException: 500: {"detail":"500: ❌ Video generation failed for 508218ec-67b8-4fd7-9b6c-acdf0b458d15: 500: {\"detail\":\"Video and audio lists must have the same length\"}"}
[2025-11-17 18:52:05] [ERROR] ❌ HTTP 500: {"detail":"500: {\"detail\":\"500: ❌ Video generation failed for 508218ec-67b8-4fd7-9b6c-acdf0b458d15: 500: {\\\"detail\\\":\\\"Video and audio lists must have the same length\\\"}\"}"}
