[2025-11-12 14:26:28] [INFO] ðŸ§  Generating script for topic='create a circle', class='10'
[2025-11-12 14:26:36] [INFO] ðŸš€ Sending generated script to /generate-files-api and /Generator ...
[2025-11-12 14:26:37] [INFO] ðŸŸ¢ [generate-files-api] New request received
[2025-11-12 14:26:37] [INFO] ðŸ“ Created folder: C:\ArkMalay\Framework\Video_data\20251112_142637_c754aa71
[2025-11-12 14:26:37] [INFO] âœ… JSON saved successfully at C:\ArkMalay\Framework\Video_data\20251112_142637_c754aa71\input_data.json
[2025-11-12 14:26:37] [INFO] ðŸ§© Starting file preparation process via prepare_files()
[2025-11-12 14:26:37] [INFO] ðŸ“ Generating Python and TXT files from JSON: C:\ArkMalay\Framework\Video_data\20251112_142637_c754aa71\input_data.json
[2025-11-12 14:26:37] [INFO] ðŸ“‚ Using existing transaction folder for script sequences: C:\ArkMalay\Framework\Video_data\20251112_142637_c754aa71\script_sequences
[2025-11-12 14:26:37] [INFO] ðŸ“ Created script sequence folder: C:\ArkMalay\Framework\Video_data\20251112_142637_c754aa71\script_sequences\script_seq1
[2025-11-12 14:26:37] [INFO] âœ… Created PY file: C:\ArkMalay\Framework\Video_data\20251112_142637_c754aa71\script_sequences\script_seq1\script_seq1.py
[2025-11-12 14:26:37] [INFO] âœ… Created TXT file: C:\ArkMalay\Framework\Video_data\20251112_142637_c754aa71\script_sequences\script_seq1\script_seq1.txt
[2025-11-12 14:26:37] [INFO] ðŸ“ Created script sequence folder: C:\ArkMalay\Framework\Video_data\20251112_142637_c754aa71\script_sequences\script_seq2
[2025-11-12 14:26:37] [INFO] âœ… Created PY file: C:\ArkMalay\Framework\Video_data\20251112_142637_c754aa71\script_sequences\script_seq2\script_seq2.py
[2025-11-12 14:26:37] [INFO] âœ… Created TXT file: C:\ArkMalay\Framework\Video_data\20251112_142637_c754aa71\script_sequences\script_seq2\script_seq2.txt
[2025-11-12 14:26:37] [INFO] ðŸŽ¯ Total Words: 591 | Approx. Total GPT Tokens: 787
[2025-11-12 14:26:37] [INFO] ðŸŽ‰ All files generated inside: C:\ArkMalay\Framework\Video_data\20251112_142637_c754aa71\script_sequences
[2025-11-12 14:26:37] [INFO] âœ… File preparation completed. Output: {'py_files': ['C:\\ArkMalay\\Framework\\Video_data\\20251112_142637_c754aa71\\script_sequences\\script_seq1\\script_seq1.py', 'C:\\ArkMalay\\Framework\\Video_data\\20251112_142637_c754aa71\\script_sequences\\script_seq2\\script_seq2.py'], 'txt_files': ['C:\\ArkMalay\\Framework\\Video_data\\20251112_142637_c754aa71\\script_sequences\\script_seq1\\script_seq1.txt', 'C:\\ArkMalay\\Framework\\Video_data\\20251112_142637_c754aa71\\script_sequences\\script_seq2\\script_seq2.txt']}
[2025-11-12 14:26:37] [INFO] ðŸŽ¯ Transaction c754aa71 completed successfully. Folder: C:\ArkMalay\Framework\Video_data\20251112_142637_c754aa71
[2025-11-12 14:26:50] [INFO] ðŸŽ¬ Generated Manim Code Successfully
[2025-11-12 14:26:51] [INFO] ðŸ” TRANSACTION_FOLDER currently: C:\ArkMalay\Framework\Video_data\20251112_142637_c754aa71
[2025-11-12 14:26:51] [INFO] ðŸŸ¢ Using TRANSACTION_FOLDER for writing scripts: C:\ArkMalay\Framework\Video_data\20251112_142637_c754aa71\script_sequences
[2025-11-12 14:26:51] [INFO] âœ… Manim script written: C:\ArkMalay\Framework\Video_data\20251112_142637_c754aa71\script_sequences\script_seq1\script_seq1.py
[2025-11-12 14:26:51] [INFO] âœ… Manim script written: C:\ArkMalay\Framework\Video_data\20251112_142637_c754aa71\script_sequences\script_seq2\script_seq2.py
[2025-11-12 14:26:51] [INFO] ðŸŽ¥ Triggering video generation for folder: C:\ArkMalay\Framework\Video_data\20251112_142637_c754aa71\script_sequences
[2025-11-12 14:26:52] [INFO] ðŸš€ Received video generation request.
[2025-11-12 14:26:52] [INFO] ðŸ“‚ Using provided input path: C:\ArkMalay\Framework\Video_data\20251112_142637_c754aa71\script_sequences
[2025-11-12 14:26:52] [INFO] ðŸ§© Found 2 .py files and 2 .txt files under C:\ArkMalay\Framework\Video_data\20251112_142637_c754aa71\script_sequences
[2025-11-12 14:26:52] [INFO] ðŸŽ¬ Starting video + audio processing pipeline...
[2025-11-12 14:26:52] [INFO] ðŸŽ¬ Video callable prepared for: C:\ArkMalay\Framework\Video_data\20251112_142637_c754aa71
[2025-11-12 14:26:52] [INFO] ðŸŽ¬ Running Manim on C:/ArkMalay/Framework/Video_data/20251112_142637_c754aa71/script_sequences/script_seq1/script_seq1.py ...
[2025-11-12 14:26:52] [INFO] ðŸ§¹ Cleaned old media folder: C:\ArkMalay\Framework\tutor\src\media\videos\script_sequences\script_seq1
[2025-11-12 14:27:05] [INFO] ðŸŽžï¸ Detected Scene class: ExpandingCircle
[2025-11-12 14:27:05] [INFO] âœ… Found video: C:\ArkMalay\Framework\tutor\src\media\videos\script_sequences\script_seq1\videos\script_seq1\480p15\ExpandingCircle.mp4
[2025-11-12 14:27:05] [INFO] ðŸŽ¬ Running Manim on C:/ArkMalay/Framework/Video_data/20251112_142637_c754aa71/script_sequences/script_seq2/script_seq2.py ...
[2025-11-12 14:27:05] [INFO] ðŸ§¹ Cleaned old media folder: C:\ArkMalay\Framework\tutor\src\media\videos\script_sequences\script_seq2
[2025-11-12 14:27:19] [INFO] ðŸŽžï¸ Detected Scene class: MovingCircle
[2025-11-12 14:27:19] [INFO] âœ… Found video: C:\ArkMalay\Framework\tutor\src\media\videos\script_sequences\script_seq2\videos\script_seq2\480p15\MovingCircle.mp4
[2025-11-12 14:27:19] [INFO] âœ… Total words: 46 | Approx. GPT tokens: 60 | Total videos collected: 2
[2025-11-12 14:28:07] [INFO] Entering save_all_script_media.
[2025-11-12 14:28:07] [INFO] Video Path:[WindowsPath('C:/ArkMalay/Framework/tutor/output/Videos')]
[2025-11-12 14:28:07] [INFO] Audio Path:[WindowsPath('C:/ArkMalay/Framework/tutor/output/Audios')]
[2025-11-12 14:28:07] [INFO] ðŸŽ¬ Video saved at: C:\ArkMalay\Framework\tutor\output\Videos\20251112_142637_c754aa71_script_seq1.mp4
[2025-11-12 14:28:07] [INFO] ðŸŽµ Audio saved at: C:\ArkMalay\Framework\tutor\output\Audios\20251112_142637_c754aa71_script_seq1.mp3
[2025-11-12 14:28:07] [INFO] ðŸŽ¬ Video saved at: C:\ArkMalay\Framework\tutor\output\Videos\20251112_142637_c754aa71_script_seq2.mp4
[2025-11-12 14:28:07] [INFO] ðŸŽµ Audio saved at: C:\ArkMalay\Framework\tutor\output\Audios\20251112_142637_c754aa71_script_seq2.mp3
[2025-11-12 14:28:07] [INFO] ðŸš€ [TABLE_GEN] Starting table generation and DB insertion process...
[2025-11-12 14:28:07] [INFO] ðŸ“‚ [TABLE_GEN] Topic: 20251112_142637_c754aa71
[2025-11-12 14:28:07] [INFO] ðŸ“ [TABLE_GEN] Found 2 scripts, 2 txts, 3 videos, 3 audios
[2025-11-12 14:28:07] [INFO] ðŸ§© [TABLE_GEN] Connecting to PostgreSQL database 'a_v_data'...
[2025-11-12 14:28:07] [INFO] âœ… [TABLE_GEN] PostgreSQL connection established successfully.
[2025-11-12 14:28:07] [INFO] ðŸ›  [TABLE_GEN] Ensuring table 'videos' exists...
[2025-11-12 14:28:07] [INFO] âœ… [TABLE_GEN] Table check/creation complete.
[2025-11-12 14:28:07] [INFO] ðŸ“ [TABLE_GEN] Preparing record 1/2: script_seq1
[2025-11-12 14:28:07] [INFO] âœ… [TABLE_GEN] Inserted record into DB: 20251112_142637_c754aa71_20251112_C06NVF
[2025-11-12 14:28:07] [INFO] ðŸ“ [TABLE_GEN] Preparing record 2/2: script_seq2
[2025-11-12 14:28:07] [INFO] âœ… [TABLE_GEN] Inserted record into DB: 20251112_142637_c754aa71_20251112_7PW60M
[2025-11-12 14:28:07] [INFO] ðŸ’¾ [TABLE_GEN] All records committed successfully to PostgreSQL.
[2025-11-12 14:28:07] [INFO] ðŸ [TABLE_GEN] Table generation process completed.
[2025-11-12 14:28:07] [INFO] ðŸŽžï¸ [MERGE] Starting final video/audio merge process...
[2025-11-12 14:28:07] [INFO] ðŸŽ¬ [MERGE] Video clips: 2, Audio clips: 2
[2025-11-12 14:28:07] [INFO] ðŸŽžï¸ Starting merge_all_videos_with_audio
[2025-11-12 14:28:07] [INFO] ðŸŽ¬ Total video segments: 2, Total audio segments: 2
[2025-11-12 14:28:07] [INFO] ðŸ“ Total video bytes: 30,554, Total audio bytes: 3,864,088
[2025-11-12 14:28:07] [INFO] ðŸŽžï¸ Merging video/audio pair 1
[2025-11-12 14:28:07] [INFO] ðŸ“¦ Pair 1 -> Video bytes: 13,813, Audio bytes: 1,863,644
[2025-11-12 14:28:07] [INFO] ðŸŽžï¸ [MERGE] Entering merge_video_with_audio
[2025-11-12 14:28:07] [INFO] ðŸ“¦ [MERGE] Starting merge for 1 pair(s).
[2025-11-12 14:28:07] [INFO] ðŸŽ¬ [PAIR 1] Preparing temporary files for merge. Video size = 13,813 bytes, Audio size = 1,863,644 bytes.
[2025-11-12 14:28:07] [INFO] ðŸ”§ [PAIR 1] Running ffmpeg to merge video/audio:
  â†’ Video file: C:\Users\malay\AppData\Local\Temp\tmps7f9ugdv.mp4
  â†’ Audio file: C:\Users\malay\AppData\Local\Temp\tmpcbdfr02_.mp3
  â†’ Output file: C:\Users\malay\AppData\Local\Temp\tmpn3ado0ft.mp4
[2025-11-12 14:28:08] [INFO] âœ… [PAIR 1] Merge successful. Output size = 40,613 bytes.
[2025-11-12 14:28:08] [INFO] ðŸŽ¬ [MERGE] Only one merged video, returning directly.
[2025-11-12 14:28:08] [INFO] ðŸŽžï¸ Merging video/audio pair 2
[2025-11-12 14:28:08] [INFO] ðŸ“¦ Pair 2 -> Video bytes: 16,741, Audio bytes: 2,000,444
[2025-11-12 14:28:08] [INFO] ðŸŽžï¸ [MERGE] Entering merge_video_with_audio
[2025-11-12 14:28:08] [INFO] ðŸ“¦ [MERGE] Starting merge for 1 pair(s).
[2025-11-12 14:28:08] [INFO] ðŸŽ¬ [PAIR 1] Preparing temporary files for merge. Video size = 16,741 bytes, Audio size = 2,000,444 bytes.
[2025-11-12 14:28:08] [INFO] ðŸ”§ [PAIR 1] Running ffmpeg to merge video/audio:
  â†’ Video file: C:\Users\malay\AppData\Local\Temp\tmp1bsuhzmi.mp4
  â†’ Audio file: C:\Users\malay\AppData\Local\Temp\tmp0uhq42yx.mp3
  â†’ Output file: C:\Users\malay\AppData\Local\Temp\tmp8iojguup.mp4
[2025-11-12 14:28:09] [INFO] âœ… [PAIR 1] Merge successful. Output size = 61,147 bytes.
[2025-11-12 14:28:09] [INFO] ðŸŽ¬ [MERGE] Only one merged video, returning directly.
[2025-11-12 14:28:09] [INFO] ðŸŽ¬ Concatenating 2 merged videos...
[2025-11-12 14:28:09] [INFO] Entering concatenate_videos
[2025-11-12 14:28:09] [INFO] ðŸŽ¬ Final concatenated MP4 video returned as bytes
[2025-11-12 14:28:09] [INFO] âœ… [MERGE] Merge completed successfully in 1.81s.
[2025-11-12 14:28:09] [INFO] ðŸ’¾ [MERGE] Preparing to save final video as 'final_video_20251112_142809.mp4' (mode: local).
[2025-11-12 14:28:09] [INFO] Entering save_final_video
[2025-11-12 14:28:09] [INFO] âœ… Final video saved locally at: C:\ArkMalay\Framework\tutor\src\output\final_video_20251112_142809.mp4
[2025-11-12 14:28:09] [INFO] ðŸŽ‰ [MERGE] Final video saved successfully â†’ C:\ArkMalay\Framework\tutor\src\output\final_video_20251112_142809.mp4
[2025-11-12 14:28:09] [INFO] ðŸš€ Starting Drive upload process
[2025-11-12 14:28:09] [INFO] ðŸ“‚ Using Settings.TRANSACTION_FOLDER: C:\ArkMalay\Framework\Video_data\20251112_142637_c754aa71
[2025-11-12 14:28:09] [INFO] ðŸ“¦ Final video copied to transaction folder: C:\ArkMalay\Framework\Video_data\20251112_142637_c754aa71\final_video_20251112_142809.mp4
[2025-11-12 14:28:09] [INFO] ðŸ” upload_folder_to_drive called with: C:\ArkMalay\Framework\Video_data\20251112_142637_c754aa71
[2025-11-12 14:28:09] [INFO] âœ… Drive auth successful (mode=service)
[2025-11-12 14:28:09] [INFO] ðŸ“ Service-mode: uploading '20251112_142637_c754aa71' under Drive parent ID 1fSIa3LHaUZ6ElWywNuyHRnyj1ohr_gjj
[2025-11-12 14:28:12] [INFO] ðŸ“ Created Drive subfolder '20251112_142637_c754aa71' under parent 1fSIa3LHaUZ6ElWywNuyHRnyj1ohr_gjj -> id=130vZYUR72TpoUkaIHuqLJ0O9tr8uk7UB
[2025-11-12 14:28:13] [INFO] ðŸ“ Created Drive subfolder 'script_sequences' under parent 130vZYUR72TpoUkaIHuqLJ0O9tr8uk7UB -> id=1cDAJLdqmlqaHdv3RSA4RqHd9_K1tskSO
[2025-11-12 14:28:16] [INFO] âœ… Uploaded (service): final_video_20251112_142809.mp4 â†’ https://drive.google.com/file/d/1_t6VqkYIqcj7_D_iUUSsoXcMRxqHz020/view?usp=drivesdk
[2025-11-12 14:28:19] [INFO] âœ… Uploaded (service): input_data.json â†’ https://drive.google.com/file/d/1nX8KG9Wu_mSHI8yLf9FJvkBaBLySJ7TL/view?usp=drivesdk
[2025-11-12 14:28:20] [INFO] ðŸ“ Created Drive subfolder 'script_seq1' under parent 1cDAJLdqmlqaHdv3RSA4RqHd9_K1tskSO -> id=1tJ8sr2pS1ifh5P-TTAx0gVu5nS-jZV99
[2025-11-12 14:28:21] [INFO] ðŸ“ Created Drive subfolder 'script_seq2' under parent 1cDAJLdqmlqaHdv3RSA4RqHd9_K1tskSO -> id=1Eh6zYk9J6MNSDsGNNhcgJHJ5yItxN4Hl
[2025-11-12 14:28:23] [INFO] âœ… Uploaded (service): script_seq1.py â†’ https://drive.google.com/file/d/1bxhEQY62AcNoekUe6OONwmzQFyfxzON2/view?usp=drivesdk
[2025-11-12 14:28:26] [INFO] âœ… Uploaded (service): script_seq1.txt â†’ https://drive.google.com/file/d/1osVeADteEI2FAIGPbm9wrLGvUcHECEgq/view?usp=drivesdk
[2025-11-12 14:28:28] [INFO] âœ… Uploaded (service): script_seq2.py â†’ https://drive.google.com/file/d/1kB1YjyNPMdGBlkdc1BnOL_RcNH5eNcVf/view?usp=drivesdk
[2025-11-12 14:28:30] [INFO] âœ… Uploaded (service): script_seq2.txt â†’ https://drive.google.com/file/d/1frSSU4UsHxd0uaujQjoRynIlFYqmMUaO/view?usp=drivesdk
[2025-11-12 14:28:30] [INFO] ðŸŽ‰ Service-mode upload complete. Session folder link: https://drive.google.com/drive/folders/130vZYUR72TpoUkaIHuqLJ0O9tr8uk7UB
[2025-11-12 14:28:30] [INFO] âœ… Folder (with final video) successfully uploaded to Google Drive.
[2025-11-12 14:28:30] [INFO] âœ… Pipeline completed successfully. Final video saved at: C:\ArkMalay\Framework\tutor\src\output\final_video_20251112_142809.mp4
[2025-11-12 14:28:31] [INFO] âœ… Script pipeline completed successfully for topic='create a circle'
