[2025-11-10 15:49:42] [INFO] ðŸ§  Generating script for topic='explain the expression (a+b)^2', class='10'
[2025-11-10 15:49:52] [INFO] ðŸš€ Sending generated script to /generate-files-api and /Generator ...
[2025-11-10 15:49:53] [INFO] ðŸŸ¢ [generate-files-api] New request received
[2025-11-10 15:49:53] [INFO] ðŸ“ Created folder: C:\ArkMalay\Framework\Video_data\20251110_154953_24588f5a
[2025-11-10 15:49:53] [INFO] âœ… JSON saved successfully at C:\ArkMalay\Framework\Video_data\20251110_154953_24588f5a\input_data.json
[2025-11-10 15:49:53] [INFO] ðŸ§© Starting file preparation process via prepare_files()
[2025-11-10 15:49:53] [INFO] ðŸ“ Generating Python and TXT files from JSON: C:\ArkMalay\Framework\Video_data\20251110_154953_24588f5a\input_data.json
[2025-11-10 15:49:53] [INFO] ðŸ“‚ Using existing transaction folder for script sequences: C:\ArkMalay\Framework\Video_data\20251110_154953_24588f5a\script_sequences
[2025-11-10 15:49:53] [INFO] ðŸ“ Created script sequence folder: C:\ArkMalay\Framework\Video_data\20251110_154953_24588f5a\script_sequences\script_seq1
[2025-11-10 15:49:53] [INFO] âœ… Created PY file: C:\ArkMalay\Framework\Video_data\20251110_154953_24588f5a\script_sequences\script_seq1\script_seq1.py
[2025-11-10 15:49:53] [INFO] âœ… Created TXT file: C:\ArkMalay\Framework\Video_data\20251110_154953_24588f5a\script_sequences\script_seq1\script_seq1.txt
[2025-11-10 15:49:53] [INFO] ðŸ“ Created script sequence folder: C:\ArkMalay\Framework\Video_data\20251110_154953_24588f5a\script_sequences\script_seq2
[2025-11-10 15:49:53] [INFO] âœ… Created PY file: C:\ArkMalay\Framework\Video_data\20251110_154953_24588f5a\script_sequences\script_seq2\script_seq2.py
[2025-11-10 15:49:53] [INFO] âœ… Created TXT file: C:\ArkMalay\Framework\Video_data\20251110_154953_24588f5a\script_sequences\script_seq2\script_seq2.txt
[2025-11-10 15:49:53] [INFO] ðŸ“ Created script sequence folder: C:\ArkMalay\Framework\Video_data\20251110_154953_24588f5a\script_sequences\script_seq3
[2025-11-10 15:49:53] [INFO] âœ… Created PY file: C:\ArkMalay\Framework\Video_data\20251110_154953_24588f5a\script_sequences\script_seq3\script_seq3.py
[2025-11-10 15:49:53] [INFO] âœ… Created TXT file: C:\ArkMalay\Framework\Video_data\20251110_154953_24588f5a\script_sequences\script_seq3\script_seq3.txt
[2025-11-10 15:49:53] [INFO] ðŸ“ Created script sequence folder: C:\ArkMalay\Framework\Video_data\20251110_154953_24588f5a\script_sequences\script_seq4
[2025-11-10 15:49:53] [INFO] âœ… Created PY file: C:\ArkMalay\Framework\Video_data\20251110_154953_24588f5a\script_sequences\script_seq4\script_seq4.py
[2025-11-10 15:49:53] [INFO] âœ… Created TXT file: C:\ArkMalay\Framework\Video_data\20251110_154953_24588f5a\script_sequences\script_seq4\script_seq4.txt
[2025-11-10 15:49:53] [INFO] ðŸŽ¯ Total Words: 523 | Approx. Total GPT Tokens: 695
[2025-11-10 15:49:53] [INFO] ðŸŽ‰ All files generated inside: C:\ArkMalay\Framework\Video_data\20251110_154953_24588f5a\script_sequences
[2025-11-10 15:49:53] [INFO] âœ… File preparation completed. Output: {'py_files': ['C:\\ArkMalay\\Framework\\Video_data\\20251110_154953_24588f5a\\script_sequences\\script_seq1\\script_seq1.py', 'C:\\ArkMalay\\Framework\\Video_data\\20251110_154953_24588f5a\\script_sequences\\script_seq2\\script_seq2.py', 'C:\\ArkMalay\\Framework\\Video_data\\20251110_154953_24588f5a\\script_sequences\\script_seq3\\script_seq3.py', 'C:\\ArkMalay\\Framework\\Video_data\\20251110_154953_24588f5a\\script_sequences\\script_seq4\\script_seq4.py'], 'txt_files': ['C:\\ArkMalay\\Framework\\Video_data\\20251110_154953_24588f5a\\script_sequences\\script_seq1\\script_seq1.txt', 'C:\\ArkMalay\\Framework\\Video_data\\20251110_154953_24588f5a\\script_sequences\\script_seq2\\script_seq2.txt', 'C:\\ArkMalay\\Framework\\Video_data\\20251110_154953_24588f5a\\script_sequences\\script_seq3\\script_seq3.txt', 'C:\\ArkMalay\\Framework\\Video_data\\20251110_154953_24588f5a\\script_sequences\\script_seq4\\script_seq4.txt']}
[2025-11-10 15:49:53] [INFO] ðŸŽ¯ Transaction 24588f5a completed successfully. Folder: C:\ArkMalay\Framework\Video_data\20251110_154953_24588f5a
[2025-11-10 15:50:24] [INFO] ðŸŽ¬ Generated Manim Code Successfully
[2025-11-10 15:50:24] [INFO] ðŸ” TRANSACTION_FOLDER currently: C:\ArkMalay\Framework\Video_data\20251110_154953_24588f5a
[2025-11-10 15:50:24] [INFO] ðŸŸ¢ Using TRANSACTION_FOLDER for writing scripts: C:\ArkMalay\Framework\Video_data\20251110_154953_24588f5a\script_sequences
[2025-11-10 15:50:24] [INFO] âœ… Manim script written: C:\ArkMalay\Framework\Video_data\20251110_154953_24588f5a\script_sequences\script_seq1\script_seq1.py
[2025-11-10 15:50:24] [INFO] âœ… Manim script written: C:\ArkMalay\Framework\Video_data\20251110_154953_24588f5a\script_sequences\script_seq2\script_seq2.py
[2025-11-10 15:50:24] [INFO] âœ… Manim script written: C:\ArkMalay\Framework\Video_data\20251110_154953_24588f5a\script_sequences\script_seq3\script_seq3.py
[2025-11-10 15:50:24] [INFO] âœ… Manim script written: C:\ArkMalay\Framework\Video_data\20251110_154953_24588f5a\script_sequences\script_seq4\script_seq4.py
[2025-11-10 15:50:24] [INFO] ðŸŽ¥ Triggering video generation for folder: C:\ArkMalay\Framework\Video_data\20251110_154953_24588f5a\script_sequences
[2025-11-10 15:50:26] [INFO] ðŸš€ Received video generation request.
[2025-11-10 15:50:26] [INFO] ðŸ“‚ Using provided input path: C:\ArkMalay\Framework\Video_data\20251110_154953_24588f5a\script_sequences
[2025-11-10 15:50:26] [INFO] ðŸ§© Found 4 .py files and 4 .txt files under C:\ArkMalay\Framework\Video_data\20251110_154953_24588f5a\script_sequences
[2025-11-10 15:50:26] [INFO] ðŸŽ¬ Starting video + audio processing pipeline...
[2025-11-10 15:50:26] [INFO] ðŸŽ¬ Video callable prepared for: C:\ArkMalay\Framework\Video_data\20251110_154953_24588f5a
[2025-11-10 15:50:26] [INFO] ðŸŽ¬ Running Manim on C:/ArkMalay/Framework/Video_data/20251110_154953_24588f5a/script_sequences/script_seq1/script_seq1.py ...
[2025-11-10 15:50:26] [INFO] ðŸ§¹ Cleaned old media folder: C:\ArkMalay\Framework\tutor\src\media\videos\script_sequences\script_seq1
[2025-11-10 15:50:45] [INFO] ðŸŽ¬ Running Manim on C:/ArkMalay/Framework/Video_data/20251110_154953_24588f5a/script_sequences/script_seq2/script_seq2.py ...
[2025-11-10 15:50:45] [INFO] ðŸ§¹ Cleaned old media folder: C:\ArkMalay\Framework\tutor\src\media\videos\script_sequences\script_seq2
[2025-11-10 15:51:35] [INFO] ðŸŽ¬ Running Manim on C:/ArkMalay/Framework/Video_data/20251110_154953_24588f5a/script_sequences/script_seq3/script_seq3.py ...
[2025-11-10 15:51:35] [INFO] ðŸ§¹ Cleaned old media folder: C:\ArkMalay\Framework\tutor\src\media\videos\script_sequences\script_seq3
[2025-11-10 15:51:56] [INFO] ðŸŽ¬ Running Manim on C:/ArkMalay/Framework/Video_data/20251110_154953_24588f5a/script_sequences/script_seq4/script_seq4.py ...
[2025-11-10 15:51:56] [INFO] ðŸ§¹ Cleaned old media folder: C:\ArkMalay\Framework\tutor\src\media\videos\script_sequences\script_seq4
[2025-11-10 15:52:04] [INFO] ðŸŽžï¸ Detected Scene class: Scene4
[2025-11-10 15:52:04] [INFO] âœ… Found video: C:\ArkMalay\Framework\tutor\src\media\videos\script_sequences\script_seq4\videos\script_seq4\480p15\Scene4.mp4
[2025-11-10 15:52:04] [INFO] âœ… Total words: 557 | Approx. GPT tokens: 741 | Total videos collected: 1
[2025-11-10 15:52:04] [INFO] ðŸŽ¬ Video saved at: C:\ArkMalay\Framework\tutor\output\Videos\20251110_154953_24588f5a_script_seq1.mp4
[2025-11-10 15:52:04] [INFO] ðŸŽµ Audio saved at: C:\ArkMalay\Framework\tutor\output\Audios\20251110_154953_24588f5a_script_seq1.mp3
[2025-11-10 15:52:04] [INFO] Trying to merge final video/audio
[2025-11-10 15:52:04] [INFO] Trying Drive upload!
[2025-11-10 15:52:04] [INFO] ðŸ“‚ Using Settings.TRANSACTION_FOLDER: C:\ArkMalay\Framework\Video_data\20251110_154953_24588f5a
[2025-11-10 15:52:04] [INFO] ðŸš€ Starting Drive upload for folder: C:\ArkMalay\Framework\Video_data\20251110_154953_24588f5a
[2025-11-10 15:52:04] [INFO] ðŸ” upload_folder_to_drive called with: C:\ArkMalay\Framework\Video_data\20251110_154953_24588f5a
[2025-11-10 15:52:04] [INFO] âœ… Drive auth successful (mode=service)
[2025-11-10 15:52:04] [INFO] ðŸ“ Service-mode: uploading '20251110_154953_24588f5a' under Drive parent ID 1fSIa3LHaUZ6ElWywNuyHRnyj1ohr_gjj
[2025-11-10 15:52:06] [INFO] ðŸ“ Created Drive subfolder '20251110_154953_24588f5a' under parent 1fSIa3LHaUZ6ElWywNuyHRnyj1ohr_gjj -> id=1bnIFU98Vx2_lP5oQHf-F1meBySg_H2br
[2025-11-10 15:52:07] [INFO] ðŸ“ Created Drive subfolder 'script_sequences' under parent 1bnIFU98Vx2_lP5oQHf-F1meBySg_H2br -> id=1KSVfXIEAT3TaIzFFEVDaDUcObKcz5C67
[2025-11-10 15:52:10] [INFO] âœ… Uploaded (service): input_data.json â†’ https://drive.google.com/file/d/1B0D4bXJI7DTExmN8FvmnQAIQDrTD_QCB/view?usp=drivesdk
[2025-11-10 15:52:11] [INFO] ðŸ“ Created Drive subfolder 'script_seq1' under parent 1KSVfXIEAT3TaIzFFEVDaDUcObKcz5C67 -> id=1h-zjmRQ3Uu87WEPYucvrU-ORHUW5MUhe
[2025-11-10 15:52:12] [INFO] ðŸ“ Created Drive subfolder 'script_seq2' under parent 1KSVfXIEAT3TaIzFFEVDaDUcObKcz5C67 -> id=1US2oo47FADty8V-bh2Us3FKYHNF8NOoQ
[2025-11-10 15:52:13] [INFO] ðŸ“ Created Drive subfolder 'script_seq3' under parent 1KSVfXIEAT3TaIzFFEVDaDUcObKcz5C67 -> id=1EKcNiQltN5YfFalwgWIZGuUfEPnoQt7F
[2025-11-10 15:52:14] [INFO] ðŸ“ Created Drive subfolder 'script_seq4' under parent 1KSVfXIEAT3TaIzFFEVDaDUcObKcz5C67 -> id=1wjqAI_5oEKorkvJBvXc69cTiC7dA4XBF
[2025-11-10 15:52:16] [INFO] ðŸ“ Created Drive subfolder '__pycache__' under parent 1h-zjmRQ3Uu87WEPYucvrU-ORHUW5MUhe -> id=1NaE5FEOJSh6TKi0TCi29u-AgXAyqGJFC
[2025-11-10 15:52:18] [INFO] âœ… Uploaded (service): script_seq1.py â†’ https://drive.google.com/file/d/1Cgf5lzOIXHn4a0MUrlF0SI2e5hocqrqX/view?usp=drivesdk
[2025-11-10 15:52:21] [INFO] âœ… Uploaded (service): script_seq1.txt â†’ https://drive.google.com/file/d/1z2xWifWPzFQPsdwqCDW1hrclhS87wzXS/view?usp=drivesdk
[2025-11-10 15:52:23] [INFO] âœ… Uploaded (service): script_seq1.cpython-312.pyc â†’ https://drive.google.com/file/d/1lS2RaZYHwfGEXvbyi4h6K_YtA-uZuq6D/view?usp=drivesdk
[2025-11-10 15:52:25] [INFO] ðŸ“ Created Drive subfolder '__pycache__' under parent 1US2oo47FADty8V-bh2Us3FKYHNF8NOoQ -> id=1eQuP789EoRhlD9-LeWRFVNONMG2irgSA
[2025-11-10 15:52:27] [INFO] âœ… Uploaded (service): script_seq2.py â†’ https://drive.google.com/file/d/1esn7tIMGjP8nSXgBlVTgkkBtA6AFr3a6/view?usp=drivesdk
[2025-11-10 15:52:29] [INFO] âœ… Uploaded (service): script_seq2.txt â†’ https://drive.google.com/file/d/1LFfD0eIutBuLfDy1PnpcmLQ29oWP65sK/view?usp=drivesdk
[2025-11-10 15:52:32] [INFO] âœ… Uploaded (service): script_seq2.cpython-312.pyc â†’ https://drive.google.com/file/d/154sQ3U2vvrcUWikFoySeX1xD7u0ezieT/view?usp=drivesdk
[2025-11-10 15:52:34] [INFO] ðŸ“ Created Drive subfolder '__pycache__' under parent 1EKcNiQltN5YfFalwgWIZGuUfEPnoQt7F -> id=1-bCznRO68fjmyqcqVWghqudi0wH92aUd
[2025-11-10 15:52:36] [INFO] âœ… Uploaded (service): script_seq3.py â†’ https://drive.google.com/file/d/1koMJUCAqCrjNAr2lo7KXva3hofS5wb8n/view?usp=drivesdk
[2025-11-10 15:52:39] [INFO] âœ… Uploaded (service): script_seq3.txt â†’ https://drive.google.com/file/d/1KcbzUcbIu5CgQpzfW7o7uFEkZBrjm3cj/view?usp=drivesdk
[2025-11-10 15:52:41] [INFO] âœ… Uploaded (service): script_seq3.cpython-312.pyc â†’ https://drive.google.com/file/d/1hNbycoILJEHjN8Keog0ElKnacuscqzWL/view?usp=drivesdk
[2025-11-10 15:52:42] [INFO] ðŸ“ Created Drive subfolder '__pycache__' under parent 1wjqAI_5oEKorkvJBvXc69cTiC7dA4XBF -> id=1Wv8vfj-FcytSXhuTFF51pQYnoT8GFJvi
[2025-11-10 15:52:45] [INFO] âœ… Uploaded (service): script_seq4.py â†’ https://drive.google.com/file/d/1sDtEhKUisl2OGGsaCmULPy-AfdtLutN3/view?usp=drivesdk
[2025-11-10 15:52:47] [INFO] âœ… Uploaded (service): script_seq4.txt â†’ https://drive.google.com/file/d/11C3q7f-n_zP_YuLNQHAFzRTwdgHYsgre/view?usp=drivesdk
[2025-11-10 15:52:49] [INFO] âœ… Uploaded (service): script_seq4.cpython-312.pyc â†’ https://drive.google.com/file/d/1PYgOA4GN4qD8sFwIQ6bruwBjOHsXusdq/view?usp=drivesdk
[2025-11-10 15:52:49] [INFO] ðŸŽ‰ Service-mode upload complete. Session folder link: https://drive.google.com/drive/folders/1bnIFU98Vx2_lP5oQHf-F1meBySg_H2br
[2025-11-10 15:52:49] [INFO] âœ… Folder successfully uploaded to Google Drive.
