[2025-11-11 16:38:23] [ERROR] ⚠️ Invalid JSON output from Cohere: Invalid \escape: line 28 column 41 (char 1358)
[2025-11-11 16:40:08] [ERROR] 
❌ Error running Manim on C:/Vivek_Main/Manim_project/inputbox/31028a47-1a5a-4b67-846b-00e69bb40a8f_20251111_163914/script_seq1/script_seq1.py
──────────────────────────────────────────────
STDERR:
Animation 0: FadeIn(Text('Labels at Square Corners: Class 10 English')):   0%|          | 0/15 [00:00<?, ?it/s]
Animation 0: FadeIn(Text('Labels at Square Corners: Class 10 English')):  13%|#3        | 2/15 [00:00<00:00, 15.26it/s]
Animation 0: FadeIn(Text('Labels at Square Corners: Class 10 English')):  33%|###3      | 5/15 [00:00<00:00, 19.29it/s]
Animation 0: FadeIn(Text('Labels at Square Corners: Class 10 English')):  53%|#####3    | 8/15 [00:00<00:00, 21.12it/s]
Animation 0: FadeIn(Text('Labels at Square Corners: Class 10 English')):  73%|#######3  | 11/15 [00:00<00:00, 22.51it/s]
Animation 0: FadeIn(Text('Labels at Square Corners: Class 10 English')):  93%|#########3| 14/15 [00:00<00:00, 22.24it/s]
                                                                                                                        
+--------------------- Traceback (most recent call last) ---------------------+
| C:\Vivek_Main\tutter\.venv\Lib\site-packages\manim\cli\render\commands.py:1 |
| 25 in render                                                                |
|                                                                             |
|   122             try:                                                      |
|   123                 with tempconfig({}):                                  |
|   124                     scene = SceneClass()                              |
| > 125                     scene.render()                                    |
|   126             except Exception:                                         |
|   127                 error_console.print_exception()                       |
|   128                 sys.exit(1)                                           |
|                                                                             |
| C:\Vivek_Main\tutter\.venv\Lib\site-packages\manim\scene\scene.py:237 in    |
| render                                                                      |
|                                                                             |
|    234         """                                                          |
|    235         self.setup()                                                 |
|    236         try:                                                         |
| >  237             self.construct()                                         |
|    238         except EndSceneEarlyException:                               |
|    239             pass                                                     |
|    240         except RerunSceneException:                                  |
|                                                                             |
| C:\Vivek_Main\Manim_project\inputbox\31028a47-1a5a-4b67-846b-00e69bb40a8f_2 |
| 0251111_163914\script_seq1\script_seq1.py:17 in construct                   |
|                                                                             |
|   14         # Zoom out slightly to reveal a simple square shape below the  |
|   15         square = Square(side_length=4, color=BLACK, stroke_width=2)    |
|   16         square.move_to(DOWN * 2)                                       |
| > 17         self.play(self.camera.frame.animate.scale(1.2).move_to(square) |
|   18         self.wait(1)                                                   |
|   19                                                                        |
|   20         # Animate four small, empty label boxes appearing at each corn |
+-----------------------------------------------------------------------------+
AttributeError: 'Camera' object has no attribute 'frame'

STDOUT:
Manim Community v0.19.0

[11/11/25 16:40:06] INFO     Animation 0 : Partial     scene_file_writer.py:588
                             movie file written in                             
                             'C:\Vivek_Main\tutter\src                         
                             \media\videos\31028a47-1a                         
                             5a-4b67-846b-00e69bb40a8f                         
                             _20251111_163914\script_s                         
                             eq1\videos\script_seq1\48                         
                             0p15\partial_movie_files\                         
                             SquareLabelAnimation\9318                         
                             32650_3107961746_22313245                         
                             7.mp4'                                            
[11/11/25 16:40:07] INFO     Animation 1 : Partial     scene_file_writer.py:588
                             movie file written in                             
                             'C:\Vivek_Main\tutter\src                         
                             \media\videos\31028a47-1a                         
                             5a-4b67-846b-00e69bb40a8f                         
                             _20251111_163914\script_s                         
                             eq1\videos\script_seq1\48                         
                             0p15\partial_movie_files\                         
                             SquareLabelAnimation\1905                         
                             288516_1436906429_1997571                         
                             994.mp4'
──────────────────────────────────────────────

[2025-11-11 16:40:34] [ERROR] 
❌ Error running Manim on C:/Vivek_Main/Manim_project/inputbox/31028a47-1a5a-4b67-846b-00e69bb40a8f_20251111_163914/script_seq2/script_seq2.py
──────────────────────────────────────────────
STDERR:
Animation 0: Create(DashedLine):   0%|          | 0/15 [00:00<?, ?it/s]
Animation 0: Create(DashedLine):  87%|########6 | 13/15 [00:00<00:00, 125.45it/s]
                                                                                 

Animation 2: FadeOut(DashedLine):   0%|          | 0/15 [00:00<?, ?it/s]
Animation 2: FadeOut(DashedLine):  60%|######    | 9/15 [00:00<00:00, 82.19it/s]
                                                                                
+--------------------- Traceback (most recent call last) ---------------------+
| C:\Vivek_Main\tutter\.venv\Lib\site-packages\manim\cli\render\commands.py:1 |
| 25 in render                                                                |
|                                                                             |
|   122             try:                                                      |
|   123                 with tempconfig({}):                                  |
|   124                     scene = SceneClass()                              |
| > 125                     scene.render()                                    |
|   126             except Exception:                                         |
|   127                 error_console.print_exception()                       |
|   128                 sys.exit(1)                                           |
|                                                                             |
| C:\Vivek_Main\tutter\.venv\Lib\site-packages\manim\scene\scene.py:237 in    |
| render                                                                      |
|                                                                             |
|    234         """                                                          |
|    235         self.setup()                                                 |
|    236         try:                                                         |
| >  237             self.construct()                                         |
|    238         except EndSceneEarlyException:                               |
|    239             pass                                                     |
|    240         except RerunSceneException:                                  |
|                                                                             |
| C:\Vivek_Main\Manim_project\inputbox\31028a47-1a5a-4b67-846b-00e69bb40a8f_2 |
| 0251111_163914\script_seq2\script_seq2.py:22 in construct                   |
|                                                                             |
|   19         self.play(FadeOut(dot_line))                                   |
|   20                                                                        |
|   21         # Zoom in on the top-left corner, showing the label slightly o |
| > 22         self.play(CameraFrame.move_to, square.get_corner(UP + LEFT) +  |
|   23         self.wait(1)                                                   |
|   24                                                                        |
|   25         # Move the label to the exact corner, snapping it into place   |
+-----------------------------------------------------------------------------+
NameError: name 'CameraFrame' is not defined

STDOUT:
Manim Community v0.19.0

[11/11/25 16:40:19] INFO     Writing A to               tex_file_writing.py:111
                             C:\Vivek_Main\tutter\src\m                        
                             edia\videos\31028a47-1a5a-                        
                             4b67-846b-00e69bb40a8f_202                        
                             51111_163914\script_seq2\T                        
                             ex\90f07b07e57adf79.tex                           
[11/11/25 16:40:23] INFO     Writing B to               tex_file_writing.py:111
                             C:\Vivek_Main\tutter\src\m                        
                             edia\videos\31028a47-1a5a-                        
                             4b67-846b-00e69bb40a8f_202                        
                             51111_163914\script_seq2\T                        
                             ex\d82288bb87e99d59.tex                           
[11/11/25 16:40:26] INFO     Writing C to               tex_file_writing.py:111
                             C:\Vivek_Main\tutter\src\m                        
                             edia\videos\31028a47-1a5a-                        
                             4b67-846b-00e69bb40a8f_202                        
                             51111_163914\script_seq2\T                        
                             ex\86474863bfdee3e7.tex                           
[11/11/25 16:40:29] INFO     Writing D to               tex_file_writing.py:111
                             C:\Vivek_Main\tutter\src\m                        
                             edia\videos\31028a47-1a5a-                        
                             4b67-846b-00e69bb40a8f_202                        
                             51111_163914\script_seq2\T                        
                             ex\265843fdb06dea70.tex                           
[11/11/25 16:40:32] INFO     Animation 0 : Partial     scene_file_writer.py:588
                             movie file written in                             
                             'C:\Vivek_Main\tutter\src                         
                             \media\videos\31028a47-1a                         
                             5a-4b67-846b-00e69bb40a8f                         
                             _20251111_163914\script_s                         
                             eq2\videos\script_seq2\48                         
                             0p15\partial_movie_files\                         
                             Scene2\1185818338_3728543                         
                             868_3872287265.mp4'                               
                    INFO     Animation 1 : Partial     scene_file_writer.py:588
                             movie file written in                             
                             'C:\Vivek_Main\tutter\src                         
                             \media\videos\31028a47-1a                         
                             5a-4b67-846b-00e69bb40a8f                         
                             _20251111_163914\script_s                         
                             eq2\videos\script_seq2\48                         
                             0p15\partial_movie_files\                         
                             Scene2\624642324_42179924                         
                             63_1082883682.mp4'                                
[11/11/25 16:40:33] INFO     Animation 2 : Partial     scene_file_writer.py:588
                             movie file written in                             
                             'C:\Vivek_Main\tutter\src                         
                             \media\videos\31028a47-1a                         
                             5a-4b67-846b-00e69bb40a8f                         
                             _20251111_163914\script_s                         
                             eq2\videos\script_seq2\48                         
                             0p15\partial_movie_files\                         
                             Scene2\624642324_18085728                         
                             19_3413768319.mp4'
──────────────────────────────────────────────

[2025-11-11 16:40:58] [ERROR] 
❌ Error running Manim on C:/Vivek_Main/Manim_project/inputbox/31028a47-1a5a-4b67-846b-00e69bb40a8f_20251111_163914/script_seq3/script_seq3.py
──────────────────────────────────────────────
STDERR:
Animation 0: DrawBorderThenFill(Square), etc.:   0%|          | 0/30 [00:00<?, ?it/s]
Animation 0: DrawBorderThenFill(Square), etc.:  33%|###3      | 10/30 [00:00<00:00, 96.26it/s]
Animation 0: DrawBorderThenFill(Square), etc.:  73%|#######3  | 22/30 [00:00<00:00, 109.91it/s]
                                                                                               
+--------------------- Traceback (most recent call last) ---------------------+
| C:\Vivek_Main\tutter\.venv\Lib\site-packages\manim\cli\render\commands.py:1 |
| 25 in render                                                                |
|                                                                             |
|   122             try:                                                      |
|   123                 with tempconfig({}):                                  |
|   124                     scene = SceneClass()                              |
| > 125                     scene.render()                                    |
|   126             except Exception:                                         |
|   127                 error_console.print_exception()                       |
|   128                 sys.exit(1)                                           |
|                                                                             |
| C:\Vivek_Main\tutter\.venv\Lib\site-packages\manim\scene\scene.py:237 in    |
| render                                                                      |
|                                                                             |
|    234         """                                                          |
|    235         self.setup()                                                 |
|    236         try:                                                         |
| >  237             self.construct()                                         |
|    238         except EndSceneEarlyException:                               |
|    239             pass                                                     |
|    240         except RerunSceneException:                                  |
|                                                                             |
| C:\Vivek_Main\Manim_project\inputbox\31028a47-1a5a-4b67-846b-00e69bb40a8f_2 |
| 0251111_163914\script_seq3\script_seq3.py:16 in construct                   |
|                                                                             |
|   13         self.play(DrawBorderThenFill(square), *[Write(label) for label |
|   14                                                                        |
|   15         # Fade in a small icon (e.g., a book) inside the square        |
| > 16         book_icon = SVGMobject("book.svg").scale(0.5).move_to(square.g |
|   17         self.play(FadeIn(book_icon))                                   |
|   18                                                                        |
|   19         # Animate the labels transforming into descriptive text        |
|                                                                             |
| C:\Vivek_Main\tutter\.venv\Lib\site-packages\manim\mobject\svg\svg_mobject. |
| py:145 in __init__                                                          |
|                                                                             |
|   142             path_string_config = {}                                   |
|   143         self.path_string_config = path_string_config                  |
|   144                                                                       |
| > 145         self.init_svg_mobject(use_svg_cache=use_svg_cache)            |
|   146                                                                       |
|   147         self.set_style(                                               |
|   148             fill_color=fill_color,                                    |
|                                                                             |
| C:\Vivek_Main\tutter\.venv\Lib\site-packages\manim\mobject\svg\svg_mobject. |
| py:171 in init_svg_mobject                                                  |
|                                                                             |
|   168                 self.add(*mob)                                        |
|   169                 return                                                |
|   170                                                                       |
| > 171         self.generate_mobject()                                       |
|   172         if use_svg_cache:                                             |
|   173             SVG_HASH_TO_MOB_MAP[hash_val] = self.copy()               |
|   174                                                                       |
|                                                                             |
| C:\Vivek_Main\tutter\.venv\Lib\site-packages\manim\mobject\svg\svg_mobject. |
| py:192 in generate_mobject                                                  |
|                                                                             |
|   189                                                                       |
|   190     def generate_mobject(self) -> None:                               |
|   191         """Parse the SVG and translate its elements to submobjects."" |
| > 192         file_path = self.get_file_path()                              |
|   193         element_tree = ET.parse(file_path)                            |
|   194         new_tree = self.modify_xml_tree(element_tree)                 |
|   195         # Create a temporary svg file to dump modified svg to be pars |
|                                                                             |
| C:\Vivek_Main\tutter\.venv\Lib\site-packages\manim\mobject\svg\svg_mobject. |
| py:210 in get_file_path                                                     |
|                                                                             |
|   207         """Search for an existing file based on the specified file na |
|   208         if self.file_name is None:                                    |
|   209             raise ValueError("Must specify file for SVGMobject")      |
| > 210         return get_full_vector_image_path(self.file_name)             |
|   211                                                                       |
|   212     def modify_xml_tree(self, element_tree: ET.ElementTree) -> ET.Ele |
|   213         """Modifies the SVG element tree to include default           |
|                                                                             |
| C:\Vivek_Main\tutter\.venv\Lib\site-packages\manim\utils\images.py:36 in    |
| get_full_vector_image_path                                                  |
|                                                                             |
|   33                                                                        |
|   34                                                                        |
|   35 def get_full_vector_image_path(image_file_name: str | PurePath) -> Pat |
| > 36     return seek_full_path_from_defaults(                               |
|   37         image_file_name,                                               |
|   38         default_dir=config.get_dir("assets_dir"),                      |
|   39         extensions=[".svg"],                                           |
|                                                                             |
| C:\Vivek_Main\tutter\.venv\Lib\site-packages\manim\utils\file_ops.py:182 in |
| seek_full_path_from_defaults                                                |
|                                                                             |
|   179         f"From: {Path.cwd()}, could not find {file_name} at either "  |
|   180         f"of these locations: {list(map(str, possible_paths))}"       |
|   181     )                                                                 |
| > 182     raise OSError(error)                                              |
|   183                                                                       |
|   184                                                                       |
|   185 def modify_atime(file_path: str) -> None:                             |
+-----------------------------------------------------------------------------+
OSError: From: C:\Vivek_Main\tutter\src, could not find book.svg at either of 
these locations: ['book.svg', 'book.svg', 'book.svg.svg']

STDOUT:
Manim Community v0.19.0

[11/11/25 16:40:44] INFO     Writing A to               tex_file_writing.py:111
                             C:\Vivek_Main\tutter\src\m                        
                             edia\videos\31028a47-1a5a-                        
                             4b67-846b-00e69bb40a8f_202                        
                             51111_163914\script_seq3\T                        
                             ex\90f07b07e57adf79.tex                           
[11/11/25 16:40:47] INFO     Writing B to               tex_file_writing.py:111
                             C:\Vivek_Main\tutter\src\m                        
                             edia\videos\31028a47-1a5a-                        
                             4b67-846b-00e69bb40a8f_202                        
                             51111_163914\script_seq3\T                        
                             ex\d82288bb87e99d59.tex                           
[11/11/25 16:40:50] INFO     Writing C to               tex_file_writing.py:111
                             C:\Vivek_Main\tutter\src\m                        
                             edia\videos\31028a47-1a5a-                        
                             4b67-846b-00e69bb40a8f_202                        
                             51111_163914\script_seq3\T                        
                             ex\86474863bfdee3e7.tex                           
[11/11/25 16:40:53] INFO     Writing D to               tex_file_writing.py:111
                             C:\Vivek_Main\tutter\src\m                        
                             edia\videos\31028a47-1a5a-                        
                             4b67-846b-00e69bb40a8f_202                        
                             51111_163914\script_seq3\T                        
                             ex\265843fdb06dea70.tex                           
[11/11/25 16:40:57] INFO     Animation 0 : Partial     scene_file_writer.py:588
                             movie file written in                             
                             'C:\Vivek_Main\tutter\src                         
                             \media\videos\31028a47-1a                         
                             5a-4b67-846b-00e69bb40a8f                         
                             _20251111_163914\script_s                         
                             eq3\videos\script_seq3\48                         
                             0p15\partial_movie_files\                         
                             ChapterLabelingScene\1185                         
                             818338_4004840641_2231324                         
                             57.mp4'
──────────────────────────────────────────────

[2025-11-11 16:41:26] [ERROR] 
❌ Error running Manim on C:/Vivek_Main/Manim_project/inputbox/31028a47-1a5a-4b67-846b-00e69bb40a8f_20251111_163914/script_seq4/script_seq4.py
──────────────────────────────────────────────
STDERR:
Animation 0: _MethodAnimation(Square), etc.:   0%|          | 0/30 [00:00<?, ?it/s]
Animation 0: _MethodAnimation(Square), etc.:  37%|###6      | 11/30 [00:00<00:00, 91.16it/s]
Animation 0: _MethodAnimation(Square), etc.:  70%|#######   | 21/30 [00:00<00:00, 76.70it/s]
Animation 0: _MethodAnimation(Square), etc.:  97%|#########6| 29/30 [00:00<00:00, 61.44it/s]
                                                                                            
+--------------------- Traceback (most recent call last) ---------------------+
| C:\Vivek_Main\tutter\.venv\Lib\site-packages\manim\cli\render\commands.py:1 |
| 25 in render                                                                |
|                                                                             |
|   122             try:                                                      |
|   123                 with tempconfig({}):                                  |
|   124                     scene = SceneClass()                              |
| > 125                     scene.render()                                    |
|   126             except Exception:                                         |
|   127                 error_console.print_exception()                       |
|   128                 sys.exit(1)                                           |
|                                                                             |
| C:\Vivek_Main\tutter\.venv\Lib\site-packages\manim\scene\scene.py:237 in    |
| render                                                                      |
|                                                                             |
|    234         """                                                          |
|    235         self.setup()                                                 |
|    236         try:                                                         |
| >  237             self.construct()                                         |
|    238         except EndSceneEarlyException:                               |
|    239             pass                                                     |
|    240         except RerunSceneException:                                  |
|                                                                             |
| C:\Vivek_Main\Manim_project\inputbox\31028a47-1a5a-4b67-846b-00e69bb40a8f_2 |
| 0251111_163914\script_seq4\script_seq4.py:25 in construct                   |
|                                                                             |
|   22         # Fade in a checklist on the right side                        |
|   23         checklist = VGroup(                                            |
|   24             Text("1. Identify corners", font_size=24).to_edge(RIGHT, b |
| > 25             Text("2. Place labels", font_size=24).next_to(checklist[0] |
|   26             Text("3. Align precisely", font_size=24).next_to(checklist |
|   27         ).shift(RIGHT * 3)                                             |
|   28         self.play(FadeIn(checklist), run_time=1)                       |
+-----------------------------------------------------------------------------+
UnboundLocalError: cannot access local variable 'checklist' where it is not 
associated with a value

STDOUT:
Manim Community v0.19.0

[11/11/25 16:41:10] INFO     Writing A to               tex_file_writing.py:111
                             C:\Vivek_Main\tutter\src\m                        
                             edia\videos\31028a47-1a5a-                        
                             4b67-846b-00e69bb40a8f_202                        
                             51111_163914\script_seq4\T                        
                             ex\90f07b07e57adf79.tex                           
[11/11/25 16:41:13] INFO     Writing B to               tex_file_writing.py:111
                             C:\Vivek_Main\tutter\src\m                        
                             edia\videos\31028a47-1a5a-                        
                             4b67-846b-00e69bb40a8f_202                        
                             51111_163914\script_seq4\T                        
                             ex\d82288bb87e99d59.tex                           
[11/11/25 16:41:16] INFO     Writing C to               tex_file_writing.py:111
                             C:\Vivek_Main\tutter\src\m                        
                             edia\videos\31028a47-1a5a-                        
                             4b67-846b-00e69bb40a8f_202                        
                             51111_163914\script_seq4\T                        
                             ex\86474863bfdee3e7.tex                           
[11/11/25 16:41:18] INFO     Writing D to               tex_file_writing.py:111
                             C:\Vivek_Main\tutter\src\m                        
                             edia\videos\31028a47-1a5a-                        
                             4b67-846b-00e69bb40a8f_202                        
                             51111_163914\script_seq4\T                        
                             ex\265843fdb06dea70.tex                           
[11/11/25 16:41:23] INFO     Animation 0 : Partial     scene_file_writer.py:588
                             movie file written in                             
                             'C:\Vivek_Main\tutter\src                         
                             \media\videos\31028a47-1a                         
                             5a-4b67-846b-00e69bb40a8f                         
                             _20251111_163914\script_s                         
                             eq4\videos\script_seq4\48                         
                             0p15\partial_movie_files\                         
                             LabelingSquareCorners\118                         
                             5818338_895797534_2482061                         
                             404.mp4'
──────────────────────────────────────────────

[2025-11-11 16:41:41] [ERROR] ❌ Video and audio list length mismatch
[2025-11-11 16:41:41] [ERROR] ❌ Video generation error
Traceback (most recent call last):
  File "C:\Vivek_Main\tutter\src\video_pipeline\routes\video_routes.py", line 32, in generate_videos_endpoint
    output_path = await process_pipeline(
                  ^^^^^^^^^^^^^^^^^^^^^^^
  File "C:\Vivek_Main\tutter\src\main.py", line 62, in process_pipeline
    final_video_bytes = MergerFactory.merge_all_videos_with_audio(video_bytes_list, audio_bytes_list,unique_id)
                        ^^^^^^^^^^^^^^^^^^^^^^^^^^^^^^^^^^^^^^^^^^^^^^^^^^^^^^^^^^^^^^^^^^^^^^^^^^^^^^^^^^^^^^^
  File "C:\Vivek_Main\tutter\src\merger_factory.py", line 208, in merge_all_videos_with_audio
    return MergerFactory.merge_video_with_audio(video_bytes_list, audio_bytes_list, unique_id)
           ^^^^^^^^^^^^^^^^^^^^^^^^^^^^^^^^^^^^^^^^^^^^^^^^^^^^^^^^^^^^^^^^^^^^^^^^^^^^^^^^^^^
  File "C:\Vivek_Main\tutter\src\merger_factory.py", line 131, in merge_video_with_audio
    raise ValueError("Video and audio lists must have the same length")
ValueError: Video and audio lists must have the same length
[2025-11-11 16:41:41] [ERROR] ❌ HTTP 500: {"detail":"Video and audio lists must have the same length"}
[2025-11-11 16:41:41] [ERROR] ❌ Error writing scripts
Traceback (most recent call last):
  File "C:\Vivek_Main\tutter\src\video_pipeline\routes\write_routes.py", line 40, in write_scripts
    video_result = await async_post(video_url, {"path": str(folder),"unique_id":data.unique_id}, timeout=300)
                   ^^^^^^^^^^^^^^^^^^^^^^^^^^^^^^^^^^^^^^^^^^^^^^^^^^^^^^^^^^^^^^^^^^^^^^^^^^^^^^^^^^^^^^^^^^
  File "C:\Vivek_Main\tutter\src\video_pipeline\utils.py", line 15, in async_post
    raise HTTPException(status_code=resp.status_code, detail=resp.text)
fastapi.exceptions.HTTPException: 500: {"detail":"Video and audio lists must have the same length"}
[2025-11-11 16:41:41] [ERROR] ❌ HTTP 500: {"detail":"500: {\"detail\":\"Video and audio lists must have the same length\"}"}
[2025-11-11 16:41:41] [ERROR] ❌ Error generating code
Traceback (most recent call last):
  File "C:\Vivek_Main\tutter\src\video_pipeline\routes\generator_routes.py", line 28, in generate_code_endpoint
    write_result = await async_post(write_url, result, timeout=120)
                   ^^^^^^^^^^^^^^^^^^^^^^^^^^^^^^^^^^^^^^^^^^^^^^^^
  File "C:\Vivek_Main\tutter\src\video_pipeline\utils.py", line 15, in async_post
    raise HTTPException(status_code=resp.status_code, detail=resp.text)
fastapi.exceptions.HTTPException: 500: {"detail":"500: {\"detail\":\"Video and audio lists must have the same length\"}"}
[2025-11-11 16:41:41] [ERROR] ❌ HTTP 500: {"detail":"500: {\"detail\":\"500: {\\\"detail\\\":\\\"Video and audio lists must have the same length\\\"}\"}"}
